2025-12-31 08:12:00.852 | INFO | simulation | Launched detached simulation. PID=2860
2025-12-31 08:12:01.988 | INFO | simulation | Run initialized
2025-12-31 08:12:01.989 | INFO | simulation | Run folder: experiments\nifty500_ema_online_1D_greedy_weekly_20251231_024200
2025-12-31 08:12:01.989 | INFO | simulation | Config used: experiments\nifty500_ema_online_1D_greedy_weekly_20251231_024200\params.yaml
2025-12-31 08:12:01.989 | INFO | simulation | Experiments dir: experiments
2025-12-31 08:12:01.989 | INFO | simulation | Running experiment from config
2025-12-31 08:12:01.994 | INFO | simulation | Runner starting | data.mode=processed | use_gpu=False
2025-12-31 08:12:02.185 | INFO | simulation | Loaded prices | rows=2572 cols=486 | start=2015-02-02 00:00:00 end=2025-07-04 00:00:00
2025-12-31 08:12:02.189 | INFO | simulation | Optimizer configured | raw_type=ema_online resolved=ema_online | k=None | long_only=True | box={'min': 0.005, 'max': 0.45}
2025-12-31 08:12:02.189 | INFO | simulation | Planned total steps: 2572
2025-12-31 08:12:02.189 | INFO | simulation | Progress logging every 1%
2025-12-31 08:12:02.191 | INFO | simulation | Backtest starting | steps=2572 | rebalance=weekly | tc(proportional)=0.0005 | record_non_rebalance=False | cash=True(CASH)
2025-12-31 08:12:02.191 | INFO | simulation | Date range: 2015-02-02 00:00:00 -> 2025-07-04 00:00:00 | assets=487
2025-12-31 08:12:02.361 | INFO | simulation | Progress: 1% (26/2572) | date=2015-03-10 00:00:00 nav=1.01205326 opt_status=no_rebalance
2025-12-31 08:12:03.441 | INFO | simulation | Progress: 2% (52/2572) | date=2015-04-20 00:00:00 nav=0.83967861 opt_status=ok_ema_online_mv_reg
2025-12-31 08:12:03.949 | INFO | simulation | Progress: 3% (78/2572) | date=2015-05-27 00:00:00 nav=0.79022807 opt_status=no_rebalance
2025-12-31 08:12:04.369 | INFO | simulation | Progress: 4% (103/2572) | date=2015-07-01 00:00:00 nav=0.92600484 opt_status=no_rebalance
2025-12-31 08:12:04.776 | INFO | simulation | Progress: 5% (129/2572) | date=2015-08-06 00:00:00 nav=0.97557469 opt_status=no_rebalance
2025-12-31 08:12:05.212 | INFO | simulation | Progress: 6% (155/2572) | date=2015-09-11 00:00:00 nav=0.86825106 opt_status=no_rebalance
2025-12-31 08:12:05.855 | INFO | simulation | Progress: 7% (181/2572) | date=2015-10-23 00:00:00 nav=0.94158383 opt_status=no_rebalance
2025-12-31 08:12:06.536 | INFO | simulation | Progress: 8% (206/2572) | date=2015-12-02 00:00:00 nav=1.11253929 opt_status=no_rebalance
2025-12-31 08:12:07.245 | INFO | simulation | Progress: 9% (232/2572) | date=2016-01-11 00:00:00 nav=1.06702237 opt_status=ok_ema_online_mv_reg
2025-12-31 08:12:07.876 | INFO | simulation | Progress: 10% (258/2572) | date=2016-02-17 00:00:00 nav=0.87497269 opt_status=no_rebalance
2025-12-31 08:12:08.645 | INFO | simulation | Progress: 11% (283/2572) | date=2016-03-28 00:00:00 nav=0.90455459 opt_status=ok_ema_online_mv_reg
2025-12-31 08:12:09.323 | INFO | simulation | Progress: 12% (309/2572) | date=2016-05-06 00:00:00 nav=1.0632668 opt_status=no_rebalance
2025-12-31 08:12:10.063 | INFO | simulation | Progress: 13% (335/2572) | date=2016-06-13 00:00:00 nav=1.2775326 opt_status=ok_ema_online_mv_reg
2025-12-31 08:12:10.704 | INFO | simulation | Progress: 14% (361/2572) | date=2016-07-20 00:00:00 nav=1.62443879 opt_status=no_rebalance
2025-12-31 08:12:11.325 | INFO | simulation | Progress: 15% (386/2572) | date=2016-08-25 00:00:00 nav=1.44319699 opt_status=no_rebalance
2025-12-31 08:12:12.144 | INFO | simulation | Progress: 16% (412/2572) | date=2016-10-04 00:00:00 nav=1.55581735 opt_status=no_rebalance
2025-12-31 08:12:12.879 | INFO | simulation | Progress: 17% (438/2572) | date=2016-11-15 00:00:00 nav=1.35880934 opt_status=ok_ema_online_mv_reg
2025-12-31 08:12:13.490 | INFO | simulation | Progress: 18% (463/2572) | date=2016-12-20 00:00:00 nav=1.43323212 opt_status=no_rebalance
2025-12-31 08:12:14.123 | INFO | simulation | Progress: 19% (489/2572) | date=2017-01-25 00:00:00 nav=1.51123136 opt_status=no_rebalance
2025-12-31 08:12:14.902 | INFO | simulation | Progress: 20% (515/2572) | date=2017-03-06 00:00:00 nav=1.6727004 opt_status=ok_ema_online_mv_reg
2025-12-31 08:12:15.525 | INFO | simulation | Progress: 21% (541/2572) | date=2017-04-13 00:00:00 nav=2.08790024 opt_status=no_rebalance
2025-12-31 08:12:16.276 | INFO | simulation | Progress: 22% (566/2572) | date=2017-05-22 00:00:00 nav=1.96647107 opt_status=ok_ema_online_mv_reg
2025-12-31 08:12:16.896 | INFO | simulation | Progress: 23% (592/2572) | date=2017-06-28 00:00:00 nav=2.06057494 opt_status=no_rebalance
2025-12-31 08:12:17.484 | INFO | simulation | Progress: 24% (618/2572) | date=2017-08-03 00:00:00 nav=2.0895845 opt_status=no_rebalance
2025-12-31 08:12:18.197 | INFO | simulation | Progress: 25% (643/2572) | date=2017-09-11 00:00:00 nav=2.61908272 opt_status=ok_ema_online_mv_reg
2025-12-31 08:12:18.812 | INFO | simulation | Progress: 26% (669/2572) | date=2017-10-18 00:00:00 nav=3.3250792 opt_status=no_rebalance
2025-12-31 08:12:19.536 | INFO | simulation | Progress: 27% (695/2572) | date=2017-11-27 00:00:00 nav=4.05156792 opt_status=ok_ema_online_mv_reg
2025-12-31 08:12:20.183 | INFO | simulation | Progress: 28% (721/2572) | date=2018-01-03 00:00:00 nav=5.04342392 opt_status=no_rebalance
2025-12-31 08:12:20.784 | INFO | simulation | Progress: 29% (746/2572) | date=2018-02-08 00:00:00 nav=5.29487384 opt_status=no_rebalance
2025-12-31 08:12:21.523 | INFO | simulation | Progress: 30% (772/2572) | date=2018-03-20 00:00:00 nav=5.18200332 opt_status=no_rebalance
2025-12-31 08:12:22.159 | INFO | simulation | Progress: 31% (798/2572) | date=2018-04-27 00:00:00 nav=7.33510327 opt_status=no_rebalance
2025-12-31 08:12:22.939 | INFO | simulation | Progress: 32% (824/2572) | date=2018-06-05 00:00:00 nav=7.13732911 opt_status=no_rebalance
2025-12-31 08:12:23.653 | INFO | simulation | Progress: 33% (849/2572) | date=2018-07-10 00:00:00 nav=7.45463674 opt_status=no_rebalance
2025-12-31 08:12:24.319 | INFO | simulation | Progress: 34% (875/2572) | date=2018-08-16 00:00:00 nav=8.21971043 opt_status=no_rebalance
2025-12-31 08:12:25.179 | INFO | simulation | Progress: 35% (901/2572) | date=2018-09-26 00:00:00 nav=7.25858398 opt_status=no_rebalance
2025-12-31 08:12:25.828 | INFO | simulation | Progress: 36% (926/2572) | date=2018-11-02 00:00:00 nav=7.28784054 opt_status=no_rebalance
2025-12-31 08:12:26.555 | INFO | simulation | Progress: 37% (952/2572) | date=2018-12-13 00:00:00 nav=7.59405523 opt_status=no_rebalance
2025-12-31 08:12:27.263 | INFO | simulation | Progress: 38% (978/2572) | date=2019-01-21 00:00:00 nav=5.99028509 opt_status=ok_ema_online_mv_reg
2025-12-31 08:12:27.984 | INFO | simulation | Progress: 39% (1004/2572) | date=2019-02-26 00:00:00 nav=5.96719338 opt_status=no_rebalance
2025-12-31 08:12:28.734 | INFO | simulation | Progress: 40% (1029/2572) | date=2019-04-04 00:00:00 nav=5.95312665 opt_status=no_rebalance
2025-12-31 08:12:29.513 | INFO | simulation | Progress: 41% (1055/2572) | date=2019-05-16 00:00:00 nav=5.43569931 opt_status=no_rebalance
2025-12-31 08:12:30.346 | INFO | simulation | Progress: 42% (1081/2572) | date=2019-06-24 00:00:00 nav=5.33937834 opt_status=ok_ema_online_mv_reg
2025-12-31 08:12:31.094 | INFO | simulation | Progress: 43% (1106/2572) | date=2019-07-29 00:00:00 nav=5.16128429 opt_status=ok_ema_online_mv_reg
2025-12-31 08:12:31.813 | INFO | simulation | Progress: 44% (1132/2572) | date=2019-09-06 00:00:00 nav=5.21830839 opt_status=no_rebalance
2025-12-31 08:12:32.624 | INFO | simulation | Progress: 45% (1158/2572) | date=2019-10-17 00:00:00 nav=5.58412822 opt_status=no_rebalance
2025-12-31 08:12:33.410 | INFO | simulation | Progress: 46% (1184/2572) | date=2019-11-27 00:00:00 nav=6.06165873 opt_status=no_rebalance
2025-12-31 08:12:34.121 | INFO | simulation | Progress: 47% (1209/2572) | date=2020-01-02 00:00:00 nav=6.48974664 opt_status=no_rebalance
2025-12-31 08:12:34.756 | INFO | simulation | Progress: 48% (1235/2572) | date=2020-02-06 00:00:00 nav=6.75773231 opt_status=no_rebalance
2025-12-31 08:12:35.540 | INFO | simulation | Progress: 49% (1261/2572) | date=2020-03-17 00:00:00 nav=8.24246897 opt_status=no_rebalance
2025-12-31 08:12:36.360 | INFO | simulation | Progress: 50% (1286/2572) | date=2020-04-27 00:00:00 nav=12.59134805 opt_status=ok_ema_online_mv_reg
2025-12-31 08:12:37.018 | INFO | simulation | Progress: 51% (1312/2572) | date=2020-06-04 00:00:00 nav=18.65771542 opt_status=no_rebalance
2025-12-31 08:12:37.673 | INFO | simulation | Progress: 52% (1338/2572) | date=2020-07-10 00:00:00 nav=31.28074328 opt_status=no_rebalance
2025-12-31 08:12:38.438 | INFO | simulation | Progress: 53% (1364/2572) | date=2020-08-17 00:00:00 nav=34.53998897 opt_status=ok_ema_online_mv_reg
2025-12-31 08:12:39.074 | INFO | simulation | Progress: 54% (1389/2572) | date=2020-09-21 00:00:00 nav=34.27348042 opt_status=ok_ema_online_mv_reg
2025-12-31 08:12:39.751 | INFO | simulation | Progress: 55% (1415/2572) | date=2020-10-28 00:00:00 nav=35.56381532 opt_status=no_rebalance
2025-12-31 08:12:40.591 | INFO | simulation | Progress: 56% (1441/2572) | date=2020-12-07 00:00:00 nav=49.28843842 opt_status=ok_ema_online_mv_reg
2025-12-31 08:12:41.265 | INFO | simulation | Progress: 57% (1467/2572) | date=2021-01-13 00:00:00 nav=45.07766934 opt_status=no_rebalance
2025-12-31 08:12:42.033 | INFO | simulation | Progress: 58% (1492/2572) | date=2021-02-18 00:00:00 nav=44.93441881 opt_status=no_rebalance
2025-12-31 08:12:42.816 | INFO | simulation | Progress: 59% (1518/2572) | date=2021-03-30 00:00:00 nav=42.40741593 opt_status=ok_ema_online_mv_reg
2025-12-31 08:12:43.681 | INFO | simulation | Progress: 60% (1544/2572) | date=2021-05-10 00:00:00 nav=50.99439953 opt_status=ok_ema_online_mv_reg
2025-12-31 08:12:44.456 | INFO | simulation | Progress: 61% (1569/2572) | date=2021-06-15 00:00:00 nav=63.98695702 opt_status=no_rebalance
2025-12-31 08:12:45.104 | INFO | simulation | Progress: 62% (1595/2572) | date=2021-07-22 00:00:00 nav=85.99161078 opt_status=no_rebalance
2025-12-31 08:12:45.899 | INFO | simulation | Progress: 63% (1621/2572) | date=2021-08-30 00:00:00 nav=77.98766046 opt_status=ok_ema_online_mv_reg
2025-12-31 08:12:46.577 | INFO | simulation | Progress: 64% (1647/2572) | date=2021-10-06 00:00:00 nav=90.01188729 opt_status=no_rebalance
2025-12-31 08:12:47.601 | INFO | simulation | Progress: 65% (1672/2572) | date=2021-11-15 00:00:00 nav=105.18047874 opt_status=ok_ema_online_mv_reg
2025-12-31 08:12:48.360 | INFO | simulation | Progress: 66% (1698/2572) | date=2021-12-22 00:00:00 nav=128.40959238 opt_status=no_rebalance
2025-12-31 08:12:49.127 | INFO | simulation | Progress: 67% (1724/2572) | date=2022-01-28 00:00:00 nav=133.32456847 opt_status=no_rebalance
2025-12-31 08:12:50.078 | INFO | simulation | Progress: 68% (1749/2572) | date=2022-03-07 00:00:00 nav=134.11772459 opt_status=ok_ema_online_mv_reg
2025-12-31 08:12:50.848 | INFO | simulation | Progress: 69% (1775/2572) | date=2022-04-13 00:00:00 nav=169.92972135 opt_status=no_rebalance
2025-12-31 08:12:51.807 | INFO | simulation | Progress: 70% (1801/2572) | date=2022-05-24 00:00:00 nav=185.91528472 opt_status=no_rebalance
2025-12-31 08:12:52.585 | INFO | simulation | Progress: 71% (1827/2572) | date=2022-06-29 00:00:00 nav=174.26970373 opt_status=no_rebalance
2025-12-31 08:12:53.296 | INFO | simulation | Progress: 72% (1852/2572) | date=2022-08-03 00:00:00 nav=173.03115119 opt_status=no_rebalance
2025-12-31 08:12:54.178 | INFO | simulation | Progress: 73% (1878/2572) | date=2022-09-13 00:00:00 nav=172.96840089 opt_status=no_rebalance
2025-12-31 08:12:54.865 | INFO | simulation | Progress: 74% (1904/2572) | date=2022-10-20 00:00:00 nav=190.19997486 opt_status=no_rebalance
2025-12-31 08:12:55.677 | INFO | simulation | Progress: 75% (1929/2572) | date=2022-11-29 00:00:00 nav=211.55150694 opt_status=no_rebalance
2025-12-31 08:12:56.483 | INFO | simulation | Progress: 76% (1955/2572) | date=2023-01-04 00:00:00 nav=223.5967268 opt_status=no_rebalance
2025-12-31 08:12:57.173 | INFO | simulation | Progress: 77% (1981/2572) | date=2023-02-10 00:00:00 nav=193.59655134 opt_status=no_rebalance
2025-12-31 08:12:57.972 | INFO | simulation | Progress: 78% (2007/2572) | date=2023-03-21 00:00:00 nav=194.26124693 opt_status=no_rebalance
2025-12-31 08:12:58.845 | INFO | simulation | Progress: 79% (2032/2572) | date=2023-05-02 00:00:00 nav=203.61563959 opt_status=ok_ema_online_mv_reg
2025-12-31 08:12:59.589 | INFO | simulation | Progress: 80% (2058/2572) | date=2023-06-07 00:00:00 nav=210.79665591 opt_status=no_rebalance
2025-12-31 08:13:00.281 | INFO | simulation | Progress: 81% (2084/2572) | date=2023-07-14 00:00:00 nav=253.19602663 opt_status=no_rebalance
2025-12-31 08:13:01.181 | INFO | simulation | Progress: 82% (2110/2572) | date=2023-08-22 00:00:00 nav=263.66338533 opt_status=no_rebalance
2025-12-31 08:13:01.904 | INFO | simulation | Progress: 83% (2135/2572) | date=2023-09-27 00:00:00 nav=277.97622494 opt_status=no_rebalance
2025-12-31 08:13:02.782 | INFO | simulation | Progress: 84% (2161/2572) | date=2023-11-06 00:00:00 nav=275.54966369 opt_status=ok_ema_online_mv_reg
2025-12-31 08:13:03.465 | INFO | simulation | Progress: 85% (2187/2572) | date=2023-12-14 00:00:00 nav=305.21346104 opt_status=no_rebalance
2025-12-31 08:13:04.165 | INFO | simulation | Progress: 86% (2212/2572) | date=2024-01-19 00:00:00 nav=324.7922316 opt_status=no_rebalance
2025-12-31 08:13:05.051 | INFO | simulation | Progress: 87% (2238/2572) | date=2024-02-27 00:00:00 nav=285.08984907 opt_status=no_rebalance
2025-12-31 08:13:05.756 | INFO | simulation | Progress: 88% (2264/2572) | date=2024-04-05 00:00:00 nav=266.74072806 opt_status=no_rebalance
2025-12-31 08:13:06.643 | INFO | simulation | Progress: 89% (2290/2572) | date=2024-05-16 00:00:00 nav=270.33049412 opt_status=no_rebalance
2025-12-31 08:13:07.423 | INFO | simulation | Progress: 90% (2315/2572) | date=2024-06-21 00:00:00 nav=276.39420162 opt_status=no_rebalance
2025-12-31 08:13:08.251 | INFO | simulation | Progress: 91% (2341/2572) | date=2024-07-30 00:00:00 nav=297.90772015 opt_status=no_rebalance
2025-12-31 08:13:08.992 | INFO | simulation | Progress: 92% (2367/2572) | date=2024-09-05 00:00:00 nav=276.87630089 opt_status=no_rebalance
2025-12-31 08:13:09.774 | INFO | simulation | Progress: 93% (2392/2572) | date=2024-10-11 00:00:00 nav=285.37761782 opt_status=no_rebalance
2025-12-31 08:13:10.692 | INFO | simulation | Progress: 94% (2418/2572) | date=2024-11-21 00:00:00 nav=269.3258368 opt_status=no_rebalance
2025-12-31 08:13:11.586 | INFO | simulation | Progress: 95% (2444/2572) | date=2024-12-30 00:00:00 nav=274.38223483 opt_status=ok_ema_online_mv_reg
2025-12-31 08:13:12.325 | INFO | simulation | Progress: 96% (2470/2572) | date=2025-02-03 00:00:00 nav=226.42924613 opt_status=ok_ema_online_mv_reg
2025-12-31 08:13:13.160 | INFO | simulation | Progress: 97% (2495/2572) | date=2025-03-11 00:00:00 nav=212.90423404 opt_status=no_rebalance
2025-12-31 08:13:14.025 | INFO | simulation | Progress: 98% (2521/2572) | date=2025-04-23 00:00:00 nav=231.22446578 opt_status=no_rebalance
2025-12-31 08:13:14.759 | INFO | simulation | Progress: 99% (2547/2572) | date=2025-05-30 00:00:00 nav=249.81946029 opt_status=no_rebalance
2025-12-31 08:13:15.504 | INFO | simulation | Progress: 100% (2572/2572) | date=2025-07-04 00:00:00 nav=246.46104139 opt_status=no_rebalance
2025-12-31 08:13:15.809 | INFO | simulation | Experiment saved to: experiments\nifty500_ema_online_1D_greedy_weekly_20251231_024200
2025-12-31 08:13:15.875 | INFO | simulation | Saved performance artifacts to experiments\nifty500_ema_online_1D_greedy_weekly_20251231_024200\outputs\performance
2025-12-31 08:13:17.863 | INFO | simulation | Saved figures to: experiments\nifty500_ema_online_1D_greedy_weekly_20251231_024200\artifacts\figures
2025-12-31 08:13:17.863 | INFO | simulation | Run complete
