2025-12-28 13:13:45,796 | INFO | Run initialized
2025-12-28 13:13:45,796 | INFO | Run folder: experiments\ema_entropy_newton_v2_daily_india_20251228_074343
2025-12-28 13:13:45,796 | INFO | Config used: experiments\ema_entropy_newton_v2_daily_india_20251228_074343\params.yaml
2025-12-28 13:13:45,797 | INFO | Experiments dir: experiments
2025-12-28 13:13:45,797 | INFO | Running experiment from config
2025-12-28 13:13:45,803 | INFO | Runner starting | data.mode=processed | use_gpu=False
2025-12-28 13:13:45,870 | INFO | Loaded prices | rows=1098 cols=138 | start=2020-04-06 00:00:00 end=2024-09-10 00:00:00
2025-12-28 13:13:45,870 | INFO | Optimizer configured | raw_type=ema_hybrid resolved=ema_hybrid | k=None | long_only=True | box={'min': 0.025, 'max': 0.25}
2025-12-28 13:13:45,871 | INFO | Planned total steps: 1098
2025-12-28 13:13:45,871 | INFO | Progress logging every 1%
2025-12-28 13:13:45,873 | INFO | Backtest starting | steps=1098 | rebalance=daily | tc(proportional)=0.0005 | record_non_rebalance=False
2025-12-28 13:13:45,873 | INFO | Date range: 2020-04-06 00:00:00 -> 2024-09-10 00:00:00 | assets=138
2025-12-28 13:13:45,873 | INFO | Rebalance dates computed: 1098 (first=2020-04-06 00:00:00 last=2024-09-10 00:00:00)
2025-12-28 13:13:45,887 | WARNING | No common tickers between expected_returns (0) and covariance (138) on 2020-04-06 00:00:00
2025-12-28 13:13:45,888 | WARNING | Using fallback equal-weight on 2020-04-06 00:00:00 | opt_status=skipped_no_common_tickers | n_valid_assets=138
2025-12-28 13:13:45,896 | WARNING | Using fallback equal-weight on 2020-04-07 00:00:00 | opt_status=ema_insufficient_window | n_valid_assets=138
2025-12-28 13:13:45,903 | WARNING | Using fallback equal-weight on 2020-04-08 00:00:00 | opt_status=ema_insufficient_window | n_valid_assets=138
2025-12-28 13:13:45,909 | WARNING | Using fallback equal-weight on 2020-04-12 00:00:00 | opt_status=ema_insufficient_window | n_valid_assets=138
2025-12-28 13:13:45,916 | WARNING | Using fallback equal-weight on 2020-04-14 00:00:00 | opt_status=ema_insufficient_window | n_valid_assets=138
2025-12-28 13:13:45,924 | WARNING | Using fallback equal-weight on 2020-04-15 00:00:00 | opt_status=ema_insufficient_window | n_valid_assets=138
2025-12-28 13:13:45,931 | WARNING | Using fallback equal-weight on 2020-04-16 00:00:00 | opt_status=ema_insufficient_window | n_valid_assets=138
2025-12-28 13:13:45,938 | WARNING | Using fallback equal-weight on 2020-04-19 00:00:00 | opt_status=ema_insufficient_window | n_valid_assets=138
2025-12-28 13:13:45,945 | WARNING | Using fallback equal-weight on 2020-04-20 00:00:00 | opt_status=ema_insufficient_window | n_valid_assets=138
2025-12-28 13:13:45,952 | WARNING | Using fallback equal-weight on 2020-04-21 00:00:00 | opt_status=ema_insufficient_window | n_valid_assets=138
2025-12-28 13:13:45,960 | WARNING | Using fallback equal-weight on 2020-04-22 00:00:00 | opt_status=ema_insufficient_window | n_valid_assets=138
2025-12-28 13:13:45,960 | INFO | Progress: 1% (11/1098) | date=2020-04-22 00:00:00 nav=1.07674008 opt_status=ema_insufficient_window
2025-12-28 13:13:45,967 | WARNING | Using fallback equal-weight on 2020-04-23 00:00:00 | opt_status=ema_insufficient_window | n_valid_assets=138
2025-12-28 13:13:45,974 | WARNING | Using fallback equal-weight on 2020-04-26 00:00:00 | opt_status=ema_insufficient_window | n_valid_assets=138
2025-12-28 13:13:45,981 | WARNING | Using fallback equal-weight on 2020-04-27 00:00:00 | opt_status=ema_insufficient_window | n_valid_assets=138
2025-12-28 13:13:45,988 | WARNING | Using fallback equal-weight on 2020-04-28 00:00:00 | opt_status=ema_insufficient_window | n_valid_assets=138
2025-12-28 13:13:45,994 | WARNING | Using fallback equal-weight on 2020-04-29 00:00:00 | opt_status=ema_insufficient_window | n_valid_assets=138
2025-12-28 13:13:46,002 | WARNING | Using fallback equal-weight on 2020-05-03 00:00:00 | opt_status=ema_insufficient_window | n_valid_assets=138
2025-12-28 13:13:46,011 | WARNING | Using fallback equal-weight on 2020-05-04 00:00:00 | opt_status=ema_insufficient_window | n_valid_assets=138
2025-12-28 13:13:46,019 | WARNING | Using fallback equal-weight on 2020-05-05 00:00:00 | opt_status=ema_insufficient_window | n_valid_assets=138
2025-12-28 13:13:46,026 | WARNING | Using fallback equal-weight on 2020-05-06 00:00:00 | opt_status=ema_insufficient_window | n_valid_assets=138
2025-12-28 13:13:46,033 | WARNING | Using fallback equal-weight on 2020-05-07 00:00:00 | opt_status=ema_insufficient_window | n_valid_assets=138
2025-12-28 13:13:46,041 | WARNING | Using fallback equal-weight on 2020-05-10 00:00:00 | opt_status=ema_insufficient_window | n_valid_assets=138
2025-12-28 13:13:46,042 | INFO | Progress: 2% (22/1098) | date=2020-05-10 00:00:00 nav=1.0661375 opt_status=ema_insufficient_window
2025-12-28 13:13:46,049 | WARNING | Using fallback equal-weight on 2020-05-11 00:00:00 | opt_status=ema_insufficient_window | n_valid_assets=138
2025-12-28 13:13:46,057 | WARNING | Using fallback equal-weight on 2020-05-12 00:00:00 | opt_status=ema_insufficient_window | n_valid_assets=138
2025-12-28 13:13:46,066 | WARNING | Using fallback equal-weight on 2020-05-13 00:00:00 | opt_status=ema_insufficient_window | n_valid_assets=138
2025-12-28 13:13:46,073 | WARNING | Using fallback equal-weight on 2020-05-14 00:00:00 | opt_status=ema_insufficient_window | n_valid_assets=138
2025-12-28 13:13:46,081 | WARNING | Using fallback equal-weight on 2020-05-17 00:00:00 | opt_status=ema_insufficient_window | n_valid_assets=138
2025-12-28 13:13:46,088 | WARNING | Using fallback equal-weight on 2020-05-18 00:00:00 | opt_status=ema_insufficient_window | n_valid_assets=138
2025-12-28 13:13:46,096 | WARNING | Using fallback equal-weight on 2020-05-19 00:00:00 | opt_status=ema_insufficient_window | n_valid_assets=138
2025-12-28 13:13:46,103 | WARNING | Using fallback equal-weight on 2020-05-20 00:00:00 | opt_status=ema_insufficient_window | n_valid_assets=138
2025-12-28 13:13:46,111 | WARNING | Using fallback equal-weight on 2020-05-21 00:00:00 | opt_status=ema_insufficient_window | n_valid_assets=138
2025-12-28 13:13:46,119 | WARNING | Using fallback equal-weight on 2020-05-25 00:00:00 | opt_status=ema_insufficient_window | n_valid_assets=138
2025-12-28 13:13:46,128 | WARNING | Using fallback equal-weight on 2020-05-26 00:00:00 | opt_status=ema_insufficient_window | n_valid_assets=138
2025-12-28 13:13:46,129 | INFO | Progress: 3% (33/1098) | date=2020-05-26 00:00:00 nav=1.09271793 opt_status=ema_insufficient_window
2025-12-28 13:13:46,136 | WARNING | Using fallback equal-weight on 2020-05-27 00:00:00 | opt_status=ema_insufficient_window | n_valid_assets=138
2025-12-28 13:13:46,145 | WARNING | Using fallback equal-weight on 2020-05-28 00:00:00 | opt_status=ema_insufficient_window | n_valid_assets=138
2025-12-28 13:13:46,152 | WARNING | Using fallback equal-weight on 2020-05-31 00:00:00 | opt_status=ema_insufficient_window | n_valid_assets=138
2025-12-28 13:13:46,161 | WARNING | Using fallback equal-weight on 2020-06-01 00:00:00 | opt_status=ema_insufficient_window | n_valid_assets=138
2025-12-28 13:13:46,169 | WARNING | Using fallback equal-weight on 2020-06-02 00:00:00 | opt_status=ema_insufficient_window | n_valid_assets=138
2025-12-28 13:13:46,177 | WARNING | Using fallback equal-weight on 2020-06-03 00:00:00 | opt_status=ema_insufficient_window | n_valid_assets=138
2025-12-28 13:13:46,185 | WARNING | Using fallback equal-weight on 2020-06-04 00:00:00 | opt_status=ema_insufficient_window | n_valid_assets=138
2025-12-28 13:13:46,193 | WARNING | Using fallback equal-weight on 2020-06-07 00:00:00 | opt_status=ema_insufficient_window | n_valid_assets=138
2025-12-28 13:13:46,200 | WARNING | Using fallback equal-weight on 2020-06-08 00:00:00 | opt_status=ema_insufficient_window | n_valid_assets=138
2025-12-28 13:13:46,209 | WARNING | Using fallback equal-weight on 2020-06-09 00:00:00 | opt_status=ema_insufficient_window | n_valid_assets=138
2025-12-28 13:13:46,218 | WARNING | Using fallback equal-weight on 2020-06-10 00:00:00 | opt_status=ema_insufficient_window | n_valid_assets=138
2025-12-28 13:13:46,219 | INFO | Progress: 4% (44/1098) | date=2020-06-10 00:00:00 nav=1.19663175 opt_status=ema_insufficient_window
2025-12-28 13:13:46,226 | WARNING | Using fallback equal-weight on 2020-06-11 00:00:00 | opt_status=ema_insufficient_window | n_valid_assets=138
2025-12-28 13:13:46,236 | WARNING | Using fallback equal-weight on 2020-06-14 00:00:00 | opt_status=ema_insufficient_window | n_valid_assets=138
2025-12-28 13:13:46,245 | WARNING | Using fallback equal-weight on 2020-06-15 00:00:00 | opt_status=ema_insufficient_window | n_valid_assets=138
2025-12-28 13:13:46,253 | WARNING | Using fallback equal-weight on 2020-06-16 00:00:00 | opt_status=ema_insufficient_window | n_valid_assets=138
2025-12-28 13:13:46,259 | WARNING | Using fallback equal-weight on 2020-06-17 00:00:00 | opt_status=ema_insufficient_window | n_valid_assets=138
2025-12-28 13:13:46,599 | INFO | Progress: 5% (55/1098) | date=2020-06-25 00:00:00 nav=1.27102806 opt_status=ok_ema_entropy_newton
2025-12-28 13:13:47,245 | INFO | Progress: 6% (66/1098) | date=2020-07-12 00:00:00 nav=1.32331212 opt_status=ok_ema_entropy_newton
2025-12-28 13:13:47,862 | INFO | Progress: 7% (77/1098) | date=2020-07-27 00:00:00 nav=1.39517732 opt_status=ok_ema_entropy_newton
2025-12-28 13:13:48,530 | INFO | Progress: 8% (88/1098) | date=2020-08-11 00:00:00 nav=1.41468646 opt_status=ok_ema_entropy_newton
2025-12-28 13:13:49,299 | INFO | Progress: 9% (99/1098) | date=2020-08-26 00:00:00 nav=1.44574131 opt_status=ok_ema_entropy_newton
2025-12-28 13:13:49,983 | INFO | Progress: 10% (110/1098) | date=2020-09-10 00:00:00 nav=1.40142481 opt_status=ok_ema_entropy_newton
2025-12-28 13:13:50,580 | INFO | Progress: 11% (121/1098) | date=2020-09-27 00:00:00 nav=1.42276548 opt_status=ok_ema_entropy_newton
2025-12-28 13:13:51,166 | INFO | Progress: 12% (132/1098) | date=2020-10-13 00:00:00 nav=1.4392733 opt_status=ok_ema_entropy_newton
2025-12-28 13:13:51,781 | INFO | Progress: 13% (143/1098) | date=2020-10-28 00:00:00 nav=1.39155751 opt_status=ok_ema_entropy_newton
2025-12-28 13:13:52,404 | INFO | Progress: 14% (154/1098) | date=2020-11-12 00:00:00 nav=1.50038478 opt_status=ok_ema_entropy_newton
2025-12-28 13:13:53,020 | INFO | Progress: 15% (165/1098) | date=2020-11-30 00:00:00 nav=1.59055564 opt_status=ok_ema_entropy_newton
2025-12-28 13:13:53,678 | INFO | Progress: 16% (176/1098) | date=2020-12-15 00:00:00 nav=1.69573185 opt_status=ok_ema_entropy_newton
2025-12-28 13:13:54,287 | INFO | Progress: 17% (187/1098) | date=2020-12-31 00:00:00 nav=1.70264643 opt_status=ok_ema_entropy_newton
2025-12-28 13:13:54,916 | INFO | Progress: 18% (198/1098) | date=2021-01-17 00:00:00 nav=1.73318845 opt_status=ok_ema_entropy_newton
2025-12-28 13:13:55,512 | INFO | Progress: 19% (209/1098) | date=2021-02-02 00:00:00 nav=1.82360584 opt_status=ok_ema_entropy_newton
2025-12-28 13:13:56,119 | INFO | Progress: 20% (220/1098) | date=2021-02-17 00:00:00 nav=1.92355632 opt_status=ok_ema_entropy_newton
2025-12-28 13:13:56,736 | INFO | Progress: 21% (231/1098) | date=2021-03-04 00:00:00 nav=2.01467397 opt_status=ok_ema_entropy_newton
2025-12-28 13:13:57,365 | INFO | Progress: 22% (242/1098) | date=2021-03-22 00:00:00 nav=1.99459459 opt_status=ok_ema_entropy_newton
2025-12-28 13:13:57,986 | INFO | Progress: 23% (253/1098) | date=2021-04-08 00:00:00 nav=2.08170193 opt_status=ok_ema_entropy_newton
2025-12-28 13:13:58,603 | INFO | Progress: 24% (264/1098) | date=2021-04-27 00:00:00 nav=2.06099871 opt_status=ok_ema_entropy_newton
2025-12-28 13:13:59,230 | INFO | Progress: 25% (275/1098) | date=2021-05-13 00:00:00 nav=2.16889327 opt_status=ok_ema_entropy_newton
2025-12-28 13:14:00,177 | INFO | Progress: 26% (286/1098) | date=2021-05-30 00:00:00 nav=2.1997661 opt_status=ok_ema_entropy_newton
2025-12-28 13:14:00,994 | INFO | Progress: 27% (297/1098) | date=2021-06-14 00:00:00 nav=2.25412749 opt_status=ok_ema_entropy_newton
2025-12-28 13:14:01,861 | INFO | Progress: 28% (308/1098) | date=2021-06-29 00:00:00 nav=2.22048849 opt_status=ok_ema_entropy_newton
2025-12-28 13:14:02,519 | INFO | Progress: 29% (319/1098) | date=2021-07-14 00:00:00 nav=2.2849914 opt_status=ok_ema_entropy_newton
2025-12-28 13:14:03,168 | INFO | Progress: 30% (330/1098) | date=2021-08-01 00:00:00 nav=2.39438627 opt_status=ok_ema_entropy_newton
2025-12-28 13:14:03,866 | INFO | Progress: 31% (341/1098) | date=2021-08-16 00:00:00 nav=2.39638112 opt_status=ok_ema_entropy_newton
2025-12-28 13:14:04,658 | INFO | Progress: 32% (352/1098) | date=2021-09-01 00:00:00 nav=2.44566041 opt_status=ok_ema_entropy_newton
2025-12-28 13:14:05,524 | INFO | Progress: 33% (363/1098) | date=2021-09-19 00:00:00 nav=2.46867151 opt_status=ok_ema_entropy_newton
2025-12-28 13:14:06,227 | INFO | Progress: 34% (374/1098) | date=2021-10-04 00:00:00 nav=2.54928679 opt_status=ok_ema_entropy_newton
2025-12-28 13:14:06,891 | INFO | Progress: 35% (385/1098) | date=2021-10-20 00:00:00 nav=2.58230454 opt_status=ok_ema_entropy_newton
2025-12-28 13:14:07,545 | INFO | Progress: 36% (396/1098) | date=2021-11-07 00:00:00 nav=2.63523048 opt_status=ok_ema_entropy_newton
2025-12-28 13:14:08,238 | INFO | Progress: 37% (407/1098) | date=2021-11-23 00:00:00 nav=2.46331994 opt_status=ok_ema_entropy_newton
2025-12-28 13:14:08,940 | INFO | Progress: 38% (418/1098) | date=2021-12-08 00:00:00 nav=2.47159606 opt_status=ok_ema_entropy_newton
2025-12-28 13:14:09,713 | INFO | Progress: 39% (429/1098) | date=2021-12-23 00:00:00 nav=2.42471811 opt_status=ok_ema_entropy_newton
2025-12-28 13:14:10,456 | INFO | Progress: 40% (440/1098) | date=2022-01-09 00:00:00 nav=2.50151433 opt_status=ok_ema_entropy_newton
2025-12-28 13:14:11,429 | INFO | Progress: 41% (451/1098) | date=2022-01-24 00:00:00 nav=2.36666473 opt_status=ok_ema_entropy_newton
2025-12-28 13:14:12,116 | INFO | Progress: 42% (462/1098) | date=2022-02-09 00:00:00 nav=2.41492353 opt_status=ok_ema_entropy_newton
2025-12-28 13:14:12,745 | INFO | Progress: 43% (473/1098) | date=2022-02-24 00:00:00 nav=2.23068441 opt_status=ok_ema_entropy_newton
2025-12-28 13:14:13,814 | INFO | Progress: 44% (484/1098) | date=2022-03-14 00:00:00 nav=2.14413988 opt_status=ok_ema_entropy_newton
2025-12-28 13:14:14,453 | INFO | Progress: 45% (495/1098) | date=2022-03-30 00:00:00 nav=2.27954123 opt_status=ok_ema_entropy_newton
2025-12-28 13:14:15,055 | INFO | Progress: 46% (506/1098) | date=2022-04-18 00:00:00 nav=2.2825339 opt_status=ok_ema_entropy_newton
2025-12-28 13:14:15,672 | INFO | Progress: 47% (517/1098) | date=2022-05-04 00:00:00 nav=2.21816778 opt_status=ok_ema_entropy_newton
2025-12-28 13:14:16,303 | INFO | Progress: 48% (528/1098) | date=2022-05-19 00:00:00 nav=2.152125 opt_status=ok_ema_entropy_newton
2025-12-28 13:14:16,829 | INFO | Progress: 49% (539/1098) | date=2022-06-05 00:00:00 nav=2.18327019 opt_status=ok_ema_entropy_newton
2025-12-28 13:14:17,292 | INFO | Progress: 50% (549/1098) | date=2022-06-19 00:00:00 nav=2.02281891 opt_status=ok_ema_entropy_newton
2025-12-28 13:14:17,909 | INFO | Progress: 51% (560/1098) | date=2022-07-04 00:00:00 nav=2.14417019 opt_status=ok_ema_entropy_newton
2025-12-28 13:14:18,429 | INFO | Progress: 52% (571/1098) | date=2022-07-19 00:00:00 nav=2.26898104 opt_status=ok_ema_entropy_newton
2025-12-28 13:14:18,963 | INFO | Progress: 53% (582/1098) | date=2022-08-03 00:00:00 nav=2.32951057 opt_status=ok_ema_entropy_newton
2025-12-28 13:14:19,518 | INFO | Progress: 54% (593/1098) | date=2022-08-22 00:00:00 nav=2.4099869 opt_status=ok_ema_entropy_newton
2025-12-28 13:14:20,082 | INFO | Progress: 55% (604/1098) | date=2022-09-07 00:00:00 nav=2.52060434 opt_status=ok_ema_entropy_newton
2025-12-28 13:14:20,644 | INFO | Progress: 56% (615/1098) | date=2022-09-22 00:00:00 nav=2.50014674 opt_status=ok_ema_entropy_newton
2025-12-28 13:14:21,221 | INFO | Progress: 57% (626/1098) | date=2022-10-10 00:00:00 nav=2.41900341 opt_status=ok_ema_entropy_newton
2025-12-28 13:14:21,871 | INFO | Progress: 58% (637/1098) | date=2022-10-26 00:00:00 nav=2.53648358 opt_status=ok_ema_entropy_newton
2025-12-28 13:14:22,498 | INFO | Progress: 59% (648/1098) | date=2022-11-13 00:00:00 nav=2.54202483 opt_status=ok_ema_entropy_newton
2025-12-28 13:14:23,317 | INFO | Progress: 60% (659/1098) | date=2022-11-28 00:00:00 nav=2.57830087 opt_status=ok_ema_entropy_newton
2025-12-28 13:14:23,927 | INFO | Progress: 61% (670/1098) | date=2022-12-13 00:00:00 nav=2.66746315 opt_status=ok_ema_entropy_newton
2025-12-28 13:14:24,595 | INFO | Progress: 62% (681/1098) | date=2022-12-28 00:00:00 nav=2.57276767 opt_status=ok_ema_entropy_newton
2025-12-28 13:14:25,281 | INFO | Progress: 63% (692/1098) | date=2023-01-12 00:00:00 nav=2.62388777 opt_status=ok_ema_entropy_newton
2025-12-28 13:14:25,920 | INFO | Progress: 64% (703/1098) | date=2023-01-30 00:00:00 nav=2.5300476 opt_status=ok_ema_entropy_newton
2025-12-28 13:14:26,552 | INFO | Progress: 65% (714/1098) | date=2023-02-14 00:00:00 nav=2.4820127 opt_status=ok_ema_entropy_newton
2025-12-28 13:14:27,138 | INFO | Progress: 66% (725/1098) | date=2023-03-01 00:00:00 nav=2.4396899 opt_status=ok_ema_entropy_newton
2025-12-28 13:14:27,774 | INFO | Progress: 67% (736/1098) | date=2023-03-19 00:00:00 nav=2.41975597 opt_status=ok_ema_entropy_newton
2025-12-28 13:14:28,403 | INFO | Progress: 68% (747/1098) | date=2023-04-05 00:00:00 nav=2.46977932 opt_status=ok_ema_entropy_newton
2025-12-28 13:14:29,058 | INFO | Progress: 69% (758/1098) | date=2023-04-24 00:00:00 nav=2.49699078 opt_status=ok_ema_entropy_newton
2025-12-28 13:14:29,728 | INFO | Progress: 70% (769/1098) | date=2023-05-10 00:00:00 nav=2.60327456 opt_status=ok_ema_entropy_newton
2025-12-28 13:14:30,403 | INFO | Progress: 71% (780/1098) | date=2023-05-25 00:00:00 nav=2.68138355 opt_status=ok_ema_entropy_newton
2025-12-28 13:14:31,042 | INFO | Progress: 72% (791/1098) | date=2023-06-11 00:00:00 nav=2.77477947 opt_status=ok_ema_entropy_newton
2025-12-28 13:14:31,668 | INFO | Progress: 73% (802/1098) | date=2023-06-26 00:00:00 nav=2.82236924 opt_status=ok_ema_entropy_newton
2025-12-28 13:14:32,199 | INFO | Progress: 74% (813/1098) | date=2023-07-12 00:00:00 nav=2.87293571 opt_status=ok_ema_entropy_newton
2025-12-28 13:14:32,749 | INFO | Progress: 75% (824/1098) | date=2023-07-27 00:00:00 nav=2.97945713 opt_status=ok_ema_entropy_newton
2025-12-28 13:14:33,432 | INFO | Progress: 76% (835/1098) | date=2023-08-13 00:00:00 nav=3.00636051 opt_status=ok_ema_entropy_newton
2025-12-28 13:14:33,995 | INFO | Progress: 77% (846/1098) | date=2023-08-29 00:00:00 nav=3.10032484 opt_status=ok_ema_entropy_newton
2025-12-28 13:14:34,549 | INFO | Progress: 78% (857/1098) | date=2023-09-13 00:00:00 nav=3.17833542 opt_status=ok_ema_entropy_newton
2025-12-28 13:14:35,140 | INFO | Progress: 79% (868/1098) | date=2023-10-02 00:00:00 nav=3.17200185 opt_status=ok_ema_entropy_newton
2025-12-28 13:14:35,702 | INFO | Progress: 80% (879/1098) | date=2023-10-17 00:00:00 nav=3.13516007 opt_status=ok_ema_entropy_newton
2025-12-28 13:14:36,284 | INFO | Progress: 81% (890/1098) | date=2023-11-02 00:00:00 nav=3.06587322 opt_status=ok_ema_entropy_newton
2025-12-28 13:14:36,843 | INFO | Progress: 82% (901/1098) | date=2023-11-20 00:00:00 nav=3.21121656 opt_status=ok_ema_entropy_newton
2025-12-28 13:14:37,391 | INFO | Progress: 83% (912/1098) | date=2023-12-06 00:00:00 nav=3.49625876 opt_status=ok_ema_entropy_newton
2025-12-28 13:14:38,059 | INFO | Progress: 84% (923/1098) | date=2023-12-21 00:00:00 nav=3.5635843 opt_status=ok_ema_entropy_newton
2025-12-28 13:14:38,844 | INFO | Progress: 85% (934/1098) | date=2024-01-08 00:00:00 nav=3.73963535 opt_status=ok_ema_entropy_newton
2025-12-28 13:14:39,508 | INFO | Progress: 86% (945/1098) | date=2024-01-24 00:00:00 nav=3.8065643 opt_status=ok_ema_entropy_newton
2025-12-28 13:14:40,260 | INFO | Progress: 87% (956/1098) | date=2024-02-11 00:00:00 nav=3.92539406 opt_status=ok_ema_entropy_newton
2025-12-28 13:14:40,927 | INFO | Progress: 88% (967/1098) | date=2024-02-26 00:00:00 nav=4.0944771 opt_status=ok_ema_entropy_newton
2025-12-28 13:14:41,513 | INFO | Progress: 89% (978/1098) | date=2024-03-13 00:00:00 nav=3.94892698 opt_status=ok_ema_entropy_newton
2025-12-28 13:14:42,053 | INFO | Progress: 90% (989/1098) | date=2024-04-01 00:00:00 nav=4.13999951 opt_status=ok_ema_entropy_newton
2025-12-28 13:14:42,641 | INFO | Progress: 91% (1000/1098) | date=2024-04-18 00:00:00 nav=4.17062947 opt_status=ok_ema_entropy_newton
2025-12-28 13:14:43,238 | INFO | Progress: 92% (1011/1098) | date=2024-05-06 00:00:00 nav=4.29777068 opt_status=ok_ema_entropy_newton
2025-12-28 13:14:43,815 | INFO | Progress: 93% (1022/1098) | date=2024-05-22 00:00:00 nav=4.71569377 opt_status=ok_ema_entropy_newton
2025-12-28 13:14:44,350 | INFO | Progress: 94% (1033/1098) | date=2024-06-06 00:00:00 nav=4.77017289 opt_status=ok_ema_entropy_newton
2025-12-28 13:14:44,970 | INFO | Progress: 95% (1044/1098) | date=2024-06-24 00:00:00 nav=4.90273377 opt_status=ok_ema_entropy_newton
2025-12-28 13:14:45,749 | INFO | Progress: 96% (1055/1098) | date=2024-07-09 00:00:00 nav=4.96227054 opt_status=ok_ema_entropy_newton
2025-12-28 13:14:46,315 | INFO | Progress: 97% (1066/1098) | date=2024-07-25 00:00:00 nav=4.9563629 opt_status=ok_ema_entropy_newton
2025-12-28 13:14:46,813 | INFO | Progress: 98% (1077/1098) | date=2024-08-11 00:00:00 nav=4.99640069 opt_status=ok_ema_entropy_newton
2025-12-28 13:14:47,294 | INFO | Progress: 99% (1088/1098) | date=2024-08-27 00:00:00 nav=5.09349418 opt_status=ok_ema_entropy_newton
2025-12-28 13:14:47,789 | INFO | Progress: 100% (1098/1098) | date=2024-09-10 00:00:00 nav=5.1658159 opt_status=ok_ema_entropy_newton
2025-12-28 13:14:47,934 | INFO | Experiment saved to: experiments\ema_entropy_newton_v2_daily_india_20251228_074343
2025-12-28 13:14:48,022 | INFO | Saved performance artifacts to experiments\ema_entropy_newton_v2_daily_india_20251228_074343\outputs\performance
2025-12-28 13:14:49,401 | INFO | Saved figures to: experiments\ema_entropy_newton_v2_daily_india_20251228_074343\artifacts\figures
2025-12-28 13:14:49,401 | INFO | Run complete
