2025-12-28 13:12:33,934 | INFO | Run initialized
2025-12-28 13:12:33,934 | INFO | Run folder: experiments\ema_mv_reg_v2_daily_india_20251228_074231
2025-12-28 13:12:33,934 | INFO | Config used: experiments\ema_mv_reg_v2_daily_india_20251228_074231\params.yaml
2025-12-28 13:12:33,934 | INFO | Experiments dir: experiments
2025-12-28 13:12:33,935 | INFO | Running experiment from config
2025-12-28 13:12:33,938 | INFO | Runner starting | data.mode=processed | use_gpu=False
2025-12-28 13:12:34,033 | INFO | Loaded prices | rows=1098 cols=138 | start=2020-04-06 00:00:00 end=2024-09-10 00:00:00
2025-12-28 13:12:34,033 | INFO | Optimizer configured | raw_type=ema_hybrid resolved=ema_hybrid | k=None | long_only=True | box={'min': 0.025, 'max': 0.25}
2025-12-28 13:12:34,035 | INFO | Planned total steps: 1098
2025-12-28 13:12:34,035 | INFO | Progress logging every 1%
2025-12-28 13:12:34,036 | INFO | Backtest starting | steps=1098 | rebalance=daily | tc(proportional)=0.0005 | record_non_rebalance=False
2025-12-28 13:12:34,037 | INFO | Date range: 2020-04-06 00:00:00 -> 2024-09-10 00:00:00 | assets=138
2025-12-28 13:12:34,037 | INFO | Rebalance dates computed: 1098 (first=2020-04-06 00:00:00 last=2024-09-10 00:00:00)
2025-12-28 13:12:34,050 | WARNING | No common tickers between expected_returns (0) and covariance (138) on 2020-04-06 00:00:00
2025-12-28 13:12:34,051 | WARNING | Using fallback equal-weight on 2020-04-06 00:00:00 | opt_status=skipped_no_common_tickers | n_valid_assets=138
2025-12-28 13:12:34,057 | WARNING | Using fallback equal-weight on 2020-04-07 00:00:00 | opt_status=ema_insufficient_window | n_valid_assets=138
2025-12-28 13:12:34,063 | WARNING | Using fallback equal-weight on 2020-04-08 00:00:00 | opt_status=ema_insufficient_window | n_valid_assets=138
2025-12-28 13:12:34,070 | WARNING | Using fallback equal-weight on 2020-04-12 00:00:00 | opt_status=ema_insufficient_window | n_valid_assets=138
2025-12-28 13:12:34,077 | WARNING | Using fallback equal-weight on 2020-04-14 00:00:00 | opt_status=ema_insufficient_window | n_valid_assets=138
2025-12-28 13:12:34,083 | WARNING | Using fallback equal-weight on 2020-04-15 00:00:00 | opt_status=ema_insufficient_window | n_valid_assets=138
2025-12-28 13:12:34,090 | WARNING | Using fallback equal-weight on 2020-04-16 00:00:00 | opt_status=ema_insufficient_window | n_valid_assets=138
2025-12-28 13:12:34,097 | WARNING | Using fallback equal-weight on 2020-04-19 00:00:00 | opt_status=ema_insufficient_window | n_valid_assets=138
2025-12-28 13:12:34,104 | WARNING | Using fallback equal-weight on 2020-04-20 00:00:00 | opt_status=ema_insufficient_window | n_valid_assets=138
2025-12-28 13:12:34,111 | WARNING | Using fallback equal-weight on 2020-04-21 00:00:00 | opt_status=ema_insufficient_window | n_valid_assets=138
2025-12-28 13:12:34,118 | WARNING | Using fallback equal-weight on 2020-04-22 00:00:00 | opt_status=ema_insufficient_window | n_valid_assets=138
2025-12-28 13:12:34,119 | INFO | Progress: 1% (11/1098) | date=2020-04-22 00:00:00 nav=1.07674008 opt_status=ema_insufficient_window
2025-12-28 13:12:34,125 | WARNING | Using fallback equal-weight on 2020-04-23 00:00:00 | opt_status=ema_insufficient_window | n_valid_assets=138
2025-12-28 13:12:34,132 | WARNING | Using fallback equal-weight on 2020-04-26 00:00:00 | opt_status=ema_insufficient_window | n_valid_assets=138
2025-12-28 13:12:34,139 | WARNING | Using fallback equal-weight on 2020-04-27 00:00:00 | opt_status=ema_insufficient_window | n_valid_assets=138
2025-12-28 13:12:34,146 | WARNING | Using fallback equal-weight on 2020-04-28 00:00:00 | opt_status=ema_insufficient_window | n_valid_assets=138
2025-12-28 13:12:34,153 | WARNING | Using fallback equal-weight on 2020-04-29 00:00:00 | opt_status=ema_insufficient_window | n_valid_assets=138
2025-12-28 13:12:34,160 | WARNING | Using fallback equal-weight on 2020-05-03 00:00:00 | opt_status=ema_insufficient_window | n_valid_assets=138
2025-12-28 13:12:34,166 | WARNING | Using fallback equal-weight on 2020-05-04 00:00:00 | opt_status=ema_insufficient_window | n_valid_assets=138
2025-12-28 13:12:34,173 | WARNING | Using fallback equal-weight on 2020-05-05 00:00:00 | opt_status=ema_insufficient_window | n_valid_assets=138
2025-12-28 13:12:34,180 | WARNING | Using fallback equal-weight on 2020-05-06 00:00:00 | opt_status=ema_insufficient_window | n_valid_assets=138
2025-12-28 13:12:34,187 | WARNING | Using fallback equal-weight on 2020-05-07 00:00:00 | opt_status=ema_insufficient_window | n_valid_assets=138
2025-12-28 13:12:34,194 | WARNING | Using fallback equal-weight on 2020-05-10 00:00:00 | opt_status=ema_insufficient_window | n_valid_assets=138
2025-12-28 13:12:34,195 | INFO | Progress: 2% (22/1098) | date=2020-05-10 00:00:00 nav=1.0661375 opt_status=ema_insufficient_window
2025-12-28 13:12:34,202 | WARNING | Using fallback equal-weight on 2020-05-11 00:00:00 | opt_status=ema_insufficient_window | n_valid_assets=138
2025-12-28 13:12:34,209 | WARNING | Using fallback equal-weight on 2020-05-12 00:00:00 | opt_status=ema_insufficient_window | n_valid_assets=138
2025-12-28 13:12:34,216 | WARNING | Using fallback equal-weight on 2020-05-13 00:00:00 | opt_status=ema_insufficient_window | n_valid_assets=138
2025-12-28 13:12:34,224 | WARNING | Using fallback equal-weight on 2020-05-14 00:00:00 | opt_status=ema_insufficient_window | n_valid_assets=138
2025-12-28 13:12:34,231 | WARNING | Using fallback equal-weight on 2020-05-17 00:00:00 | opt_status=ema_insufficient_window | n_valid_assets=138
2025-12-28 13:12:34,238 | WARNING | Using fallback equal-weight on 2020-05-18 00:00:00 | opt_status=ema_insufficient_window | n_valid_assets=138
2025-12-28 13:12:34,246 | WARNING | Using fallback equal-weight on 2020-05-19 00:00:00 | opt_status=ema_insufficient_window | n_valid_assets=138
2025-12-28 13:12:34,254 | WARNING | Using fallback equal-weight on 2020-05-20 00:00:00 | opt_status=ema_insufficient_window | n_valid_assets=138
2025-12-28 13:12:34,260 | WARNING | Using fallback equal-weight on 2020-05-21 00:00:00 | opt_status=ema_insufficient_window | n_valid_assets=138
2025-12-28 13:12:34,268 | WARNING | Using fallback equal-weight on 2020-05-25 00:00:00 | opt_status=ema_insufficient_window | n_valid_assets=138
2025-12-28 13:12:34,275 | WARNING | Using fallback equal-weight on 2020-05-26 00:00:00 | opt_status=ema_insufficient_window | n_valid_assets=138
2025-12-28 13:12:34,276 | INFO | Progress: 3% (33/1098) | date=2020-05-26 00:00:00 nav=1.09271793 opt_status=ema_insufficient_window
2025-12-28 13:12:34,283 | WARNING | Using fallback equal-weight on 2020-05-27 00:00:00 | opt_status=ema_insufficient_window | n_valid_assets=138
2025-12-28 13:12:34,290 | WARNING | Using fallback equal-weight on 2020-05-28 00:00:00 | opt_status=ema_insufficient_window | n_valid_assets=138
2025-12-28 13:12:34,298 | WARNING | Using fallback equal-weight on 2020-05-31 00:00:00 | opt_status=ema_insufficient_window | n_valid_assets=138
2025-12-28 13:12:34,305 | WARNING | Using fallback equal-weight on 2020-06-01 00:00:00 | opt_status=ema_insufficient_window | n_valid_assets=138
2025-12-28 13:12:34,312 | WARNING | Using fallback equal-weight on 2020-06-02 00:00:00 | opt_status=ema_insufficient_window | n_valid_assets=138
2025-12-28 13:12:34,320 | WARNING | Using fallback equal-weight on 2020-06-03 00:00:00 | opt_status=ema_insufficient_window | n_valid_assets=138
2025-12-28 13:12:34,327 | WARNING | Using fallback equal-weight on 2020-06-04 00:00:00 | opt_status=ema_insufficient_window | n_valid_assets=138
2025-12-28 13:12:34,335 | WARNING | Using fallback equal-weight on 2020-06-07 00:00:00 | opt_status=ema_insufficient_window | n_valid_assets=138
2025-12-28 13:12:34,342 | WARNING | Using fallback equal-weight on 2020-06-08 00:00:00 | opt_status=ema_insufficient_window | n_valid_assets=138
2025-12-28 13:12:34,350 | WARNING | Using fallback equal-weight on 2020-06-09 00:00:00 | opt_status=ema_insufficient_window | n_valid_assets=138
2025-12-28 13:12:34,357 | WARNING | Using fallback equal-weight on 2020-06-10 00:00:00 | opt_status=ema_insufficient_window | n_valid_assets=138
2025-12-28 13:12:34,358 | INFO | Progress: 4% (44/1098) | date=2020-06-10 00:00:00 nav=1.19663175 opt_status=ema_insufficient_window
2025-12-28 13:12:34,365 | WARNING | Using fallback equal-weight on 2020-06-11 00:00:00 | opt_status=ema_insufficient_window | n_valid_assets=138
2025-12-28 13:12:34,372 | WARNING | Using fallback equal-weight on 2020-06-14 00:00:00 | opt_status=ema_insufficient_window | n_valid_assets=138
2025-12-28 13:12:34,380 | WARNING | Using fallback equal-weight on 2020-06-15 00:00:00 | opt_status=ema_insufficient_window | n_valid_assets=138
2025-12-28 13:12:34,388 | WARNING | Using fallback equal-weight on 2020-06-16 00:00:00 | opt_status=ema_insufficient_window | n_valid_assets=138
2025-12-28 13:12:34,395 | WARNING | Using fallback equal-weight on 2020-06-17 00:00:00 | opt_status=ema_insufficient_window | n_valid_assets=138
2025-12-28 13:12:34,620 | INFO | Progress: 5% (55/1098) | date=2020-06-25 00:00:00 nav=1.27296926 opt_status=ok_ema_mv_reg
2025-12-28 13:12:35,107 | INFO | Progress: 6% (66/1098) | date=2020-07-12 00:00:00 nav=1.33526478 opt_status=ok_ema_mv_reg
2025-12-28 13:12:35,584 | INFO | Progress: 7% (77/1098) | date=2020-07-27 00:00:00 nav=1.38855317 opt_status=ok_ema_mv_reg
2025-12-28 13:12:36,018 | INFO | Progress: 8% (88/1098) | date=2020-08-11 00:00:00 nav=1.39496157 opt_status=ok_ema_mv_reg
2025-12-28 13:12:36,429 | INFO | Progress: 9% (99/1098) | date=2020-08-26 00:00:00 nav=1.3594638 opt_status=ok_ema_mv_reg
2025-12-28 13:12:36,922 | INFO | Progress: 10% (110/1098) | date=2020-09-10 00:00:00 nav=1.3076032 opt_status=ok_ema_mv_reg
2025-12-28 13:12:37,371 | INFO | Progress: 11% (121/1098) | date=2020-09-27 00:00:00 nav=1.33574338 opt_status=ok_ema_mv_reg
2025-12-28 13:12:37,748 | INFO | Progress: 12% (132/1098) | date=2020-10-13 00:00:00 nav=1.36279923 opt_status=ok_ema_mv_reg
2025-12-28 13:12:38,308 | INFO | Progress: 13% (143/1098) | date=2020-10-28 00:00:00 nav=1.24202964 opt_status=ok_ema_mv_reg
2025-12-28 13:12:38,821 | INFO | Progress: 14% (154/1098) | date=2020-11-12 00:00:00 nav=1.33174096 opt_status=ok_ema_mv_reg
2025-12-28 13:12:39,372 | INFO | Progress: 15% (165/1098) | date=2020-11-30 00:00:00 nav=1.45378905 opt_status=ok_ema_mv_reg
2025-12-28 13:12:39,806 | INFO | Progress: 16% (176/1098) | date=2020-12-15 00:00:00 nav=1.50672722 opt_status=ok_ema_mv_reg
2025-12-28 13:12:40,188 | INFO | Progress: 17% (187/1098) | date=2020-12-31 00:00:00 nav=1.52333668 opt_status=ok_ema_mv_reg
2025-12-28 13:12:40,539 | INFO | Progress: 18% (198/1098) | date=2021-01-17 00:00:00 nav=1.49539926 opt_status=ok_ema_mv_reg
2025-12-28 13:12:40,955 | INFO | Progress: 19% (209/1098) | date=2021-02-02 00:00:00 nav=1.60447027 opt_status=ok_ema_mv_reg
2025-12-28 13:12:41,327 | INFO | Progress: 20% (220/1098) | date=2021-02-17 00:00:00 nav=1.66416731 opt_status=ok_ema_mv_reg
2025-12-28 13:12:41,703 | INFO | Progress: 21% (231/1098) | date=2021-03-04 00:00:00 nav=1.74767707 opt_status=ok_ema_mv_reg
2025-12-28 13:12:42,029 | INFO | Progress: 22% (242/1098) | date=2021-03-22 00:00:00 nav=1.70263381 opt_status=ok_ema_mv_reg
2025-12-28 13:12:42,370 | INFO | Progress: 23% (253/1098) | date=2021-04-08 00:00:00 nav=1.73751184 opt_status=ok_ema_mv_reg
2025-12-28 13:12:42,747 | INFO | Progress: 24% (264/1098) | date=2021-04-27 00:00:00 nav=1.70797885 opt_status=ok_ema_mv_reg
2025-12-28 13:12:43,122 | INFO | Progress: 25% (275/1098) | date=2021-05-13 00:00:00 nav=1.78130589 opt_status=ok_ema_mv_reg
2025-12-28 13:12:43,518 | INFO | Progress: 26% (286/1098) | date=2021-05-30 00:00:00 nav=1.77166709 opt_status=ok_ema_mv_reg
2025-12-28 13:12:43,952 | INFO | Progress: 27% (297/1098) | date=2021-06-14 00:00:00 nav=1.78471475 opt_status=ok_ema_mv_reg
2025-12-28 13:12:44,351 | INFO | Progress: 28% (308/1098) | date=2021-06-29 00:00:00 nav=1.70371156 opt_status=ok_ema_mv_reg
2025-12-28 13:12:44,825 | INFO | Progress: 29% (319/1098) | date=2021-07-14 00:00:00 nav=1.7486468 opt_status=ok_ema_mv_reg
2025-12-28 13:12:45,321 | INFO | Progress: 30% (330/1098) | date=2021-08-01 00:00:00 nav=1.83407459 opt_status=ok_ema_mv_reg
2025-12-28 13:12:45,792 | INFO | Progress: 31% (341/1098) | date=2021-08-16 00:00:00 nav=1.88324347 opt_status=ok_ema_mv_reg
2025-12-28 13:12:46,339 | INFO | Progress: 32% (352/1098) | date=2021-09-01 00:00:00 nav=1.89653818 opt_status=ok_ema_mv_reg
2025-12-28 13:12:46,781 | INFO | Progress: 33% (363/1098) | date=2021-09-19 00:00:00 nav=1.88201274 opt_status=ok_ema_mv_reg
2025-12-28 13:12:47,184 | INFO | Progress: 34% (374/1098) | date=2021-10-04 00:00:00 nav=1.96565894 opt_status=ok_ema_mv_reg
2025-12-28 13:12:47,596 | INFO | Progress: 35% (385/1098) | date=2021-10-20 00:00:00 nav=1.98977719 opt_status=ok_ema_mv_reg
2025-12-28 13:12:48,010 | INFO | Progress: 36% (396/1098) | date=2021-11-07 00:00:00 nav=2.03555777 opt_status=ok_ema_mv_reg
2025-12-28 13:12:48,475 | INFO | Progress: 37% (407/1098) | date=2021-11-23 00:00:00 nav=1.94200118 opt_status=ok_ema_mv_reg
2025-12-28 13:12:48,933 | INFO | Progress: 38% (418/1098) | date=2021-12-08 00:00:00 nav=1.88418976 opt_status=ok_ema_mv_reg
2025-12-28 13:12:49,474 | INFO | Progress: 39% (429/1098) | date=2021-12-23 00:00:00 nav=1.86288513 opt_status=ok_ema_mv_reg
2025-12-28 13:12:49,874 | INFO | Progress: 40% (440/1098) | date=2022-01-09 00:00:00 nav=1.98254482 opt_status=ok_ema_mv_reg
2025-12-28 13:12:50,231 | INFO | Progress: 41% (451/1098) | date=2022-01-24 00:00:00 nav=1.84304428 opt_status=ok_ema_mv_reg
2025-12-28 13:12:50,720 | INFO | Progress: 42% (462/1098) | date=2022-02-09 00:00:00 nav=1.90559319 opt_status=ok_ema_mv_reg
2025-12-28 13:12:51,154 | INFO | Progress: 43% (473/1098) | date=2022-02-24 00:00:00 nav=1.76831449 opt_status=ok_ema_mv_reg
2025-12-28 13:12:51,621 | INFO | Progress: 44% (484/1098) | date=2022-03-14 00:00:00 nav=1.66439203 opt_status=ok_ema_mv_reg
2025-12-28 13:12:52,093 | INFO | Progress: 45% (495/1098) | date=2022-03-30 00:00:00 nav=1.80951771 opt_status=ok_ema_mv_reg
2025-12-28 13:12:52,418 | INFO | Progress: 46% (506/1098) | date=2022-04-18 00:00:00 nav=1.91327515 opt_status=ok_ema_mv_reg
2025-12-28 13:12:52,799 | INFO | Progress: 47% (517/1098) | date=2022-05-04 00:00:00 nav=1.94675583 opt_status=ok_ema_mv_reg
2025-12-28 13:12:53,196 | INFO | Progress: 48% (528/1098) | date=2022-05-19 00:00:00 nav=1.93481628 opt_status=ok_ema_mv_reg
2025-12-28 13:12:53,512 | INFO | Progress: 49% (539/1098) | date=2022-06-05 00:00:00 nav=1.94564349 opt_status=ok_ema_mv_reg
2025-12-28 13:12:53,916 | INFO | Progress: 50% (549/1098) | date=2022-06-19 00:00:00 nav=1.76032846 opt_status=ok_ema_mv_reg
2025-12-28 13:12:54,355 | INFO | Progress: 51% (560/1098) | date=2022-07-04 00:00:00 nav=1.87000315 opt_status=ok_ema_mv_reg
2025-12-28 13:12:54,819 | INFO | Progress: 52% (571/1098) | date=2022-07-19 00:00:00 nav=1.99021167 opt_status=ok_ema_mv_reg
2025-12-28 13:12:55,346 | INFO | Progress: 53% (582/1098) | date=2022-08-03 00:00:00 nav=2.01105532 opt_status=ok_ema_mv_reg
2025-12-28 13:12:55,865 | INFO | Progress: 54% (593/1098) | date=2022-08-22 00:00:00 nav=2.08663572 opt_status=ok_ema_mv_reg
2025-12-28 13:12:56,252 | INFO | Progress: 55% (604/1098) | date=2022-09-07 00:00:00 nav=2.15549425 opt_status=ok_ema_mv_reg
2025-12-28 13:12:56,803 | INFO | Progress: 56% (615/1098) | date=2022-09-22 00:00:00 nav=2.11744557 opt_status=ok_ema_mv_reg
2025-12-28 13:12:57,233 | INFO | Progress: 57% (626/1098) | date=2022-10-10 00:00:00 nav=2.02819301 opt_status=ok_ema_mv_reg
2025-12-28 13:12:57,754 | INFO | Progress: 58% (637/1098) | date=2022-10-26 00:00:00 nav=2.12157344 opt_status=ok_ema_mv_reg
2025-12-28 13:12:58,226 | INFO | Progress: 59% (648/1098) | date=2022-11-13 00:00:00 nav=2.10787363 opt_status=ok_ema_mv_reg
2025-12-28 13:12:58,654 | INFO | Progress: 60% (659/1098) | date=2022-11-28 00:00:00 nav=2.16031393 opt_status=ok_ema_mv_reg
2025-12-28 13:12:59,072 | INFO | Progress: 61% (670/1098) | date=2022-12-13 00:00:00 nav=2.27669439 opt_status=ok_ema_mv_reg
2025-12-28 13:12:59,488 | INFO | Progress: 62% (681/1098) | date=2022-12-28 00:00:00 nav=2.18194451 opt_status=ok_ema_mv_reg
2025-12-28 13:12:59,896 | INFO | Progress: 63% (692/1098) | date=2023-01-12 00:00:00 nav=2.21804565 opt_status=ok_ema_mv_reg
2025-12-28 13:13:00,426 | INFO | Progress: 64% (703/1098) | date=2023-01-30 00:00:00 nav=2.11453014 opt_status=ok_ema_mv_reg
2025-12-28 13:13:00,850 | INFO | Progress: 65% (714/1098) | date=2023-02-14 00:00:00 nav=2.01922994 opt_status=ok_ema_mv_reg
2025-12-28 13:13:01,279 | INFO | Progress: 66% (725/1098) | date=2023-03-01 00:00:00 nav=1.99871834 opt_status=ok_ema_mv_reg
2025-12-28 13:13:01,732 | INFO | Progress: 67% (736/1098) | date=2023-03-19 00:00:00 nav=1.97375267 opt_status=ok_ema_mv_reg
2025-12-28 13:13:02,310 | INFO | Progress: 68% (747/1098) | date=2023-04-05 00:00:00 nav=2.00219684 opt_status=ok_ema_mv_reg
2025-12-28 13:13:02,869 | INFO | Progress: 69% (758/1098) | date=2023-04-24 00:00:00 nav=2.07753435 opt_status=ok_ema_mv_reg
2025-12-28 13:13:03,348 | INFO | Progress: 70% (769/1098) | date=2023-05-10 00:00:00 nav=2.15256169 opt_status=ok_ema_mv_reg
2025-12-28 13:13:03,983 | INFO | Progress: 71% (780/1098) | date=2023-05-25 00:00:00 nav=2.26245487 opt_status=ok_ema_mv_reg
2025-12-28 13:13:04,430 | INFO | Progress: 72% (791/1098) | date=2023-06-11 00:00:00 nav=2.35125962 opt_status=ok_ema_mv_reg
2025-12-28 13:13:04,944 | INFO | Progress: 73% (802/1098) | date=2023-06-26 00:00:00 nav=2.34981144 opt_status=ok_ema_mv_reg
2025-12-28 13:13:05,485 | INFO | Progress: 74% (813/1098) | date=2023-07-12 00:00:00 nav=2.42496568 opt_status=ok_ema_mv_reg
2025-12-28 13:13:05,957 | INFO | Progress: 75% (824/1098) | date=2023-07-27 00:00:00 nav=2.50909377 opt_status=ok_ema_mv_reg
2025-12-28 13:13:06,460 | INFO | Progress: 76% (835/1098) | date=2023-08-13 00:00:00 nav=2.48758505 opt_status=ok_ema_mv_reg
2025-12-28 13:13:06,908 | INFO | Progress: 77% (846/1098) | date=2023-08-29 00:00:00 nav=2.50364434 opt_status=ok_ema_mv_reg
2025-12-28 13:13:07,361 | INFO | Progress: 78% (857/1098) | date=2023-09-13 00:00:00 nav=2.54985608 opt_status=ok_ema_mv_reg
2025-12-28 13:13:07,823 | INFO | Progress: 79% (868/1098) | date=2023-10-02 00:00:00 nav=2.51537228 opt_status=ok_ema_mv_reg
2025-12-28 13:13:08,350 | INFO | Progress: 80% (879/1098) | date=2023-10-17 00:00:00 nav=2.4399893 opt_status=ok_ema_mv_reg
2025-12-28 13:13:08,796 | INFO | Progress: 81% (890/1098) | date=2023-11-02 00:00:00 nav=2.36672348 opt_status=ok_ema_mv_reg
2025-12-28 13:13:09,201 | INFO | Progress: 82% (901/1098) | date=2023-11-20 00:00:00 nav=2.54311028 opt_status=ok_ema_mv_reg
2025-12-28 13:13:09,594 | INFO | Progress: 83% (912/1098) | date=2023-12-06 00:00:00 nav=2.85866075 opt_status=ok_ema_mv_reg
2025-12-28 13:13:10,026 | INFO | Progress: 84% (923/1098) | date=2023-12-21 00:00:00 nav=2.89414432 opt_status=ok_ema_mv_reg
2025-12-28 13:13:10,453 | INFO | Progress: 85% (934/1098) | date=2024-01-08 00:00:00 nav=3.0432226 opt_status=ok_ema_mv_reg
2025-12-28 13:13:10,843 | INFO | Progress: 86% (945/1098) | date=2024-01-24 00:00:00 nav=3.10697165 opt_status=ok_ema_mv_reg
2025-12-28 13:13:11,260 | INFO | Progress: 87% (956/1098) | date=2024-02-11 00:00:00 nav=3.08062354 opt_status=ok_ema_mv_reg
2025-12-28 13:13:11,698 | INFO | Progress: 88% (967/1098) | date=2024-02-26 00:00:00 nav=3.21530594 opt_status=ok_ema_mv_reg
2025-12-28 13:13:12,208 | INFO | Progress: 89% (978/1098) | date=2024-03-13 00:00:00 nav=3.16999982 opt_status=ok_ema_mv_reg
2025-12-28 13:13:12,672 | INFO | Progress: 90% (989/1098) | date=2024-04-01 00:00:00 nav=3.29104381 opt_status=ok_ema_mv_reg
2025-12-28 13:13:13,115 | INFO | Progress: 91% (1000/1098) | date=2024-04-18 00:00:00 nav=3.33923847 opt_status=ok_ema_mv_reg
2025-12-28 13:13:13,586 | INFO | Progress: 92% (1011/1098) | date=2024-05-06 00:00:00 nav=3.45865476 opt_status=ok_ema_mv_reg
2025-12-28 13:13:14,055 | INFO | Progress: 93% (1022/1098) | date=2024-05-22 00:00:00 nav=3.86169628 opt_status=ok_ema_mv_reg
2025-12-28 13:13:14,514 | INFO | Progress: 94% (1033/1098) | date=2024-06-06 00:00:00 nav=3.81070626 opt_status=ok_ema_mv_reg
2025-12-28 13:13:15,023 | INFO | Progress: 95% (1044/1098) | date=2024-06-24 00:00:00 nav=3.97495469 opt_status=ok_ema_mv_reg
2025-12-28 13:13:15,533 | INFO | Progress: 96% (1055/1098) | date=2024-07-09 00:00:00 nav=3.92107673 opt_status=ok_ema_mv_reg
2025-12-28 13:13:16,103 | INFO | Progress: 97% (1066/1098) | date=2024-07-25 00:00:00 nav=3.88643916 opt_status=ok_ema_mv_reg
2025-12-28 13:13:16,615 | INFO | Progress: 98% (1077/1098) | date=2024-08-11 00:00:00 nav=3.97411975 opt_status=ok_ema_mv_reg
2025-12-28 13:13:17,056 | INFO | Progress: 99% (1088/1098) | date=2024-08-27 00:00:00 nav=4.05767416 opt_status=ok_ema_mv_reg
2025-12-28 13:13:17,476 | INFO | Progress: 100% (1098/1098) | date=2024-09-10 00:00:00 nav=4.05454509 opt_status=ok_ema_mv_reg
2025-12-28 13:13:17,601 | INFO | Experiment saved to: experiments\ema_mv_reg_v2_daily_india_20251228_074231
2025-12-28 13:13:17,689 | INFO | Saved performance artifacts to experiments\ema_mv_reg_v2_daily_india_20251228_074231\outputs\performance
2025-12-28 13:13:19,160 | INFO | Saved figures to: experiments\ema_mv_reg_v2_daily_india_20251228_074231\artifacts\figures
2025-12-28 13:13:19,160 | INFO | Run complete
