2025-12-28 13:13:05,031 | INFO | Run initialized
2025-12-28 13:13:05,031 | INFO | Run folder: experiments\ema_risk_parity_v2_daily_india_20251228_074302
2025-12-28 13:13:05,031 | INFO | Config used: experiments\ema_risk_parity_v2_daily_india_20251228_074302\params.yaml
2025-12-28 13:13:05,031 | INFO | Experiments dir: experiments
2025-12-28 13:13:05,031 | INFO | Running experiment from config
2025-12-28 13:13:05,036 | INFO | Runner starting | data.mode=processed | use_gpu=False
2025-12-28 13:13:05,099 | INFO | Loaded prices | rows=1098 cols=138 | start=2020-04-06 00:00:00 end=2024-09-10 00:00:00
2025-12-28 13:13:05,099 | INFO | Optimizer configured | raw_type=ema_hybrid resolved=ema_hybrid | k=None | long_only=True | box={'min': 0.025, 'max': 0.25}
2025-12-28 13:13:05,100 | INFO | Planned total steps: 1098
2025-12-28 13:13:05,100 | INFO | Progress logging every 1%
2025-12-28 13:13:05,102 | INFO | Backtest starting | steps=1098 | rebalance=daily | tc(proportional)=0.0005 | record_non_rebalance=False
2025-12-28 13:13:05,102 | INFO | Date range: 2020-04-06 00:00:00 -> 2024-09-10 00:00:00 | assets=138
2025-12-28 13:13:05,102 | INFO | Rebalance dates computed: 1098 (first=2020-04-06 00:00:00 last=2024-09-10 00:00:00)
2025-12-28 13:13:05,114 | WARNING | No common tickers between expected_returns (0) and covariance (138) on 2020-04-06 00:00:00
2025-12-28 13:13:05,115 | WARNING | Using fallback equal-weight on 2020-04-06 00:00:00 | opt_status=skipped_no_common_tickers | n_valid_assets=138
2025-12-28 13:13:05,121 | WARNING | Using fallback equal-weight on 2020-04-07 00:00:00 | opt_status=ema_insufficient_window | n_valid_assets=138
2025-12-28 13:13:05,128 | WARNING | Using fallback equal-weight on 2020-04-08 00:00:00 | opt_status=ema_insufficient_window | n_valid_assets=138
2025-12-28 13:13:05,135 | WARNING | Using fallback equal-weight on 2020-04-12 00:00:00 | opt_status=ema_insufficient_window | n_valid_assets=138
2025-12-28 13:13:05,142 | WARNING | Using fallback equal-weight on 2020-04-14 00:00:00 | opt_status=ema_insufficient_window | n_valid_assets=138
2025-12-28 13:13:05,150 | WARNING | Using fallback equal-weight on 2020-04-15 00:00:00 | opt_status=ema_insufficient_window | n_valid_assets=138
2025-12-28 13:13:05,157 | WARNING | Using fallback equal-weight on 2020-04-16 00:00:00 | opt_status=ema_insufficient_window | n_valid_assets=138
2025-12-28 13:13:05,164 | WARNING | Using fallback equal-weight on 2020-04-19 00:00:00 | opt_status=ema_insufficient_window | n_valid_assets=138
2025-12-28 13:13:05,172 | WARNING | Using fallback equal-weight on 2020-04-20 00:00:00 | opt_status=ema_insufficient_window | n_valid_assets=138
2025-12-28 13:13:05,180 | WARNING | Using fallback equal-weight on 2020-04-21 00:00:00 | opt_status=ema_insufficient_window | n_valid_assets=138
2025-12-28 13:13:05,187 | WARNING | Using fallback equal-weight on 2020-04-22 00:00:00 | opt_status=ema_insufficient_window | n_valid_assets=138
2025-12-28 13:13:05,187 | INFO | Progress: 1% (11/1098) | date=2020-04-22 00:00:00 nav=1.07674008 opt_status=ema_insufficient_window
2025-12-28 13:13:05,194 | WARNING | Using fallback equal-weight on 2020-04-23 00:00:00 | opt_status=ema_insufficient_window | n_valid_assets=138
2025-12-28 13:13:05,203 | WARNING | Using fallback equal-weight on 2020-04-26 00:00:00 | opt_status=ema_insufficient_window | n_valid_assets=138
2025-12-28 13:13:05,215 | WARNING | Using fallback equal-weight on 2020-04-27 00:00:00 | opt_status=ema_insufficient_window | n_valid_assets=138
2025-12-28 13:13:05,224 | WARNING | Using fallback equal-weight on 2020-04-28 00:00:00 | opt_status=ema_insufficient_window | n_valid_assets=138
2025-12-28 13:13:05,231 | WARNING | Using fallback equal-weight on 2020-04-29 00:00:00 | opt_status=ema_insufficient_window | n_valid_assets=138
2025-12-28 13:13:05,238 | WARNING | Using fallback equal-weight on 2020-05-03 00:00:00 | opt_status=ema_insufficient_window | n_valid_assets=138
2025-12-28 13:13:05,245 | WARNING | Using fallback equal-weight on 2020-05-04 00:00:00 | opt_status=ema_insufficient_window | n_valid_assets=138
2025-12-28 13:13:05,253 | WARNING | Using fallback equal-weight on 2020-05-05 00:00:00 | opt_status=ema_insufficient_window | n_valid_assets=138
2025-12-28 13:13:05,260 | WARNING | Using fallback equal-weight on 2020-05-06 00:00:00 | opt_status=ema_insufficient_window | n_valid_assets=138
2025-12-28 13:13:05,269 | WARNING | Using fallback equal-weight on 2020-05-07 00:00:00 | opt_status=ema_insufficient_window | n_valid_assets=138
2025-12-28 13:13:05,277 | WARNING | Using fallback equal-weight on 2020-05-10 00:00:00 | opt_status=ema_insufficient_window | n_valid_assets=138
2025-12-28 13:13:05,278 | INFO | Progress: 2% (22/1098) | date=2020-05-10 00:00:00 nav=1.0661375 opt_status=ema_insufficient_window
2025-12-28 13:13:05,285 | WARNING | Using fallback equal-weight on 2020-05-11 00:00:00 | opt_status=ema_insufficient_window | n_valid_assets=138
2025-12-28 13:13:05,293 | WARNING | Using fallback equal-weight on 2020-05-12 00:00:00 | opt_status=ema_insufficient_window | n_valid_assets=138
2025-12-28 13:13:05,301 | WARNING | Using fallback equal-weight on 2020-05-13 00:00:00 | opt_status=ema_insufficient_window | n_valid_assets=138
2025-12-28 13:13:05,309 | WARNING | Using fallback equal-weight on 2020-05-14 00:00:00 | opt_status=ema_insufficient_window | n_valid_assets=138
2025-12-28 13:13:05,317 | WARNING | Using fallback equal-weight on 2020-05-17 00:00:00 | opt_status=ema_insufficient_window | n_valid_assets=138
2025-12-28 13:13:05,324 | WARNING | Using fallback equal-weight on 2020-05-18 00:00:00 | opt_status=ema_insufficient_window | n_valid_assets=138
2025-12-28 13:13:05,333 | WARNING | Using fallback equal-weight on 2020-05-19 00:00:00 | opt_status=ema_insufficient_window | n_valid_assets=138
2025-12-28 13:13:05,340 | WARNING | Using fallback equal-weight on 2020-05-20 00:00:00 | opt_status=ema_insufficient_window | n_valid_assets=138
2025-12-28 13:13:05,349 | WARNING | Using fallback equal-weight on 2020-05-21 00:00:00 | opt_status=ema_insufficient_window | n_valid_assets=138
2025-12-28 13:13:05,356 | WARNING | Using fallback equal-weight on 2020-05-25 00:00:00 | opt_status=ema_insufficient_window | n_valid_assets=138
2025-12-28 13:13:05,365 | WARNING | Using fallback equal-weight on 2020-05-26 00:00:00 | opt_status=ema_insufficient_window | n_valid_assets=138
2025-12-28 13:13:05,367 | INFO | Progress: 3% (33/1098) | date=2020-05-26 00:00:00 nav=1.09271793 opt_status=ema_insufficient_window
2025-12-28 13:13:05,375 | WARNING | Using fallback equal-weight on 2020-05-27 00:00:00 | opt_status=ema_insufficient_window | n_valid_assets=138
2025-12-28 13:13:05,385 | WARNING | Using fallback equal-weight on 2020-05-28 00:00:00 | opt_status=ema_insufficient_window | n_valid_assets=138
2025-12-28 13:13:05,393 | WARNING | Using fallback equal-weight on 2020-05-31 00:00:00 | opt_status=ema_insufficient_window | n_valid_assets=138
2025-12-28 13:13:05,401 | WARNING | Using fallback equal-weight on 2020-06-01 00:00:00 | opt_status=ema_insufficient_window | n_valid_assets=138
2025-12-28 13:13:05,410 | WARNING | Using fallback equal-weight on 2020-06-02 00:00:00 | opt_status=ema_insufficient_window | n_valid_assets=138
2025-12-28 13:13:05,418 | WARNING | Using fallback equal-weight on 2020-06-03 00:00:00 | opt_status=ema_insufficient_window | n_valid_assets=138
2025-12-28 13:13:05,426 | WARNING | Using fallback equal-weight on 2020-06-04 00:00:00 | opt_status=ema_insufficient_window | n_valid_assets=138
2025-12-28 13:13:05,434 | WARNING | Using fallback equal-weight on 2020-06-07 00:00:00 | opt_status=ema_insufficient_window | n_valid_assets=138
2025-12-28 13:13:05,443 | WARNING | Using fallback equal-weight on 2020-06-08 00:00:00 | opt_status=ema_insufficient_window | n_valid_assets=138
2025-12-28 13:13:05,454 | WARNING | Using fallback equal-weight on 2020-06-09 00:00:00 | opt_status=ema_insufficient_window | n_valid_assets=138
2025-12-28 13:13:05,465 | WARNING | Using fallback equal-weight on 2020-06-10 00:00:00 | opt_status=ema_insufficient_window | n_valid_assets=138
2025-12-28 13:13:05,467 | INFO | Progress: 4% (44/1098) | date=2020-06-10 00:00:00 nav=1.19663175 opt_status=ema_insufficient_window
2025-12-28 13:13:05,476 | WARNING | Using fallback equal-weight on 2020-06-11 00:00:00 | opt_status=ema_insufficient_window | n_valid_assets=138
2025-12-28 13:13:05,485 | WARNING | Using fallback equal-weight on 2020-06-14 00:00:00 | opt_status=ema_insufficient_window | n_valid_assets=138
2025-12-28 13:13:05,495 | WARNING | Using fallback equal-weight on 2020-06-15 00:00:00 | opt_status=ema_insufficient_window | n_valid_assets=138
2025-12-28 13:13:05,508 | WARNING | Using fallback equal-weight on 2020-06-16 00:00:00 | opt_status=ema_insufficient_window | n_valid_assets=138
2025-12-28 13:13:05,518 | WARNING | Using fallback equal-weight on 2020-06-17 00:00:00 | opt_status=ema_insufficient_window | n_valid_assets=138
2025-12-28 13:13:06,137 | INFO | Progress: 5% (55/1098) | date=2020-06-25 00:00:00 nav=1.26823412 opt_status=ok_ema_risk_parity
2025-12-28 13:13:06,674 | INFO | Progress: 6% (66/1098) | date=2020-07-12 00:00:00 nav=1.31972751 opt_status=ok_ema_risk_parity
2025-12-28 13:13:06,878 | INFO | Progress: 7% (77/1098) | date=2020-07-27 00:00:00 nav=1.39138929 opt_status=ok_ema_risk_parity
2025-12-28 13:13:07,154 | INFO | Progress: 8% (88/1098) | date=2020-08-11 00:00:00 nav=1.41082427 opt_status=ok_ema_risk_parity
2025-12-28 13:13:07,618 | INFO | Progress: 9% (99/1098) | date=2020-08-26 00:00:00 nav=1.43913278 opt_status=ok_ema_risk_parity
2025-12-28 13:13:07,849 | INFO | Progress: 10% (110/1098) | date=2020-09-10 00:00:00 nav=1.3950154 opt_status=ok_ema_risk_parity
2025-12-28 13:13:08,081 | INFO | Progress: 11% (121/1098) | date=2020-09-27 00:00:00 nav=1.41625372 opt_status=ok_ema_risk_parity
2025-12-28 13:13:08,284 | INFO | Progress: 12% (132/1098) | date=2020-10-13 00:00:00 nav=1.43268497 opt_status=ok_ema_risk_parity
2025-12-28 13:13:08,488 | INFO | Progress: 13% (143/1098) | date=2020-10-28 00:00:00 nav=1.38518829 opt_status=ok_ema_risk_parity
2025-12-28 13:13:08,700 | INFO | Progress: 14% (154/1098) | date=2020-11-12 00:00:00 nav=1.49352215 opt_status=ok_ema_risk_parity
2025-12-28 13:13:08,906 | INFO | Progress: 15% (165/1098) | date=2020-11-30 00:00:00 nav=1.5832864 opt_status=ok_ema_risk_parity
2025-12-28 13:13:09,118 | INFO | Progress: 16% (176/1098) | date=2020-12-15 00:00:00 nav=1.68798174 opt_status=ok_ema_risk_parity
2025-12-28 13:13:09,335 | INFO | Progress: 17% (187/1098) | date=2020-12-31 00:00:00 nav=1.69486673 opt_status=ok_ema_risk_parity
2025-12-28 13:13:09,548 | INFO | Progress: 18% (198/1098) | date=2021-01-17 00:00:00 nav=1.72526868 opt_status=ok_ema_risk_parity
2025-12-28 13:13:09,756 | INFO | Progress: 19% (209/1098) | date=2021-02-02 00:00:00 nav=1.81527648 opt_status=ok_ema_risk_parity
2025-12-28 13:13:09,972 | INFO | Progress: 20% (220/1098) | date=2021-02-17 00:00:00 nav=1.91477886 opt_status=ok_ema_risk_parity
2025-12-28 13:13:10,184 | INFO | Progress: 21% (231/1098) | date=2021-03-04 00:00:00 nav=2.00547833 opt_status=ok_ema_risk_parity
2025-12-28 13:13:10,403 | INFO | Progress: 22% (242/1098) | date=2021-03-22 00:00:00 nav=1.98548816 opt_status=ok_ema_risk_parity
2025-12-28 13:13:10,633 | INFO | Progress: 23% (253/1098) | date=2021-04-08 00:00:00 nav=2.07220244 opt_status=ok_ema_risk_parity
2025-12-28 13:13:10,855 | INFO | Progress: 24% (264/1098) | date=2021-04-27 00:00:00 nav=2.05159956 opt_status=ok_ema_risk_parity
2025-12-28 13:13:11,075 | INFO | Progress: 25% (275/1098) | date=2021-05-13 00:00:00 nav=2.15900681 opt_status=ok_ema_risk_parity
2025-12-28 13:13:11,285 | INFO | Progress: 26% (286/1098) | date=2021-05-30 00:00:00 nav=2.18973729 opt_status=ok_ema_risk_parity
2025-12-28 13:13:11,499 | INFO | Progress: 27% (297/1098) | date=2021-06-14 00:00:00 nav=2.24384898 opt_status=ok_ema_risk_parity
2025-12-28 13:13:11,718 | INFO | Progress: 28% (308/1098) | date=2021-06-29 00:00:00 nav=2.21036213 opt_status=ok_ema_risk_parity
2025-12-28 13:13:11,934 | INFO | Progress: 29% (319/1098) | date=2021-07-14 00:00:00 nav=2.2745711 opt_status=ok_ema_risk_parity
2025-12-28 13:13:12,150 | INFO | Progress: 30% (330/1098) | date=2021-08-01 00:00:00 nav=2.38346795 opt_status=ok_ema_risk_parity
2025-12-28 13:13:12,368 | INFO | Progress: 31% (341/1098) | date=2021-08-16 00:00:00 nav=2.38545194 opt_status=ok_ema_risk_parity
2025-12-28 13:13:12,584 | INFO | Progress: 32% (352/1098) | date=2021-09-01 00:00:00 nav=2.43450549 opt_status=ok_ema_risk_parity
2025-12-28 13:13:12,801 | INFO | Progress: 33% (363/1098) | date=2021-09-19 00:00:00 nav=2.45741221 opt_status=ok_ema_risk_parity
2025-12-28 13:13:13,016 | INFO | Progress: 34% (374/1098) | date=2021-10-04 00:00:00 nav=2.53766084 opt_status=ok_ema_risk_parity
2025-12-28 13:13:13,231 | INFO | Progress: 35% (385/1098) | date=2021-10-20 00:00:00 nav=2.5705322 opt_status=ok_ema_risk_parity
2025-12-28 13:13:13,444 | INFO | Progress: 36% (396/1098) | date=2021-11-07 00:00:00 nav=2.62321784 opt_status=ok_ema_risk_parity
2025-12-28 13:13:13,657 | INFO | Progress: 37% (407/1098) | date=2021-11-23 00:00:00 nav=2.45208636 opt_status=ok_ema_risk_parity
2025-12-28 13:13:13,880 | INFO | Progress: 38% (418/1098) | date=2021-12-08 00:00:00 nav=2.46032307 opt_status=ok_ema_risk_parity
2025-12-28 13:13:14,093 | INFO | Progress: 39% (429/1098) | date=2021-12-23 00:00:00 nav=2.41365813 opt_status=ok_ema_risk_parity
2025-12-28 13:13:14,314 | INFO | Progress: 40% (440/1098) | date=2022-01-09 00:00:00 nav=2.49010362 opt_status=ok_ema_risk_parity
2025-12-28 13:13:14,530 | INFO | Progress: 41% (451/1098) | date=2022-01-24 00:00:00 nav=2.35586952 opt_status=ok_ema_risk_parity
2025-12-28 13:13:14,749 | INFO | Progress: 42% (462/1098) | date=2022-02-09 00:00:00 nav=2.40391236 opt_status=ok_ema_risk_parity
2025-12-28 13:13:14,970 | INFO | Progress: 43% (473/1098) | date=2022-02-24 00:00:00 nav=2.22043353 opt_status=ok_ema_risk_parity
2025-12-28 13:13:15,201 | INFO | Progress: 44% (484/1098) | date=2022-03-14 00:00:00 nav=2.14057852 opt_status=ok_ema_risk_parity
2025-12-28 13:13:15,425 | INFO | Progress: 45% (495/1098) | date=2022-03-30 00:00:00 nav=2.27576191 opt_status=ok_ema_risk_parity
2025-12-28 13:13:15,650 | INFO | Progress: 46% (506/1098) | date=2022-04-18 00:00:00 nav=2.27875376 opt_status=ok_ema_risk_parity
2025-12-28 13:13:15,878 | INFO | Progress: 47% (517/1098) | date=2022-05-04 00:00:00 nav=2.21449593 opt_status=ok_ema_risk_parity
2025-12-28 13:13:16,101 | INFO | Progress: 48% (528/1098) | date=2022-05-19 00:00:00 nav=2.14856241 opt_status=ok_ema_risk_parity
2025-12-28 13:13:16,333 | INFO | Progress: 49% (539/1098) | date=2022-06-05 00:00:00 nav=2.17965575 opt_status=ok_ema_risk_parity
2025-12-28 13:13:16,533 | INFO | Progress: 50% (549/1098) | date=2022-06-19 00:00:00 nav=2.01946831 opt_status=ok_ema_risk_parity
2025-12-28 13:13:16,769 | INFO | Progress: 51% (560/1098) | date=2022-07-04 00:00:00 nav=2.14061886 opt_status=ok_ema_risk_parity
2025-12-28 13:13:16,993 | INFO | Progress: 52% (571/1098) | date=2022-07-19 00:00:00 nav=2.26522405 opt_status=ok_ema_risk_parity
2025-12-28 13:13:17,210 | INFO | Progress: 53% (582/1098) | date=2022-08-03 00:00:00 nav=2.32565471 opt_status=ok_ema_risk_parity
2025-12-28 13:13:17,434 | INFO | Progress: 54% (593/1098) | date=2022-08-22 00:00:00 nav=2.40599956 opt_status=ok_ema_risk_parity
2025-12-28 13:13:17,681 | INFO | Progress: 55% (604/1098) | date=2022-09-07 00:00:00 nav=2.51643397 opt_status=ok_ema_risk_parity
2025-12-28 13:13:17,937 | INFO | Progress: 56% (615/1098) | date=2022-09-22 00:00:00 nav=2.49600779 opt_status=ok_ema_risk_parity
2025-12-28 13:13:18,188 | INFO | Progress: 57% (626/1098) | date=2022-10-10 00:00:00 nav=2.41499993 opt_status=ok_ema_risk_parity
2025-12-28 13:13:18,420 | INFO | Progress: 58% (637/1098) | date=2022-10-26 00:00:00 nav=2.53228911 opt_status=ok_ema_risk_parity
2025-12-28 13:13:18,645 | INFO | Progress: 59% (648/1098) | date=2022-11-13 00:00:00 nav=2.53782385 opt_status=ok_ema_risk_parity
2025-12-28 13:13:18,867 | INFO | Progress: 60% (659/1098) | date=2022-11-28 00:00:00 nav=2.57404278 opt_status=ok_ema_risk_parity
2025-12-28 13:13:19,098 | INFO | Progress: 61% (670/1098) | date=2022-12-13 00:00:00 nav=2.66306194 opt_status=ok_ema_risk_parity
2025-12-28 13:13:19,335 | INFO | Progress: 62% (681/1098) | date=2022-12-28 00:00:00 nav=2.56852473 opt_status=ok_ema_risk_parity
2025-12-28 13:13:19,565 | INFO | Progress: 63% (692/1098) | date=2023-01-12 00:00:00 nav=2.61956045 opt_status=ok_ema_risk_parity
2025-12-28 13:13:19,782 | INFO | Progress: 64% (703/1098) | date=2023-01-30 00:00:00 nav=2.52587331 opt_status=ok_ema_risk_parity
2025-12-28 13:13:20,003 | INFO | Progress: 65% (714/1098) | date=2023-02-14 00:00:00 nav=2.47791408 opt_status=ok_ema_risk_parity
2025-12-28 13:13:20,216 | INFO | Progress: 66% (725/1098) | date=2023-03-01 00:00:00 nav=2.43566161 opt_status=ok_ema_risk_parity
2025-12-28 13:13:20,428 | INFO | Progress: 67% (736/1098) | date=2023-03-19 00:00:00 nav=2.41576036 opt_status=ok_ema_risk_parity
2025-12-28 13:13:20,695 | INFO | Progress: 68% (747/1098) | date=2023-04-05 00:00:00 nav=2.46570122 opt_status=ok_ema_risk_parity
2025-12-28 13:13:20,909 | INFO | Progress: 69% (758/1098) | date=2023-04-24 00:00:00 nav=2.4928674 opt_status=ok_ema_risk_parity
2025-12-28 13:13:21,117 | INFO | Progress: 70% (769/1098) | date=2023-05-10 00:00:00 nav=2.59897484 opt_status=ok_ema_risk_parity
2025-12-28 13:13:21,352 | INFO | Progress: 71% (780/1098) | date=2023-05-25 00:00:00 nav=2.67695646 opt_status=ok_ema_risk_parity
2025-12-28 13:13:21,599 | INFO | Progress: 72% (791/1098) | date=2023-06-11 00:00:00 nav=2.7701984 opt_status=ok_ema_risk_parity
2025-12-28 13:13:21,838 | INFO | Progress: 73% (802/1098) | date=2023-06-26 00:00:00 nav=2.81770774 opt_status=ok_ema_risk_parity
2025-12-28 13:13:22,090 | INFO | Progress: 74% (813/1098) | date=2023-07-12 00:00:00 nav=2.86819135 opt_status=ok_ema_risk_parity
2025-12-28 13:13:22,332 | INFO | Progress: 75% (824/1098) | date=2023-07-27 00:00:00 nav=2.97453801 opt_status=ok_ema_risk_parity
2025-12-28 13:13:22,570 | INFO | Progress: 76% (835/1098) | date=2023-08-13 00:00:00 nav=3.00139619 opt_status=ok_ema_risk_parity
2025-12-28 13:13:22,799 | INFO | Progress: 77% (846/1098) | date=2023-08-29 00:00:00 nav=3.0952069 opt_status=ok_ema_risk_parity
2025-12-28 13:13:23,035 | INFO | Progress: 78% (857/1098) | date=2023-09-13 00:00:00 nav=3.17308999 opt_status=ok_ema_risk_parity
2025-12-28 13:13:23,242 | INFO | Progress: 79% (868/1098) | date=2023-10-02 00:00:00 nav=3.16676785 opt_status=ok_ema_risk_parity
2025-12-28 13:13:23,467 | INFO | Progress: 80% (879/1098) | date=2023-10-17 00:00:00 nav=3.12998505 opt_status=ok_ema_risk_parity
2025-12-28 13:13:23,701 | INFO | Progress: 81% (890/1098) | date=2023-11-02 00:00:00 nav=3.06081373 opt_status=ok_ema_risk_parity
2025-12-28 13:13:23,947 | INFO | Progress: 82% (901/1098) | date=2023-11-20 00:00:00 nav=3.20591786 opt_status=ok_ema_risk_parity
2025-12-28 13:13:24,198 | INFO | Progress: 83% (912/1098) | date=2023-12-06 00:00:00 nav=3.49049281 opt_status=ok_ema_risk_parity
2025-12-28 13:13:24,487 | INFO | Progress: 84% (923/1098) | date=2023-12-21 00:00:00 nav=3.5577068 opt_status=ok_ema_risk_parity
2025-12-28 13:13:24,754 | INFO | Progress: 85% (934/1098) | date=2024-01-08 00:00:00 nav=3.73347003 opt_status=ok_ema_risk_parity
2025-12-28 13:13:25,007 | INFO | Progress: 86% (945/1098) | date=2024-01-24 00:00:00 nav=3.80028995 opt_status=ok_ema_risk_parity
2025-12-28 13:13:25,231 | INFO | Progress: 87% (956/1098) | date=2024-02-11 00:00:00 nav=3.9189218 opt_status=ok_ema_risk_parity
2025-12-28 13:13:25,455 | INFO | Progress: 88% (967/1098) | date=2024-02-26 00:00:00 nav=4.08772622 opt_status=ok_ema_risk_parity
2025-12-28 13:13:25,669 | INFO | Progress: 89% (978/1098) | date=2024-03-13 00:00:00 nav=3.94241447 opt_status=ok_ema_risk_parity
2025-12-28 13:13:25,895 | INFO | Progress: 90% (989/1098) | date=2024-04-01 00:00:00 nav=4.13317575 opt_status=ok_ema_risk_parity
2025-12-28 13:13:26,165 | INFO | Progress: 91% (1000/1098) | date=2024-04-18 00:00:00 nav=4.16376021 opt_status=ok_ema_risk_parity
2025-12-28 13:13:26,424 | INFO | Progress: 92% (1011/1098) | date=2024-05-06 00:00:00 nav=4.29069146 opt_status=ok_ema_risk_parity
2025-12-28 13:13:26,647 | INFO | Progress: 93% (1022/1098) | date=2024-05-22 00:00:00 nav=4.70792435 opt_status=ok_ema_risk_parity
2025-12-28 13:13:26,885 | INFO | Progress: 94% (1033/1098) | date=2024-06-06 00:00:00 nav=4.76230847 opt_status=ok_ema_risk_parity
2025-12-28 13:13:27,116 | INFO | Progress: 95% (1044/1098) | date=2024-06-24 00:00:00 nav=4.89465301 opt_status=ok_ema_risk_parity
2025-12-28 13:13:27,343 | INFO | Progress: 96% (1055/1098) | date=2024-07-09 00:00:00 nav=4.95409097 opt_status=ok_ema_risk_parity
2025-12-28 13:13:27,567 | INFO | Progress: 97% (1066/1098) | date=2024-07-25 00:00:00 nav=4.94818907 opt_status=ok_ema_risk_parity
2025-12-28 13:13:27,790 | INFO | Progress: 98% (1077/1098) | date=2024-08-11 00:00:00 nav=4.98815992 opt_status=ok_ema_risk_parity
2025-12-28 13:13:28,008 | INFO | Progress: 99% (1088/1098) | date=2024-08-27 00:00:00 nav=5.08509349 opt_status=ok_ema_risk_parity
2025-12-28 13:13:28,223 | INFO | Progress: 100% (1098/1098) | date=2024-09-10 00:00:00 nav=5.15729507 opt_status=ok_ema_risk_parity
2025-12-28 13:13:28,358 | INFO | Experiment saved to: experiments\ema_risk_parity_v2_daily_india_20251228_074302
2025-12-28 13:13:28,440 | INFO | Saved performance artifacts to experiments\ema_risk_parity_v2_daily_india_20251228_074302\outputs\performance
2025-12-28 13:13:29,885 | INFO | Saved figures to: experiments\ema_risk_parity_v2_daily_india_20251228_074302\artifacts\figures
2025-12-28 13:13:29,885 | INFO | Run complete
