2025-12-28 01:04:21,011 | INFO | Run initialized
2025-12-28 01:04:21,011 | INFO | Run folder: experiments\entropy_newton_weekly_lam_0.10_both_20251227_193418
2025-12-28 01:04:21,012 | INFO | Config used: experiments\entropy_newton_weekly_lam_0.10_both_20251227_193418\params.yaml
2025-12-28 01:04:21,012 | INFO | Experiments dir: experiments
2025-12-28 01:04:21,012 | INFO | Running experiment from config
2025-12-28 01:04:21,016 | INFO | Runner starting | data.mode=processed | use_gpu=False
2025-12-28 01:04:21,125 | INFO | Loaded prices | rows=2876 cols=303 | start=2015-11-06 00:00:00 end=2025-03-05 00:00:00
2025-12-28 01:04:21,126 | INFO | Optimizer configured | raw_type=entropy_newton resolved=entropy_newton | k=None | long_only=True | box=None
2025-12-28 01:04:21,127 | INFO | Planned total steps: 2876
2025-12-28 01:04:21,127 | INFO | Progress logging every 1%
2025-12-28 01:04:21,136 | INFO | Backtest starting | steps=2876 | rebalance=weekly | tc(proportional)=0.0005 | record_non_rebalance=False
2025-12-28 01:04:21,136 | INFO | Date range: 2015-11-06 00:00:00 -> 2025-03-05 00:00:00 | assets=303
2025-12-28 01:04:21,136 | INFO | Rebalance dates computed: 488 (first=2015-11-06 00:00:00 last=2025-03-03 00:00:00)
2025-12-28 01:04:21,162 | WARNING | No common tickers between expected_returns (0) and covariance (303) on 2015-11-06 00:00:00
2025-12-28 01:04:21,163 | WARNING | Using fallback equal-weight on 2015-11-06 00:00:00 | opt_status=skipped_no_common_tickers | n_valid_assets=291
2025-12-28 01:04:21,774 | INFO | Progress: 1% (29/2876) | date=2015-12-09 00:00:00 nav=0.98521177 opt_status=no_rebalance
2025-12-28 01:04:22,507 | INFO | Progress: 2% (58/2876) | date=2016-01-14 00:00:00 nav=0.93754305 opt_status=no_rebalance
2025-12-28 01:04:23,190 | INFO | Progress: 3% (87/2876) | date=2016-02-17 00:00:00 nav=0.9267793 opt_status=no_rebalance
2025-12-28 01:04:23,987 | INFO | Progress: 4% (116/2876) | date=2016-03-23 00:00:00 nav=0.99651248 opt_status=no_rebalance
2025-12-28 01:04:24,784 | INFO | Progress: 5% (144/2876) | date=2016-04-26 00:00:00 nav=1.04342051 opt_status=no_rebalance
2025-12-28 01:04:25,510 | INFO | Progress: 6% (173/2876) | date=2016-05-30 00:00:00 nav=1.05630785 opt_status=success
2025-12-28 01:04:26,067 | INFO | Progress: 7% (202/2876) | date=2016-07-03 00:00:00 nav=1.09288473 opt_status=no_rebalance
2025-12-28 01:04:26,938 | INFO | Progress: 8% (231/2876) | date=2016-08-05 00:00:00 nav=1.14273453 opt_status=no_rebalance
2025-12-28 01:04:27,731 | INFO | Progress: 9% (259/2876) | date=2016-09-09 00:00:00 nav=1.1474012 opt_status=no_rebalance
2025-12-28 01:04:28,744 | INFO | Progress: 10% (288/2876) | date=2016-10-13 00:00:00 nav=1.15043792 opt_status=no_rebalance
2025-12-28 01:04:29,588 | INFO | Progress: 11% (317/2876) | date=2016-11-18 00:00:00 nav=1.13410752 opt_status=no_rebalance
2025-12-28 01:04:30,293 | INFO | Progress: 12% (346/2876) | date=2016-12-22 00:00:00 nav=1.15131603 opt_status=no_rebalance
2025-12-28 01:04:30,953 | INFO | Progress: 13% (374/2876) | date=2017-01-24 00:00:00 nav=1.21003558 opt_status=no_rebalance
2025-12-28 01:04:31,614 | INFO | Progress: 14% (403/2876) | date=2017-02-27 00:00:00 nav=1.26281846 opt_status=success
2025-12-28 01:04:32,290 | INFO | Progress: 15% (432/2876) | date=2017-04-03 00:00:00 nav=1.28205599 opt_status=success
2025-12-28 01:04:32,946 | INFO | Progress: 16% (461/2876) | date=2017-05-09 00:00:00 nav=1.32013775 opt_status=no_rebalance
2025-12-28 01:04:33,494 | INFO | Progress: 17% (489/2876) | date=2017-06-11 00:00:00 nav=1.33481289 opt_status=no_rebalance
2025-12-28 01:04:34,180 | INFO | Progress: 18% (518/2876) | date=2017-07-16 00:00:00 nav=1.35861621 opt_status=no_rebalance
2025-12-28 01:04:35,014 | INFO | Progress: 19% (547/2876) | date=2017-08-18 00:00:00 nav=1.34168488 opt_status=no_rebalance
2025-12-28 01:04:35,664 | INFO | Progress: 20% (576/2876) | date=2017-09-21 00:00:00 nav=1.38487542 opt_status=no_rebalance
2025-12-28 01:04:36,317 | INFO | Progress: 21% (604/2876) | date=2017-10-25 00:00:00 nav=1.44451589 opt_status=no_rebalance
2025-12-28 01:04:37,204 | INFO | Progress: 22% (633/2876) | date=2017-11-28 00:00:00 nav=1.48763482 opt_status=no_rebalance
2025-12-28 01:04:37,926 | INFO | Progress: 23% (662/2876) | date=2018-01-02 00:00:00 nav=1.53609837 opt_status=no_rebalance
2025-12-28 01:04:38,602 | INFO | Progress: 24% (691/2876) | date=2018-02-05 00:00:00 nav=1.49815558 opt_status=success
2025-12-28 01:04:39,336 | INFO | Progress: 25% (719/2876) | date=2018-03-09 00:00:00 nav=1.52449753 opt_status=no_rebalance
2025-12-28 01:04:40,088 | INFO | Progress: 26% (748/2876) | date=2018-04-13 00:00:00 nav=1.5204043 opt_status=no_rebalance
2025-12-28 01:04:40,986 | INFO | Progress: 27% (777/2876) | date=2018-05-17 00:00:00 nav=1.5297621 opt_status=no_rebalance
2025-12-28 01:04:41,959 | INFO | Progress: 28% (806/2876) | date=2018-06-20 00:00:00 nav=1.54808719 opt_status=no_rebalance
2025-12-28 01:04:42,941 | INFO | Progress: 29% (835/2876) | date=2018-07-24 00:00:00 nav=1.56230306 opt_status=no_rebalance
2025-12-28 01:04:43,616 | INFO | Progress: 30% (863/2876) | date=2018-08-26 00:00:00 nav=1.63972948 opt_status=no_rebalance
2025-12-28 01:04:44,580 | INFO | Progress: 31% (892/2876) | date=2018-09-28 00:00:00 nav=1.58422565 opt_status=no_rebalance
2025-12-28 01:04:45,558 | INFO | Progress: 32% (921/2876) | date=2018-11-01 00:00:00 nav=1.54453564 opt_status=no_rebalance
2025-12-28 01:04:46,527 | INFO | Progress: 33% (950/2876) | date=2018-12-06 00:00:00 nav=1.53728507 opt_status=no_rebalance
2025-12-28 01:04:47,422 | INFO | Progress: 34% (978/2876) | date=2019-01-08 00:00:00 nav=1.52931186 opt_status=no_rebalance
2025-12-28 01:04:48,375 | INFO | Progress: 35% (1007/2876) | date=2019-02-11 00:00:00 nav=1.55657987 opt_status=success
2025-12-28 01:04:49,304 | INFO | Progress: 36% (1036/2876) | date=2019-03-18 00:00:00 nav=1.6521716 opt_status=success
2025-12-28 01:04:50,120 | INFO | Progress: 37% (1065/2876) | date=2019-04-22 00:00:00 nav=1.67873886 opt_status=success
2025-12-28 01:04:50,879 | INFO | Progress: 38% (1093/2876) | date=2019-05-26 00:00:00 nav=1.67726186 opt_status=no_rebalance
2025-12-28 01:04:51,811 | INFO | Progress: 39% (1122/2876) | date=2019-06-28 00:00:00 nav=1.70870523 opt_status=no_rebalance
2025-12-28 01:04:52,791 | INFO | Progress: 40% (1151/2876) | date=2019-08-01 00:00:00 nav=1.65060149 opt_status=no_rebalance
2025-12-28 01:04:53,718 | INFO | Progress: 41% (1180/2876) | date=2019-09-06 00:00:00 nav=1.67038704 opt_status=no_rebalance
2025-12-28 01:04:54,464 | INFO | Progress: 42% (1208/2876) | date=2019-10-09 00:00:00 nav=1.66561934 opt_status=no_rebalance
2025-12-28 01:04:55,409 | INFO | Progress: 43% (1237/2876) | date=2019-11-13 00:00:00 nav=1.76858334 opt_status=no_rebalance
2025-12-28 01:04:56,350 | INFO | Progress: 44% (1266/2876) | date=2019-12-17 00:00:00 nav=1.81147163 opt_status=no_rebalance
2025-12-28 01:04:57,377 | INFO | Progress: 45% (1295/2876) | date=2020-01-20 00:00:00 nav=1.89183035 opt_status=success
2025-12-28 01:04:58,179 | INFO | Progress: 46% (1323/2876) | date=2020-02-21 00:00:00 nav=1.90024879 opt_status=no_rebalance
2025-12-28 01:04:59,072 | INFO | Progress: 47% (1352/2876) | date=2020-03-26 00:00:00 nav=1.40189826 opt_status=no_rebalance
2025-12-28 01:05:00,407 | INFO | Progress: 48% (1381/2876) | date=2020-05-01 00:00:00 nav=1.55639035 opt_status=no_rebalance
2025-12-28 01:05:01,688 | INFO | Progress: 49% (1410/2876) | date=2020-06-05 00:00:00 nav=1.73800398 opt_status=no_rebalance
2025-12-28 01:05:02,797 | INFO | Progress: 50% (1438/2876) | date=2020-07-09 00:00:00 nav=1.74105019 opt_status=no_rebalance
2025-12-28 01:05:04,063 | INFO | Progress: 51% (1467/2876) | date=2020-08-12 00:00:00 nav=1.89413518 opt_status=no_rebalance
2025-12-28 01:05:05,209 | INFO | Progress: 52% (1496/2876) | date=2020-09-15 00:00:00 nav=1.93769998 opt_status=no_rebalance
2025-12-28 01:05:06,322 | INFO | Progress: 53% (1525/2876) | date=2020-10-19 00:00:00 nav=1.93882292 opt_status=success
2025-12-28 01:05:07,591 | INFO | Progress: 54% (1554/2876) | date=2020-11-23 00:00:00 nav=2.10924728 opt_status=success
2025-12-28 01:05:08,757 | INFO | Progress: 55% (1582/2876) | date=2020-12-28 00:00:00 nav=2.22831192 opt_status=success
2025-12-28 01:05:09,825 | INFO | Progress: 56% (1611/2876) | date=2021-02-01 00:00:00 nav=2.30308941 opt_status=success
2025-12-28 01:05:10,822 | INFO | Progress: 57% (1640/2876) | date=2021-03-07 00:00:00 nav=2.44516763 opt_status=no_rebalance
2025-12-28 01:05:11,767 | INFO | Progress: 58% (1669/2876) | date=2021-04-12 00:00:00 nav=2.5186537 opt_status=success
2025-12-28 01:05:12,566 | INFO | Progress: 59% (1697/2876) | date=2021-05-14 00:00:00 nav=2.61784714 opt_status=no_rebalance
2025-12-28 01:05:13,503 | INFO | Progress: 60% (1726/2876) | date=2021-06-17 00:00:00 nav=2.69494911 opt_status=no_rebalance
2025-12-28 01:05:14,362 | INFO | Progress: 61% (1755/2876) | date=2021-07-21 00:00:00 nav=2.78605841 opt_status=no_rebalance
2025-12-28 01:05:15,302 | INFO | Progress: 62% (1784/2876) | date=2021-08-24 00:00:00 nav=2.81727608 opt_status=no_rebalance
2025-12-28 01:05:16,121 | INFO | Progress: 63% (1812/2876) | date=2021-09-26 00:00:00 nav=2.9077872 opt_status=no_rebalance
2025-12-28 01:05:16,873 | INFO | Progress: 64% (1841/2876) | date=2021-10-29 00:00:00 nav=2.97926525 opt_status=no_rebalance
2025-12-28 01:05:17,849 | INFO | Progress: 65% (1870/2876) | date=2021-12-02 00:00:00 nav=2.93850532 opt_status=no_rebalance
2025-12-28 01:05:18,743 | INFO | Progress: 66% (1899/2876) | date=2022-01-06 00:00:00 nav=3.06341467 opt_status=no_rebalance
2025-12-28 01:05:19,700 | INFO | Progress: 67% (1927/2876) | date=2022-02-08 00:00:00 nav=2.98661917 opt_status=no_rebalance
2025-12-28 01:05:20,564 | INFO | Progress: 68% (1956/2876) | date=2022-03-14 00:00:00 nav=2.81530068 opt_status=success
2025-12-28 01:05:21,523 | INFO | Progress: 69% (1985/2876) | date=2022-04-18 00:00:00 nav=2.97159606 opt_status=success
2025-12-28 01:05:22,239 | INFO | Progress: 70% (2014/2876) | date=2022-05-22 00:00:00 nav=2.71594017 opt_status=no_rebalance
2025-12-28 01:05:23,293 | INFO | Progress: 71% (2042/2876) | date=2022-06-23 00:00:00 nav=2.61824791 opt_status=no_rebalance
2025-12-28 01:05:24,195 | INFO | Progress: 72% (2071/2876) | date=2022-07-27 00:00:00 nav=2.80916668 opt_status=no_rebalance
2025-12-28 01:05:25,115 | INFO | Progress: 73% (2100/2876) | date=2022-08-31 00:00:00 nav=2.88143639 opt_status=no_rebalance
2025-12-28 01:05:26,120 | INFO | Progress: 74% (2129/2876) | date=2022-10-04 00:00:00 nav=2.81074835 opt_status=no_rebalance
2025-12-28 01:05:26,879 | INFO | Progress: 75% (2157/2876) | date=2022-11-06 00:00:00 nav=2.90727865 opt_status=no_rebalance
2025-12-28 01:05:27,817 | INFO | Progress: 76% (2186/2876) | date=2022-12-09 00:00:00 nav=3.00861905 opt_status=no_rebalance
2025-12-28 01:05:28,858 | INFO | Progress: 77% (2215/2876) | date=2023-01-12 00:00:00 nav=3.02380402 opt_status=no_rebalance
2025-12-28 01:05:29,886 | INFO | Progress: 78% (2244/2876) | date=2023-02-15 00:00:00 nav=3.04892886 opt_status=no_rebalance
2025-12-28 01:05:31,010 | INFO | Progress: 79% (2273/2876) | date=2023-03-21 00:00:00 nav=2.9361892 opt_status=no_rebalance
2025-12-28 01:05:32,083 | INFO | Progress: 80% (2301/2876) | date=2023-04-24 00:00:00 nav=3.04827435 opt_status=success
2025-12-28 01:05:33,134 | INFO | Progress: 81% (2330/2876) | date=2023-05-29 00:00:00 nav=3.0953183 opt_status=success
2025-12-28 01:05:33,841 | INFO | Progress: 82% (2359/2876) | date=2023-07-02 00:00:00 nav=3.26898089 opt_status=no_rebalance
2025-12-28 01:05:34,842 | INFO | Progress: 83% (2388/2876) | date=2023-08-04 00:00:00 nav=3.35005907 opt_status=no_rebalance
2025-12-28 01:05:35,853 | INFO | Progress: 84% (2416/2876) | date=2023-09-06 00:00:00 nav=3.3920433 opt_status=no_rebalance
2025-12-28 01:05:36,709 | INFO | Progress: 85% (2445/2876) | date=2023-10-11 00:00:00 nav=3.34595168 opt_status=no_rebalance
2025-12-28 01:05:37,676 | INFO | Progress: 86% (2474/2876) | date=2023-11-14 00:00:00 nav=3.41774653 opt_status=no_rebalance
2025-12-28 01:05:38,673 | INFO | Progress: 87% (2503/2876) | date=2023-12-19 00:00:00 nav=3.67500994 opt_status=no_rebalance
2025-12-28 01:05:39,642 | INFO | Progress: 88% (2531/2876) | date=2024-01-23 00:00:00 nav=3.77037135 opt_status=no_rebalance
2025-12-28 01:05:40,636 | INFO | Progress: 89% (2560/2876) | date=2024-02-26 00:00:00 nav=3.91233739 opt_status=success
2025-12-28 01:05:41,675 | INFO | Progress: 90% (2589/2876) | date=2024-04-02 00:00:00 nav=4.03996638 opt_status=no_rebalance
2025-12-28 01:05:42,809 | INFO | Progress: 91% (2618/2876) | date=2024-05-06 00:00:00 nav=4.02503492 opt_status=success
2025-12-28 01:05:43,909 | INFO | Progress: 92% (2646/2876) | date=2024-06-09 00:00:00 nav=4.19593856 opt_status=no_rebalance
2025-12-28 01:05:45,215 | INFO | Progress: 93% (2675/2876) | date=2024-07-14 00:00:00 nav=4.37175579 opt_status=no_rebalance
2025-12-28 01:05:46,348 | INFO | Progress: 94% (2704/2876) | date=2024-08-16 00:00:00 nav=4.41561699 opt_status=no_rebalance
2025-12-28 01:05:47,521 | INFO | Progress: 95% (2733/2876) | date=2024-09-19 00:00:00 nav=4.59473399 opt_status=no_rebalance
2025-12-28 01:05:48,797 | INFO | Progress: 96% (2761/2876) | date=2024-10-22 00:00:00 nav=4.50280486 opt_status=no_rebalance
2025-12-28 01:05:49,948 | INFO | Progress: 97% (2790/2876) | date=2024-11-25 00:00:00 nav=4.54179983 opt_status=success
2025-12-28 01:05:50,993 | INFO | Progress: 98% (2819/2876) | date=2024-12-29 00:00:00 nav=4.408063 opt_status=no_rebalance
2025-12-28 01:05:52,021 | INFO | Progress: 99% (2848/2876) | date=2025-01-31 00:00:00 nav=4.43392571 opt_status=no_rebalance
2025-12-28 01:05:53,204 | INFO | Progress: 100% (2876/2876) | date=2025-03-05 00:00:00 nav=4.29644205 opt_status=no_rebalance
2025-12-28 01:05:53,547 | INFO | Experiment saved to: experiments\entropy_newton_weekly_lam_0.10_both_20251227_193418
2025-12-28 01:05:53,689 | INFO | Saved performance artifacts to experiments\entropy_newton_weekly_lam_0.10_both_20251227_193418\outputs\performance
2025-12-28 01:05:56,476 | INFO | Saved figures to: experiments\entropy_newton_weekly_lam_0.10_both_20251227_193418\artifacts\figures
2025-12-28 01:05:56,476 | INFO | Run complete
