2025-12-26 22:30:37,070 | INFO | Run initialized
2025-12-26 22:30:37,071 | INFO | Run folder: experiments\20251226_170034__sharpe_weekly_k25
2025-12-26 22:30:37,071 | INFO | Config used: experiments\20251226_170034__sharpe_weekly_k25\params.yaml
2025-12-26 22:30:37,071 | INFO | Experiments dir: experiments
2025-12-26 22:30:37,071 | INFO | Running experiment from config
2025-12-26 22:30:37,077 | INFO | Runner starting | data.mode=processed | use_gpu=False
2025-12-26 22:30:37,145 | INFO | Loaded prices | rows=2203 cols=72 | start=2015-11-06 00:00:00 end=2024-10-11 00:00:00
2025-12-26 22:30:37,145 | INFO | Optimizer configured | raw_type=sharpe resolved=sharpe | k=None | long_only=True | box={'min': 0.0, 'max': 0.2}
2025-12-26 22:30:37,147 | INFO | Planned total steps: 2203
2025-12-26 22:30:37,147 | INFO | Progress logging every 1%
2025-12-26 22:30:37,151 | INFO | Backtest starting | steps=2203 | rebalance=weekly | tc(proportional)=0.0005 | record_non_rebalance=False
2025-12-26 22:30:37,151 | INFO | Date range: 2015-11-06 00:00:00 -> 2024-10-11 00:00:00 | assets=72
2025-12-26 22:30:37,151 | INFO | Rebalance dates computed: 467 (first=2015-11-06 00:00:00 last=2024-10-07 00:00:00)
2025-12-26 22:30:37,171 | WARNING | No common tickers between expected_returns (0) and covariance (72) on 2015-11-06 00:00:00
2025-12-26 22:30:37,173 | WARNING | Using fallback equal-weight on 2015-11-06 00:00:00 | opt_status=skipped_no_common_tickers | n_valid_assets=72
2025-12-26 22:30:39,207 | INFO | Progress: 1% (23/2203) | date=2015-12-11 00:00:00 nav=0.98790784 opt_status=no_rebalance
2025-12-26 22:30:39,977 | INFO | Progress: 2% (45/2203) | date=2016-01-13 00:00:00 nav=0.98791188 opt_status=no_rebalance
2025-12-26 22:30:40,624 | INFO | Progress: 3% (67/2203) | date=2016-02-15 00:00:00 nav=0.93422252 opt_status=ok
2025-12-26 22:30:41,083 | INFO | Progress: 4% (89/2203) | date=2016-03-17 00:00:00 nav=0.9056252 opt_status=no_rebalance
2025-12-26 22:30:41,655 | INFO | Progress: 5% (111/2203) | date=2016-04-25 00:00:00 nav=0.95603653 opt_status=ok
2025-12-26 22:30:42,045 | INFO | Progress: 6% (133/2203) | date=2016-05-25 00:00:00 nav=0.97550502 opt_status=no_rebalance
2025-12-26 22:30:42,438 | INFO | Progress: 7% (155/2203) | date=2016-06-24 00:00:00 nav=1.01023979 opt_status=no_rebalance
2025-12-26 22:30:42,920 | INFO | Progress: 8% (177/2203) | date=2016-07-27 00:00:00 nav=1.12942299 opt_status=no_rebalance
2025-12-26 22:30:43,369 | INFO | Progress: 9% (199/2203) | date=2016-08-29 00:00:00 nav=1.13539405 opt_status=ok
2025-12-26 22:30:43,721 | INFO | Progress: 10% (221/2203) | date=2016-09-30 00:00:00 nav=1.14537389 opt_status=no_rebalance
2025-12-26 22:30:44,182 | INFO | Progress: 11% (243/2203) | date=2016-11-04 00:00:00 nav=1.08500641 opt_status=no_rebalance
2025-12-26 22:30:44,642 | INFO | Progress: 12% (265/2203) | date=2016-12-07 00:00:00 nav=1.00861095 opt_status=no_rebalance
2025-12-26 22:30:44,996 | INFO | Progress: 13% (287/2203) | date=2017-01-06 00:00:00 nav=1.00756605 opt_status=no_rebalance
2025-12-26 22:30:45,580 | INFO | Progress: 14% (309/2203) | date=2017-02-08 00:00:00 nav=1.07780036 opt_status=no_rebalance
2025-12-26 22:30:46,090 | INFO | Progress: 15% (331/2203) | date=2017-03-14 00:00:00 nav=1.05342313 opt_status=ok
2025-12-26 22:30:46,628 | INFO | Progress: 16% (353/2203) | date=2017-04-17 00:00:00 nav=1.12180148 opt_status=ok
2025-12-26 22:30:47,080 | INFO | Progress: 17% (375/2203) | date=2017-05-18 00:00:00 nav=1.17636378 opt_status=no_rebalance
2025-12-26 22:30:47,630 | INFO | Progress: 18% (397/2203) | date=2017-06-19 00:00:00 nav=1.18580504 opt_status=ok
2025-12-26 22:30:48,106 | INFO | Progress: 19% (419/2203) | date=2017-07-20 00:00:00 nav=1.22092832 opt_status=no_rebalance
2025-12-26 22:30:48,650 | INFO | Progress: 20% (441/2203) | date=2017-08-22 00:00:00 nav=1.25207291 opt_status=no_rebalance
2025-12-26 22:30:49,109 | INFO | Progress: 21% (463/2203) | date=2017-09-22 00:00:00 nav=1.29932968 opt_status=no_rebalance
2025-12-26 22:30:49,665 | INFO | Progress: 22% (485/2203) | date=2017-10-27 00:00:00 nav=1.40152477 opt_status=no_rebalance
2025-12-26 22:30:50,239 | INFO | Progress: 23% (507/2203) | date=2017-11-28 00:00:00 nav=1.43386006 opt_status=no_rebalance
2025-12-26 22:30:50,858 | INFO | Progress: 24% (529/2203) | date=2017-12-29 00:00:00 nav=1.47824409 opt_status=no_rebalance
2025-12-26 22:30:51,506 | INFO | Progress: 25% (551/2203) | date=2018-01-31 00:00:00 nav=1.50054629 opt_status=no_rebalance
2025-12-26 22:30:52,117 | INFO | Progress: 26% (573/2203) | date=2018-03-06 00:00:00 nav=1.41170808 opt_status=no_rebalance
2025-12-26 22:30:52,719 | INFO | Progress: 27% (595/2203) | date=2018-04-09 00:00:00 nav=1.44915954 opt_status=ok
2025-12-26 22:30:53,263 | INFO | Progress: 28% (617/2203) | date=2018-05-10 00:00:00 nav=1.48938345 opt_status=no_rebalance
2025-12-26 22:30:53,853 | INFO | Progress: 29% (639/2203) | date=2018-06-11 00:00:00 nav=1.4965135 opt_status=ok
2025-12-26 22:30:54,330 | INFO | Progress: 30% (661/2203) | date=2018-07-11 00:00:00 nav=1.55462039 opt_status=no_rebalance
2025-12-26 22:30:54,841 | INFO | Progress: 31% (683/2203) | date=2018-08-10 00:00:00 nav=1.59572738 opt_status=no_rebalance
2025-12-26 22:30:55,402 | INFO | Progress: 32% (705/2203) | date=2018-09-14 00:00:00 nav=1.64770274 opt_status=no_rebalance
2025-12-26 22:30:55,931 | INFO | Progress: 33% (727/2203) | date=2018-10-19 00:00:00 nav=1.54128069 opt_status=no_rebalance
2025-12-26 22:30:56,646 | INFO | Progress: 34% (750/2203) | date=2018-11-26 00:00:00 nav=1.53976371 opt_status=ok
2025-12-26 22:30:57,129 | INFO | Progress: 35% (772/2203) | date=2018-12-27 00:00:00 nav=1.52869994 opt_status=no_rebalance
2025-12-26 22:30:57,659 | INFO | Progress: 36% (794/2203) | date=2019-01-28 00:00:00 nav=1.56209376 opt_status=ok
2025-12-26 22:30:58,134 | INFO | Progress: 37% (816/2203) | date=2019-02-27 00:00:00 nav=1.58344064 opt_status=no_rebalance
2025-12-26 22:30:58,712 | INFO | Progress: 38% (838/2203) | date=2019-04-02 00:00:00 nav=1.63175479 opt_status=no_rebalance
2025-12-26 22:30:59,245 | INFO | Progress: 39% (860/2203) | date=2019-05-08 00:00:00 nav=1.67572927 opt_status=no_rebalance
2025-12-26 22:30:59,820 | INFO | Progress: 40% (882/2203) | date=2019-06-10 00:00:00 nav=1.67297848 opt_status=ok
2025-12-26 22:31:00,287 | INFO | Progress: 41% (904/2203) | date=2019-07-10 00:00:00 nav=1.62416244 opt_status=no_rebalance
2025-12-26 22:31:00,692 | INFO | Progress: 42% (926/2203) | date=2019-08-09 00:00:00 nav=1.60424597 opt_status=no_rebalance
2025-12-26 22:31:01,415 | INFO | Progress: 43% (948/2203) | date=2019-09-16 00:00:00 nav=1.56702418 opt_status=ok
2025-12-26 22:31:01,867 | INFO | Progress: 44% (970/2203) | date=2019-10-18 00:00:00 nav=1.67291027 opt_status=no_rebalance
2025-12-26 22:31:02,352 | INFO | Progress: 45% (992/2203) | date=2019-11-22 00:00:00 nav=1.61890844 opt_status=no_rebalance
2025-12-26 22:31:02,898 | INFO | Progress: 46% (1014/2203) | date=2019-12-24 00:00:00 nav=1.63645623 opt_status=no_rebalance
2025-12-26 22:31:03,425 | INFO | Progress: 47% (1036/2203) | date=2020-01-24 00:00:00 nav=1.72795314 opt_status=no_rebalance
2025-12-26 22:31:03,931 | INFO | Progress: 48% (1058/2203) | date=2020-02-25 00:00:00 nav=1.72509092 opt_status=no_rebalance
2025-12-26 22:31:04,365 | INFO | Progress: 49% (1080/2203) | date=2020-03-27 00:00:00 nav=1.564066 opt_status=no_rebalance
2025-12-26 22:31:04,966 | INFO | Progress: 50% (1102/2203) | date=2020-05-05 00:00:00 nav=1.57039456 opt_status=no_rebalance
2025-12-26 22:31:05,334 | INFO | Progress: 51% (1124/2203) | date=2020-06-05 00:00:00 nav=1.57514874 opt_status=no_rebalance
2025-12-26 22:31:05,814 | INFO | Progress: 52% (1146/2203) | date=2020-07-07 00:00:00 nav=1.53369818 opt_status=no_rebalance
2025-12-26 22:31:06,175 | INFO | Progress: 53% (1168/2203) | date=2020-08-06 00:00:00 nav=1.62081865 opt_status=no_rebalance
2025-12-26 22:31:06,612 | INFO | Progress: 54% (1190/2203) | date=2020-09-07 00:00:00 nav=1.65034881 opt_status=ok
2025-12-26 22:31:07,009 | INFO | Progress: 55% (1212/2203) | date=2020-10-08 00:00:00 nav=1.67793198 opt_status=no_rebalance
2025-12-26 22:31:07,542 | INFO | Progress: 56% (1234/2203) | date=2020-11-09 00:00:00 nav=1.64421195 opt_status=ok
2025-12-26 22:31:07,945 | INFO | Progress: 57% (1256/2203) | date=2020-12-11 00:00:00 nav=1.74458311 opt_status=no_rebalance
2025-12-26 22:31:08,455 | INFO | Progress: 58% (1278/2203) | date=2021-01-13 00:00:00 nav=1.94928631 opt_status=no_rebalance
2025-12-26 22:31:08,924 | INFO | Progress: 59% (1300/2203) | date=2021-02-15 00:00:00 nav=1.99477367 opt_status=ok
2025-12-26 22:31:09,400 | INFO | Progress: 60% (1322/2203) | date=2021-03-18 00:00:00 nav=1.96855202 opt_status=no_rebalance
2025-12-26 22:31:09,940 | INFO | Progress: 61% (1344/2203) | date=2021-04-23 00:00:00 nav=2.11516475 opt_status=no_rebalance
2025-12-26 22:31:10,518 | INFO | Progress: 62% (1366/2203) | date=2021-05-26 00:00:00 nav=2.24148456 opt_status=no_rebalance
2025-12-26 22:31:10,962 | INFO | Progress: 63% (1388/2203) | date=2021-06-25 00:00:00 nav=2.28266599 opt_status=no_rebalance
2025-12-26 22:31:11,480 | INFO | Progress: 64% (1410/2203) | date=2021-07-28 00:00:00 nav=2.40288037 opt_status=no_rebalance
2025-12-26 22:31:12,073 | INFO | Progress: 65% (1432/2203) | date=2021-08-30 00:00:00 nav=2.54781461 opt_status=ok
2025-12-26 22:31:12,601 | INFO | Progress: 66% (1454/2203) | date=2021-09-30 00:00:00 nav=2.77279242 opt_status=no_rebalance
2025-12-26 22:31:13,224 | INFO | Progress: 67% (1477/2203) | date=2021-11-03 00:00:00 nav=2.74366506 opt_status=no_rebalance
2025-12-26 22:31:13,926 | INFO | Progress: 68% (1499/2203) | date=2021-12-08 00:00:00 nav=2.75564517 opt_status=no_rebalance
2025-12-26 22:31:14,412 | INFO | Progress: 69% (1521/2203) | date=2022-01-07 00:00:00 nav=2.7759732 opt_status=no_rebalance
2025-12-26 22:31:14,941 | INFO | Progress: 70% (1543/2203) | date=2022-02-09 00:00:00 nav=2.75821914 opt_status=no_rebalance
2025-12-26 22:31:15,426 | INFO | Progress: 71% (1565/2203) | date=2022-03-14 00:00:00 nav=2.8358133 opt_status=ok
2025-12-26 22:31:15,946 | INFO | Progress: 72% (1587/2203) | date=2022-04-18 00:00:00 nav=2.84410064 opt_status=ok
2025-12-26 22:31:16,410 | INFO | Progress: 73% (1609/2203) | date=2022-05-19 00:00:00 nav=2.62497424 opt_status=no_rebalance
2025-12-26 22:31:16,877 | INFO | Progress: 74% (1631/2203) | date=2022-06-20 00:00:00 nav=2.36099735 opt_status=ok
2025-12-26 22:31:17,235 | INFO | Progress: 75% (1653/2203) | date=2022-07-20 00:00:00 nav=2.53829918 opt_status=no_rebalance
2025-12-26 22:31:17,719 | INFO | Progress: 76% (1675/2203) | date=2022-08-23 00:00:00 nav=2.85836508 opt_status=no_rebalance
2025-12-26 22:31:18,110 | INFO | Progress: 77% (1697/2203) | date=2022-09-23 00:00:00 nav=3.04853487 opt_status=no_rebalance
2025-12-26 22:31:18,559 | INFO | Progress: 78% (1719/2203) | date=2022-10-28 00:00:00 nav=2.86602046 opt_status=no_rebalance
2025-12-26 22:31:19,029 | INFO | Progress: 79% (1741/2203) | date=2022-11-30 00:00:00 nav=2.89401661 opt_status=no_rebalance
2025-12-26 22:31:19,427 | INFO | Progress: 80% (1763/2203) | date=2022-12-30 00:00:00 nav=2.85814377 opt_status=no_rebalance
2025-12-26 22:31:19,888 | INFO | Progress: 81% (1785/2203) | date=2023-02-01 00:00:00 nav=2.71525503 opt_status=no_rebalance
2025-12-26 22:31:20,262 | INFO | Progress: 82% (1807/2203) | date=2023-03-03 00:00:00 nav=2.6726782 opt_status=no_rebalance
2025-12-26 22:31:20,819 | INFO | Progress: 83% (1829/2203) | date=2023-04-10 00:00:00 nav=2.67766302 opt_status=ok
2025-12-26 22:31:21,215 | INFO | Progress: 84% (1851/2203) | date=2023-05-12 00:00:00 nav=2.84021847 opt_status=no_rebalance
2025-12-26 22:31:21,805 | INFO | Progress: 85% (1873/2203) | date=2023-06-13 00:00:00 nav=2.94979589 opt_status=no_rebalance
2025-12-26 22:31:22,216 | INFO | Progress: 86% (1895/2203) | date=2023-07-14 00:00:00 nav=3.06058705 opt_status=no_rebalance
2025-12-26 22:31:22,751 | INFO | Progress: 87% (1917/2203) | date=2023-08-16 00:00:00 nav=3.13446165 opt_status=no_rebalance
2025-12-26 22:31:23,172 | INFO | Progress: 88% (1939/2203) | date=2023-09-15 00:00:00 nav=3.24103766 opt_status=no_rebalance
2025-12-26 22:31:23,694 | INFO | Progress: 89% (1961/2203) | date=2023-10-19 00:00:00 nav=3.30784475 opt_status=no_rebalance
2025-12-26 22:31:24,185 | INFO | Progress: 90% (1983/2203) | date=2023-11-22 00:00:00 nav=3.46538954 opt_status=no_rebalance
2025-12-26 22:31:24,691 | INFO | Progress: 91% (2005/2203) | date=2023-12-26 00:00:00 nav=3.88995729 opt_status=ok
2025-12-26 22:31:25,129 | INFO | Progress: 92% (2027/2203) | date=2024-01-25 00:00:00 nav=4.07473643 opt_status=no_rebalance
2025-12-26 22:31:25,696 | INFO | Progress: 93% (2049/2203) | date=2024-02-27 00:00:00 nav=4.35074912 opt_status=no_rebalance
2025-12-26 22:31:26,247 | INFO | Progress: 94% (2071/2203) | date=2024-04-01 00:00:00 nav=4.35192287 opt_status=ok
2025-12-26 22:31:26,792 | INFO | Progress: 95% (2093/2203) | date=2024-05-06 00:00:00 nav=4.36893674 opt_status=ok
2025-12-26 22:31:27,231 | INFO | Progress: 96% (2115/2203) | date=2024-06-05 00:00:00 nav=4.46007291 opt_status=no_rebalance
2025-12-26 22:31:27,756 | INFO | Progress: 97% (2137/2203) | date=2024-07-08 00:00:00 nav=4.66494628 opt_status=ok
2025-12-26 22:31:28,215 | INFO | Progress: 98% (2159/2203) | date=2024-08-08 00:00:00 nav=4.69544158 opt_status=no_rebalance
2025-12-26 22:31:28,745 | INFO | Progress: 99% (2181/2203) | date=2024-09-10 00:00:00 nav=4.87658435 opt_status=no_rebalance
2025-12-26 22:31:29,132 | INFO | Progress: 100% (2203/2203) | date=2024-10-11 00:00:00 nav=5.00129821 opt_status=no_rebalance
2025-12-26 22:31:29,231 | INFO | Experiment saved to: experiments\20251226_170034__sharpe_weekly_k25
2025-12-26 22:31:29,292 | INFO | Saved performance artifacts to experiments\20251226_170034__sharpe_weekly_k25\outputs\performance
2025-12-26 22:31:30,696 | INFO | Saved figures to: experiments\20251226_170034__sharpe_weekly_k25\artifacts\figures
2025-12-26 22:31:30,697 | INFO | Run complete
