2025-12-26 22:28:29,753 | INFO | Run initialized
2025-12-26 22:28:29,753 | INFO | Run folder: experiments\20251226_165827__ftrl_weekly_k25_v_target_1.05
2025-12-26 22:28:29,753 | INFO | Config used: experiments\20251226_165827__ftrl_weekly_k25_v_target_1.05\params.yaml
2025-12-26 22:28:29,753 | INFO | Experiments dir: experiments
2025-12-26 22:28:29,754 | INFO | Running experiment from config
2025-12-26 22:28:29,758 | INFO | Runner starting | data.mode=processed | use_gpu=False
2025-12-26 22:28:29,808 | INFO | Loaded prices | rows=2203 cols=72 | start=2015-11-06 00:00:00 end=2024-10-11 00:00:00
2025-12-26 22:28:29,808 | INFO | Optimizer configured | raw_type=ftrl resolved=ftrl | k=25 | long_only=True | box={'min': 0.0, 'max': 0.2}
2025-12-26 22:28:29,809 | INFO | Planned total steps: 2203
2025-12-26 22:28:29,809 | INFO | Progress logging every 1%
2025-12-26 22:28:29,812 | INFO | Backtest starting | steps=2203 | rebalance=weekly | tc(proportional)=0.0005 | record_non_rebalance=False
2025-12-26 22:28:29,812 | INFO | Date range: 2015-11-06 00:00:00 -> 2024-10-11 00:00:00 | assets=72
2025-12-26 22:28:29,812 | INFO | Rebalance dates computed: 467 (first=2015-11-06 00:00:00 last=2024-10-07 00:00:00)
2025-12-26 22:28:29,823 | WARNING | No common tickers between expected_returns (0) and covariance (72) on 2015-11-06 00:00:00
2025-12-26 22:28:29,824 | WARNING | Using fallback equal-weight on 2015-11-06 00:00:00 | opt_status=skipped_no_common_tickers | n_valid_assets=72
2025-12-26 22:28:31,949 | INFO | Progress: 1% (23/2203) | date=2015-12-11 00:00:00 nav=0.97001707 opt_status=no_rebalance
2025-12-26 22:28:33,956 | INFO | Progress: 2% (45/2203) | date=2016-01-13 00:00:00 nav=0.96929227 opt_status=no_rebalance
2025-12-26 22:28:36,495 | INFO | Progress: 3% (67/2203) | date=2016-02-15 00:00:00 nav=0.90173642 opt_status=ok
2025-12-26 22:28:37,647 | INFO | Progress: 4% (89/2203) | date=2016-03-17 00:00:00 nav=0.92396382 opt_status=no_rebalance
2025-12-26 22:28:39,383 | INFO | Progress: 5% (111/2203) | date=2016-04-25 00:00:00 nav=0.98843233 opt_status=ok
2025-12-26 22:28:40,534 | INFO | Progress: 6% (133/2203) | date=2016-05-25 00:00:00 nav=0.98530083 opt_status=no_rebalance
2025-12-26 22:28:41,954 | INFO | Progress: 7% (155/2203) | date=2016-06-24 00:00:00 nav=1.03383746 opt_status=no_rebalance
2025-12-26 22:28:43,879 | INFO | Progress: 8% (177/2203) | date=2016-07-27 00:00:00 nav=1.11111924 opt_status=no_rebalance
2025-12-26 22:28:45,354 | INFO | Progress: 9% (199/2203) | date=2016-08-29 00:00:00 nav=1.1352003 opt_status=ok
2025-12-26 22:28:47,019 | INFO | Progress: 10% (221/2203) | date=2016-09-30 00:00:00 nav=1.13971971 opt_status=no_rebalance
2025-12-26 22:28:48,638 | INFO | Progress: 11% (243/2203) | date=2016-11-04 00:00:00 nav=1.14325997 opt_status=no_rebalance
2025-12-26 22:28:50,127 | INFO | Progress: 12% (265/2203) | date=2016-12-07 00:00:00 nav=1.10441586 opt_status=no_rebalance
2025-12-26 22:28:51,230 | INFO | Progress: 13% (287/2203) | date=2017-01-06 00:00:00 nav=1.12437917 opt_status=no_rebalance
2025-12-26 22:28:53,151 | INFO | Progress: 14% (309/2203) | date=2017-02-08 00:00:00 nav=1.19724612 opt_status=no_rebalance
2025-12-26 22:28:54,904 | INFO | Progress: 15% (331/2203) | date=2017-03-14 00:00:00 nav=1.20831401 opt_status=ok
2025-12-26 22:28:56,624 | INFO | Progress: 16% (353/2203) | date=2017-04-17 00:00:00 nav=1.26573187 opt_status=ok
2025-12-26 22:28:58,181 | INFO | Progress: 17% (375/2203) | date=2017-05-18 00:00:00 nav=1.3056637 opt_status=no_rebalance
2025-12-26 22:29:00,941 | INFO | Progress: 18% (397/2203) | date=2017-06-19 00:00:00 nav=1.32645457 opt_status=ok
2025-12-26 22:29:03,238 | INFO | Progress: 19% (419/2203) | date=2017-07-20 00:00:00 nav=1.37232572 opt_status=no_rebalance
2025-12-26 22:29:05,565 | INFO | Progress: 20% (441/2203) | date=2017-08-22 00:00:00 nav=1.34832355 opt_status=no_rebalance
2025-12-26 22:29:07,218 | INFO | Progress: 21% (463/2203) | date=2017-09-22 00:00:00 nav=1.4156568 opt_status=no_rebalance
2025-12-26 22:29:09,157 | INFO | Progress: 22% (485/2203) | date=2017-10-27 00:00:00 nav=1.53383807 opt_status=no_rebalance
2025-12-26 22:29:11,383 | INFO | Progress: 23% (507/2203) | date=2017-11-28 00:00:00 nav=1.57458802 opt_status=no_rebalance
2025-12-26 22:29:13,001 | INFO | Progress: 24% (529/2203) | date=2017-12-29 00:00:00 nav=1.65678519 opt_status=no_rebalance
2025-12-26 22:29:15,199 | INFO | Progress: 25% (551/2203) | date=2018-01-31 00:00:00 nav=1.66047374 opt_status=no_rebalance
2025-12-26 22:29:17,132 | INFO | Progress: 26% (573/2203) | date=2018-03-06 00:00:00 nav=1.55816966 opt_status=no_rebalance
2025-12-26 22:29:19,439 | INFO | Progress: 27% (595/2203) | date=2018-04-09 00:00:00 nav=1.56653275 opt_status=ok
2025-12-26 22:29:20,844 | INFO | Progress: 28% (617/2203) | date=2018-05-10 00:00:00 nav=1.58279637 opt_status=no_rebalance
2025-12-26 22:29:22,339 | INFO | Progress: 29% (639/2203) | date=2018-06-11 00:00:00 nav=1.55916919 opt_status=ok
2025-12-26 22:29:23,671 | INFO | Progress: 30% (661/2203) | date=2018-07-11 00:00:00 nav=1.54393003 opt_status=no_rebalance
2025-12-26 22:29:25,201 | INFO | Progress: 31% (683/2203) | date=2018-08-10 00:00:00 nav=1.61432059 opt_status=no_rebalance
2025-12-26 22:29:26,970 | INFO | Progress: 32% (705/2203) | date=2018-09-14 00:00:00 nav=1.61326096 opt_status=no_rebalance
2025-12-26 22:29:29,062 | INFO | Progress: 33% (727/2203) | date=2018-10-19 00:00:00 nav=1.46653614 opt_status=no_rebalance
2025-12-26 22:29:31,503 | INFO | Progress: 34% (750/2203) | date=2018-11-26 00:00:00 nav=1.50913727 opt_status=ok
2025-12-26 22:29:33,640 | INFO | Progress: 35% (772/2203) | date=2018-12-27 00:00:00 nav=1.51275919 opt_status=no_rebalance
2025-12-26 22:29:36,474 | INFO | Progress: 36% (794/2203) | date=2019-01-28 00:00:00 nav=1.45625912 opt_status=ok
2025-12-26 22:29:38,355 | INFO | Progress: 37% (816/2203) | date=2019-02-27 00:00:00 nav=1.45736151 opt_status=no_rebalance
2025-12-26 22:29:41,669 | INFO | Progress: 38% (838/2203) | date=2019-04-02 00:00:00 nav=1.5552273 opt_status=no_rebalance
2025-12-26 22:29:44,444 | INFO | Progress: 39% (860/2203) | date=2019-05-08 00:00:00 nav=1.49572065 opt_status=no_rebalance
2025-12-26 22:29:46,908 | INFO | Progress: 40% (882/2203) | date=2019-06-10 00:00:00 nav=1.52081844 opt_status=ok
2025-12-26 22:29:48,733 | INFO | Progress: 41% (904/2203) | date=2019-07-10 00:00:00 nav=1.44570069 opt_status=no_rebalance
2025-12-26 22:29:50,708 | INFO | Progress: 42% (926/2203) | date=2019-08-09 00:00:00 nav=1.41613571 opt_status=no_rebalance
2025-12-26 22:29:54,155 | INFO | Progress: 43% (948/2203) | date=2019-09-16 00:00:00 nav=1.40893245 opt_status=ok
2025-12-26 22:29:56,492 | INFO | Progress: 44% (970/2203) | date=2019-10-18 00:00:00 nav=1.48401768 opt_status=no_rebalance
2025-12-26 22:29:59,282 | INFO | Progress: 45% (992/2203) | date=2019-11-22 00:00:00 nav=1.47915324 opt_status=no_rebalance
2025-12-26 22:30:01,546 | INFO | Progress: 46% (1014/2203) | date=2019-12-24 00:00:00 nav=1.50847779 opt_status=no_rebalance
2025-12-26 22:30:03,479 | INFO | Progress: 47% (1036/2203) | date=2020-01-24 00:00:00 nav=1.60454532 opt_status=no_rebalance
2025-12-26 22:30:06,121 | INFO | Progress: 48% (1058/2203) | date=2020-02-25 00:00:00 nav=1.53932116 opt_status=no_rebalance
2025-12-26 22:30:08,383 | INFO | Progress: 49% (1080/2203) | date=2020-03-27 00:00:00 nav=1.33954251 opt_status=no_rebalance
2025-12-26 22:30:11,847 | INFO | Progress: 50% (1102/2203) | date=2020-05-05 00:00:00 nav=1.44064124 opt_status=no_rebalance
2025-12-26 22:30:14,531 | INFO | Progress: 51% (1124/2203) | date=2020-06-05 00:00:00 nav=1.51667236 opt_status=no_rebalance
2025-12-26 22:30:17,527 | INFO | Progress: 52% (1146/2203) | date=2020-07-07 00:00:00 nav=1.56345123 opt_status=no_rebalance
2025-12-26 22:30:20,023 | INFO | Progress: 53% (1168/2203) | date=2020-08-06 00:00:00 nav=1.65615854 opt_status=no_rebalance
2025-12-26 22:30:22,981 | INFO | Progress: 54% (1190/2203) | date=2020-09-07 00:00:00 nav=1.69319817 opt_status=ok
2025-12-26 22:30:25,536 | INFO | Progress: 55% (1212/2203) | date=2020-10-08 00:00:00 nav=1.75015625 opt_status=no_rebalance
2025-12-26 22:30:28,710 | INFO | Progress: 56% (1234/2203) | date=2020-11-09 00:00:00 nav=1.79136992 opt_status=ok
2025-12-26 22:30:31,063 | INFO | Progress: 57% (1256/2203) | date=2020-12-11 00:00:00 nav=1.94523839 opt_status=no_rebalance
2025-12-26 22:30:34,459 | INFO | Progress: 58% (1278/2203) | date=2021-01-13 00:00:00 nav=2.09103308 opt_status=no_rebalance
2025-12-26 22:30:38,055 | INFO | Progress: 59% (1300/2203) | date=2021-02-15 00:00:00 nav=2.11853235 opt_status=ok
2025-12-26 22:30:41,020 | INFO | Progress: 60% (1322/2203) | date=2021-03-18 00:00:00 nav=2.04780037 opt_status=no_rebalance
2025-12-26 22:30:43,956 | INFO | Progress: 61% (1344/2203) | date=2021-04-23 00:00:00 nav=2.20450176 opt_status=no_rebalance
2025-12-26 22:30:47,126 | INFO | Progress: 62% (1366/2203) | date=2021-05-26 00:00:00 nav=2.33604763 opt_status=no_rebalance
2025-12-26 22:30:50,034 | INFO | Progress: 63% (1388/2203) | date=2021-06-25 00:00:00 nav=2.38177672 opt_status=no_rebalance
2025-12-26 22:30:53,337 | INFO | Progress: 64% (1410/2203) | date=2021-07-28 00:00:00 nav=2.37855896 opt_status=no_rebalance
2025-12-26 22:30:56,404 | INFO | Progress: 65% (1432/2203) | date=2021-08-30 00:00:00 nav=2.59227421 opt_status=ok
2025-12-26 22:30:59,164 | INFO | Progress: 66% (1454/2203) | date=2021-09-30 00:00:00 nav=2.7203484 opt_status=no_rebalance
2025-12-26 22:31:02,877 | INFO | Progress: 67% (1477/2203) | date=2021-11-03 00:00:00 nav=2.64946595 opt_status=no_rebalance
2025-12-26 22:31:06,278 | INFO | Progress: 68% (1499/2203) | date=2021-12-08 00:00:00 nav=2.650096 opt_status=no_rebalance
2025-12-26 22:31:09,465 | INFO | Progress: 69% (1521/2203) | date=2022-01-07 00:00:00 nav=2.71252065 opt_status=no_rebalance
2025-12-26 22:31:12,484 | INFO | Progress: 70% (1543/2203) | date=2022-02-09 00:00:00 nav=2.66327873 opt_status=no_rebalance
2025-12-26 22:31:15,721 | INFO | Progress: 71% (1565/2203) | date=2022-03-14 00:00:00 nav=2.65915751 opt_status=ok
2025-12-26 22:31:18,990 | INFO | Progress: 72% (1587/2203) | date=2022-04-18 00:00:00 nav=2.73694001 opt_status=ok
2025-12-26 22:31:21,773 | INFO | Progress: 73% (1609/2203) | date=2022-05-19 00:00:00 nav=2.54127212 opt_status=no_rebalance
2025-12-26 22:31:25,083 | INFO | Progress: 74% (1631/2203) | date=2022-06-20 00:00:00 nav=2.41341232 opt_status=ok
2025-12-26 22:31:27,806 | INFO | Progress: 75% (1653/2203) | date=2022-07-20 00:00:00 nav=2.59764274 opt_status=no_rebalance
2025-12-26 22:31:31,519 | INFO | Progress: 76% (1675/2203) | date=2022-08-23 00:00:00 nav=2.73101234 opt_status=no_rebalance
2025-12-26 22:31:33,567 | INFO | Progress: 77% (1697/2203) | date=2022-09-23 00:00:00 nav=2.77072616 opt_status=no_rebalance
2025-12-26 22:31:36,910 | INFO | Progress: 78% (1719/2203) | date=2022-10-28 00:00:00 nav=2.77366689 opt_status=no_rebalance
2025-12-26 22:31:39,843 | INFO | Progress: 79% (1741/2203) | date=2022-11-30 00:00:00 nav=2.83000301 opt_status=no_rebalance
2025-12-26 22:31:42,115 | INFO | Progress: 80% (1763/2203) | date=2022-12-30 00:00:00 nav=2.71230277 opt_status=no_rebalance
2025-12-26 22:31:45,153 | INFO | Progress: 81% (1785/2203) | date=2023-02-01 00:00:00 nav=2.66130962 opt_status=no_rebalance
2025-12-26 22:31:47,334 | INFO | Progress: 82% (1807/2203) | date=2023-03-03 00:00:00 nav=2.5806641 opt_status=no_rebalance
2025-12-26 22:31:50,161 | INFO | Progress: 83% (1829/2203) | date=2023-04-10 00:00:00 nav=2.59948854 opt_status=ok
2025-12-26 22:31:52,237 | INFO | Progress: 84% (1851/2203) | date=2023-05-12 00:00:00 nav=2.70760193 opt_status=no_rebalance
2025-12-26 22:31:55,090 | INFO | Progress: 85% (1873/2203) | date=2023-06-13 00:00:00 nav=2.78540403 opt_status=no_rebalance
2025-12-26 22:31:57,346 | INFO | Progress: 86% (1895/2203) | date=2023-07-14 00:00:00 nav=2.89807553 opt_status=no_rebalance
2025-12-26 22:31:59,669 | INFO | Progress: 87% (1917/2203) | date=2023-08-16 00:00:00 nav=2.94756573 opt_status=no_rebalance
2025-12-26 22:32:01,947 | INFO | Progress: 88% (1939/2203) | date=2023-09-15 00:00:00 nav=3.04181676 opt_status=no_rebalance
2025-12-26 22:32:04,195 | INFO | Progress: 89% (1961/2203) | date=2023-10-19 00:00:00 nav=3.03915642 opt_status=no_rebalance
2025-12-26 22:32:06,312 | INFO | Progress: 90% (1983/2203) | date=2023-11-22 00:00:00 nav=3.15014373 opt_status=no_rebalance
2025-12-26 22:32:09,397 | INFO | Progress: 91% (2005/2203) | date=2023-12-26 00:00:00 nav=3.43869623 opt_status=ok
2025-12-26 22:32:11,727 | INFO | Progress: 92% (2027/2203) | date=2024-01-25 00:00:00 nav=3.55631992 opt_status=no_rebalance
2025-12-26 22:32:14,223 | INFO | Progress: 93% (2049/2203) | date=2024-02-27 00:00:00 nav=3.72891668 opt_status=no_rebalance
2025-12-26 22:32:16,626 | INFO | Progress: 94% (2071/2203) | date=2024-04-01 00:00:00 nav=3.69202088 opt_status=ok
2025-12-26 22:32:19,386 | INFO | Progress: 95% (2093/2203) | date=2024-05-06 00:00:00 nav=3.78037791 opt_status=ok
2025-12-26 22:32:21,209 | INFO | Progress: 96% (2115/2203) | date=2024-06-05 00:00:00 nav=3.82290214 opt_status=no_rebalance
2025-12-26 22:32:23,817 | INFO | Progress: 97% (2137/2203) | date=2024-07-08 00:00:00 nav=4.11310719 opt_status=ok
2025-12-26 22:32:25,803 | INFO | Progress: 98% (2159/2203) | date=2024-08-08 00:00:00 nav=4.13533345 opt_status=no_rebalance
2025-12-26 22:32:28,313 | INFO | Progress: 99% (2181/2203) | date=2024-09-10 00:00:00 nav=4.18492522 opt_status=no_rebalance
2025-12-26 22:32:30,402 | INFO | Progress: 100% (2203/2203) | date=2024-10-11 00:00:00 nav=4.21199347 opt_status=no_rebalance
2025-12-26 22:32:30,492 | INFO | Experiment saved to: experiments\20251226_165827__ftrl_weekly_k25_v_target_1.05
2025-12-26 22:32:30,551 | INFO | Saved performance artifacts to experiments\20251226_165827__ftrl_weekly_k25_v_target_1.05\outputs\performance
2025-12-26 22:32:31,773 | INFO | Saved figures to: experiments\20251226_165827__ftrl_weekly_k25_v_target_1.05\artifacts\figures
2025-12-26 22:32:31,773 | INFO | Run complete
