2025-12-28 13:28:15,218 | INFO | Run initialized
2025-12-28 13:28:15,218 | INFO | Run folder: experiments\ema_risk_parity_10y_v2_daily_india_20251228_075812
2025-12-28 13:28:15,218 | INFO | Config used: experiments\ema_risk_parity_10y_v2_daily_india_20251228_075812\params.yaml
2025-12-28 13:28:15,218 | INFO | Experiments dir: experiments
2025-12-28 13:28:15,218 | INFO | Running experiment from config
2025-12-28 13:28:15,224 | INFO | Runner starting | data.mode=processed | use_gpu=False
2025-12-28 13:28:15,310 | INFO | Loaded prices | rows=2579 cols=138 | start=2015-04-06 00:00:00 end=2025-09-10 00:00:00
2025-12-28 13:28:15,311 | INFO | Optimizer configured | raw_type=ema_hybrid resolved=ema_hybrid | k=None | long_only=True | box={'min': 0.025, 'max': 0.25}
2025-12-28 13:28:15,312 | INFO | Planned total steps: 2579
2025-12-28 13:28:15,312 | INFO | Progress logging every 1%
2025-12-28 13:28:15,314 | INFO | Backtest starting | steps=2579 | rebalance=daily | tc(proportional)=0.0005 | record_non_rebalance=False
2025-12-28 13:28:15,314 | INFO | Date range: 2015-04-06 00:00:00 -> 2025-09-10 00:00:00 | assets=138
2025-12-28 13:28:15,314 | INFO | Rebalance dates computed: 2579 (first=2015-04-06 00:00:00 last=2025-09-10 00:00:00)
2025-12-28 13:28:15,330 | WARNING | No common tickers between expected_returns (0) and covariance (138) on 2015-04-06 00:00:00
2025-12-28 13:28:15,330 | WARNING | Using fallback equal-weight on 2015-04-06 00:00:00 | opt_status=skipped_no_common_tickers | n_valid_assets=122
2025-12-28 13:28:15,339 | WARNING | Using fallback equal-weight on 2015-04-07 00:00:00 | opt_status=ema_insufficient_window | n_valid_assets=122
2025-12-28 13:28:15,347 | WARNING | Using fallback equal-weight on 2015-04-08 00:00:00 | opt_status=ema_insufficient_window | n_valid_assets=122
2025-12-28 13:28:15,355 | WARNING | Using fallback equal-weight on 2015-04-09 00:00:00 | opt_status=ema_insufficient_window | n_valid_assets=122
2025-12-28 13:28:15,362 | WARNING | Using fallback equal-weight on 2015-04-12 00:00:00 | opt_status=ema_insufficient_window | n_valid_assets=122
2025-12-28 13:28:15,368 | WARNING | Using fallback equal-weight on 2015-04-14 00:00:00 | opt_status=ema_insufficient_window | n_valid_assets=122
2025-12-28 13:28:15,376 | WARNING | Using fallback equal-weight on 2015-04-15 00:00:00 | opt_status=ema_insufficient_window | n_valid_assets=122
2025-12-28 13:28:15,382 | WARNING | Using fallback equal-weight on 2015-04-16 00:00:00 | opt_status=ema_insufficient_window | n_valid_assets=122
2025-12-28 13:28:15,390 | WARNING | Using fallback equal-weight on 2015-04-19 00:00:00 | opt_status=ema_insufficient_window | n_valid_assets=122
2025-12-28 13:28:15,398 | WARNING | Using fallback equal-weight on 2015-04-20 00:00:00 | opt_status=ema_insufficient_window | n_valid_assets=122
2025-12-28 13:28:15,405 | WARNING | Using fallback equal-weight on 2015-04-21 00:00:00 | opt_status=ema_insufficient_window | n_valid_assets=122
2025-12-28 13:28:15,413 | WARNING | Using fallback equal-weight on 2015-04-22 00:00:00 | opt_status=ema_insufficient_window | n_valid_assets=122
2025-12-28 13:28:15,420 | WARNING | Using fallback equal-weight on 2015-04-23 00:00:00 | opt_status=ema_insufficient_window | n_valid_assets=122
2025-12-28 13:28:15,427 | WARNING | Using fallback equal-weight on 2015-04-26 00:00:00 | opt_status=ema_insufficient_window | n_valid_assets=122
2025-12-28 13:28:15,435 | WARNING | Using fallback equal-weight on 2015-04-27 00:00:00 | opt_status=ema_insufficient_window | n_valid_assets=122
2025-12-28 13:28:15,442 | WARNING | Using fallback equal-weight on 2015-04-28 00:00:00 | opt_status=ema_insufficient_window | n_valid_assets=122
2025-12-28 13:28:15,449 | WARNING | Using fallback equal-weight on 2015-04-29 00:00:00 | opt_status=ema_insufficient_window | n_valid_assets=122
2025-12-28 13:28:15,456 | WARNING | Using fallback equal-weight on 2015-05-03 00:00:00 | opt_status=ema_insufficient_window | n_valid_assets=122
2025-12-28 13:28:15,463 | WARNING | Using fallback equal-weight on 2015-05-04 00:00:00 | opt_status=ema_insufficient_window | n_valid_assets=122
2025-12-28 13:28:15,471 | WARNING | Using fallback equal-weight on 2015-05-05 00:00:00 | opt_status=ema_insufficient_window | n_valid_assets=122
2025-12-28 13:28:15,478 | WARNING | Using fallback equal-weight on 2015-05-06 00:00:00 | opt_status=ema_insufficient_window | n_valid_assets=122
2025-12-28 13:28:15,485 | WARNING | Using fallback equal-weight on 2015-05-07 00:00:00 | opt_status=ema_insufficient_window | n_valid_assets=122
2025-12-28 13:28:15,492 | WARNING | Using fallback equal-weight on 2015-05-10 00:00:00 | opt_status=ema_insufficient_window | n_valid_assets=122
2025-12-28 13:28:15,499 | WARNING | Using fallback equal-weight on 2015-05-11 00:00:00 | opt_status=ema_insufficient_window | n_valid_assets=122
2025-12-28 13:28:15,506 | WARNING | Using fallback equal-weight on 2015-05-12 00:00:00 | opt_status=ema_insufficient_window | n_valid_assets=122
2025-12-28 13:28:15,512 | WARNING | Using fallback equal-weight on 2015-05-13 00:00:00 | opt_status=ema_insufficient_window | n_valid_assets=122
2025-12-28 13:28:15,513 | INFO | Progress: 1% (26/2579) | date=2015-05-13 00:00:00 nav=0.95938457 opt_status=ema_insufficient_window
2025-12-28 13:28:15,519 | WARNING | Using fallback equal-weight on 2015-05-14 00:00:00 | opt_status=ema_insufficient_window | n_valid_assets=122
2025-12-28 13:28:15,526 | WARNING | Using fallback equal-weight on 2015-05-17 00:00:00 | opt_status=ema_insufficient_window | n_valid_assets=122
2025-12-28 13:28:15,533 | WARNING | Using fallback equal-weight on 2015-05-18 00:00:00 | opt_status=ema_insufficient_window | n_valid_assets=123
2025-12-28 13:28:15,541 | WARNING | Using fallback equal-weight on 2015-05-19 00:00:00 | opt_status=ema_insufficient_window | n_valid_assets=123
2025-12-28 13:28:15,549 | WARNING | Using fallback equal-weight on 2015-05-20 00:00:00 | opt_status=ema_insufficient_window | n_valid_assets=123
2025-12-28 13:28:15,557 | WARNING | Using fallback equal-weight on 2015-05-21 00:00:00 | opt_status=ema_insufficient_window | n_valid_assets=123
2025-12-28 13:28:15,565 | WARNING | Using fallback equal-weight on 2015-05-24 00:00:00 | opt_status=ema_insufficient_window | n_valid_assets=123
2025-12-28 13:28:15,573 | WARNING | Using fallback equal-weight on 2015-05-25 00:00:00 | opt_status=ema_insufficient_window | n_valid_assets=123
2025-12-28 13:28:15,580 | WARNING | Using fallback equal-weight on 2015-05-26 00:00:00 | opt_status=ema_insufficient_window | n_valid_assets=123
2025-12-28 13:28:15,588 | WARNING | Using fallback equal-weight on 2015-05-27 00:00:00 | opt_status=ema_insufficient_window | n_valid_assets=123
2025-12-28 13:28:15,596 | WARNING | Using fallback equal-weight on 2015-05-28 00:00:00 | opt_status=ema_insufficient_window | n_valid_assets=123
2025-12-28 13:28:15,604 | WARNING | Using fallback equal-weight on 2015-05-31 00:00:00 | opt_status=ema_insufficient_window | n_valid_assets=123
2025-12-28 13:28:15,612 | WARNING | Using fallback equal-weight on 2015-06-01 00:00:00 | opt_status=ema_insufficient_window | n_valid_assets=123
2025-12-28 13:28:15,620 | WARNING | Using fallback equal-weight on 2015-06-02 00:00:00 | opt_status=ema_insufficient_window | n_valid_assets=123
2025-12-28 13:28:15,627 | WARNING | Using fallback equal-weight on 2015-06-03 00:00:00 | opt_status=ema_insufficient_window | n_valid_assets=123
2025-12-28 13:28:15,635 | WARNING | Using fallback equal-weight on 2015-06-04 00:00:00 | opt_status=ema_insufficient_window | n_valid_assets=123
2025-12-28 13:28:15,643 | WARNING | Using fallback equal-weight on 2015-06-07 00:00:00 | opt_status=ema_insufficient_window | n_valid_assets=123
2025-12-28 13:28:15,651 | WARNING | Using fallback equal-weight on 2015-06-08 00:00:00 | opt_status=ema_insufficient_window | n_valid_assets=123
2025-12-28 13:28:15,659 | WARNING | Using fallback equal-weight on 2015-06-09 00:00:00 | opt_status=ema_insufficient_window | n_valid_assets=123
2025-12-28 13:28:15,666 | WARNING | Using fallback equal-weight on 2015-06-10 00:00:00 | opt_status=ema_insufficient_window | n_valid_assets=123
2025-12-28 13:28:15,674 | WARNING | Using fallback equal-weight on 2015-06-11 00:00:00 | opt_status=ema_insufficient_window | n_valid_assets=123
2025-12-28 13:28:15,681 | WARNING | Using fallback equal-weight on 2015-06-14 00:00:00 | opt_status=ema_insufficient_window | n_valid_assets=123
2025-12-28 13:28:15,689 | WARNING | Using fallback equal-weight on 2015-06-15 00:00:00 | opt_status=ema_insufficient_window | n_valid_assets=123
2025-12-28 13:28:15,741 | INFO | Progress: 2% (52/2579) | date=2015-06-18 00:00:00 nav=0.94843034 opt_status=ok_ema_risk_parity
2025-12-28 13:28:16,241 | INFO | Progress: 3% (78/2579) | date=2015-07-26 00:00:00 nav=1.01724028 opt_status=ok_ema_risk_parity
2025-12-28 13:28:16,712 | INFO | Progress: 4% (104/2579) | date=2015-08-31 00:00:00 nav=1.02840688 opt_status=ok_ema_risk_parity
2025-12-28 13:28:17,172 | INFO | Progress: 5% (129/2579) | date=2015-10-08 00:00:00 nav=1.06084773 opt_status=ok_ema_risk_parity
2025-12-28 13:28:17,647 | INFO | Progress: 6% (155/2579) | date=2015-11-18 00:00:00 nav=1.08643919 opt_status=ok_ema_risk_parity
2025-12-28 13:28:18,190 | INFO | Progress: 7% (181/2579) | date=2015-12-28 00:00:00 nav=1.115094 opt_status=ok_ema_risk_parity
2025-12-28 13:28:18,684 | INFO | Progress: 8% (207/2579) | date=2016-02-03 00:00:00 nav=0.9822188 opt_status=ok_ema_risk_parity
2025-12-28 13:28:19,173 | INFO | Progress: 9% (233/2579) | date=2016-03-13 00:00:00 nav=0.97592379 opt_status=ok_ema_risk_parity
2025-12-28 13:28:19,636 | INFO | Progress: 10% (258/2579) | date=2016-04-24 00:00:00 nav=1.03996062 opt_status=ok_ema_risk_parity
2025-12-28 13:28:20,143 | INFO | Progress: 11% (284/2579) | date=2016-05-30 00:00:00 nav=1.07686851 opt_status=ok_ema_risk_parity
2025-12-28 13:28:20,637 | INFO | Progress: 12% (310/2579) | date=2016-07-06 00:00:00 nav=1.1691649 opt_status=ok_ema_risk_parity
2025-12-28 13:28:21,126 | INFO | Progress: 13% (336/2579) | date=2016-08-11 00:00:00 nav=1.25573461 opt_status=ok_ema_risk_parity
2025-12-28 13:28:21,762 | INFO | Progress: 14% (362/2579) | date=2016-09-21 00:00:00 nav=1.32671692 opt_status=ok_ema_risk_parity
2025-12-28 13:28:22,271 | INFO | Progress: 15% (387/2579) | date=2016-10-31 00:00:00 nav=1.44099113 opt_status=ok_ema_risk_parity
2025-12-28 13:28:22,812 | INFO | Progress: 16% (413/2579) | date=2016-12-07 00:00:00 nav=1.28210776 opt_status=ok_ema_risk_parity
2025-12-28 13:28:23,315 | INFO | Progress: 17% (439/2579) | date=2017-01-12 00:00:00 nav=1.30600067 opt_status=ok_ema_risk_parity
2025-12-28 13:28:23,805 | INFO | Progress: 18% (465/2579) | date=2017-02-20 00:00:00 nav=1.39654327 opt_status=ok_ema_risk_parity
2025-12-28 13:28:24,333 | INFO | Progress: 19% (491/2579) | date=2017-03-30 00:00:00 nav=1.50372522 opt_status=ok_ema_risk_parity
2025-12-28 13:28:24,811 | INFO | Progress: 20% (516/2579) | date=2017-05-09 00:00:00 nav=1.62627123 opt_status=ok_ema_risk_parity
2025-12-28 13:28:25,301 | INFO | Progress: 21% (542/2579) | date=2017-06-14 00:00:00 nav=1.5757384 opt_status=ok_ema_risk_parity
2025-12-28 13:28:25,802 | INFO | Progress: 22% (568/2579) | date=2017-07-23 00:00:00 nav=1.60561997 opt_status=ok_ema_risk_parity
2025-12-28 13:28:26,281 | INFO | Progress: 23% (594/2579) | date=2017-08-30 00:00:00 nav=1.64149978 opt_status=ok_ema_risk_parity
2025-12-28 13:28:26,775 | INFO | Progress: 24% (619/2579) | date=2017-10-05 00:00:00 nav=1.6938317 opt_status=ok_ema_risk_parity
2025-12-28 13:28:27,277 | INFO | Progress: 25% (645/2579) | date=2017-11-13 00:00:00 nav=1.74909854 opt_status=ok_ema_risk_parity
2025-12-28 13:28:27,771 | INFO | Progress: 26% (671/2579) | date=2017-12-19 00:00:00 nav=1.82840469 opt_status=ok_ema_risk_parity
2025-12-28 13:28:28,256 | INFO | Progress: 27% (697/2579) | date=2018-01-28 00:00:00 nav=1.92923293 opt_status=ok_ema_risk_parity
2025-12-28 13:28:28,746 | INFO | Progress: 28% (723/2579) | date=2018-03-07 00:00:00 nav=1.81499694 opt_status=ok_ema_risk_parity
2025-12-28 13:28:29,207 | INFO | Progress: 29% (748/2579) | date=2018-04-15 00:00:00 nav=1.92491349 opt_status=ok_ema_risk_parity
2025-12-28 13:28:29,698 | INFO | Progress: 30% (774/2579) | date=2018-05-22 00:00:00 nav=1.86780629 opt_status=ok_ema_risk_parity
2025-12-28 13:28:30,173 | INFO | Progress: 31% (800/2579) | date=2018-06-27 00:00:00 nav=1.82107603 opt_status=ok_ema_risk_parity
2025-12-28 13:28:30,671 | INFO | Progress: 32% (826/2579) | date=2018-08-02 00:00:00 nav=2.05886468 opt_status=ok_ema_risk_parity
2025-12-28 13:28:31,144 | INFO | Progress: 33% (852/2579) | date=2018-09-11 00:00:00 nav=1.98510584 opt_status=ok_ema_risk_parity
2025-12-28 13:28:31,606 | INFO | Progress: 34% (877/2579) | date=2018-10-22 00:00:00 nav=1.67666601 opt_status=ok_ema_risk_parity
2025-12-28 13:28:32,098 | INFO | Progress: 35% (903/2579) | date=2018-11-29 00:00:00 nav=1.78536025 opt_status=ok_ema_risk_parity
2025-12-28 13:28:32,624 | INFO | Progress: 36% (929/2579) | date=2019-01-07 00:00:00 nav=1.71421311 opt_status=ok_ema_risk_parity
2025-12-28 13:28:33,111 | INFO | Progress: 37% (955/2579) | date=2019-02-13 00:00:00 nav=1.62528052 opt_status=ok_ema_risk_parity
2025-12-28 13:28:33,627 | INFO | Progress: 38% (981/2579) | date=2019-03-25 00:00:00 nav=1.64530204 opt_status=ok_ema_risk_parity
2025-12-28 13:28:34,083 | INFO | Progress: 39% (1006/2579) | date=2019-05-06 00:00:00 nav=1.55970902 opt_status=ok_ema_risk_parity
2025-12-28 13:28:34,555 | INFO | Progress: 40% (1032/2579) | date=2019-06-12 00:00:00 nav=1.59483233 opt_status=ok_ema_risk_parity
2025-12-28 13:28:35,022 | INFO | Progress: 41% (1058/2579) | date=2019-07-18 00:00:00 nav=1.51672394 opt_status=ok_ema_risk_parity
2025-12-28 13:28:35,500 | INFO | Progress: 42% (1084/2579) | date=2019-08-27 00:00:00 nav=1.49353225 opt_status=ok_ema_risk_parity
2025-12-28 13:28:35,950 | INFO | Progress: 43% (1109/2579) | date=2019-10-06 00:00:00 nav=1.51289388 opt_status=ok_ema_risk_parity
2025-12-28 13:28:36,427 | INFO | Progress: 44% (1135/2579) | date=2019-11-14 00:00:00 nav=1.57379874 opt_status=ok_ema_risk_parity
2025-12-28 13:28:36,897 | INFO | Progress: 45% (1161/2579) | date=2019-12-22 00:00:00 nav=1.56435502 opt_status=ok_ema_risk_parity
2025-12-28 13:28:37,362 | INFO | Progress: 46% (1187/2579) | date=2020-01-28 00:00:00 nav=1.64423095 opt_status=ok_ema_risk_parity
2025-12-28 13:28:37,880 | INFO | Progress: 47% (1213/2579) | date=2020-03-05 00:00:00 nav=1.61069772 opt_status=ok_ema_risk_parity
2025-12-28 13:28:38,397 | INFO | Progress: 48% (1238/2579) | date=2020-04-16 00:00:00 nav=1.4124038 opt_status=ok_ema_risk_parity
2025-12-28 13:28:38,865 | INFO | Progress: 49% (1264/2579) | date=2020-05-26 00:00:00 nav=1.44661002 opt_status=ok_ema_risk_parity
2025-12-28 13:28:39,346 | INFO | Progress: 50% (1290/2579) | date=2020-07-01 00:00:00 nav=1.59626254 opt_status=ok_ema_risk_parity
2025-12-28 13:28:39,818 | INFO | Progress: 51% (1316/2579) | date=2020-08-06 00:00:00 nav=1.78269178 opt_status=ok_ema_risk_parity
2025-12-28 13:28:40,289 | INFO | Progress: 52% (1342/2579) | date=2020-09-13 00:00:00 nav=1.84707065 opt_status=ok_ema_risk_parity
2025-12-28 13:28:40,746 | INFO | Progress: 53% (1367/2579) | date=2020-10-19 00:00:00 nav=1.82559848 opt_status=ok_ema_risk_parity
2025-12-28 13:28:41,220 | INFO | Progress: 54% (1393/2579) | date=2020-11-24 00:00:00 nav=1.95811374 opt_status=ok_ema_risk_parity
2025-12-28 13:28:41,688 | INFO | Progress: 55% (1419/2579) | date=2021-01-03 00:00:00 nav=2.21949507 opt_status=ok_ema_risk_parity
2025-12-28 13:28:42,162 | INFO | Progress: 56% (1445/2579) | date=2021-02-09 00:00:00 nav=2.3914896 opt_status=ok_ema_risk_parity
2025-12-28 13:28:42,631 | INFO | Progress: 57% (1471/2579) | date=2021-03-18 00:00:00 nav=2.52336815 opt_status=ok_ema_risk_parity
2025-12-28 13:28:43,117 | INFO | Progress: 58% (1496/2579) | date=2021-04-28 00:00:00 nav=2.68060777 opt_status=ok_ema_risk_parity
2025-12-28 13:28:43,600 | INFO | Progress: 59% (1522/2579) | date=2021-06-06 00:00:00 nav=2.85391363 opt_status=ok_ema_risk_parity
2025-12-28 13:28:44,115 | INFO | Progress: 60% (1548/2579) | date=2021-07-12 00:00:00 nav=2.89181902 opt_status=ok_ema_risk_parity
2025-12-28 13:28:44,589 | INFO | Progress: 61% (1574/2579) | date=2021-08-19 00:00:00 nav=2.98853973 opt_status=ok_ema_risk_parity
2025-12-28 13:28:45,037 | INFO | Progress: 62% (1599/2579) | date=2021-09-26 00:00:00 nav=3.24142956 opt_status=ok_ema_risk_parity
2025-12-28 13:28:45,505 | INFO | Progress: 63% (1625/2579) | date=2021-11-02 00:00:00 nav=3.27406176 opt_status=ok_ema_risk_parity
2025-12-28 13:28:45,977 | INFO | Progress: 64% (1651/2579) | date=2021-12-12 00:00:00 nav=3.16235211 opt_status=ok_ema_risk_parity
2025-12-28 13:28:46,440 | INFO | Progress: 65% (1677/2579) | date=2022-01-17 00:00:00 nav=3.15775473 opt_status=ok_ema_risk_parity
2025-12-28 13:28:46,898 | INFO | Progress: 66% (1703/2579) | date=2022-02-23 00:00:00 nav=2.73969667 opt_status=ok_ema_risk_parity
2025-12-28 13:28:47,353 | INFO | Progress: 67% (1728/2579) | date=2022-04-03 00:00:00 nav=2.96993395 opt_status=ok_ema_risk_parity
2025-12-28 13:28:47,823 | INFO | Progress: 68% (1754/2579) | date=2022-05-12 00:00:00 nav=2.66494685 opt_status=ok_ema_risk_parity
2025-12-28 13:28:48,289 | INFO | Progress: 69% (1780/2579) | date=2022-06-19 00:00:00 nav=2.59373606 opt_status=ok_ema_risk_parity
2025-12-28 13:28:48,808 | INFO | Progress: 70% (1806/2579) | date=2022-07-25 00:00:00 nav=2.89549556 opt_status=ok_ema_risk_parity
2025-12-28 13:28:49,288 | INFO | Progress: 71% (1832/2579) | date=2022-09-04 00:00:00 nav=3.20806917 opt_status=ok_ema_risk_parity
2025-12-28 13:28:49,741 | INFO | Progress: 72% (1857/2579) | date=2022-10-10 00:00:00 nav=3.10174335 opt_status=ok_ema_risk_parity
2025-12-28 13:28:50,256 | INFO | Progress: 73% (1883/2579) | date=2022-11-17 00:00:00 nav=3.2096162 opt_status=ok_ema_risk_parity
2025-12-28 13:28:50,727 | INFO | Progress: 74% (1909/2579) | date=2022-12-25 00:00:00 nav=3.23457505 opt_status=ok_ema_risk_parity
2025-12-28 13:28:51,199 | INFO | Progress: 75% (1935/2579) | date=2023-01-31 00:00:00 nav=3.21289487 opt_status=ok_ema_risk_parity
2025-12-28 13:28:51,687 | INFO | Progress: 76% (1961/2579) | date=2023-03-09 00:00:00 nav=3.15733674 opt_status=ok_ema_risk_parity
2025-12-28 13:28:52,131 | INFO | Progress: 77% (1986/2579) | date=2023-04-19 00:00:00 nav=3.19264493 opt_status=ok_ema_risk_parity
2025-12-28 13:28:52,594 | INFO | Progress: 78% (2012/2579) | date=2023-05-28 00:00:00 nav=3.4456527 opt_status=ok_ema_risk_parity
2025-12-28 13:28:53,062 | INFO | Progress: 79% (2038/2579) | date=2023-07-04 00:00:00 nav=3.65584676 opt_status=ok_ema_risk_parity
2025-12-28 13:28:53,523 | INFO | Progress: 80% (2064/2579) | date=2023-08-09 00:00:00 nav=3.87393175 opt_status=ok_ema_risk_parity
2025-12-28 13:28:54,011 | INFO | Progress: 81% (2089/2579) | date=2023-09-14 00:00:00 nav=4.0655389 opt_status=ok_ema_risk_parity
2025-12-28 13:28:54,495 | INFO | Progress: 82% (2115/2579) | date=2023-10-25 00:00:00 nav=3.79836025 opt_status=ok_ema_risk_parity
2025-12-28 13:28:54,964 | INFO | Progress: 83% (2141/2579) | date=2023-12-04 00:00:00 nav=4.45202757 opt_status=ok_ema_risk_parity
2025-12-28 13:28:55,429 | INFO | Progress: 84% (2167/2579) | date=2024-01-10 00:00:00 nav=4.81009709 opt_status=ok_ema_risk_parity
2025-12-28 13:28:55,902 | INFO | Progress: 85% (2193/2579) | date=2024-02-19 00:00:00 nav=5.29248221 opt_status=ok_ema_risk_parity
2025-12-28 13:28:56,336 | INFO | Progress: 86% (2218/2579) | date=2024-03-27 00:00:00 nav=5.19375405 opt_status=ok_ema_risk_parity
2025-12-28 13:28:56,802 | INFO | Progress: 87% (2244/2579) | date=2024-05-08 00:00:00 nav=5.46107518 opt_status=ok_ema_risk_parity
2025-12-28 13:28:57,266 | INFO | Progress: 88% (2270/2579) | date=2024-06-17 00:00:00 nav=6.33571094 opt_status=ok_ema_risk_parity
2025-12-28 13:28:57,740 | INFO | Progress: 89% (2296/2579) | date=2024-07-24 00:00:00 nav=6.27128091 opt_status=ok_ema_risk_parity
2025-12-28 13:28:58,214 | INFO | Progress: 90% (2322/2579) | date=2024-09-01 00:00:00 nav=6.61802687 opt_status=ok_ema_risk_parity
2025-12-28 13:28:58,674 | INFO | Progress: 91% (2347/2579) | date=2024-10-07 00:00:00 nav=6.47988405 opt_status=ok_ema_risk_parity
2025-12-28 13:28:59,166 | INFO | Progress: 92% (2373/2579) | date=2024-11-12 00:00:00 nav=5.95862879 opt_status=ok_ema_risk_parity
2025-12-28 13:28:59,678 | INFO | Progress: 93% (2399/2579) | date=2024-12-22 00:00:00 nav=6.10195939 opt_status=ok_ema_risk_parity
2025-12-28 13:29:00,152 | INFO | Progress: 94% (2425/2579) | date=2025-01-28 00:00:00 nav=5.73911863 opt_status=ok_ema_risk_parity
2025-12-28 13:29:00,627 | INFO | Progress: 95% (2451/2579) | date=2025-03-05 00:00:00 nav=5.57930642 opt_status=ok_ema_risk_parity
2025-12-28 13:29:01,078 | INFO | Progress: 96% (2476/2579) | date=2025-04-15 00:00:00 nav=5.83926246 opt_status=ok_ema_risk_parity
2025-12-28 13:29:01,553 | INFO | Progress: 97% (2502/2579) | date=2025-05-25 00:00:00 nav=6.08579587 opt_status=ok_ema_risk_parity
2025-12-28 13:29:02,029 | INFO | Progress: 98% (2528/2579) | date=2025-06-30 00:00:00 nav=6.29659885 opt_status=ok_ema_risk_parity
2025-12-28 13:29:02,505 | INFO | Progress: 99% (2554/2579) | date=2025-08-05 00:00:00 nav=5.80165006 opt_status=ok_ema_risk_parity
2025-12-28 13:29:02,960 | INFO | Progress: 100% (2579/2579) | date=2025-09-10 00:00:00 nav=5.99247969 opt_status=ok_ema_risk_parity
2025-12-28 13:29:03,096 | INFO | Experiment saved to: experiments\ema_risk_parity_10y_v2_daily_india_20251228_075812
2025-12-28 13:29:03,186 | INFO | Saved performance artifacts to experiments\ema_risk_parity_10y_v2_daily_india_20251228_075812\outputs\performance
2025-12-28 13:29:04,489 | INFO | Saved figures to: experiments\ema_risk_parity_10y_v2_daily_india_20251228_075812\artifacts\figures
2025-12-28 13:29:04,489 | INFO | Run complete
