2025-12-28 23:20:42,544 | INFO | Run initialized
2025-12-28 23:20:42,544 | INFO | Run folder: experiments\ema_risk_parity_0.8_daily_25_175_india_20251228_175041
2025-12-28 23:20:42,544 | INFO | Config used: experiments\ema_risk_parity_0.8_daily_25_175_india_20251228_175041\params.yaml
2025-12-28 23:20:42,544 | INFO | Experiments dir: experiments
2025-12-28 23:20:42,544 | INFO | Running experiment from config
2025-12-28 23:20:42,550 | INFO | Runner starting | data.mode=processed | use_gpu=False
2025-12-28 23:20:42,609 | INFO | Loaded prices | rows=2303 cols=138 | start=2015-11-08 00:00:00 end=2025-03-05 00:00:00
2025-12-28 23:20:42,609 | INFO | Optimizer configured | raw_type=ema_hybrid resolved=ema_hybrid | k=None | long_only=True | box={'min': 0.025, 'max': 0.25}
2025-12-28 23:20:42,610 | INFO | Planned total steps: 2303
2025-12-28 23:20:42,611 | INFO | Progress logging every 1%
2025-12-28 23:20:42,612 | INFO | Backtest starting | steps=2303 | rebalance=daily | tc(proportional)=0.0005 | record_non_rebalance=False
2025-12-28 23:20:42,612 | INFO | Date range: 2015-11-08 00:00:00 -> 2025-03-05 00:00:00 | assets=138
2025-12-28 23:20:42,612 | INFO | Rebalance dates computed: 2303 (first=2015-11-08 00:00:00 last=2025-03-05 00:00:00)
2025-12-28 23:20:42,627 | WARNING | No common tickers between expected_returns (0) and covariance (138) on 2015-11-08 00:00:00
2025-12-28 23:20:42,628 | WARNING | Using fallback equal-weight on 2015-11-08 00:00:00 | opt_status=skipped_no_common_tickers | n_valid_assets=126
2025-12-28 23:20:42,635 | WARNING | Using fallback equal-weight on 2015-11-09 00:00:00 | opt_status=ema_insufficient_window | n_valid_assets=126
2025-12-28 23:20:42,643 | WARNING | Using fallback equal-weight on 2015-11-12 00:00:00 | opt_status=ema_insufficient_window | n_valid_assets=126
2025-12-28 23:20:42,650 | WARNING | Using fallback equal-weight on 2015-11-15 00:00:00 | opt_status=ema_insufficient_window | n_valid_assets=126
2025-12-28 23:20:42,659 | WARNING | Using fallback equal-weight on 2015-11-16 00:00:00 | opt_status=ema_insufficient_window | n_valid_assets=126
2025-12-28 23:20:42,666 | WARNING | Using fallback equal-weight on 2015-11-17 00:00:00 | opt_status=ema_insufficient_window | n_valid_assets=126
2025-12-28 23:20:42,674 | WARNING | Using fallback equal-weight on 2015-11-18 00:00:00 | opt_status=ema_insufficient_window | n_valid_assets=126
2025-12-28 23:20:42,681 | WARNING | Using fallback equal-weight on 2015-11-19 00:00:00 | opt_status=ema_insufficient_window | n_valid_assets=126
2025-12-28 23:20:42,689 | WARNING | Using fallback equal-weight on 2015-11-22 00:00:00 | opt_status=ema_insufficient_window | n_valid_assets=126
2025-12-28 23:20:42,697 | WARNING | Using fallback equal-weight on 2015-11-23 00:00:00 | opt_status=ema_insufficient_window | n_valid_assets=126
2025-12-28 23:20:42,704 | WARNING | Using fallback equal-weight on 2015-11-25 00:00:00 | opt_status=ema_insufficient_window | n_valid_assets=126
2025-12-28 23:20:42,713 | WARNING | Using fallback equal-weight on 2015-11-26 00:00:00 | opt_status=ema_insufficient_window | n_valid_assets=126
2025-12-28 23:20:42,720 | WARNING | Using fallback equal-weight on 2015-11-29 00:00:00 | opt_status=ema_insufficient_window | n_valid_assets=126
2025-12-28 23:20:42,728 | WARNING | Using fallback equal-weight on 2015-11-30 00:00:00 | opt_status=ema_insufficient_window | n_valid_assets=126
2025-12-28 23:20:42,736 | WARNING | Using fallback equal-weight on 2015-12-01 00:00:00 | opt_status=ema_insufficient_window | n_valid_assets=126
2025-12-28 23:20:42,744 | WARNING | Using fallback equal-weight on 2015-12-02 00:00:00 | opt_status=ema_insufficient_window | n_valid_assets=126
2025-12-28 23:20:42,752 | WARNING | Using fallback equal-weight on 2015-12-03 00:00:00 | opt_status=ema_insufficient_window | n_valid_assets=126
2025-12-28 23:20:42,761 | WARNING | Using fallback equal-weight on 2015-12-06 00:00:00 | opt_status=ema_insufficient_window | n_valid_assets=126
2025-12-28 23:20:42,769 | WARNING | Using fallback equal-weight on 2015-12-07 00:00:00 | opt_status=ema_insufficient_window | n_valid_assets=126
2025-12-28 23:20:42,778 | WARNING | Using fallback equal-weight on 2015-12-08 00:00:00 | opt_status=ema_insufficient_window | n_valid_assets=126
2025-12-28 23:20:42,785 | WARNING | Using fallback equal-weight on 2015-12-09 00:00:00 | opt_status=ema_insufficient_window | n_valid_assets=126
2025-12-28 23:20:42,795 | WARNING | Using fallback equal-weight on 2015-12-10 00:00:00 | opt_status=ema_insufficient_window | n_valid_assets=126
2025-12-28 23:20:42,801 | WARNING | Using fallback equal-weight on 2015-12-13 00:00:00 | opt_status=ema_insufficient_window | n_valid_assets=126
2025-12-28 23:20:42,810 | WARNING | Using fallback equal-weight on 2015-12-14 00:00:00 | opt_status=ema_insufficient_window | n_valid_assets=126
2025-12-28 23:20:42,811 | INFO | Progress: 1% (24/2303) | date=2015-12-14 00:00:00 nav=0.99223827 opt_status=ema_insufficient_window
2025-12-28 23:20:42,818 | WARNING | Using fallback equal-weight on 2015-12-15 00:00:00 | opt_status=ema_insufficient_window | n_valid_assets=127
2025-12-28 23:20:42,826 | WARNING | Using fallback equal-weight on 2015-12-16 00:00:00 | opt_status=ema_insufficient_window | n_valid_assets=127
2025-12-28 23:20:42,834 | WARNING | Using fallback equal-weight on 2015-12-17 00:00:00 | opt_status=ema_insufficient_window | n_valid_assets=127
2025-12-28 23:20:42,843 | WARNING | Using fallback equal-weight on 2015-12-20 00:00:00 | opt_status=ema_insufficient_window | n_valid_assets=127
2025-12-28 23:20:42,850 | WARNING | Using fallback equal-weight on 2015-12-21 00:00:00 | opt_status=ema_insufficient_window | n_valid_assets=127
2025-12-28 23:20:42,859 | WARNING | Using fallback equal-weight on 2015-12-22 00:00:00 | opt_status=ema_insufficient_window | n_valid_assets=127
2025-12-28 23:20:42,867 | WARNING | Using fallback equal-weight on 2015-12-23 00:00:00 | opt_status=ema_insufficient_window | n_valid_assets=127
2025-12-28 23:20:42,876 | WARNING | Using fallback equal-weight on 2015-12-27 00:00:00 | opt_status=ema_insufficient_window | n_valid_assets=127
2025-12-28 23:20:42,883 | WARNING | Using fallback equal-weight on 2015-12-28 00:00:00 | opt_status=ema_insufficient_window | n_valid_assets=127
2025-12-28 23:20:42,893 | WARNING | Using fallback equal-weight on 2015-12-29 00:00:00 | opt_status=ema_insufficient_window | n_valid_assets=127
2025-12-28 23:20:42,901 | WARNING | Using fallback equal-weight on 2015-12-30 00:00:00 | opt_status=ema_insufficient_window | n_valid_assets=127
2025-12-28 23:20:42,910 | WARNING | Using fallback equal-weight on 2015-12-31 00:00:00 | opt_status=ema_insufficient_window | n_valid_assets=127
2025-12-28 23:20:42,918 | WARNING | Using fallback equal-weight on 2016-01-03 00:00:00 | opt_status=ema_insufficient_window | n_valid_assets=127
2025-12-28 23:20:42,927 | WARNING | Using fallback equal-weight on 2016-01-04 00:00:00 | opt_status=ema_insufficient_window | n_valid_assets=127
2025-12-28 23:20:42,934 | WARNING | Using fallback equal-weight on 2016-01-05 00:00:00 | opt_status=ema_insufficient_window | n_valid_assets=127
2025-12-28 23:20:42,943 | WARNING | Using fallback equal-weight on 2016-01-06 00:00:00 | opt_status=ema_insufficient_window | n_valid_assets=127
2025-12-28 23:20:42,951 | WARNING | Using fallback equal-weight on 2016-01-07 00:00:00 | opt_status=ema_insufficient_window | n_valid_assets=127
2025-12-28 23:20:42,959 | WARNING | Using fallback equal-weight on 2016-01-10 00:00:00 | opt_status=ema_insufficient_window | n_valid_assets=127
2025-12-28 23:20:42,967 | WARNING | Using fallback equal-weight on 2016-01-11 00:00:00 | opt_status=ema_insufficient_window | n_valid_assets=127
2025-12-28 23:20:42,975 | WARNING | Using fallback equal-weight on 2016-01-12 00:00:00 | opt_status=ema_insufficient_window | n_valid_assets=127
2025-12-28 23:20:42,983 | WARNING | Using fallback equal-weight on 2016-01-13 00:00:00 | opt_status=ema_insufficient_window | n_valid_assets=127
2025-12-28 23:20:42,991 | WARNING | Using fallback equal-weight on 2016-01-14 00:00:00 | opt_status=ema_insufficient_window | n_valid_assets=127
2025-12-28 23:20:42,999 | WARNING | Using fallback equal-weight on 2016-01-17 00:00:00 | opt_status=ema_insufficient_window | n_valid_assets=127
2025-12-28 23:20:43,000 | INFO | Progress: 2% (47/2303) | date=2016-01-17 00:00:00 nav=0.92986135 opt_status=ema_insufficient_window
2025-12-28 23:20:43,007 | WARNING | Using fallback equal-weight on 2016-01-18 00:00:00 | opt_status=ema_insufficient_window | n_valid_assets=127
2025-12-28 23:20:43,015 | WARNING | Using fallback equal-weight on 2016-01-19 00:00:00 | opt_status=ema_insufficient_window | n_valid_assets=127
2025-12-28 23:20:43,023 | WARNING | Using fallback equal-weight on 2016-01-20 00:00:00 | opt_status=ema_insufficient_window | n_valid_assets=127
2025-12-28 23:20:43,032 | WARNING | Using fallback equal-weight on 2016-01-21 00:00:00 | opt_status=ema_insufficient_window | n_valid_assets=127
2025-12-28 23:20:43,040 | WARNING | Using fallback equal-weight on 2016-01-24 00:00:00 | opt_status=ema_insufficient_window | n_valid_assets=127
2025-12-28 23:20:43,048 | WARNING | Using fallback equal-weight on 2016-01-26 00:00:00 | opt_status=ema_insufficient_window | n_valid_assets=127
2025-12-28 23:20:43,056 | WARNING | Using fallback equal-weight on 2016-01-27 00:00:00 | opt_status=ema_insufficient_window | n_valid_assets=127
2025-12-28 23:20:43,064 | WARNING | Using fallback equal-weight on 2016-01-28 00:00:00 | opt_status=ema_insufficient_window | n_valid_assets=127
2025-12-28 23:20:43,072 | WARNING | Using fallback equal-weight on 2016-01-31 00:00:00 | opt_status=ema_insufficient_window | n_valid_assets=127
2025-12-28 23:20:43,080 | WARNING | Using fallback equal-weight on 2016-02-01 00:00:00 | opt_status=ema_insufficient_window | n_valid_assets=127
2025-12-28 23:20:43,088 | WARNING | Using fallback equal-weight on 2016-02-02 00:00:00 | opt_status=ema_insufficient_window | n_valid_assets=127
2025-12-28 23:20:43,096 | WARNING | Using fallback equal-weight on 2016-02-03 00:00:00 | opt_status=ema_insufficient_window | n_valid_assets=127
2025-12-28 23:20:43,104 | WARNING | Using fallback equal-weight on 2016-02-04 00:00:00 | opt_status=ema_insufficient_window | n_valid_assets=127
2025-12-28 23:20:43,112 | WARNING | Using fallback equal-weight on 2016-02-07 00:00:00 | opt_status=ema_insufficient_window | n_valid_assets=127
2025-12-28 23:20:43,120 | WARNING | Using fallback equal-weight on 2016-02-08 00:00:00 | opt_status=ema_insufficient_window | n_valid_assets=127
2025-12-28 23:20:43,128 | WARNING | Using fallback equal-weight on 2016-02-09 00:00:00 | opt_status=ema_insufficient_window | n_valid_assets=127
2025-12-28 23:20:43,136 | WARNING | Using fallback equal-weight on 2016-02-10 00:00:00 | opt_status=ema_insufficient_window | n_valid_assets=127
2025-12-28 23:20:43,144 | WARNING | Using fallback equal-weight on 2016-02-11 00:00:00 | opt_status=ema_insufficient_window | n_valid_assets=127
2025-12-28 23:20:43,153 | WARNING | Using fallback equal-weight on 2016-02-14 00:00:00 | opt_status=ema_insufficient_window | n_valid_assets=127
2025-12-28 23:20:43,162 | WARNING | Using fallback equal-weight on 2016-02-15 00:00:00 | opt_status=ema_insufficient_window | n_valid_assets=127
2025-12-28 23:20:43,170 | WARNING | Using fallback equal-weight on 2016-02-16 00:00:00 | opt_status=ema_insufficient_window | n_valid_assets=127
2025-12-28 23:20:43,178 | WARNING | Using fallback equal-weight on 2016-02-17 00:00:00 | opt_status=ema_insufficient_window | n_valid_assets=127
2025-12-28 23:20:43,186 | WARNING | Using fallback equal-weight on 2016-02-18 00:00:00 | opt_status=ema_insufficient_window | n_valid_assets=127
2025-12-28 23:20:43,187 | INFO | Progress: 3% (70/2303) | date=2016-02-18 00:00:00 nav=0.91641209 opt_status=ema_insufficient_window
2025-12-28 23:20:43,194 | WARNING | Using fallback equal-weight on 2016-02-21 00:00:00 | opt_status=ema_insufficient_window | n_valid_assets=127
2025-12-28 23:20:43,202 | WARNING | Using fallback equal-weight on 2016-02-22 00:00:00 | opt_status=ema_insufficient_window | n_valid_assets=127
2025-12-28 23:20:43,210 | WARNING | Using fallback equal-weight on 2016-02-23 00:00:00 | opt_status=ema_insufficient_window | n_valid_assets=127
2025-12-28 23:20:43,218 | WARNING | Using fallback equal-weight on 2016-02-24 00:00:00 | opt_status=ema_insufficient_window | n_valid_assets=127
2025-12-28 23:20:43,227 | WARNING | Using fallback equal-weight on 2016-02-25 00:00:00 | opt_status=ema_insufficient_window | n_valid_assets=127
2025-12-28 23:20:43,236 | WARNING | Using fallback equal-weight on 2016-02-28 00:00:00 | opt_status=ema_insufficient_window | n_valid_assets=127
2025-12-28 23:20:43,245 | WARNING | Using fallback equal-weight on 2016-02-29 00:00:00 | opt_status=ema_insufficient_window | n_valid_assets=127
2025-12-28 23:20:43,254 | WARNING | Using fallback equal-weight on 2016-03-01 00:00:00 | opt_status=ema_insufficient_window | n_valid_assets=127
2025-12-28 23:20:43,262 | WARNING | Using fallback equal-weight on 2016-03-02 00:00:00 | opt_status=ema_insufficient_window | n_valid_assets=127
2025-12-28 23:20:43,270 | WARNING | Using fallback equal-weight on 2016-03-03 00:00:00 | opt_status=ema_insufficient_window | n_valid_assets=127
2025-12-28 23:20:43,278 | WARNING | Using fallback equal-weight on 2016-03-07 00:00:00 | opt_status=ema_insufficient_window | n_valid_assets=127
2025-12-28 23:20:43,286 | WARNING | Using fallback equal-weight on 2016-03-08 00:00:00 | opt_status=ema_insufficient_window | n_valid_assets=127
2025-12-28 23:20:43,294 | WARNING | Using fallback equal-weight on 2016-03-09 00:00:00 | opt_status=ema_insufficient_window | n_valid_assets=127
2025-12-28 23:20:43,303 | WARNING | Using fallback equal-weight on 2016-03-10 00:00:00 | opt_status=ema_insufficient_window | n_valid_assets=127
2025-12-28 23:20:43,312 | WARNING | Using fallback equal-weight on 2016-03-13 00:00:00 | opt_status=ema_insufficient_window | n_valid_assets=127
2025-12-28 23:20:43,319 | WARNING | Using fallback equal-weight on 2016-03-14 00:00:00 | opt_status=ema_insufficient_window | n_valid_assets=127
2025-12-28 23:20:43,327 | WARNING | Using fallback equal-weight on 2016-03-15 00:00:00 | opt_status=ema_insufficient_window | n_valid_assets=127
2025-12-28 23:20:43,335 | WARNING | Using fallback equal-weight on 2016-03-16 00:00:00 | opt_status=ema_insufficient_window | n_valid_assets=127
2025-12-28 23:20:43,344 | WARNING | Using fallback equal-weight on 2016-03-17 00:00:00 | opt_status=ema_insufficient_window | n_valid_assets=127
2025-12-28 23:20:43,351 | WARNING | Using fallback equal-weight on 2016-03-20 00:00:00 | opt_status=ema_insufficient_window | n_valid_assets=127
2025-12-28 23:20:43,359 | WARNING | Using fallback equal-weight on 2016-03-21 00:00:00 | opt_status=ema_insufficient_window | n_valid_assets=127
2025-12-28 23:20:43,367 | WARNING | Using fallback equal-weight on 2016-03-22 00:00:00 | opt_status=ema_insufficient_window | n_valid_assets=127
2025-12-28 23:20:43,376 | WARNING | Using fallback equal-weight on 2016-03-27 00:00:00 | opt_status=ema_insufficient_window | n_valid_assets=127
2025-12-28 23:20:43,377 | INFO | Progress: 4% (93/2303) | date=2016-03-27 00:00:00 nav=0.97059029 opt_status=ema_insufficient_window
2025-12-28 23:20:43,384 | WARNING | Using fallback equal-weight on 2016-03-28 00:00:00 | opt_status=ema_insufficient_window | n_valid_assets=127
2025-12-28 23:20:43,394 | WARNING | Using fallback equal-weight on 2016-03-29 00:00:00 | opt_status=ema_insufficient_window | n_valid_assets=127
2025-12-28 23:20:43,402 | WARNING | Using fallback equal-weight on 2016-03-30 00:00:00 | opt_status=ema_insufficient_window | n_valid_assets=127
2025-12-28 23:20:43,411 | WARNING | Using fallback equal-weight on 2016-03-31 00:00:00 | opt_status=ema_insufficient_window | n_valid_assets=127
2025-12-28 23:20:43,420 | WARNING | Using fallback equal-weight on 2016-04-03 00:00:00 | opt_status=ema_insufficient_window | n_valid_assets=127
2025-12-28 23:20:43,428 | WARNING | Using fallback equal-weight on 2016-04-04 00:00:00 | opt_status=ema_insufficient_window | n_valid_assets=127
2025-12-28 23:20:43,436 | WARNING | Using fallback equal-weight on 2016-04-05 00:00:00 | opt_status=ema_insufficient_window | n_valid_assets=127
2025-12-28 23:20:43,445 | WARNING | Using fallback equal-weight on 2016-04-06 00:00:00 | opt_status=ema_insufficient_window | n_valid_assets=127
2025-12-28 23:20:43,453 | WARNING | Using fallback equal-weight on 2016-04-07 00:00:00 | opt_status=ema_insufficient_window | n_valid_assets=127
2025-12-28 23:20:43,462 | WARNING | Using fallback equal-weight on 2016-04-10 00:00:00 | opt_status=ema_insufficient_window | n_valid_assets=127
2025-12-28 23:20:43,470 | WARNING | Using fallback equal-weight on 2016-04-11 00:00:00 | opt_status=ema_insufficient_window | n_valid_assets=127
2025-12-28 23:20:43,478 | WARNING | Using fallback equal-weight on 2016-04-12 00:00:00 | opt_status=ema_insufficient_window | n_valid_assets=127
2025-12-28 23:20:43,488 | WARNING | Using fallback equal-weight on 2016-04-17 00:00:00 | opt_status=ema_insufficient_window | n_valid_assets=127
2025-12-28 23:20:43,496 | WARNING | Using fallback equal-weight on 2016-04-19 00:00:00 | opt_status=ema_insufficient_window | n_valid_assets=127
2025-12-28 23:20:43,504 | WARNING | Using fallback equal-weight on 2016-04-20 00:00:00 | opt_status=ema_insufficient_window | n_valid_assets=127
2025-12-28 23:20:43,513 | WARNING | Using fallback equal-weight on 2016-04-21 00:00:00 | opt_status=ema_insufficient_window | n_valid_assets=127
2025-12-28 23:20:43,521 | WARNING | Using fallback equal-weight on 2016-04-24 00:00:00 | opt_status=ema_insufficient_window | n_valid_assets=127
2025-12-28 23:20:43,530 | WARNING | Using fallback equal-weight on 2016-04-25 00:00:00 | opt_status=ema_insufficient_window | n_valid_assets=127
2025-12-28 23:20:43,538 | WARNING | Using fallback equal-weight on 2016-04-26 00:00:00 | opt_status=ema_insufficient_window | n_valid_assets=127
2025-12-28 23:20:43,547 | WARNING | Using fallback equal-weight on 2016-04-27 00:00:00 | opt_status=ema_insufficient_window | n_valid_assets=127
2025-12-28 23:20:43,555 | WARNING | Using fallback equal-weight on 2016-04-28 00:00:00 | opt_status=ema_insufficient_window | n_valid_assets=127
2025-12-28 23:20:43,563 | WARNING | Using fallback equal-weight on 2016-05-01 00:00:00 | opt_status=ema_insufficient_window | n_valid_assets=127
2025-12-28 23:20:43,572 | WARNING | Using fallback equal-weight on 2016-05-02 00:00:00 | opt_status=ema_insufficient_window | n_valid_assets=127
2025-12-28 23:20:43,573 | INFO | Progress: 5% (116/2303) | date=2016-05-02 00:00:00 nav=1.02666195 opt_status=ema_insufficient_window
2025-12-28 23:20:43,580 | WARNING | Using fallback equal-weight on 2016-05-03 00:00:00 | opt_status=ema_insufficient_window | n_valid_assets=127
2025-12-28 23:20:43,589 | WARNING | Using fallback equal-weight on 2016-05-04 00:00:00 | opt_status=ema_insufficient_window | n_valid_assets=127
2025-12-28 23:20:43,597 | WARNING | Using fallback equal-weight on 2016-05-05 00:00:00 | opt_status=ema_insufficient_window | n_valid_assets=128
2025-12-28 23:20:43,606 | WARNING | Using fallback equal-weight on 2016-05-08 00:00:00 | opt_status=ema_insufficient_window | n_valid_assets=128
2025-12-28 23:20:43,614 | WARNING | Using fallback equal-weight on 2016-05-09 00:00:00 | opt_status=ema_insufficient_window | n_valid_assets=128
2025-12-28 23:20:43,623 | WARNING | Using fallback equal-weight on 2016-05-10 00:00:00 | opt_status=ema_insufficient_window | n_valid_assets=128
2025-12-28 23:20:43,631 | WARNING | Using fallback equal-weight on 2016-05-11 00:00:00 | opt_status=ema_insufficient_window | n_valid_assets=128
2025-12-28 23:20:43,639 | WARNING | Using fallback equal-weight on 2016-05-12 00:00:00 | opt_status=ema_insufficient_window | n_valid_assets=128
2025-12-28 23:20:43,648 | WARNING | Using fallback equal-weight on 2016-05-15 00:00:00 | opt_status=ema_insufficient_window | n_valid_assets=128
2025-12-28 23:20:43,657 | WARNING | Using fallback equal-weight on 2016-05-16 00:00:00 | opt_status=ema_insufficient_window | n_valid_assets=128
2025-12-28 23:20:43,665 | WARNING | Using fallback equal-weight on 2016-05-17 00:00:00 | opt_status=ema_insufficient_window | n_valid_assets=128
2025-12-28 23:20:43,674 | WARNING | Using fallback equal-weight on 2016-05-18 00:00:00 | opt_status=ema_insufficient_window | n_valid_assets=128
2025-12-28 23:20:43,682 | WARNING | Using fallback equal-weight on 2016-05-19 00:00:00 | opt_status=ema_insufficient_window | n_valid_assets=128
2025-12-28 23:20:43,691 | WARNING | Using fallback equal-weight on 2016-05-22 00:00:00 | opt_status=ema_insufficient_window | n_valid_assets=128
2025-12-28 23:20:43,700 | WARNING | Using fallback equal-weight on 2016-05-23 00:00:00 | opt_status=ema_insufficient_window | n_valid_assets=128
2025-12-28 23:20:43,709 | WARNING | Using fallback equal-weight on 2016-05-24 00:00:00 | opt_status=ema_insufficient_window | n_valid_assets=128
2025-12-28 23:20:43,717 | WARNING | Using fallback equal-weight on 2016-05-25 00:00:00 | opt_status=ema_insufficient_window | n_valid_assets=128
2025-12-28 23:20:43,726 | WARNING | Using fallback equal-weight on 2016-05-26 00:00:00 | opt_status=ema_insufficient_window | n_valid_assets=128
2025-12-28 23:20:43,735 | WARNING | Using fallback equal-weight on 2016-05-29 00:00:00 | opt_status=ema_insufficient_window | n_valid_assets=128
2025-12-28 23:20:43,745 | WARNING | Using fallback equal-weight on 2016-05-30 00:00:00 | opt_status=ema_insufficient_window | n_valid_assets=128
2025-12-28 23:20:43,755 | WARNING | Using fallback equal-weight on 2016-05-31 00:00:00 | opt_status=ema_insufficient_window | n_valid_assets=128
2025-12-28 23:20:43,765 | WARNING | Using fallback equal-weight on 2016-06-01 00:00:00 | opt_status=ema_insufficient_window | n_valid_assets=128
2025-12-28 23:20:43,774 | WARNING | Using fallback equal-weight on 2016-06-02 00:00:00 | opt_status=ema_insufficient_window | n_valid_assets=128
2025-12-28 23:20:43,775 | INFO | Progress: 6% (139/2303) | date=2016-06-02 00:00:00 nav=1.06862137 opt_status=ema_insufficient_window
2025-12-28 23:20:43,783 | WARNING | Using fallback equal-weight on 2016-06-05 00:00:00 | opt_status=ema_insufficient_window | n_valid_assets=128
2025-12-28 23:20:43,792 | WARNING | Using fallback equal-weight on 2016-06-06 00:00:00 | opt_status=ema_insufficient_window | n_valid_assets=128
2025-12-28 23:20:43,802 | WARNING | Using fallback equal-weight on 2016-06-07 00:00:00 | opt_status=ema_insufficient_window | n_valid_assets=128
2025-12-28 23:20:43,811 | WARNING | Using fallback equal-weight on 2016-06-08 00:00:00 | opt_status=ema_insufficient_window | n_valid_assets=128
2025-12-28 23:20:43,820 | WARNING | Using fallback equal-weight on 2016-06-09 00:00:00 | opt_status=ema_insufficient_window | n_valid_assets=128
2025-12-28 23:20:43,829 | WARNING | Using fallback equal-weight on 2016-06-12 00:00:00 | opt_status=ema_insufficient_window | n_valid_assets=128
2025-12-28 23:20:43,838 | WARNING | Using fallback equal-weight on 2016-06-13 00:00:00 | opt_status=ema_insufficient_window | n_valid_assets=128
2025-12-28 23:20:43,848 | WARNING | Using fallback equal-weight on 2016-06-14 00:00:00 | opt_status=ema_insufficient_window | n_valid_assets=128
2025-12-28 23:20:43,857 | WARNING | Using fallback equal-weight on 2016-06-15 00:00:00 | opt_status=ema_insufficient_window | n_valid_assets=128
2025-12-28 23:20:43,866 | WARNING | Using fallback equal-weight on 2016-06-16 00:00:00 | opt_status=ema_insufficient_window | n_valid_assets=128
2025-12-28 23:20:43,875 | WARNING | Using fallback equal-weight on 2016-06-19 00:00:00 | opt_status=ema_insufficient_window | n_valid_assets=128
2025-12-28 23:20:43,884 | WARNING | Using fallback equal-weight on 2016-06-20 00:00:00 | opt_status=ema_insufficient_window | n_valid_assets=128
2025-12-28 23:20:43,894 | WARNING | Using fallback equal-weight on 2016-06-21 00:00:00 | opt_status=ema_insufficient_window | n_valid_assets=128
2025-12-28 23:20:43,902 | WARNING | Using fallback equal-weight on 2016-06-22 00:00:00 | opt_status=ema_insufficient_window | n_valid_assets=128
2025-12-28 23:20:43,912 | WARNING | Using fallback equal-weight on 2016-06-23 00:00:00 | opt_status=ema_insufficient_window | n_valid_assets=129
2025-12-28 23:20:43,920 | WARNING | Using fallback equal-weight on 2016-06-26 00:00:00 | opt_status=ema_insufficient_window | n_valid_assets=129
2025-12-28 23:20:43,929 | WARNING | Using fallback equal-weight on 2016-06-27 00:00:00 | opt_status=ema_insufficient_window | n_valid_assets=129
2025-12-28 23:20:43,937 | WARNING | Using fallback equal-weight on 2016-06-28 00:00:00 | opt_status=ema_insufficient_window | n_valid_assets=129
2025-12-28 23:20:43,946 | WARNING | Using fallback equal-weight on 2016-06-29 00:00:00 | opt_status=ema_insufficient_window | n_valid_assets=129
2025-12-28 23:20:43,954 | WARNING | Using fallback equal-weight on 2016-06-30 00:00:00 | opt_status=ema_insufficient_window | n_valid_assets=129
2025-12-28 23:20:43,964 | WARNING | Using fallback equal-weight on 2016-07-03 00:00:00 | opt_status=ema_insufficient_window | n_valid_assets=129
2025-12-28 23:20:43,973 | WARNING | Using fallback equal-weight on 2016-07-04 00:00:00 | opt_status=ema_insufficient_window | n_valid_assets=129
2025-12-28 23:20:43,982 | WARNING | Using fallback equal-weight on 2016-07-06 00:00:00 | opt_status=ema_insufficient_window | n_valid_assets=129
2025-12-28 23:20:43,983 | INFO | Progress: 7% (162/2303) | date=2016-07-06 00:00:00 nav=1.13173901 opt_status=ema_insufficient_window
2025-12-28 23:20:43,991 | WARNING | Using fallback equal-weight on 2016-07-07 00:00:00 | opt_status=ema_insufficient_window | n_valid_assets=129
2025-12-28 23:20:44,000 | WARNING | Using fallback equal-weight on 2016-07-10 00:00:00 | opt_status=ema_insufficient_window | n_valid_assets=129
2025-12-28 23:20:44,010 | WARNING | Using fallback equal-weight on 2016-07-11 00:00:00 | opt_status=ema_insufficient_window | n_valid_assets=129
2025-12-28 23:20:44,019 | WARNING | Using fallback equal-weight on 2016-07-12 00:00:00 | opt_status=ema_insufficient_window | n_valid_assets=129
2025-12-28 23:20:44,028 | WARNING | Using fallback equal-weight on 2016-07-13 00:00:00 | opt_status=ema_insufficient_window | n_valid_assets=130
2025-12-28 23:20:44,037 | WARNING | Using fallback equal-weight on 2016-07-14 00:00:00 | opt_status=ema_insufficient_window | n_valid_assets=130
2025-12-28 23:20:44,047 | WARNING | Using fallback equal-weight on 2016-07-17 00:00:00 | opt_status=ema_insufficient_window | n_valid_assets=130
2025-12-28 23:20:44,057 | WARNING | Using fallback equal-weight on 2016-07-18 00:00:00 | opt_status=ema_insufficient_window | n_valid_assets=130
2025-12-28 23:20:44,066 | WARNING | Using fallback equal-weight on 2016-07-19 00:00:00 | opt_status=ema_insufficient_window | n_valid_assets=130
2025-12-28 23:20:44,075 | WARNING | Using fallback equal-weight on 2016-07-20 00:00:00 | opt_status=ema_insufficient_window | n_valid_assets=130
2025-12-28 23:20:44,084 | WARNING | Using fallback equal-weight on 2016-07-21 00:00:00 | opt_status=ema_insufficient_window | n_valid_assets=130
2025-12-28 23:20:44,094 | WARNING | Using fallback equal-weight on 2016-07-24 00:00:00 | opt_status=ema_insufficient_window | n_valid_assets=130
2025-12-28 23:20:44,102 | WARNING | Using fallback equal-weight on 2016-07-25 00:00:00 | opt_status=ema_insufficient_window | n_valid_assets=130
2025-12-28 23:20:44,111 | WARNING | Using fallback equal-weight on 2016-07-26 00:00:00 | opt_status=ema_insufficient_window | n_valid_assets=130
2025-12-28 23:20:44,280 | INFO | Progress: 8% (185/2303) | date=2016-08-08 00:00:00 nav=1.20729375 opt_status=ok_ema_risk_parity
2025-12-28 23:20:44,702 | INFO | Progress: 9% (208/2303) | date=2016-09-13 00:00:00 nav=1.23342005 opt_status=ok_ema_risk_parity
2025-12-28 23:20:45,135 | INFO | Progress: 10% (231/2303) | date=2016-10-18 00:00:00 nav=1.27209386 opt_status=ok_ema_risk_parity
2025-12-28 23:20:45,571 | INFO | Progress: 11% (254/2303) | date=2016-11-22 00:00:00 nav=1.15754665 opt_status=ok_ema_risk_parity
2025-12-28 23:20:46,005 | INFO | Progress: 12% (277/2303) | date=2016-12-25 00:00:00 nav=1.12532112 opt_status=ok_ema_risk_parity
2025-12-28 23:20:46,453 | INFO | Progress: 13% (300/2303) | date=2017-01-26 00:00:00 nav=1.30203952 opt_status=ok_ema_risk_parity
2025-12-28 23:20:46,916 | INFO | Progress: 14% (323/2303) | date=2017-03-01 00:00:00 nav=1.37194478 opt_status=ok_ema_risk_parity
2025-12-28 23:20:47,361 | INFO | Progress: 15% (346/2303) | date=2017-04-05 00:00:00 nav=1.49882538 opt_status=ok_ema_risk_parity
2025-12-28 23:20:47,811 | INFO | Progress: 16% (369/2303) | date=2017-05-10 00:00:00 nav=1.58450644 opt_status=ok_ema_risk_parity
2025-12-28 23:20:48,285 | INFO | Progress: 17% (392/2303) | date=2017-06-12 00:00:00 nav=1.54317742 opt_status=ok_ema_risk_parity
2025-12-28 23:20:48,763 | INFO | Progress: 18% (415/2303) | date=2017-07-16 00:00:00 nav=1.60143493 opt_status=ok_ema_risk_parity
2025-12-28 23:20:49,202 | INFO | Progress: 19% (438/2303) | date=2017-08-17 00:00:00 nav=1.5550419 opt_status=ok_ema_risk_parity
2025-12-28 23:20:49,633 | INFO | Progress: 20% (461/2303) | date=2017-09-20 00:00:00 nav=1.66584408 opt_status=ok_ema_risk_parity
2025-12-28 23:20:50,078 | INFO | Progress: 21% (484/2303) | date=2017-10-25 00:00:00 nav=1.74415203 opt_status=ok_ema_risk_parity
2025-12-28 23:20:50,520 | INFO | Progress: 22% (507/2303) | date=2017-11-27 00:00:00 nav=1.83081754 opt_status=ok_ema_risk_parity
2025-12-28 23:20:50,957 | INFO | Progress: 23% (530/2303) | date=2017-12-31 00:00:00 nav=1.90740973 opt_status=ok_ema_risk_parity
2025-12-28 23:20:51,403 | INFO | Progress: 24% (553/2303) | date=2018-02-01 00:00:00 nav=1.86404481 opt_status=ok_ema_risk_parity
2025-12-28 23:20:51,843 | INFO | Progress: 25% (576/2303) | date=2018-03-08 00:00:00 nav=1.81718479 opt_status=ok_ema_risk_parity
2025-12-28 23:20:52,266 | INFO | Progress: 26% (599/2303) | date=2018-04-12 00:00:00 nav=1.98719805 opt_status=ok_ema_risk_parity
2025-12-28 23:20:52,689 | INFO | Progress: 27% (622/2303) | date=2018-05-16 00:00:00 nav=2.03541762 opt_status=ok_ema_risk_parity
2025-12-28 23:20:53,138 | INFO | Progress: 28% (645/2303) | date=2018-06-18 00:00:00 nav=2.00277444 opt_status=ok_ema_risk_parity
2025-12-28 23:20:53,561 | INFO | Progress: 29% (668/2303) | date=2018-07-19 00:00:00 nav=2.12992466 opt_status=ok_ema_risk_parity
2025-12-28 23:20:53,985 | INFO | Progress: 30% (691/2303) | date=2018-08-23 00:00:00 nav=2.24691921 opt_status=ok_ema_risk_parity
2025-12-28 23:20:54,402 | INFO | Progress: 31% (714/2303) | date=2018-09-27 00:00:00 nav=1.99761399 opt_status=ok_ema_risk_parity
2025-12-28 23:20:54,822 | INFO | Progress: 32% (737/2303) | date=2018-11-01 00:00:00 nav=1.84610343 opt_status=ok_ema_risk_parity
2025-12-28 23:20:55,278 | INFO | Progress: 33% (760/2303) | date=2018-12-06 00:00:00 nav=1.83459208 opt_status=ok_ema_risk_parity
2025-12-28 23:20:55,717 | INFO | Progress: 34% (784/2303) | date=2019-01-10 00:00:00 nav=1.8537041 opt_status=ok_ema_risk_parity
2025-12-28 23:20:56,210 | INFO | Progress: 35% (807/2303) | date=2019-02-13 00:00:00 nav=1.80937087 opt_status=ok_ema_risk_parity
2025-12-28 23:20:56,648 | INFO | Progress: 36% (830/2303) | date=2019-03-19 00:00:00 nav=1.91487307 opt_status=ok_ema_risk_parity
2025-12-28 23:20:57,075 | INFO | Progress: 37% (853/2303) | date=2019-04-25 00:00:00 nav=1.930068 opt_status=ok_ema_risk_parity
2025-12-28 23:20:57,504 | INFO | Progress: 38% (876/2303) | date=2019-05-30 00:00:00 nav=1.98211713 opt_status=ok_ema_risk_parity
2025-12-28 23:20:57,948 | INFO | Progress: 39% (899/2303) | date=2019-07-03 00:00:00 nav=2.0307365 opt_status=ok_ema_risk_parity
2025-12-28 23:20:58,379 | INFO | Progress: 40% (922/2303) | date=2019-08-05 00:00:00 nav=1.85482084 opt_status=ok_ema_risk_parity
2025-12-28 23:20:58,804 | INFO | Progress: 41% (945/2303) | date=2019-09-11 00:00:00 nav=1.86270259 opt_status=ok_ema_risk_parity
2025-12-28 23:20:59,211 | INFO | Progress: 42% (968/2303) | date=2019-10-16 00:00:00 nav=2.01384334 opt_status=ok_ema_risk_parity
2025-12-28 23:20:59,634 | INFO | Progress: 43% (991/2303) | date=2019-11-20 00:00:00 nav=1.99447177 opt_status=ok_ema_risk_parity
2025-12-28 23:21:00,058 | INFO | Progress: 44% (1014/2303) | date=2019-12-23 00:00:00 nav=2.0304633 opt_status=ok_ema_risk_parity
2025-12-28 23:21:00,474 | INFO | Progress: 45% (1037/2303) | date=2020-01-26 00:00:00 nav=2.16398497 opt_status=ok_ema_risk_parity
2025-12-28 23:21:00,904 | INFO | Progress: 46% (1060/2303) | date=2020-02-27 00:00:00 nav=2.08660388 opt_status=ok_ema_risk_parity
2025-12-28 23:21:01,329 | INFO | Progress: 47% (1083/2303) | date=2020-04-02 00:00:00 nav=1.58420487 opt_status=ok_ema_risk_parity
2025-12-28 23:21:01,763 | INFO | Progress: 48% (1106/2303) | date=2020-05-11 00:00:00 nav=1.82124329 opt_status=ok_ema_risk_parity
2025-12-28 23:21:02,217 | INFO | Progress: 49% (1129/2303) | date=2020-06-14 00:00:00 nav=1.94129908 opt_status=ok_ema_risk_parity
2025-12-28 23:21:02,691 | INFO | Progress: 50% (1152/2303) | date=2020-07-15 00:00:00 nav=2.05551528 opt_status=ok_ema_risk_parity
2025-12-28 23:21:03,141 | INFO | Progress: 51% (1175/2303) | date=2020-08-17 00:00:00 nav=2.25423304 opt_status=ok_ema_risk_parity
2025-12-28 23:21:03,631 | INFO | Progress: 52% (1198/2303) | date=2020-09-17 00:00:00 nav=2.3486258 opt_status=ok_ema_risk_parity
2025-12-28 23:21:04,095 | INFO | Progress: 53% (1221/2303) | date=2020-10-21 00:00:00 nav=2.31401271 opt_status=ok_ema_risk_parity
2025-12-28 23:21:04,540 | INFO | Progress: 54% (1244/2303) | date=2020-11-23 00:00:00 nav=2.48305343 opt_status=ok_ema_risk_parity
2025-12-28 23:21:04,950 | INFO | Progress: 55% (1267/2303) | date=2020-12-28 00:00:00 nav=2.61823102 opt_status=ok_ema_risk_parity
2025-12-28 23:21:05,371 | INFO | Progress: 56% (1290/2303) | date=2021-01-31 00:00:00 nav=2.74779078 opt_status=ok_ema_risk_parity
2025-12-28 23:21:05,798 | INFO | Progress: 57% (1313/2303) | date=2021-03-03 00:00:00 nav=3.32039906 opt_status=ok_ema_risk_parity
2025-12-28 23:21:06,219 | INFO | Progress: 58% (1336/2303) | date=2021-04-08 00:00:00 nav=3.36553326 opt_status=ok_ema_risk_parity
2025-12-28 23:21:06,641 | INFO | Progress: 59% (1359/2303) | date=2021-05-16 00:00:00 nav=3.54710057 opt_status=ok_ema_risk_parity
2025-12-28 23:21:07,056 | INFO | Progress: 60% (1382/2303) | date=2021-06-16 00:00:00 nav=3.64664406 opt_status=ok_ema_risk_parity
2025-12-28 23:21:07,485 | INFO | Progress: 61% (1405/2303) | date=2021-07-19 00:00:00 nav=3.75606249 opt_status=ok_ema_risk_parity
2025-12-28 23:21:07,906 | INFO | Progress: 62% (1428/2303) | date=2021-08-23 00:00:00 nav=3.88950795 opt_status=ok_ema_risk_parity
2025-12-28 23:21:08,336 | INFO | Progress: 63% (1451/2303) | date=2021-09-26 00:00:00 nav=4.22533264 opt_status=ok_ema_risk_parity
2025-12-28 23:21:08,763 | INFO | Progress: 64% (1474/2303) | date=2021-10-28 00:00:00 nav=4.18723077 opt_status=ok_ema_risk_parity
2025-12-28 23:21:09,269 | INFO | Progress: 65% (1497/2303) | date=2021-12-02 00:00:00 nav=4.21553047 opt_status=ok_ema_risk_parity
2025-12-28 23:21:09,731 | INFO | Progress: 66% (1520/2303) | date=2022-01-04 00:00:00 nav=4.40903991 opt_status=ok_ema_risk_parity
2025-12-28 23:21:10,181 | INFO | Progress: 67% (1544/2303) | date=2022-02-08 00:00:00 nav=4.19844179 opt_status=ok_ema_risk_parity
2025-12-28 23:21:10,592 | INFO | Progress: 68% (1567/2303) | date=2022-03-14 00:00:00 nav=3.89996439 opt_status=ok_ema_risk_parity
2025-12-28 23:21:11,009 | INFO | Progress: 69% (1590/2303) | date=2022-04-19 00:00:00 nav=4.20449001 opt_status=ok_ema_risk_parity
2025-12-28 23:21:11,448 | INFO | Progress: 70% (1613/2303) | date=2022-05-23 00:00:00 nav=3.86709473 opt_status=ok_ema_risk_parity
2025-12-28 23:21:11,875 | INFO | Progress: 71% (1636/2303) | date=2022-06-23 00:00:00 nav=3.7503969 opt_status=ok_ema_risk_parity
2025-12-28 23:21:12,354 | INFO | Progress: 72% (1659/2303) | date=2022-07-26 00:00:00 nav=4.05454488 opt_status=ok_ema_risk_parity
2025-12-28 23:21:12,784 | INFO | Progress: 73% (1682/2303) | date=2022-08-31 00:00:00 nav=4.49475989 opt_status=ok_ema_risk_parity
2025-12-28 23:21:13,201 | INFO | Progress: 74% (1705/2303) | date=2022-10-03 00:00:00 nav=4.42844435 opt_status=ok_ema_risk_parity
2025-12-28 23:21:13,634 | INFO | Progress: 75% (1728/2303) | date=2022-11-08 00:00:00 nav=4.71848702 opt_status=ok_ema_risk_parity
2025-12-28 23:21:14,044 | INFO | Progress: 76% (1751/2303) | date=2022-12-11 00:00:00 nav=4.76803673 opt_status=ok_ema_risk_parity
2025-12-28 23:21:14,459 | INFO | Progress: 77% (1774/2303) | date=2023-01-11 00:00:00 nav=4.62563803 opt_status=ok_ema_risk_parity
2025-12-28 23:21:14,880 | INFO | Progress: 78% (1797/2303) | date=2023-02-14 00:00:00 nav=4.42015552 opt_status=ok_ema_risk_parity
2025-12-28 23:21:15,309 | INFO | Progress: 79% (1820/2303) | date=2023-03-20 00:00:00 nav=4.27780284 opt_status=ok_ema_risk_parity
2025-12-28 23:21:15,738 | INFO | Progress: 80% (1843/2303) | date=2023-04-26 00:00:00 nav=4.47786009 opt_status=ok_ema_risk_parity
2025-12-28 23:21:16,201 | INFO | Progress: 81% (1866/2303) | date=2023-05-30 00:00:00 nav=4.76432033 opt_status=ok_ema_risk_parity
2025-12-28 23:21:16,612 | INFO | Progress: 82% (1889/2303) | date=2023-07-03 00:00:00 nav=5.06870246 opt_status=ok_ema_risk_parity
2025-12-28 23:21:17,041 | INFO | Progress: 83% (1912/2303) | date=2023-08-03 00:00:00 nav=5.31914911 opt_status=ok_ema_risk_parity
2025-12-28 23:21:17,454 | INFO | Progress: 84% (1935/2303) | date=2023-09-06 00:00:00 nav=5.58727142 opt_status=ok_ema_risk_parity
2025-12-28 23:21:17,859 | INFO | Progress: 85% (1958/2303) | date=2023-10-11 00:00:00 nav=5.63678366 opt_status=ok_ema_risk_parity
2025-12-28 23:21:18,283 | INFO | Progress: 86% (1981/2303) | date=2023-11-15 00:00:00 nav=5.86378357 opt_status=ok_ema_risk_parity
2025-12-28 23:21:18,711 | INFO | Progress: 87% (2004/2303) | date=2023-12-19 00:00:00 nav=6.46024148 opt_status=ok_ema_risk_parity
2025-12-28 23:21:19,211 | INFO | Progress: 88% (2027/2303) | date=2024-01-23 00:00:00 nav=7.12420748 opt_status=ok_ema_risk_parity
2025-12-28 23:21:19,645 | INFO | Progress: 89% (2050/2303) | date=2024-02-26 00:00:00 nav=7.73482274 opt_status=ok_ema_risk_parity
2025-12-28 23:21:20,125 | INFO | Progress: 90% (2073/2303) | date=2024-04-02 00:00:00 nav=8.06462095 opt_status=ok_ema_risk_parity
2025-12-28 23:21:20,586 | INFO | Progress: 91% (2096/2303) | date=2024-05-08 00:00:00 nav=8.11663199 opt_status=ok_ema_risk_parity
2025-12-28 23:21:21,059 | INFO | Progress: 92% (2119/2303) | date=2024-06-11 00:00:00 nav=9.14540476 opt_status=ok_ema_risk_parity
2025-12-28 23:21:21,531 | INFO | Progress: 93% (2142/2303) | date=2024-07-15 00:00:00 nav=9.33597796 opt_status=ok_ema_risk_parity
2025-12-28 23:21:21,985 | INFO | Progress: 94% (2165/2303) | date=2024-08-19 00:00:00 nav=9.13357611 opt_status=ok_ema_risk_parity
2025-12-28 23:21:22,398 | INFO | Progress: 95% (2188/2303) | date=2024-09-19 00:00:00 nav=9.06775037 opt_status=ok_ema_risk_parity
2025-12-28 23:21:22,826 | INFO | Progress: 96% (2211/2303) | date=2024-10-23 00:00:00 nav=8.64322054 opt_status=ok_ema_risk_parity
2025-12-28 23:21:23,352 | INFO | Progress: 97% (2234/2303) | date=2024-11-27 00:00:00 nav=8.38526917 opt_status=ok_ema_risk_parity
2025-12-28 23:21:23,851 | INFO | Progress: 98% (2257/2303) | date=2024-12-31 00:00:00 nav=8.61180611 opt_status=ok_ema_risk_parity
2025-12-28 23:21:24,288 | INFO | Progress: 99% (2280/2303) | date=2025-01-31 00:00:00 nav=8.18009885 opt_status=ok_ema_risk_parity
2025-12-28 23:21:24,707 | INFO | Progress: 100% (2303/2303) | date=2025-03-05 00:00:00 nav=7.60802565 opt_status=ok_ema_risk_parity
2025-12-28 23:21:24,850 | INFO | Experiment saved to: experiments\ema_risk_parity_0.8_daily_25_175_india_20251228_175041
2025-12-28 23:21:24,902 | INFO | Saved performance artifacts to experiments\ema_risk_parity_0.8_daily_25_175_india_20251228_175041\outputs\performance
2025-12-28 23:21:26,237 | INFO | Saved figures to: experiments\ema_risk_parity_0.8_daily_25_175_india_20251228_175041\artifacts\figures
2025-12-28 23:21:26,237 | INFO | Run complete
