2025-12-27 09:22:35,527 | INFO | Run initialized
2025-12-27 09:22:35,527 | INFO | Run folder: experiments\20251227_035232__risk_parity_weekly_k25_india
2025-12-27 09:22:35,528 | INFO | Config used: experiments\20251227_035232__risk_parity_weekly_k25_india\params.yaml
2025-12-27 09:22:35,528 | INFO | Experiments dir: experiments
2025-12-27 09:22:35,528 | INFO | Running experiment from config
2025-12-27 09:22:35,533 | INFO | Runner starting | data.mode=processed | use_gpu=False
2025-12-27 09:22:35,604 | INFO | Loaded prices | rows=2302 cols=138 | start=2015-11-08 18:30:00 end=2025-03-04 18:30:00
2025-12-27 09:22:35,604 | INFO | Optimizer configured | raw_type=risk_parity resolved=risk_parity | k=None | long_only=True | box={'min': 0.0, 'max': 1.0}
2025-12-27 09:22:35,605 | INFO | Planned total steps: 2302
2025-12-27 09:22:35,605 | INFO | Progress logging every 1%
2025-12-27 09:22:35,608 | INFO | Backtest starting | steps=2302 | rebalance=weekly | tc(proportional)=0.0005 | record_non_rebalance=False
2025-12-27 09:22:35,609 | INFO | Date range: 2015-11-08 18:30:00 -> 2025-03-04 18:30:00 | assets=138
2025-12-27 09:22:35,609 | INFO | Rebalance dates computed: 488 (first=2015-11-08 00:00:00 last=2025-03-03 00:00:00)
2025-12-27 09:22:35,625 | WARNING | No common tickers between expected_returns (0) and covariance (138) on 2015-11-08 18:30:00
2025-12-27 09:22:35,626 | WARNING | Using fallback equal-weight on 2015-11-08 18:30:00 | opt_status=skipped_no_common_tickers | n_valid_assets=126
2025-12-27 09:22:36,758 | INFO | Progress: 1% (24/2302) | date=2015-12-14 18:30:00 nav=1.01207099 opt_status=ok
2025-12-27 09:22:37,391 | INFO | Progress: 2% (47/2302) | date=2016-01-17 18:30:00 nav=0.89386059 opt_status=no_rebalance
2025-12-27 09:22:37,513 | INFO | Progress: 3% (70/2302) | date=2016-02-18 18:30:00 nav=0.87110277 opt_status=no_rebalance
2025-12-27 09:22:37,615 | INFO | Progress: 4% (93/2302) | date=2016-03-27 18:30:00 nav=0.92226428 opt_status=no_rebalance
2025-12-27 09:22:37,737 | INFO | Progress: 5% (116/2302) | date=2016-05-02 18:30:00 nav=0.81673032 opt_status=ok
2025-12-27 09:22:37,815 | INFO | Progress: 6% (139/2302) | date=2016-06-02 18:30:00 nav=0.85798534 opt_status=no_rebalance
2025-12-27 09:22:37,910 | INFO | Progress: 7% (162/2302) | date=2016-07-06 18:30:00 nav=0.85978838 opt_status=no_rebalance
2025-12-27 09:22:38,096 | INFO | Progress: 8% (185/2302) | date=2016-08-08 18:30:00 nav=0.96904601 opt_status=ok
2025-12-27 09:22:38,218 | INFO | Progress: 9% (208/2302) | date=2016-09-13 18:30:00 nav=0.97320591 opt_status=ok
2025-12-27 09:22:38,325 | INFO | Progress: 10% (231/2302) | date=2016-10-18 18:30:00 nav=1.05830834 opt_status=no_rebalance
2025-12-27 09:22:38,425 | INFO | Progress: 11% (254/2302) | date=2016-11-22 18:30:00 nav=1.01847597 opt_status=no_rebalance
2025-12-27 09:22:38,514 | INFO | Progress: 12% (277/2302) | date=2016-12-25 18:30:00 nav=1.01876973 opt_status=no_rebalance
2025-12-27 09:22:38,620 | INFO | Progress: 13% (300/2302) | date=2017-01-26 18:30:00 nav=1.20559701 opt_status=no_rebalance
2025-12-27 09:22:38,729 | INFO | Progress: 14% (323/2302) | date=2017-03-01 18:30:00 nav=1.26111253 opt_status=no_rebalance
2025-12-27 09:22:38,847 | INFO | Progress: 15% (346/2302) | date=2017-04-05 18:30:00 nav=1.37538965 opt_status=no_rebalance
2025-12-27 09:22:38,966 | INFO | Progress: 16% (369/2302) | date=2017-05-10 18:30:00 nav=1.47107542 opt_status=no_rebalance
2025-12-27 09:22:39,073 | INFO | Progress: 17% (392/2302) | date=2017-06-12 18:30:00 nav=1.46981137 opt_status=ok
2025-12-27 09:22:39,207 | INFO | Progress: 18% (415/2302) | date=2017-07-16 18:30:00 nav=1.53636523 opt_status=no_rebalance
2025-12-27 09:22:39,327 | INFO | Progress: 19% (438/2302) | date=2017-08-17 18:30:00 nav=1.43210282 opt_status=no_rebalance
2025-12-27 09:22:39,429 | INFO | Progress: 20% (461/2302) | date=2017-09-20 18:30:00 nav=1.34325224 opt_status=no_rebalance
2025-12-27 09:22:39,525 | INFO | Progress: 21% (484/2302) | date=2017-10-25 18:30:00 nav=1.31861236 opt_status=no_rebalance
2025-12-27 09:22:39,633 | INFO | Progress: 22% (507/2302) | date=2017-11-27 18:30:00 nav=1.47538568 opt_status=ok
2025-12-27 09:22:39,729 | INFO | Progress: 23% (530/2302) | date=2017-12-31 18:30:00 nav=1.46226148 opt_status=no_rebalance
2025-12-27 09:22:39,825 | INFO | Progress: 24% (553/2302) | date=2018-02-01 18:30:00 nav=1.45963498 opt_status=no_rebalance
2025-12-27 09:22:39,937 | INFO | Progress: 25% (576/2302) | date=2018-03-08 18:30:00 nav=1.35266243 opt_status=no_rebalance
2025-12-27 09:22:40,035 | INFO | Progress: 26% (599/2302) | date=2018-04-12 18:30:00 nav=1.49160125 opt_status=no_rebalance
2025-12-27 09:22:40,144 | INFO | Progress: 27% (622/2302) | date=2018-05-16 18:30:00 nav=1.4508848 opt_status=no_rebalance
2025-12-27 09:22:40,245 | INFO | Progress: 28% (645/2302) | date=2018-06-18 18:30:00 nav=1.42717435 opt_status=ok
2025-12-27 09:22:40,331 | INFO | Progress: 29% (668/2302) | date=2018-07-19 18:30:00 nav=1.41391524 opt_status=no_rebalance
2025-12-27 09:22:40,439 | INFO | Progress: 30% (691/2302) | date=2018-08-23 18:30:00 nav=1.47757054 opt_status=no_rebalance
2025-12-27 09:22:40,532 | INFO | Progress: 31% (714/2302) | date=2018-09-27 18:30:00 nav=1.29941359 opt_status=no_rebalance
2025-12-27 09:22:40,616 | INFO | Progress: 32% (737/2302) | date=2018-11-01 18:30:00 nav=1.20793504 opt_status=no_rebalance
2025-12-27 09:22:40,708 | INFO | Progress: 33% (760/2302) | date=2018-12-06 18:30:00 nav=1.24758064 opt_status=no_rebalance
2025-12-27 09:22:40,794 | INFO | Progress: 34% (783/2302) | date=2019-01-09 18:30:00 nav=1.26612018 opt_status=no_rebalance
2025-12-27 09:22:40,881 | INFO | Progress: 35% (806/2302) | date=2019-02-11 18:30:00 nav=1.15699576 opt_status=ok
2025-12-27 09:22:40,987 | INFO | Progress: 36% (829/2302) | date=2019-03-18 18:30:00 nav=1.2580014 opt_status=ok
2025-12-27 09:22:41,528 | INFO | Progress: 37% (852/2302) | date=2019-04-24 18:30:00 nav=1.31098603 opt_status=no_rebalance
2025-12-27 09:22:42,052 | INFO | Progress: 38% (875/2302) | date=2019-05-29 18:30:00 nav=1.33673088 opt_status=no_rebalance
2025-12-27 09:22:42,849 | INFO | Progress: 39% (898/2302) | date=2019-07-02 18:30:00 nav=1.35220335 opt_status=no_rebalance
2025-12-27 09:22:43,531 | INFO | Progress: 40% (921/2302) | date=2019-08-04 18:30:00 nav=1.25751882 opt_status=no_rebalance
2025-12-27 09:22:44,099 | INFO | Progress: 41% (944/2302) | date=2019-09-10 18:30:00 nav=1.29713852 opt_status=ok
2025-12-27 09:22:44,819 | INFO | Progress: 42% (967/2302) | date=2019-10-15 18:30:00 nav=1.33388115 opt_status=no_rebalance
2025-12-27 09:22:46,350 | INFO | Progress: 43% (990/2302) | date=2019-11-19 18:30:00 nav=1.37573627 opt_status=no_rebalance
2025-12-27 09:22:47,404 | INFO | Progress: 44% (1013/2302) | date=2019-12-22 18:30:00 nav=1.36331798 opt_status=no_rebalance
2025-12-27 09:22:48,246 | INFO | Progress: 45% (1036/2302) | date=2020-01-23 18:30:00 nav=1.4776154 opt_status=no_rebalance
2025-12-27 09:22:48,981 | INFO | Progress: 46% (1059/2302) | date=2020-02-26 18:30:00 nav=1.47775769 opt_status=no_rebalance
2025-12-27 09:22:51,168 | INFO | Progress: 47% (1082/2302) | date=2020-03-31 18:30:00 nav=1.1804553 opt_status=no_rebalance
2025-12-27 09:22:51,462 | INFO | Progress: 48% (1105/2302) | date=2020-05-10 18:30:00 nav=1.3608895 opt_status=no_rebalance
2025-12-27 09:22:51,985 | INFO | Progress: 49% (1128/2302) | date=2020-06-11 18:30:00 nav=1.43120611 opt_status=no_rebalance
2025-12-27 09:22:52,269 | INFO | Progress: 50% (1151/2302) | date=2020-07-14 18:30:00 nav=1.53083775 opt_status=no_rebalance
2025-12-27 09:22:53,285 | INFO | Progress: 51% (1175/2302) | date=2020-08-17 18:30:00 nav=1.67379501 opt_status=ok
2025-12-27 09:22:53,806 | INFO | Progress: 52% (1198/2302) | date=2020-09-17 18:30:00 nav=1.73880845 opt_status=no_rebalance
2025-12-27 09:22:56,070 | INFO | Progress: 53% (1221/2302) | date=2020-10-21 18:30:00 nav=1.72876456 opt_status=no_rebalance
2025-12-27 09:22:57,784 | INFO | Progress: 54% (1244/2302) | date=2020-11-23 18:30:00 nav=1.80550249 opt_status=ok
2025-12-27 09:22:59,645 | INFO | Progress: 55% (1267/2302) | date=2020-12-28 18:30:00 nav=1.93382348 opt_status=ok
2025-12-27 09:23:00,603 | INFO | Progress: 56% (1290/2302) | date=2021-01-31 18:30:00 nav=1.94889232 opt_status=no_rebalance
2025-12-27 09:23:02,268 | INFO | Progress: 57% (1313/2302) | date=2021-03-03 18:30:00 nav=2.07364642 opt_status=no_rebalance
2025-12-27 09:23:03,552 | INFO | Progress: 58% (1336/2302) | date=2021-04-08 18:30:00 nav=2.18317509 opt_status=no_rebalance
2025-12-27 09:23:04,294 | INFO | Progress: 59% (1359/2302) | date=2021-05-16 18:30:00 nav=2.18416597 opt_status=no_rebalance
2025-12-27 09:23:06,233 | INFO | Progress: 60% (1382/2302) | date=2021-06-16 18:30:00 nav=2.28162531 opt_status=no_rebalance
2025-12-27 09:23:06,982 | INFO | Progress: 61% (1405/2302) | date=2021-07-19 18:30:00 nav=2.29015862 opt_status=ok
2025-12-27 09:23:08,512 | INFO | Progress: 62% (1428/2302) | date=2021-08-23 18:30:00 nav=2.35713633 opt_status=ok
2025-12-27 09:23:09,038 | INFO | Progress: 63% (1451/2302) | date=2021-09-26 18:30:00 nav=2.50505188 opt_status=no_rebalance
2025-12-27 09:23:10,131 | INFO | Progress: 64% (1474/2302) | date=2021-10-28 18:30:00 nav=2.40596851 opt_status=no_rebalance
2025-12-27 09:23:10,756 | INFO | Progress: 65% (1497/2302) | date=2021-12-02 18:30:00 nav=2.40143079 opt_status=no_rebalance
2025-12-27 09:23:12,557 | INFO | Progress: 66% (1520/2302) | date=2022-01-04 18:30:00 nav=2.44989158 opt_status=no_rebalance
2025-12-27 09:23:13,146 | INFO | Progress: 67% (1543/2302) | date=2022-02-07 18:30:00 nav=2.37524521 opt_status=ok
2025-12-27 09:23:14,072 | INFO | Progress: 68% (1566/2302) | date=2022-03-13 18:30:00 nav=2.28956246 opt_status=no_rebalance
2025-12-27 09:23:15,943 | INFO | Progress: 69% (1589/2302) | date=2022-04-18 18:30:00 nav=2.28972188 opt_status=ok
2025-12-27 09:23:17,233 | INFO | Progress: 70% (1612/2302) | date=2022-05-22 18:30:00 nav=2.20891154 opt_status=no_rebalance
2025-12-27 09:23:18,820 | INFO | Progress: 71% (1635/2302) | date=2022-06-22 18:30:00 nav=2.17674456 opt_status=no_rebalance
2025-12-27 09:23:19,777 | INFO | Progress: 72% (1658/2302) | date=2022-07-25 18:30:00 nav=2.31825714 opt_status=ok
2025-12-27 09:23:20,851 | INFO | Progress: 73% (1681/2302) | date=2022-08-29 18:30:00 nav=2.42885236 opt_status=ok
2025-12-27 09:23:21,368 | INFO | Progress: 74% (1704/2302) | date=2022-10-02 18:30:00 nav=2.41216528 opt_status=no_rebalance
2025-12-27 09:23:22,036 | INFO | Progress: 75% (1727/2302) | date=2022-11-06 18:30:00 nav=2.50124498 opt_status=no_rebalance
2025-12-27 09:23:22,961 | INFO | Progress: 76% (1750/2302) | date=2022-12-08 18:30:00 nav=2.53712692 opt_status=no_rebalance
2025-12-27 09:23:24,142 | INFO | Progress: 77% (1773/2302) | date=2023-01-10 18:30:00 nav=2.49289738 opt_status=no_rebalance
2025-12-27 09:23:24,885 | INFO | Progress: 78% (1796/2302) | date=2023-02-13 18:30:00 nav=2.51536962 opt_status=ok
2025-12-27 09:23:25,334 | INFO | Progress: 79% (1819/2302) | date=2023-03-19 18:30:00 nav=2.47057799 opt_status=no_rebalance
2025-12-27 09:23:25,953 | INFO | Progress: 80% (1842/2302) | date=2023-04-25 18:30:00 nav=2.61739589 opt_status=no_rebalance
2025-12-27 09:23:26,819 | INFO | Progress: 81% (1865/2302) | date=2023-05-29 18:30:00 nav=2.6757851 opt_status=ok
2025-12-27 09:23:27,852 | INFO | Progress: 82% (1888/2302) | date=2023-07-02 18:30:00 nav=2.8706612 opt_status=no_rebalance
2025-12-27 09:23:29,059 | INFO | Progress: 83% (1911/2302) | date=2023-08-02 18:30:00 nav=3.03816142 opt_status=no_rebalance
2025-12-27 09:23:30,031 | INFO | Progress: 84% (1934/2302) | date=2023-09-05 18:30:00 nav=3.05433029 opt_status=no_rebalance
2025-12-27 09:23:31,301 | INFO | Progress: 85% (1957/2302) | date=2023-10-10 18:30:00 nav=3.02207908 opt_status=no_rebalance
2025-12-27 09:23:32,420 | INFO | Progress: 86% (1980/2302) | date=2023-11-14 18:30:00 nav=3.07326552 opt_status=ok
2025-12-27 09:23:33,331 | INFO | Progress: 87% (2003/2302) | date=2023-12-18 18:30:00 nav=3.22819984 opt_status=ok
2025-12-27 09:23:34,639 | INFO | Progress: 88% (2026/2302) | date=2024-01-22 18:30:00 nav=3.30773611 opt_status=ok
2025-12-27 09:23:35,901 | INFO | Progress: 89% (2049/2302) | date=2024-02-25 18:30:00 nav=3.47399208 opt_status=no_rebalance
2025-12-27 09:23:37,913 | INFO | Progress: 90% (2072/2302) | date=2024-04-01 18:30:00 nav=3.50251077 opt_status=ok
2025-12-27 09:23:38,553 | INFO | Progress: 91% (2095/2302) | date=2024-05-07 18:30:00 nav=3.56641005 opt_status=no_rebalance
2025-12-27 09:23:39,808 | INFO | Progress: 92% (2118/2302) | date=2024-06-10 18:30:00 nav=3.78231169 opt_status=ok
2025-12-27 09:23:41,410 | INFO | Progress: 93% (2141/2302) | date=2024-07-14 18:30:00 nav=3.96947352 opt_status=no_rebalance
2025-12-27 09:23:42,349 | INFO | Progress: 94% (2164/2302) | date=2024-08-18 18:30:00 nav=4.07365075 opt_status=no_rebalance
2025-12-27 09:23:43,804 | INFO | Progress: 95% (2187/2302) | date=2024-09-18 18:30:00 nav=4.32103804 opt_status=no_rebalance
2025-12-27 09:23:45,537 | INFO | Progress: 96% (2210/2302) | date=2024-10-22 18:30:00 nav=4.12595621 opt_status=no_rebalance
2025-12-27 09:23:46,802 | INFO | Progress: 97% (2233/2302) | date=2024-11-26 18:30:00 nav=4.0110928 opt_status=no_rebalance
2025-12-27 09:23:49,193 | INFO | Progress: 98% (2256/2302) | date=2024-12-30 18:30:00 nav=3.95517117 opt_status=ok
2025-12-27 09:23:50,509 | INFO | Progress: 99% (2279/2302) | date=2025-01-30 18:30:00 nav=3.84691305 opt_status=no_rebalance
2025-12-27 09:23:52,193 | INFO | Progress: 100% (2302/2302) | date=2025-03-04 18:30:00 nav=3.50727085 opt_status=no_rebalance
2025-12-27 09:23:52,350 | INFO | Experiment saved to: experiments\20251227_035232__risk_parity_weekly_k25_india
2025-12-27 09:23:52,427 | INFO | Saved performance artifacts to experiments\20251227_035232__risk_parity_weekly_k25_india\outputs\performance
2025-12-27 09:23:54,062 | INFO | Saved figures to: experiments\20251227_035232__risk_parity_weekly_k25_india\artifacts\figures
2025-12-27 09:23:54,063 | INFO | Run complete
