2025-12-29 01:33:13,432 | INFO | Run initialized
2025-12-29 01:33:13,432 | INFO | Run folder: experiments\ema_risk_parity_cash_daily_25_175_india_20251228_200312
2025-12-29 01:33:13,432 | INFO | Config used: experiments\ema_risk_parity_cash_daily_25_175_india_20251228_200312\params.yaml
2025-12-29 01:33:13,432 | INFO | Experiments dir: experiments
2025-12-29 01:33:13,432 | INFO | Running experiment from config
2025-12-29 01:33:13,438 | INFO | Runner starting | data.mode=processed | use_gpu=False
2025-12-29 01:33:13,498 | INFO | Loaded prices | rows=2135 cols=138 | start=2015-11-08 00:00:00 end=2024-07-04 00:00:00
2025-12-29 01:33:13,499 | INFO | Optimizer configured | raw_type=ema_hybrid resolved=ema_hybrid | k=None | long_only=True | box={'min': 0.008, 'max': 0.6}
2025-12-29 01:33:13,500 | INFO | Planned total steps: 2135
2025-12-29 01:33:13,500 | INFO | Progress logging every 1%
2025-12-29 01:33:13,502 | INFO | Backtest starting | steps=2135 | rebalance=daily | tc(proportional)=0.0005 | record_non_rebalance=False | cash=True(CASH)
2025-12-29 01:33:13,503 | INFO | Date range: 2015-11-08 00:00:00 -> 2024-07-04 00:00:00 | assets=139
2025-12-29 01:33:13,737 | INFO | Progress: 1% (22/2135) | date=2015-12-10 00:00:00 nav=0.9801192 opt_status=ema_insufficient_window
2025-12-29 01:33:13,954 | INFO | Progress: 2% (43/2135) | date=2016-01-11 00:00:00 nav=0.99092858 opt_status=ema_insufficient_window
2025-12-29 01:33:14,179 | INFO | Progress: 3% (65/2135) | date=2016-02-11 00:00:00 nav=0.89016675 opt_status=ema_insufficient_window
2025-12-29 01:33:14,399 | INFO | Progress: 4% (86/2135) | date=2016-03-14 00:00:00 nav=0.92424576 opt_status=ema_insufficient_window
2025-12-29 01:33:14,635 | INFO | Progress: 5% (107/2135) | date=2016-04-19 00:00:00 nav=1.01219808 opt_status=ema_insufficient_window
2025-12-29 01:33:14,879 | INFO | Progress: 6% (129/2135) | date=2016-05-19 00:00:00 nav=0.99520665 opt_status=ema_insufficient_window
2025-12-29 01:33:15,096 | INFO | Progress: 7% (150/2135) | date=2016-06-19 00:00:00 nav=1.06033821 opt_status=ema_insufficient_window
2025-12-29 01:33:15,326 | INFO | Progress: 8% (171/2135) | date=2016-07-19 00:00:00 nav=1.12807223 opt_status=ema_insufficient_window
2025-12-29 01:33:15,781 | INFO | Progress: 9% (193/2135) | date=2016-08-21 00:00:00 nav=1.18015022 opt_status=ok_ema_risk_parity
2025-12-29 01:33:16,255 | INFO | Progress: 10% (214/2135) | date=2016-09-21 00:00:00 nav=1.21552285 opt_status=ok_ema_risk_parity
2025-12-29 01:33:16,732 | INFO | Progress: 11% (235/2135) | date=2016-10-24 00:00:00 nav=1.25001047 opt_status=ok_ema_risk_parity
2025-12-29 01:33:17,214 | INFO | Progress: 12% (257/2135) | date=2016-11-27 00:00:00 nav=1.23044374 opt_status=ok_ema_risk_parity
2025-12-29 01:33:17,672 | INFO | Progress: 13% (278/2135) | date=2016-12-26 00:00:00 nav=1.18439652 opt_status=ok_ema_risk_parity
2025-12-29 01:33:18,127 | INFO | Progress: 14% (299/2135) | date=2017-01-24 00:00:00 nav=1.36409121 opt_status=ok_ema_risk_parity
2025-12-29 01:33:18,693 | INFO | Progress: 15% (321/2135) | date=2017-02-27 00:00:00 nav=1.4740317 opt_status=ok_ema_risk_parity
2025-12-29 01:33:19,173 | INFO | Progress: 16% (342/2135) | date=2017-03-29 00:00:00 nav=1.5416485 opt_status=ok_ema_risk_parity
2025-12-29 01:33:19,632 | INFO | Progress: 17% (363/2135) | date=2017-05-02 00:00:00 nav=1.70896521 opt_status=ok_ema_risk_parity
2025-12-29 01:33:20,132 | INFO | Progress: 18% (385/2135) | date=2017-06-01 00:00:00 nav=1.71862636 opt_status=ok_ema_risk_parity
2025-12-29 01:33:20,588 | INFO | Progress: 19% (406/2135) | date=2017-07-03 00:00:00 nav=1.77620812 opt_status=ok_ema_risk_parity
2025-12-29 01:33:21,050 | INFO | Progress: 20% (427/2135) | date=2017-08-01 00:00:00 nav=1.72977405 opt_status=ok_ema_risk_parity
2025-12-29 01:33:21,596 | INFO | Progress: 21% (449/2135) | date=2017-09-04 00:00:00 nav=1.71970693 opt_status=ok_ema_risk_parity
2025-12-29 01:33:22,158 | INFO | Progress: 22% (470/2135) | date=2017-10-04 00:00:00 nav=1.77003508 opt_status=ok_ema_risk_parity
2025-12-29 01:33:22,733 | INFO | Progress: 23% (492/2135) | date=2017-11-06 00:00:00 nav=1.86879457 opt_status=ok_ema_risk_parity
2025-12-29 01:33:23,258 | INFO | Progress: 24% (513/2135) | date=2017-12-05 00:00:00 nav=1.87103387 opt_status=ok_ema_risk_parity
2025-12-29 01:33:23,757 | INFO | Progress: 25% (534/2135) | date=2018-01-04 00:00:00 nav=2.07468043 opt_status=ok_ema_risk_parity
2025-12-29 01:33:24,252 | INFO | Progress: 26% (556/2135) | date=2018-02-06 00:00:00 nav=1.98148349 opt_status=ok_ema_risk_parity
2025-12-29 01:33:24,730 | INFO | Progress: 27% (577/2135) | date=2018-03-11 00:00:00 nav=1.97221763 opt_status=ok_ema_risk_parity
2025-12-29 01:33:25,213 | INFO | Progress: 28% (598/2135) | date=2018-04-11 00:00:00 nav=2.22217102 opt_status=ok_ema_risk_parity
2025-12-29 01:33:25,798 | INFO | Progress: 29% (620/2135) | date=2018-05-14 00:00:00 nav=2.27006613 opt_status=ok_ema_risk_parity
2025-12-29 01:33:26,254 | INFO | Progress: 30% (641/2135) | date=2018-06-12 00:00:00 nav=2.23102311 opt_status=ok_ema_risk_parity
2025-12-29 01:33:26,751 | INFO | Progress: 31% (662/2135) | date=2018-07-11 00:00:00 nav=2.15964752 opt_status=ok_ema_risk_parity
2025-12-29 01:33:27,248 | INFO | Progress: 32% (684/2135) | date=2018-08-12 00:00:00 nav=2.5137329 opt_status=ok_ema_risk_parity
2025-12-29 01:33:27,696 | INFO | Progress: 33% (705/2135) | date=2018-09-13 00:00:00 nav=2.36167875 opt_status=ok_ema_risk_parity
2025-12-29 01:33:28,160 | INFO | Progress: 34% (726/2135) | date=2018-10-16 00:00:00 nav=2.04641835 opt_status=ok_ema_risk_parity
2025-12-29 01:33:28,671 | INFO | Progress: 35% (748/2135) | date=2018-11-19 00:00:00 nav=2.03904824 opt_status=ok_ema_risk_parity
2025-12-29 01:33:29,179 | INFO | Progress: 36% (769/2135) | date=2018-12-19 00:00:00 nav=2.07794071 opt_status=ok_ema_risk_parity
2025-12-29 01:33:29,683 | INFO | Progress: 37% (790/2135) | date=2019-01-20 00:00:00 nav=2.06209749 opt_status=ok_ema_risk_parity
2025-12-29 01:33:30,211 | INFO | Progress: 38% (812/2135) | date=2019-02-20 00:00:00 nav=2.03462412 opt_status=ok_ema_risk_parity
2025-12-29 01:33:30,727 | INFO | Progress: 39% (833/2135) | date=2019-03-25 00:00:00 nav=2.0900679 opt_status=ok_ema_risk_parity
2025-12-29 01:33:31,282 | INFO | Progress: 40% (854/2135) | date=2019-04-29 00:00:00 nav=2.10326338 opt_status=ok_ema_risk_parity
2025-12-29 01:33:31,802 | INFO | Progress: 41% (876/2135) | date=2019-05-30 00:00:00 nav=2.13045553 opt_status=ok_ema_risk_parity
2025-12-29 01:33:32,332 | INFO | Progress: 42% (897/2135) | date=2019-07-01 00:00:00 nav=2.14355631 opt_status=ok_ema_risk_parity
2025-12-29 01:33:32,837 | INFO | Progress: 43% (919/2135) | date=2019-07-31 00:00:00 nav=2.0495218 opt_status=ok_ema_risk_parity
2025-12-29 01:33:33,329 | INFO | Progress: 44% (940/2135) | date=2019-09-03 00:00:00 nav=2.05382287 opt_status=ok_ema_risk_parity
2025-12-29 01:33:33,822 | INFO | Progress: 45% (961/2135) | date=2019-10-06 00:00:00 nav=2.08720873 opt_status=ok_ema_risk_parity
2025-12-29 01:33:34,328 | INFO | Progress: 46% (983/2135) | date=2019-11-07 00:00:00 nav=2.13428038 opt_status=ok_ema_risk_parity
2025-12-29 01:33:34,803 | INFO | Progress: 47% (1004/2135) | date=2019-12-09 00:00:00 nav=2.10343355 opt_status=ok_ema_risk_parity
2025-12-29 01:33:35,271 | INFO | Progress: 48% (1025/2135) | date=2020-01-08 00:00:00 nav=2.15141284 opt_status=ok_ema_risk_parity
2025-12-29 01:33:35,766 | INFO | Progress: 49% (1047/2135) | date=2020-02-09 00:00:00 nav=2.24531547 opt_status=ok_ema_risk_parity
2025-12-29 01:33:36,250 | INFO | Progress: 50% (1068/2135) | date=2020-03-11 00:00:00 nav=2.05161668 opt_status=ok_ema_risk_parity
2025-12-29 01:33:36,823 | INFO | Progress: 51% (1089/2135) | date=2020-04-15 00:00:00 nav=2.12672338 opt_status=ok_ema_risk_parity
2025-12-29 01:33:37,360 | INFO | Progress: 52% (1111/2135) | date=2020-05-18 00:00:00 nav=2.08287693 opt_status=ok_ema_risk_parity
2025-12-29 01:33:37,851 | INFO | Progress: 53% (1132/2135) | date=2020-06-17 00:00:00 nav=2.17224114 opt_status=ok_ema_risk_parity
2025-12-29 01:33:38,378 | INFO | Progress: 54% (1153/2135) | date=2020-07-16 00:00:00 nav=2.24584248 opt_status=ok_ema_risk_parity
2025-12-29 01:33:38,916 | INFO | Progress: 55% (1175/2135) | date=2020-08-17 00:00:00 nav=2.32421601 opt_status=ok_ema_risk_parity
2025-12-29 01:33:39,392 | INFO | Progress: 56% (1196/2135) | date=2020-09-15 00:00:00 nav=2.37398199 opt_status=ok_ema_risk_parity
2025-12-29 01:33:39,873 | INFO | Progress: 57% (1217/2135) | date=2020-10-15 00:00:00 nav=2.36428276 opt_status=ok_ema_risk_parity
2025-12-29 01:33:40,347 | INFO | Progress: 58% (1239/2135) | date=2020-11-16 00:00:00 nav=2.42138426 opt_status=ok_ema_risk_parity
2025-12-29 01:33:40,847 | INFO | Progress: 59% (1260/2135) | date=2020-12-16 00:00:00 nav=2.62775675 opt_status=ok_ema_risk_parity
2025-12-29 01:33:41,356 | INFO | Progress: 60% (1281/2135) | date=2021-01-17 00:00:00 nav=2.71845188 opt_status=ok_ema_risk_parity
2025-12-29 01:33:41,892 | INFO | Progress: 61% (1303/2135) | date=2021-02-17 00:00:00 nav=3.11669647 opt_status=ok_ema_risk_parity
2025-12-29 01:33:42,420 | INFO | Progress: 62% (1324/2135) | date=2021-03-21 00:00:00 nav=3.26754812 opt_status=ok_ema_risk_parity
2025-12-29 01:33:42,992 | INFO | Progress: 63% (1346/2135) | date=2021-04-26 00:00:00 nav=3.38033881 opt_status=ok_ema_risk_parity
2025-12-29 01:33:43,547 | INFO | Progress: 64% (1367/2135) | date=2021-05-26 00:00:00 nav=3.63692153 opt_status=ok_ema_risk_parity
2025-12-29 01:33:44,048 | INFO | Progress: 65% (1388/2135) | date=2021-06-24 00:00:00 nav=3.73410129 opt_status=ok_ema_risk_parity
2025-12-29 01:33:44,571 | INFO | Progress: 66% (1410/2135) | date=2021-07-27 00:00:00 nav=3.93798137 opt_status=ok_ema_risk_parity
2025-12-29 01:33:45,057 | INFO | Progress: 67% (1431/2135) | date=2021-08-26 00:00:00 nav=3.97729987 opt_status=ok_ema_risk_parity
2025-12-29 01:33:45,544 | INFO | Progress: 68% (1452/2135) | date=2021-09-27 00:00:00 nav=4.2233887 opt_status=ok_ema_risk_parity
2025-12-29 01:33:46,049 | INFO | Progress: 69% (1474/2135) | date=2021-10-28 00:00:00 nav=4.24720044 opt_status=ok_ema_risk_parity
2025-12-29 01:33:46,557 | INFO | Progress: 70% (1495/2135) | date=2021-11-30 00:00:00 nav=4.23982099 opt_status=ok_ema_risk_parity
2025-12-29 01:33:47,079 | INFO | Progress: 71% (1516/2135) | date=2021-12-29 00:00:00 nav=4.3998389 opt_status=ok_ema_risk_parity
2025-12-29 01:33:47,627 | INFO | Progress: 72% (1538/2135) | date=2022-01-31 00:00:00 nav=4.32917122 opt_status=ok_ema_risk_parity
2025-12-29 01:33:48,162 | INFO | Progress: 73% (1559/2135) | date=2022-03-02 00:00:00 nav=4.04827077 opt_status=ok_ema_risk_parity
2025-12-29 01:33:48,648 | INFO | Progress: 74% (1580/2135) | date=2022-04-03 00:00:00 nav=4.19277643 opt_status=ok_ema_risk_parity
2025-12-29 01:33:49,155 | INFO | Progress: 75% (1602/2135) | date=2022-05-08 00:00:00 nav=3.94791615 opt_status=ok_ema_risk_parity
2025-12-29 01:33:49,671 | INFO | Progress: 76% (1623/2135) | date=2022-06-06 00:00:00 nav=3.9383591 opt_status=ok_ema_risk_parity
2025-12-29 01:33:50,186 | INFO | Progress: 77% (1644/2135) | date=2022-07-05 00:00:00 nav=3.89832122 opt_status=ok_ema_risk_parity
2025-12-29 01:33:50,713 | INFO | Progress: 78% (1666/2135) | date=2022-08-04 00:00:00 nav=4.05709688 opt_status=ok_ema_risk_parity
2025-12-29 01:33:51,215 | INFO | Progress: 79% (1687/2135) | date=2022-09-07 00:00:00 nav=4.32069931 opt_status=ok_ema_risk_parity
2025-12-29 01:33:51,721 | INFO | Progress: 80% (1708/2135) | date=2022-10-09 00:00:00 nav=4.19745041 opt_status=ok_ema_risk_parity
2025-12-29 01:33:52,225 | INFO | Progress: 81% (1730/2135) | date=2022-11-10 00:00:00 nav=4.33416328 opt_status=ok_ema_risk_parity
2025-12-29 01:33:52,729 | INFO | Progress: 82% (1751/2135) | date=2022-12-11 00:00:00 nav=4.45089732 opt_status=ok_ema_risk_parity
2025-12-29 01:33:53,246 | INFO | Progress: 83% (1773/2135) | date=2023-01-10 00:00:00 nav=4.35979086 opt_status=ok_ema_risk_parity
2025-12-29 01:33:53,760 | INFO | Progress: 84% (1794/2135) | date=2023-02-09 00:00:00 nav=4.19295914 opt_status=ok_ema_risk_parity
2025-12-29 01:33:54,291 | INFO | Progress: 85% (1815/2135) | date=2023-03-13 00:00:00 nav=4.00463178 opt_status=ok_ema_risk_parity
2025-12-29 01:33:54,838 | INFO | Progress: 86% (1837/2135) | date=2023-04-18 00:00:00 nav=4.05656281 opt_status=ok_ema_risk_parity
2025-12-29 01:33:55,353 | INFO | Progress: 87% (1858/2135) | date=2023-05-18 00:00:00 nav=4.20889678 opt_status=ok_ema_risk_parity
2025-12-29 01:33:55,889 | INFO | Progress: 88% (1879/2135) | date=2023-06-18 00:00:00 nav=4.51773506 opt_status=ok_ema_risk_parity
2025-12-29 01:33:56,428 | INFO | Progress: 89% (1901/2135) | date=2023-07-19 00:00:00 nav=4.73675672 opt_status=ok_ema_risk_parity
2025-12-29 01:33:56,929 | INFO | Progress: 90% (1922/2135) | date=2023-08-20 00:00:00 nav=4.82013089 opt_status=ok_ema_risk_parity
2025-12-29 01:33:57,426 | INFO | Progress: 91% (1943/2135) | date=2023-09-19 00:00:00 nav=4.91277199 opt_status=ok_ema_risk_parity
2025-12-29 01:33:57,937 | INFO | Progress: 92% (1965/2135) | date=2023-10-22 00:00:00 nav=4.81016854 opt_status=ok_ema_risk_parity
2025-12-29 01:33:58,431 | INFO | Progress: 93% (1986/2135) | date=2023-11-22 00:00:00 nav=5.31109462 opt_status=ok_ema_risk_parity
2025-12-29 01:33:59,030 | INFO | Progress: 94% (2007/2135) | date=2023-12-25 00:00:00 nav=5.98376711 opt_status=ok_ema_risk_parity
2025-12-29 01:33:59,555 | INFO | Progress: 95% (2029/2135) | date=2024-01-28 00:00:00 nav=6.54821692 opt_status=ok_ema_risk_parity
2025-12-29 01:34:00,082 | INFO | Progress: 96% (2050/2135) | date=2024-02-26 00:00:00 nav=6.92145965 opt_status=ok_ema_risk_parity
2025-12-29 01:34:00,628 | INFO | Progress: 97% (2071/2135) | date=2024-03-31 00:00:00 nav=7.13557681 opt_status=ok_ema_risk_parity
2025-12-29 01:34:01,140 | INFO | Progress: 98% (2093/2135) | date=2024-05-05 00:00:00 nav=7.45729216 opt_status=ok_ema_risk_parity
2025-12-29 01:34:01,656 | INFO | Progress: 99% (2114/2135) | date=2024-06-04 00:00:00 nav=7.66550934 opt_status=ok_ema_risk_parity
2025-12-29 01:34:02,179 | INFO | Progress: 100% (2135/2135) | date=2024-07-04 00:00:00 nav=8.29786345 opt_status=ok_ema_risk_parity
2025-12-29 01:34:02,310 | INFO | Experiment saved to: experiments\ema_risk_parity_cash_daily_25_175_india_20251228_200312
2025-12-29 01:34:02,359 | INFO | Saved performance artifacts to experiments\ema_risk_parity_cash_daily_25_175_india_20251228_200312\outputs\performance
2025-12-29 01:34:03,745 | INFO | Saved figures to: experiments\ema_risk_parity_cash_daily_25_175_india_20251228_200312\artifacts\figures
2025-12-29 01:34:03,745 | INFO | Run complete
