2025-12-28 13:13:28,524 | INFO | Run initialized
2025-12-28 13:13:28,524 | INFO | Run folder: experiments\ema_sharpe_v2_daily_india_20251228_074325
2025-12-28 13:13:28,524 | INFO | Config used: experiments\ema_sharpe_v2_daily_india_20251228_074325\params.yaml
2025-12-28 13:13:28,524 | INFO | Experiments dir: experiments
2025-12-28 13:13:28,524 | INFO | Running experiment from config
2025-12-28 13:13:28,530 | INFO | Runner starting | data.mode=processed | use_gpu=False
2025-12-28 13:13:28,598 | INFO | Loaded prices | rows=1098 cols=138 | start=2020-04-06 00:00:00 end=2024-09-10 00:00:00
2025-12-28 13:13:28,598 | INFO | Optimizer configured | raw_type=ema_hybrid resolved=ema_hybrid | k=None | long_only=True | box={'min': 0.025, 'max': 0.25}
2025-12-28 13:13:28,599 | INFO | Planned total steps: 1098
2025-12-28 13:13:28,600 | INFO | Progress logging every 1%
2025-12-28 13:13:28,601 | INFO | Backtest starting | steps=1098 | rebalance=daily | tc(proportional)=0.0005 | record_non_rebalance=False
2025-12-28 13:13:28,601 | INFO | Date range: 2020-04-06 00:00:00 -> 2024-09-10 00:00:00 | assets=138
2025-12-28 13:13:28,601 | INFO | Rebalance dates computed: 1098 (first=2020-04-06 00:00:00 last=2024-09-10 00:00:00)
2025-12-28 13:13:28,617 | WARNING | No common tickers between expected_returns (0) and covariance (138) on 2020-04-06 00:00:00
2025-12-28 13:13:28,618 | WARNING | Using fallback equal-weight on 2020-04-06 00:00:00 | opt_status=skipped_no_common_tickers | n_valid_assets=138
2025-12-28 13:13:28,625 | WARNING | Using fallback equal-weight on 2020-04-07 00:00:00 | opt_status=ema_insufficient_window | n_valid_assets=138
2025-12-28 13:13:28,632 | WARNING | Using fallback equal-weight on 2020-04-08 00:00:00 | opt_status=ema_insufficient_window | n_valid_assets=138
2025-12-28 13:13:28,639 | WARNING | Using fallback equal-weight on 2020-04-12 00:00:00 | opt_status=ema_insufficient_window | n_valid_assets=138
2025-12-28 13:13:28,647 | WARNING | Using fallback equal-weight on 2020-04-14 00:00:00 | opt_status=ema_insufficient_window | n_valid_assets=138
2025-12-28 13:13:28,654 | WARNING | Using fallback equal-weight on 2020-04-15 00:00:00 | opt_status=ema_insufficient_window | n_valid_assets=138
2025-12-28 13:13:28,663 | WARNING | Using fallback equal-weight on 2020-04-16 00:00:00 | opt_status=ema_insufficient_window | n_valid_assets=138
2025-12-28 13:13:28,671 | WARNING | Using fallback equal-weight on 2020-04-19 00:00:00 | opt_status=ema_insufficient_window | n_valid_assets=138
2025-12-28 13:13:28,677 | WARNING | Using fallback equal-weight on 2020-04-20 00:00:00 | opt_status=ema_insufficient_window | n_valid_assets=138
2025-12-28 13:13:28,685 | WARNING | Using fallback equal-weight on 2020-04-21 00:00:00 | opt_status=ema_insufficient_window | n_valid_assets=138
2025-12-28 13:13:28,694 | WARNING | Using fallback equal-weight on 2020-04-22 00:00:00 | opt_status=ema_insufficient_window | n_valid_assets=138
2025-12-28 13:13:28,696 | INFO | Progress: 1% (11/1098) | date=2020-04-22 00:00:00 nav=1.07674008 opt_status=ema_insufficient_window
2025-12-28 13:13:28,702 | WARNING | Using fallback equal-weight on 2020-04-23 00:00:00 | opt_status=ema_insufficient_window | n_valid_assets=138
2025-12-28 13:13:28,712 | WARNING | Using fallback equal-weight on 2020-04-26 00:00:00 | opt_status=ema_insufficient_window | n_valid_assets=138
2025-12-28 13:13:28,721 | WARNING | Using fallback equal-weight on 2020-04-27 00:00:00 | opt_status=ema_insufficient_window | n_valid_assets=138
2025-12-28 13:13:28,731 | WARNING | Using fallback equal-weight on 2020-04-28 00:00:00 | opt_status=ema_insufficient_window | n_valid_assets=138
2025-12-28 13:13:28,739 | WARNING | Using fallback equal-weight on 2020-04-29 00:00:00 | opt_status=ema_insufficient_window | n_valid_assets=138
2025-12-28 13:13:28,748 | WARNING | Using fallback equal-weight on 2020-05-03 00:00:00 | opt_status=ema_insufficient_window | n_valid_assets=138
2025-12-28 13:13:28,759 | WARNING | Using fallback equal-weight on 2020-05-04 00:00:00 | opt_status=ema_insufficient_window | n_valid_assets=138
2025-12-28 13:13:28,768 | WARNING | Using fallback equal-weight on 2020-05-05 00:00:00 | opt_status=ema_insufficient_window | n_valid_assets=138
2025-12-28 13:13:28,778 | WARNING | Using fallback equal-weight on 2020-05-06 00:00:00 | opt_status=ema_insufficient_window | n_valid_assets=138
2025-12-28 13:13:28,787 | WARNING | Using fallback equal-weight on 2020-05-07 00:00:00 | opt_status=ema_insufficient_window | n_valid_assets=138
2025-12-28 13:13:28,796 | WARNING | Using fallback equal-weight on 2020-05-10 00:00:00 | opt_status=ema_insufficient_window | n_valid_assets=138
2025-12-28 13:13:28,798 | INFO | Progress: 2% (22/1098) | date=2020-05-10 00:00:00 nav=1.0661375 opt_status=ema_insufficient_window
2025-12-28 13:13:28,807 | WARNING | Using fallback equal-weight on 2020-05-11 00:00:00 | opt_status=ema_insufficient_window | n_valid_assets=138
2025-12-28 13:13:28,819 | WARNING | Using fallback equal-weight on 2020-05-12 00:00:00 | opt_status=ema_insufficient_window | n_valid_assets=138
2025-12-28 13:13:28,826 | WARNING | Using fallback equal-weight on 2020-05-13 00:00:00 | opt_status=ema_insufficient_window | n_valid_assets=138
2025-12-28 13:13:28,835 | WARNING | Using fallback equal-weight on 2020-05-14 00:00:00 | opt_status=ema_insufficient_window | n_valid_assets=138
2025-12-28 13:13:28,843 | WARNING | Using fallback equal-weight on 2020-05-17 00:00:00 | opt_status=ema_insufficient_window | n_valid_assets=138
2025-12-28 13:13:28,854 | WARNING | Using fallback equal-weight on 2020-05-18 00:00:00 | opt_status=ema_insufficient_window | n_valid_assets=138
2025-12-28 13:13:28,864 | WARNING | Using fallback equal-weight on 2020-05-19 00:00:00 | opt_status=ema_insufficient_window | n_valid_assets=138
2025-12-28 13:13:28,872 | WARNING | Using fallback equal-weight on 2020-05-20 00:00:00 | opt_status=ema_insufficient_window | n_valid_assets=138
2025-12-28 13:13:28,881 | WARNING | Using fallback equal-weight on 2020-05-21 00:00:00 | opt_status=ema_insufficient_window | n_valid_assets=138
2025-12-28 13:13:28,889 | WARNING | Using fallback equal-weight on 2020-05-25 00:00:00 | opt_status=ema_insufficient_window | n_valid_assets=138
2025-12-28 13:13:28,897 | WARNING | Using fallback equal-weight on 2020-05-26 00:00:00 | opt_status=ema_insufficient_window | n_valid_assets=138
2025-12-28 13:13:28,898 | INFO | Progress: 3% (33/1098) | date=2020-05-26 00:00:00 nav=1.09271793 opt_status=ema_insufficient_window
2025-12-28 13:13:28,905 | WARNING | Using fallback equal-weight on 2020-05-27 00:00:00 | opt_status=ema_insufficient_window | n_valid_assets=138
2025-12-28 13:13:28,912 | WARNING | Using fallback equal-weight on 2020-05-28 00:00:00 | opt_status=ema_insufficient_window | n_valid_assets=138
2025-12-28 13:13:28,922 | WARNING | Using fallback equal-weight on 2020-05-31 00:00:00 | opt_status=ema_insufficient_window | n_valid_assets=138
2025-12-28 13:13:28,932 | WARNING | Using fallback equal-weight on 2020-06-01 00:00:00 | opt_status=ema_insufficient_window | n_valid_assets=138
2025-12-28 13:13:28,940 | WARNING | Using fallback equal-weight on 2020-06-02 00:00:00 | opt_status=ema_insufficient_window | n_valid_assets=138
2025-12-28 13:13:28,950 | WARNING | Using fallback equal-weight on 2020-06-03 00:00:00 | opt_status=ema_insufficient_window | n_valid_assets=138
2025-12-28 13:13:28,963 | WARNING | Using fallback equal-weight on 2020-06-04 00:00:00 | opt_status=ema_insufficient_window | n_valid_assets=138
2025-12-28 13:13:28,974 | WARNING | Using fallback equal-weight on 2020-06-07 00:00:00 | opt_status=ema_insufficient_window | n_valid_assets=138
2025-12-28 13:13:28,984 | WARNING | Using fallback equal-weight on 2020-06-08 00:00:00 | opt_status=ema_insufficient_window | n_valid_assets=138
2025-12-28 13:13:28,993 | WARNING | Using fallback equal-weight on 2020-06-09 00:00:00 | opt_status=ema_insufficient_window | n_valid_assets=138
2025-12-28 13:13:29,001 | WARNING | Using fallback equal-weight on 2020-06-10 00:00:00 | opt_status=ema_insufficient_window | n_valid_assets=138
2025-12-28 13:13:29,003 | INFO | Progress: 4% (44/1098) | date=2020-06-10 00:00:00 nav=1.19663175 opt_status=ema_insufficient_window
2025-12-28 13:13:29,010 | WARNING | Using fallback equal-weight on 2020-06-11 00:00:00 | opt_status=ema_insufficient_window | n_valid_assets=138
2025-12-28 13:13:29,018 | WARNING | Using fallback equal-weight on 2020-06-14 00:00:00 | opt_status=ema_insufficient_window | n_valid_assets=138
2025-12-28 13:13:29,026 | WARNING | Using fallback equal-weight on 2020-06-15 00:00:00 | opt_status=ema_insufficient_window | n_valid_assets=138
2025-12-28 13:13:29,037 | WARNING | Using fallback equal-weight on 2020-06-16 00:00:00 | opt_status=ema_insufficient_window | n_valid_assets=138
2025-12-28 13:13:29,048 | WARNING | Using fallback equal-weight on 2020-06-17 00:00:00 | opt_status=ema_insufficient_window | n_valid_assets=138
2025-12-28 13:13:29,232 | INFO | Progress: 5% (55/1098) | date=2020-06-25 00:00:00 nav=1.25669876 opt_status=ok_ema_sharpe
2025-12-28 13:13:29,631 | INFO | Progress: 6% (66/1098) | date=2020-07-12 00:00:00 nav=1.31801066 opt_status=ok_ema_sharpe
2025-12-28 13:13:30,043 | INFO | Progress: 7% (77/1098) | date=2020-07-27 00:00:00 nav=1.40035657 opt_status=ok_ema_sharpe
2025-12-28 13:13:30,426 | INFO | Progress: 8% (88/1098) | date=2020-08-11 00:00:00 nav=1.43821838 opt_status=ok_ema_sharpe
2025-12-28 13:13:30,871 | INFO | Progress: 9% (99/1098) | date=2020-08-26 00:00:00 nav=1.46328051 opt_status=ok_ema_sharpe
2025-12-28 13:13:31,235 | INFO | Progress: 10% (110/1098) | date=2020-09-10 00:00:00 nav=1.41083748 opt_status=ok_ema_sharpe
2025-12-28 13:13:31,687 | INFO | Progress: 11% (121/1098) | date=2020-09-27 00:00:00 nav=1.45954723 opt_status=ok_ema_sharpe
2025-12-28 13:13:32,114 | INFO | Progress: 12% (132/1098) | date=2020-10-13 00:00:00 nav=1.47749888 opt_status=ok_ema_sharpe
2025-12-28 13:13:32,494 | INFO | Progress: 13% (143/1098) | date=2020-10-28 00:00:00 nav=1.41205313 opt_status=ok_ema_sharpe
2025-12-28 13:13:32,912 | INFO | Progress: 14% (154/1098) | date=2020-11-12 00:00:00 nav=1.50271503 opt_status=ok_ema_sharpe
2025-12-28 13:13:33,322 | INFO | Progress: 15% (165/1098) | date=2020-11-30 00:00:00 nav=1.5782398 opt_status=ok_ema_sharpe
2025-12-28 13:13:33,624 | INFO | Progress: 16% (176/1098) | date=2020-12-15 00:00:00 nav=1.69131785 opt_status=ok_ema_sharpe
2025-12-28 13:13:33,952 | INFO | Progress: 17% (187/1098) | date=2020-12-31 00:00:00 nav=1.68371533 opt_status=ok_ema_sharpe
2025-12-28 13:13:34,442 | INFO | Progress: 18% (198/1098) | date=2021-01-17 00:00:00 nav=1.70295454 opt_status=ok_ema_sharpe
2025-12-28 13:13:34,936 | INFO | Progress: 19% (209/1098) | date=2021-02-02 00:00:00 nav=1.76818788 opt_status=ok_ema_sharpe
2025-12-28 13:13:35,395 | INFO | Progress: 20% (220/1098) | date=2021-02-17 00:00:00 nav=1.81114888 opt_status=ok_ema_sharpe
2025-12-28 13:13:35,826 | INFO | Progress: 21% (231/1098) | date=2021-03-04 00:00:00 nav=1.88116884 opt_status=ok_ema_sharpe
2025-12-28 13:13:36,264 | INFO | Progress: 22% (242/1098) | date=2021-03-22 00:00:00 nav=1.86763853 opt_status=ok_ema_sharpe
2025-12-28 13:13:36,677 | INFO | Progress: 23% (253/1098) | date=2021-04-08 00:00:00 nav=1.91858556 opt_status=ok_ema_sharpe
2025-12-28 13:13:37,077 | INFO | Progress: 24% (264/1098) | date=2021-04-27 00:00:00 nav=1.88909599 opt_status=ok_ema_sharpe
2025-12-28 13:13:37,449 | INFO | Progress: 25% (275/1098) | date=2021-05-13 00:00:00 nav=1.99905225 opt_status=ok_ema_sharpe
2025-12-28 13:13:37,935 | INFO | Progress: 26% (286/1098) | date=2021-05-30 00:00:00 nav=2.03590272 opt_status=ok_ema_sharpe
2025-12-28 13:13:38,481 | INFO | Progress: 27% (297/1098) | date=2021-06-14 00:00:00 nav=2.07296829 opt_status=ok_ema_sharpe
2025-12-28 13:13:39,015 | INFO | Progress: 28% (308/1098) | date=2021-06-29 00:00:00 nav=2.00671223 opt_status=ok_ema_sharpe
2025-12-28 13:13:39,583 | INFO | Progress: 29% (319/1098) | date=2021-07-14 00:00:00 nav=2.03713912 opt_status=ok_ema_sharpe
2025-12-28 13:13:40,110 | INFO | Progress: 30% (330/1098) | date=2021-08-01 00:00:00 nav=2.14691215 opt_status=ok_ema_sharpe
2025-12-28 13:13:40,596 | INFO | Progress: 31% (341/1098) | date=2021-08-16 00:00:00 nav=2.1750915 opt_status=ok_ema_sharpe
2025-12-28 13:13:41,084 | INFO | Progress: 32% (352/1098) | date=2021-09-01 00:00:00 nav=2.22320146 opt_status=ok_ema_sharpe
2025-12-28 13:13:41,676 | INFO | Progress: 33% (363/1098) | date=2021-09-19 00:00:00 nav=2.21413858 opt_status=ok_ema_sharpe
2025-12-28 13:13:42,231 | INFO | Progress: 34% (374/1098) | date=2021-10-04 00:00:00 nav=2.29095857 opt_status=ok_ema_sharpe
2025-12-28 13:13:42,757 | INFO | Progress: 35% (385/1098) | date=2021-10-20 00:00:00 nav=2.32217934 opt_status=ok_ema_sharpe
2025-12-28 13:13:43,267 | INFO | Progress: 36% (396/1098) | date=2021-11-07 00:00:00 nav=2.35901276 opt_status=ok_ema_sharpe
2025-12-28 13:13:43,770 | INFO | Progress: 37% (407/1098) | date=2021-11-23 00:00:00 nav=2.23428708 opt_status=ok_ema_sharpe
2025-12-28 13:13:44,221 | INFO | Progress: 38% (418/1098) | date=2021-12-08 00:00:00 nav=2.21734171 opt_status=ok_ema_sharpe
2025-12-28 13:13:44,714 | INFO | Progress: 39% (429/1098) | date=2021-12-23 00:00:00 nav=2.16405305 opt_status=ok_ema_sharpe
2025-12-28 13:13:45,148 | INFO | Progress: 40% (440/1098) | date=2022-01-09 00:00:00 nav=2.26859941 opt_status=ok_ema_sharpe
2025-12-28 13:13:45,563 | INFO | Progress: 41% (451/1098) | date=2022-01-24 00:00:00 nav=2.11880464 opt_status=ok_ema_sharpe
2025-12-28 13:13:45,974 | INFO | Progress: 42% (462/1098) | date=2022-02-09 00:00:00 nav=2.16773782 opt_status=ok_ema_sharpe
2025-12-28 13:13:46,396 | INFO | Progress: 43% (473/1098) | date=2022-02-24 00:00:00 nav=2.01423761 opt_status=ok_ema_sharpe
2025-12-28 13:13:46,731 | INFO | Progress: 44% (484/1098) | date=2022-03-14 00:00:00 nav=1.89454008 opt_status=ok_ema_sharpe
2025-12-28 13:13:47,048 | INFO | Progress: 45% (495/1098) | date=2022-03-30 00:00:00 nav=1.96911974 opt_status=ok_ema_sharpe
2025-12-28 13:13:47,441 | INFO | Progress: 46% (506/1098) | date=2022-04-18 00:00:00 nav=1.97892415 opt_status=ok_ema_sharpe
2025-12-28 13:13:47,822 | INFO | Progress: 47% (517/1098) | date=2022-05-04 00:00:00 nav=1.98389969 opt_status=ok_ema_sharpe
2025-12-28 13:13:48,110 | INFO | Progress: 48% (528/1098) | date=2022-05-19 00:00:00 nav=1.97349126 opt_status=ok_ema_sharpe
2025-12-28 13:13:48,533 | INFO | Progress: 49% (539/1098) | date=2022-06-05 00:00:00 nav=1.9776098 opt_status=ok_ema_sharpe
2025-12-28 13:13:48,953 | INFO | Progress: 50% (549/1098) | date=2022-06-19 00:00:00 nav=1.83533044 opt_status=ok_ema_sharpe
2025-12-28 13:13:49,305 | INFO | Progress: 51% (560/1098) | date=2022-07-04 00:00:00 nav=1.97076904 opt_status=ok_ema_sharpe
2025-12-28 13:13:49,702 | INFO | Progress: 52% (571/1098) | date=2022-07-19 00:00:00 nav=2.0916965 opt_status=ok_ema_sharpe
2025-12-28 13:13:50,192 | INFO | Progress: 53% (582/1098) | date=2022-08-03 00:00:00 nav=2.13539287 opt_status=ok_ema_sharpe
2025-12-28 13:13:50,654 | INFO | Progress: 54% (593/1098) | date=2022-08-22 00:00:00 nav=2.19383673 opt_status=ok_ema_sharpe
2025-12-28 13:13:51,050 | INFO | Progress: 55% (604/1098) | date=2022-09-07 00:00:00 nav=2.29271373 opt_status=ok_ema_sharpe
2025-12-28 13:13:51,438 | INFO | Progress: 56% (615/1098) | date=2022-09-22 00:00:00 nav=2.25317458 opt_status=ok_ema_sharpe
2025-12-28 13:13:51,831 | INFO | Progress: 57% (626/1098) | date=2022-10-10 00:00:00 nav=2.16534917 opt_status=ok_ema_sharpe
2025-12-28 13:13:52,268 | INFO | Progress: 58% (637/1098) | date=2022-10-26 00:00:00 nav=2.25557243 opt_status=ok_ema_sharpe
2025-12-28 13:13:52,675 | INFO | Progress: 59% (648/1098) | date=2022-11-13 00:00:00 nav=2.23860366 opt_status=ok_ema_sharpe
2025-12-28 13:13:53,058 | INFO | Progress: 60% (659/1098) | date=2022-11-28 00:00:00 nav=2.24103504 opt_status=ok_ema_sharpe
2025-12-28 13:13:53,485 | INFO | Progress: 61% (670/1098) | date=2022-12-13 00:00:00 nav=2.34508521 opt_status=ok_ema_sharpe
2025-12-28 13:13:53,943 | INFO | Progress: 62% (681/1098) | date=2022-12-28 00:00:00 nav=2.25263384 opt_status=ok_ema_sharpe
2025-12-28 13:13:54,294 | INFO | Progress: 63% (692/1098) | date=2023-01-12 00:00:00 nav=2.27884533 opt_status=ok_ema_sharpe
2025-12-28 13:13:54,648 | INFO | Progress: 64% (703/1098) | date=2023-01-30 00:00:00 nav=2.1952047 opt_status=ok_ema_sharpe
2025-12-28 13:13:55,027 | INFO | Progress: 65% (714/1098) | date=2023-02-14 00:00:00 nav=2.09094625 opt_status=ok_ema_sharpe
2025-12-28 13:13:55,400 | INFO | Progress: 66% (725/1098) | date=2023-03-01 00:00:00 nav=2.04748795 opt_status=ok_ema_sharpe
2025-12-28 13:13:55,816 | INFO | Progress: 67% (736/1098) | date=2023-03-19 00:00:00 nav=2.02859799 opt_status=ok_ema_sharpe
2025-12-28 13:13:56,233 | INFO | Progress: 68% (747/1098) | date=2023-04-05 00:00:00 nav=2.06161093 opt_status=ok_ema_sharpe
2025-12-28 13:13:56,625 | INFO | Progress: 69% (758/1098) | date=2023-04-24 00:00:00 nav=2.1249493 opt_status=ok_ema_sharpe
2025-12-28 13:13:57,048 | INFO | Progress: 70% (769/1098) | date=2023-05-10 00:00:00 nav=2.21690544 opt_status=ok_ema_sharpe
2025-12-28 13:13:57,544 | INFO | Progress: 71% (780/1098) | date=2023-05-25 00:00:00 nav=2.27883219 opt_status=ok_ema_sharpe
2025-12-28 13:13:58,025 | INFO | Progress: 72% (791/1098) | date=2023-06-11 00:00:00 nav=2.37575877 opt_status=ok_ema_sharpe
2025-12-28 13:13:58,511 | INFO | Progress: 73% (802/1098) | date=2023-06-26 00:00:00 nav=2.41385638 opt_status=ok_ema_sharpe
2025-12-28 13:13:59,110 | INFO | Progress: 74% (813/1098) | date=2023-07-12 00:00:00 nav=2.43298588 opt_status=ok_ema_sharpe
2025-12-28 13:13:59,799 | INFO | Progress: 75% (824/1098) | date=2023-07-27 00:00:00 nav=2.52502164 opt_status=ok_ema_sharpe
2025-12-28 13:14:00,568 | INFO | Progress: 76% (835/1098) | date=2023-08-13 00:00:00 nav=2.53867889 opt_status=ok_ema_sharpe
2025-12-28 13:14:01,156 | INFO | Progress: 77% (846/1098) | date=2023-08-29 00:00:00 nav=2.60457623 opt_status=ok_ema_sharpe
2025-12-28 13:14:01,838 | INFO | Progress: 78% (857/1098) | date=2023-09-13 00:00:00 nav=2.64236907 opt_status=ok_ema_sharpe
2025-12-28 13:14:02,310 | INFO | Progress: 79% (868/1098) | date=2023-10-02 00:00:00 nav=2.64133051 opt_status=ok_ema_sharpe
2025-12-28 13:14:02,840 | INFO | Progress: 80% (879/1098) | date=2023-10-17 00:00:00 nav=2.62371146 opt_status=ok_ema_sharpe
2025-12-28 13:14:03,325 | INFO | Progress: 81% (890/1098) | date=2023-11-02 00:00:00 nav=2.57632229 opt_status=ok_ema_sharpe
2025-12-28 13:14:03,876 | INFO | Progress: 82% (901/1098) | date=2023-11-20 00:00:00 nav=2.7442834 opt_status=ok_ema_sharpe
2025-12-28 13:14:04,506 | INFO | Progress: 83% (912/1098) | date=2023-12-06 00:00:00 nav=3.00668701 opt_status=ok_ema_sharpe
2025-12-28 13:14:05,172 | INFO | Progress: 84% (923/1098) | date=2023-12-21 00:00:00 nav=3.0593934 opt_status=ok_ema_sharpe
2025-12-28 13:14:05,851 | INFO | Progress: 85% (934/1098) | date=2024-01-08 00:00:00 nav=3.23746692 opt_status=ok_ema_sharpe
2025-12-28 13:14:06,398 | INFO | Progress: 86% (945/1098) | date=2024-01-24 00:00:00 nav=3.28225465 opt_status=ok_ema_sharpe
2025-12-28 13:14:06,991 | INFO | Progress: 87% (956/1098) | date=2024-02-11 00:00:00 nav=3.36950517 opt_status=ok_ema_sharpe
2025-12-28 13:14:07,510 | INFO | Progress: 88% (967/1098) | date=2024-02-26 00:00:00 nav=3.52740501 opt_status=ok_ema_sharpe
2025-12-28 13:14:07,998 | INFO | Progress: 89% (978/1098) | date=2024-03-13 00:00:00 nav=3.46147639 opt_status=ok_ema_sharpe
2025-12-28 13:14:08,411 | INFO | Progress: 90% (989/1098) | date=2024-04-01 00:00:00 nav=3.58820177 opt_status=ok_ema_sharpe
2025-12-28 13:14:08,940 | INFO | Progress: 91% (1000/1098) | date=2024-04-18 00:00:00 nav=3.57286176 opt_status=ok_ema_sharpe
2025-12-28 13:14:09,528 | INFO | Progress: 92% (1011/1098) | date=2024-05-06 00:00:00 nav=3.66576905 opt_status=ok_ema_sharpe
2025-12-28 13:14:10,111 | INFO | Progress: 93% (1022/1098) | date=2024-05-22 00:00:00 nav=4.05199718 opt_status=ok_ema_sharpe
2025-12-28 13:14:10,888 | INFO | Progress: 94% (1033/1098) | date=2024-06-06 00:00:00 nav=4.09834425 opt_status=ok_ema_sharpe
2025-12-28 13:14:11,532 | INFO | Progress: 95% (1044/1098) | date=2024-06-24 00:00:00 nav=4.16736358 opt_status=ok_ema_sharpe
2025-12-28 13:14:12,056 | INFO | Progress: 96% (1055/1098) | date=2024-07-09 00:00:00 nav=4.19853024 opt_status=ok_ema_sharpe
2025-12-28 13:14:12,535 | INFO | Progress: 97% (1066/1098) | date=2024-07-25 00:00:00 nav=4.18488291 opt_status=ok_ema_sharpe
2025-12-28 13:14:13,122 | INFO | Progress: 98% (1077/1098) | date=2024-08-11 00:00:00 nav=4.19552668 opt_status=ok_ema_sharpe
2025-12-28 13:14:13,816 | INFO | Progress: 99% (1088/1098) | date=2024-08-27 00:00:00 nav=4.27348309 opt_status=ok_ema_sharpe
2025-12-28 13:14:14,290 | INFO | Progress: 100% (1098/1098) | date=2024-09-10 00:00:00 nav=4.34186483 opt_status=ok_ema_sharpe
2025-12-28 13:14:14,422 | INFO | Experiment saved to: experiments\ema_sharpe_v2_daily_india_20251228_074325
2025-12-28 13:14:14,503 | INFO | Saved performance artifacts to experiments\ema_sharpe_v2_daily_india_20251228_074325\outputs\performance
2025-12-28 13:14:15,983 | INFO | Saved figures to: experiments\ema_sharpe_v2_daily_india_20251228_074325\artifacts\figures
2025-12-28 13:14:15,984 | INFO | Run complete
