2025-12-29 00:11:00,212 | INFO | Run initialized
2025-12-29 00:11:00,212 | INFO | Run folder: experiments\ema_risk_parity_daily_25_175_india_20251228_184059
2025-12-29 00:11:00,212 | INFO | Config used: experiments\ema_risk_parity_daily_25_175_india_20251228_184059\params.yaml
2025-12-29 00:11:00,212 | INFO | Experiments dir: experiments
2025-12-29 00:11:00,212 | INFO | Running experiment from config
2025-12-29 00:11:00,218 | INFO | Runner starting | data.mode=processed | use_gpu=False
2025-12-29 00:11:00,275 | INFO | Loaded prices | rows=2135 cols=138 | start=2015-11-08 00:00:00 end=2024-07-04 00:00:00
2025-12-29 00:11:00,275 | INFO | Optimizer configured | raw_type=ema_hybrid resolved=ema_hybrid | k=None | long_only=True | box={'min': 0.008, 'max': 0.6}
2025-12-29 00:11:00,276 | INFO | Planned total steps: 2135
2025-12-29 00:11:00,276 | INFO | Progress logging every 1%
2025-12-29 00:11:00,277 | INFO | Backtest starting | steps=2135 | rebalance=daily | tc(proportional)=0.0005 | record_non_rebalance=False
2025-12-29 00:11:00,277 | INFO | Date range: 2015-11-08 00:00:00 -> 2024-07-04 00:00:00 | assets=138
2025-12-29 00:11:00,278 | INFO | Rebalance dates computed: 2135 (first=2015-11-08 00:00:00 last=2024-07-04 00:00:00)
2025-12-29 00:11:00,294 | WARNING | No common tickers between expected_returns (0) and covariance (138) on 2015-11-08 00:00:00
2025-12-29 00:11:00,294 | WARNING | Using fallback equal-weight on 2015-11-08 00:00:00 | opt_status=skipped_no_common_tickers | n_valid_assets=126
2025-12-29 00:11:00,302 | WARNING | Using fallback equal-weight on 2015-11-09 00:00:00 | opt_status=ema_insufficient_window | n_valid_assets=126
2025-12-29 00:11:00,309 | WARNING | Using fallback equal-weight on 2015-11-12 00:00:00 | opt_status=ema_insufficient_window | n_valid_assets=126
2025-12-29 00:11:00,315 | WARNING | Using fallback equal-weight on 2015-11-15 00:00:00 | opt_status=ema_insufficient_window | n_valid_assets=126
2025-12-29 00:11:00,323 | WARNING | Using fallback equal-weight on 2015-11-16 00:00:00 | opt_status=ema_insufficient_window | n_valid_assets=126
2025-12-29 00:11:00,330 | WARNING | Using fallback equal-weight on 2015-11-17 00:00:00 | opt_status=ema_insufficient_window | n_valid_assets=126
2025-12-29 00:11:00,337 | WARNING | Using fallback equal-weight on 2015-11-18 00:00:00 | opt_status=ema_insufficient_window | n_valid_assets=126
2025-12-29 00:11:00,345 | WARNING | Using fallback equal-weight on 2015-11-19 00:00:00 | opt_status=ema_insufficient_window | n_valid_assets=126
2025-12-29 00:11:00,352 | WARNING | Using fallback equal-weight on 2015-11-22 00:00:00 | opt_status=ema_insufficient_window | n_valid_assets=126
2025-12-29 00:11:00,358 | WARNING | Using fallback equal-weight on 2015-11-23 00:00:00 | opt_status=ema_insufficient_window | n_valid_assets=126
2025-12-29 00:11:00,365 | WARNING | Using fallback equal-weight on 2015-11-25 00:00:00 | opt_status=ema_insufficient_window | n_valid_assets=126
2025-12-29 00:11:00,372 | WARNING | Using fallback equal-weight on 2015-11-26 00:00:00 | opt_status=ema_insufficient_window | n_valid_assets=126
2025-12-29 00:11:00,380 | WARNING | Using fallback equal-weight on 2015-11-29 00:00:00 | opt_status=ema_insufficient_window | n_valid_assets=126
2025-12-29 00:11:00,386 | WARNING | Using fallback equal-weight on 2015-11-30 00:00:00 | opt_status=ema_insufficient_window | n_valid_assets=126
2025-12-29 00:11:00,394 | WARNING | Using fallback equal-weight on 2015-12-01 00:00:00 | opt_status=ema_insufficient_window | n_valid_assets=126
2025-12-29 00:11:00,401 | WARNING | Using fallback equal-weight on 2015-12-02 00:00:00 | opt_status=ema_insufficient_window | n_valid_assets=126
2025-12-29 00:11:00,408 | WARNING | Using fallback equal-weight on 2015-12-03 00:00:00 | opt_status=ema_insufficient_window | n_valid_assets=126
2025-12-29 00:11:00,415 | WARNING | Using fallback equal-weight on 2015-12-06 00:00:00 | opt_status=ema_insufficient_window | n_valid_assets=126
2025-12-29 00:11:00,423 | WARNING | Using fallback equal-weight on 2015-12-07 00:00:00 | opt_status=ema_insufficient_window | n_valid_assets=126
2025-12-29 00:11:00,430 | WARNING | Using fallback equal-weight on 2015-12-08 00:00:00 | opt_status=ema_insufficient_window | n_valid_assets=126
2025-12-29 00:11:00,437 | WARNING | Using fallback equal-weight on 2015-12-09 00:00:00 | opt_status=ema_insufficient_window | n_valid_assets=126
2025-12-29 00:11:00,444 | WARNING | Using fallback equal-weight on 2015-12-10 00:00:00 | opt_status=ema_insufficient_window | n_valid_assets=126
2025-12-29 00:11:00,445 | INFO | Progress: 1% (22/2135) | date=2015-12-10 00:00:00 nav=0.9801192 opt_status=ema_insufficient_window
2025-12-29 00:11:00,452 | WARNING | Using fallback equal-weight on 2015-12-13 00:00:00 | opt_status=ema_insufficient_window | n_valid_assets=126
2025-12-29 00:11:00,459 | WARNING | Using fallback equal-weight on 2015-12-14 00:00:00 | opt_status=ema_insufficient_window | n_valid_assets=126
2025-12-29 00:11:00,466 | WARNING | Using fallback equal-weight on 2015-12-15 00:00:00 | opt_status=ema_insufficient_window | n_valid_assets=127
2025-12-29 00:11:00,472 | WARNING | Using fallback equal-weight on 2015-12-16 00:00:00 | opt_status=ema_insufficient_window | n_valid_assets=127
2025-12-29 00:11:00,480 | WARNING | Using fallback equal-weight on 2015-12-17 00:00:00 | opt_status=ema_insufficient_window | n_valid_assets=127
2025-12-29 00:11:00,487 | WARNING | Using fallback equal-weight on 2015-12-20 00:00:00 | opt_status=ema_insufficient_window | n_valid_assets=127
2025-12-29 00:11:00,495 | WARNING | Using fallback equal-weight on 2015-12-21 00:00:00 | opt_status=ema_insufficient_window | n_valid_assets=127
2025-12-29 00:11:00,502 | WARNING | Using fallback equal-weight on 2015-12-22 00:00:00 | opt_status=ema_insufficient_window | n_valid_assets=127
2025-12-29 00:11:00,510 | WARNING | Using fallback equal-weight on 2015-12-23 00:00:00 | opt_status=ema_insufficient_window | n_valid_assets=127
2025-12-29 00:11:00,518 | WARNING | Using fallback equal-weight on 2015-12-27 00:00:00 | opt_status=ema_insufficient_window | n_valid_assets=127
2025-12-29 00:11:00,525 | WARNING | Using fallback equal-weight on 2015-12-28 00:00:00 | opt_status=ema_insufficient_window | n_valid_assets=127
2025-12-29 00:11:00,533 | WARNING | Using fallback equal-weight on 2015-12-29 00:00:00 | opt_status=ema_insufficient_window | n_valid_assets=127
2025-12-29 00:11:00,540 | WARNING | Using fallback equal-weight on 2015-12-30 00:00:00 | opt_status=ema_insufficient_window | n_valid_assets=127
2025-12-29 00:11:00,548 | WARNING | Using fallback equal-weight on 2015-12-31 00:00:00 | opt_status=ema_insufficient_window | n_valid_assets=127
2025-12-29 00:11:00,555 | WARNING | Using fallback equal-weight on 2016-01-03 00:00:00 | opt_status=ema_insufficient_window | n_valid_assets=127
2025-12-29 00:11:00,563 | WARNING | Using fallback equal-weight on 2016-01-04 00:00:00 | opt_status=ema_insufficient_window | n_valid_assets=127
2025-12-29 00:11:00,571 | WARNING | Using fallback equal-weight on 2016-01-05 00:00:00 | opt_status=ema_insufficient_window | n_valid_assets=127
2025-12-29 00:11:00,579 | WARNING | Using fallback equal-weight on 2016-01-06 00:00:00 | opt_status=ema_insufficient_window | n_valid_assets=127
2025-12-29 00:11:00,586 | WARNING | Using fallback equal-weight on 2016-01-07 00:00:00 | opt_status=ema_insufficient_window | n_valid_assets=127
2025-12-29 00:11:00,594 | WARNING | Using fallback equal-weight on 2016-01-10 00:00:00 | opt_status=ema_insufficient_window | n_valid_assets=127
2025-12-29 00:11:00,601 | WARNING | Using fallback equal-weight on 2016-01-11 00:00:00 | opt_status=ema_insufficient_window | n_valid_assets=127
2025-12-29 00:11:00,602 | INFO | Progress: 2% (43/2135) | date=2016-01-11 00:00:00 nav=0.99092858 opt_status=ema_insufficient_window
2025-12-29 00:11:00,609 | WARNING | Using fallback equal-weight on 2016-01-12 00:00:00 | opt_status=ema_insufficient_window | n_valid_assets=127
2025-12-29 00:11:00,617 | WARNING | Using fallback equal-weight on 2016-01-13 00:00:00 | opt_status=ema_insufficient_window | n_valid_assets=127
2025-12-29 00:11:00,624 | WARNING | Using fallback equal-weight on 2016-01-14 00:00:00 | opt_status=ema_insufficient_window | n_valid_assets=127
2025-12-29 00:11:00,632 | WARNING | Using fallback equal-weight on 2016-01-17 00:00:00 | opt_status=ema_insufficient_window | n_valid_assets=127
2025-12-29 00:11:00,640 | WARNING | Using fallback equal-weight on 2016-01-18 00:00:00 | opt_status=ema_insufficient_window | n_valid_assets=127
2025-12-29 00:11:00,647 | WARNING | Using fallback equal-weight on 2016-01-19 00:00:00 | opt_status=ema_insufficient_window | n_valid_assets=127
2025-12-29 00:11:00,655 | WARNING | Using fallback equal-weight on 2016-01-20 00:00:00 | opt_status=ema_insufficient_window | n_valid_assets=127
2025-12-29 00:11:00,663 | WARNING | Using fallback equal-weight on 2016-01-21 00:00:00 | opt_status=ema_insufficient_window | n_valid_assets=127
2025-12-29 00:11:00,670 | WARNING | Using fallback equal-weight on 2016-01-24 00:00:00 | opt_status=ema_insufficient_window | n_valid_assets=127
2025-12-29 00:11:00,678 | WARNING | Using fallback equal-weight on 2016-01-26 00:00:00 | opt_status=ema_insufficient_window | n_valid_assets=127
2025-12-29 00:11:00,685 | WARNING | Using fallback equal-weight on 2016-01-27 00:00:00 | opt_status=ema_insufficient_window | n_valid_assets=127
2025-12-29 00:11:00,693 | WARNING | Using fallback equal-weight on 2016-01-28 00:00:00 | opt_status=ema_insufficient_window | n_valid_assets=127
2025-12-29 00:11:00,701 | WARNING | Using fallback equal-weight on 2016-01-31 00:00:00 | opt_status=ema_insufficient_window | n_valid_assets=127
2025-12-29 00:11:00,709 | WARNING | Using fallback equal-weight on 2016-02-01 00:00:00 | opt_status=ema_insufficient_window | n_valid_assets=127
2025-12-29 00:11:00,716 | WARNING | Using fallback equal-weight on 2016-02-02 00:00:00 | opt_status=ema_insufficient_window | n_valid_assets=127
2025-12-29 00:11:00,724 | WARNING | Using fallback equal-weight on 2016-02-03 00:00:00 | opt_status=ema_insufficient_window | n_valid_assets=127
2025-12-29 00:11:00,731 | WARNING | Using fallback equal-weight on 2016-02-04 00:00:00 | opt_status=ema_insufficient_window | n_valid_assets=127
2025-12-29 00:11:00,738 | WARNING | Using fallback equal-weight on 2016-02-07 00:00:00 | opt_status=ema_insufficient_window | n_valid_assets=127
2025-12-29 00:11:00,746 | WARNING | Using fallback equal-weight on 2016-02-08 00:00:00 | opt_status=ema_insufficient_window | n_valid_assets=127
2025-12-29 00:11:00,754 | WARNING | Using fallback equal-weight on 2016-02-09 00:00:00 | opt_status=ema_insufficient_window | n_valid_assets=127
2025-12-29 00:11:00,762 | WARNING | Using fallback equal-weight on 2016-02-10 00:00:00 | opt_status=ema_insufficient_window | n_valid_assets=127
2025-12-29 00:11:00,769 | WARNING | Using fallback equal-weight on 2016-02-11 00:00:00 | opt_status=ema_insufficient_window | n_valid_assets=127
2025-12-29 00:11:00,770 | INFO | Progress: 3% (65/2135) | date=2016-02-11 00:00:00 nav=0.88730994 opt_status=ema_insufficient_window
2025-12-29 00:11:00,777 | WARNING | Using fallback equal-weight on 2016-02-14 00:00:00 | opt_status=ema_insufficient_window | n_valid_assets=127
2025-12-29 00:11:00,785 | WARNING | Using fallback equal-weight on 2016-02-15 00:00:00 | opt_status=ema_insufficient_window | n_valid_assets=127
2025-12-29 00:11:00,793 | WARNING | Using fallback equal-weight on 2016-02-16 00:00:00 | opt_status=ema_insufficient_window | n_valid_assets=127
2025-12-29 00:11:00,801 | WARNING | Using fallback equal-weight on 2016-02-17 00:00:00 | opt_status=ema_insufficient_window | n_valid_assets=127
2025-12-29 00:11:00,809 | WARNING | Using fallback equal-weight on 2016-02-18 00:00:00 | opt_status=ema_insufficient_window | n_valid_assets=127
2025-12-29 00:11:00,817 | WARNING | Using fallback equal-weight on 2016-02-21 00:00:00 | opt_status=ema_insufficient_window | n_valid_assets=127
2025-12-29 00:11:00,826 | WARNING | Using fallback equal-weight on 2016-02-22 00:00:00 | opt_status=ema_insufficient_window | n_valid_assets=127
2025-12-29 00:11:00,834 | WARNING | Using fallback equal-weight on 2016-02-23 00:00:00 | opt_status=ema_insufficient_window | n_valid_assets=127
2025-12-29 00:11:00,842 | WARNING | Using fallback equal-weight on 2016-02-24 00:00:00 | opt_status=ema_insufficient_window | n_valid_assets=127
2025-12-29 00:11:00,850 | WARNING | Using fallback equal-weight on 2016-02-25 00:00:00 | opt_status=ema_insufficient_window | n_valid_assets=127
2025-12-29 00:11:00,858 | WARNING | Using fallback equal-weight on 2016-02-28 00:00:00 | opt_status=ema_insufficient_window | n_valid_assets=127
2025-12-29 00:11:00,867 | WARNING | Using fallback equal-weight on 2016-02-29 00:00:00 | opt_status=ema_insufficient_window | n_valid_assets=127
2025-12-29 00:11:00,875 | WARNING | Using fallback equal-weight on 2016-03-01 00:00:00 | opt_status=ema_insufficient_window | n_valid_assets=127
2025-12-29 00:11:00,882 | WARNING | Using fallback equal-weight on 2016-03-02 00:00:00 | opt_status=ema_insufficient_window | n_valid_assets=127
2025-12-29 00:11:00,890 | WARNING | Using fallback equal-weight on 2016-03-03 00:00:00 | opt_status=ema_insufficient_window | n_valid_assets=127
2025-12-29 00:11:00,898 | WARNING | Using fallback equal-weight on 2016-03-07 00:00:00 | opt_status=ema_insufficient_window | n_valid_assets=127
2025-12-29 00:11:00,906 | WARNING | Using fallback equal-weight on 2016-03-08 00:00:00 | opt_status=ema_insufficient_window | n_valid_assets=127
2025-12-29 00:11:00,914 | WARNING | Using fallback equal-weight on 2016-03-09 00:00:00 | opt_status=ema_insufficient_window | n_valid_assets=127
2025-12-29 00:11:00,922 | WARNING | Using fallback equal-weight on 2016-03-10 00:00:00 | opt_status=ema_insufficient_window | n_valid_assets=127
2025-12-29 00:11:00,930 | WARNING | Using fallback equal-weight on 2016-03-13 00:00:00 | opt_status=ema_insufficient_window | n_valid_assets=127
2025-12-29 00:11:00,938 | WARNING | Using fallback equal-weight on 2016-03-14 00:00:00 | opt_status=ema_insufficient_window | n_valid_assets=127
2025-12-29 00:11:00,939 | INFO | Progress: 4% (86/2135) | date=2016-03-14 00:00:00 nav=0.95054144 opt_status=ema_insufficient_window
2025-12-29 00:11:00,946 | WARNING | Using fallback equal-weight on 2016-03-15 00:00:00 | opt_status=ema_insufficient_window | n_valid_assets=127
2025-12-29 00:11:00,954 | WARNING | Using fallback equal-weight on 2016-03-16 00:00:00 | opt_status=ema_insufficient_window | n_valid_assets=127
2025-12-29 00:11:00,962 | WARNING | Using fallback equal-weight on 2016-03-17 00:00:00 | opt_status=ema_insufficient_window | n_valid_assets=127
2025-12-29 00:11:00,970 | WARNING | Using fallback equal-weight on 2016-03-20 00:00:00 | opt_status=ema_insufficient_window | n_valid_assets=127
2025-12-29 00:11:00,978 | WARNING | Using fallback equal-weight on 2016-03-21 00:00:00 | opt_status=ema_insufficient_window | n_valid_assets=127
2025-12-29 00:11:00,986 | WARNING | Using fallback equal-weight on 2016-03-22 00:00:00 | opt_status=ema_insufficient_window | n_valid_assets=127
2025-12-29 00:11:00,994 | WARNING | Using fallback equal-weight on 2016-03-27 00:00:00 | opt_status=ema_insufficient_window | n_valid_assets=127
2025-12-29 00:11:01,002 | WARNING | Using fallback equal-weight on 2016-03-28 00:00:00 | opt_status=ema_insufficient_window | n_valid_assets=127
2025-12-29 00:11:01,011 | WARNING | Using fallback equal-weight on 2016-03-29 00:00:00 | opt_status=ema_insufficient_window | n_valid_assets=127
2025-12-29 00:11:01,019 | WARNING | Using fallback equal-weight on 2016-03-30 00:00:00 | opt_status=ema_insufficient_window | n_valid_assets=127
2025-12-29 00:11:01,027 | WARNING | Using fallback equal-weight on 2016-03-31 00:00:00 | opt_status=ema_insufficient_window | n_valid_assets=127
2025-12-29 00:11:01,035 | WARNING | Using fallback equal-weight on 2016-04-03 00:00:00 | opt_status=ema_insufficient_window | n_valid_assets=127
2025-12-29 00:11:01,043 | WARNING | Using fallback equal-weight on 2016-04-04 00:00:00 | opt_status=ema_insufficient_window | n_valid_assets=127
2025-12-29 00:11:01,050 | WARNING | Using fallback equal-weight on 2016-04-05 00:00:00 | opt_status=ema_insufficient_window | n_valid_assets=127
2025-12-29 00:11:01,058 | WARNING | Using fallback equal-weight on 2016-04-06 00:00:00 | opt_status=ema_insufficient_window | n_valid_assets=127
2025-12-29 00:11:01,066 | WARNING | Using fallback equal-weight on 2016-04-07 00:00:00 | opt_status=ema_insufficient_window | n_valid_assets=127
2025-12-29 00:11:01,074 | WARNING | Using fallback equal-weight on 2016-04-10 00:00:00 | opt_status=ema_insufficient_window | n_valid_assets=127
2025-12-29 00:11:01,082 | WARNING | Using fallback equal-weight on 2016-04-11 00:00:00 | opt_status=ema_insufficient_window | n_valid_assets=127
2025-12-29 00:11:01,090 | WARNING | Using fallback equal-weight on 2016-04-12 00:00:00 | opt_status=ema_insufficient_window | n_valid_assets=127
2025-12-29 00:11:01,098 | WARNING | Using fallback equal-weight on 2016-04-17 00:00:00 | opt_status=ema_insufficient_window | n_valid_assets=127
2025-12-29 00:11:01,106 | WARNING | Using fallback equal-weight on 2016-04-19 00:00:00 | opt_status=ema_insufficient_window | n_valid_assets=127
2025-12-29 00:11:01,107 | INFO | Progress: 5% (107/2135) | date=2016-04-19 00:00:00 nav=1.04099609 opt_status=ema_insufficient_window
2025-12-29 00:11:01,115 | WARNING | Using fallback equal-weight on 2016-04-20 00:00:00 | opt_status=ema_insufficient_window | n_valid_assets=127
2025-12-29 00:11:01,123 | WARNING | Using fallback equal-weight on 2016-04-21 00:00:00 | opt_status=ema_insufficient_window | n_valid_assets=127
2025-12-29 00:11:01,131 | WARNING | Using fallback equal-weight on 2016-04-24 00:00:00 | opt_status=ema_insufficient_window | n_valid_assets=127
2025-12-29 00:11:01,139 | WARNING | Using fallback equal-weight on 2016-04-25 00:00:00 | opt_status=ema_insufficient_window | n_valid_assets=127
2025-12-29 00:11:01,147 | WARNING | Using fallback equal-weight on 2016-04-26 00:00:00 | opt_status=ema_insufficient_window | n_valid_assets=127
2025-12-29 00:11:01,155 | WARNING | Using fallback equal-weight on 2016-04-27 00:00:00 | opt_status=ema_insufficient_window | n_valid_assets=127
2025-12-29 00:11:01,164 | WARNING | Using fallback equal-weight on 2016-04-28 00:00:00 | opt_status=ema_insufficient_window | n_valid_assets=127
2025-12-29 00:11:01,172 | WARNING | Using fallback equal-weight on 2016-05-01 00:00:00 | opt_status=ema_insufficient_window | n_valid_assets=127
2025-12-29 00:11:01,180 | WARNING | Using fallback equal-weight on 2016-05-02 00:00:00 | opt_status=ema_insufficient_window | n_valid_assets=127
2025-12-29 00:11:01,188 | WARNING | Using fallback equal-weight on 2016-05-03 00:00:00 | opt_status=ema_insufficient_window | n_valid_assets=127
2025-12-29 00:11:01,196 | WARNING | Using fallback equal-weight on 2016-05-04 00:00:00 | opt_status=ema_insufficient_window | n_valid_assets=127
2025-12-29 00:11:01,204 | WARNING | Using fallback equal-weight on 2016-05-05 00:00:00 | opt_status=ema_insufficient_window | n_valid_assets=128
2025-12-29 00:11:01,212 | WARNING | Using fallback equal-weight on 2016-05-08 00:00:00 | opt_status=ema_insufficient_window | n_valid_assets=128
2025-12-29 00:11:01,220 | WARNING | Using fallback equal-weight on 2016-05-09 00:00:00 | opt_status=ema_insufficient_window | n_valid_assets=128
2025-12-29 00:11:01,227 | WARNING | Using fallback equal-weight on 2016-05-10 00:00:00 | opt_status=ema_insufficient_window | n_valid_assets=128
2025-12-29 00:11:01,235 | WARNING | Using fallback equal-weight on 2016-05-11 00:00:00 | opt_status=ema_insufficient_window | n_valid_assets=128
2025-12-29 00:11:01,244 | WARNING | Using fallback equal-weight on 2016-05-12 00:00:00 | opt_status=ema_insufficient_window | n_valid_assets=128
2025-12-29 00:11:01,252 | WARNING | Using fallback equal-weight on 2016-05-15 00:00:00 | opt_status=ema_insufficient_window | n_valid_assets=128
2025-12-29 00:11:01,260 | WARNING | Using fallback equal-weight on 2016-05-16 00:00:00 | opt_status=ema_insufficient_window | n_valid_assets=128
2025-12-29 00:11:01,267 | WARNING | Using fallback equal-weight on 2016-05-17 00:00:00 | opt_status=ema_insufficient_window | n_valid_assets=128
2025-12-29 00:11:01,275 | WARNING | Using fallback equal-weight on 2016-05-18 00:00:00 | opt_status=ema_insufficient_window | n_valid_assets=128
2025-12-29 00:11:01,283 | WARNING | Using fallback equal-weight on 2016-05-19 00:00:00 | opt_status=ema_insufficient_window | n_valid_assets=128
2025-12-29 00:11:01,284 | INFO | Progress: 6% (129/2135) | date=2016-05-19 00:00:00 nav=1.02352124 opt_status=ema_insufficient_window
2025-12-29 00:11:01,292 | WARNING | Using fallback equal-weight on 2016-05-22 00:00:00 | opt_status=ema_insufficient_window | n_valid_assets=128
2025-12-29 00:11:01,300 | WARNING | Using fallback equal-weight on 2016-05-23 00:00:00 | opt_status=ema_insufficient_window | n_valid_assets=128
2025-12-29 00:11:01,308 | WARNING | Using fallback equal-weight on 2016-05-24 00:00:00 | opt_status=ema_insufficient_window | n_valid_assets=128
2025-12-29 00:11:01,315 | WARNING | Using fallback equal-weight on 2016-05-25 00:00:00 | opt_status=ema_insufficient_window | n_valid_assets=128
2025-12-29 00:11:01,324 | WARNING | Using fallback equal-weight on 2016-05-26 00:00:00 | opt_status=ema_insufficient_window | n_valid_assets=128
2025-12-29 00:11:01,331 | WARNING | Using fallback equal-weight on 2016-05-29 00:00:00 | opt_status=ema_insufficient_window | n_valid_assets=128
2025-12-29 00:11:01,339 | WARNING | Using fallback equal-weight on 2016-05-30 00:00:00 | opt_status=ema_insufficient_window | n_valid_assets=128
2025-12-29 00:11:01,347 | WARNING | Using fallback equal-weight on 2016-05-31 00:00:00 | opt_status=ema_insufficient_window | n_valid_assets=128
2025-12-29 00:11:01,356 | WARNING | Using fallback equal-weight on 2016-06-01 00:00:00 | opt_status=ema_insufficient_window | n_valid_assets=128
2025-12-29 00:11:01,364 | WARNING | Using fallback equal-weight on 2016-06-02 00:00:00 | opt_status=ema_insufficient_window | n_valid_assets=128
2025-12-29 00:11:01,372 | WARNING | Using fallback equal-weight on 2016-06-05 00:00:00 | opt_status=ema_insufficient_window | n_valid_assets=128
2025-12-29 00:11:01,380 | WARNING | Using fallback equal-weight on 2016-06-06 00:00:00 | opt_status=ema_insufficient_window | n_valid_assets=128
2025-12-29 00:11:01,388 | WARNING | Using fallback equal-weight on 2016-06-07 00:00:00 | opt_status=ema_insufficient_window | n_valid_assets=128
2025-12-29 00:11:01,396 | WARNING | Using fallback equal-weight on 2016-06-08 00:00:00 | opt_status=ema_insufficient_window | n_valid_assets=128
2025-12-29 00:11:01,404 | WARNING | Using fallback equal-weight on 2016-06-09 00:00:00 | opt_status=ema_insufficient_window | n_valid_assets=128
2025-12-29 00:11:01,412 | WARNING | Using fallback equal-weight on 2016-06-12 00:00:00 | opt_status=ema_insufficient_window | n_valid_assets=128
2025-12-29 00:11:01,420 | WARNING | Using fallback equal-weight on 2016-06-13 00:00:00 | opt_status=ema_insufficient_window | n_valid_assets=128
2025-12-29 00:11:01,428 | WARNING | Using fallback equal-weight on 2016-06-14 00:00:00 | opt_status=ema_insufficient_window | n_valid_assets=128
2025-12-29 00:11:01,436 | WARNING | Using fallback equal-weight on 2016-06-15 00:00:00 | opt_status=ema_insufficient_window | n_valid_assets=128
2025-12-29 00:11:01,444 | WARNING | Using fallback equal-weight on 2016-06-16 00:00:00 | opt_status=ema_insufficient_window | n_valid_assets=128
2025-12-29 00:11:01,452 | WARNING | Using fallback equal-weight on 2016-06-19 00:00:00 | opt_status=ema_insufficient_window | n_valid_assets=128
2025-12-29 00:11:01,453 | INFO | Progress: 7% (150/2135) | date=2016-06-19 00:00:00 nav=1.09050585 opt_status=ema_insufficient_window
2025-12-29 00:11:01,460 | WARNING | Using fallback equal-weight on 2016-06-20 00:00:00 | opt_status=ema_insufficient_window | n_valid_assets=128
2025-12-29 00:11:01,468 | WARNING | Using fallback equal-weight on 2016-06-21 00:00:00 | opt_status=ema_insufficient_window | n_valid_assets=128
2025-12-29 00:11:01,476 | WARNING | Using fallback equal-weight on 2016-06-22 00:00:00 | opt_status=ema_insufficient_window | n_valid_assets=128
2025-12-29 00:11:01,484 | WARNING | Using fallback equal-weight on 2016-06-23 00:00:00 | opt_status=ema_insufficient_window | n_valid_assets=129
2025-12-29 00:11:01,493 | WARNING | Using fallback equal-weight on 2016-06-26 00:00:00 | opt_status=ema_insufficient_window | n_valid_assets=129
2025-12-29 00:11:01,501 | WARNING | Using fallback equal-weight on 2016-06-27 00:00:00 | opt_status=ema_insufficient_window | n_valid_assets=129
2025-12-29 00:11:01,509 | WARNING | Using fallback equal-weight on 2016-06-28 00:00:00 | opt_status=ema_insufficient_window | n_valid_assets=129
2025-12-29 00:11:01,517 | WARNING | Using fallback equal-weight on 2016-06-29 00:00:00 | opt_status=ema_insufficient_window | n_valid_assets=129
2025-12-29 00:11:01,525 | WARNING | Using fallback equal-weight on 2016-06-30 00:00:00 | opt_status=ema_insufficient_window | n_valid_assets=129
2025-12-29 00:11:01,533 | WARNING | Using fallback equal-weight on 2016-07-03 00:00:00 | opt_status=ema_insufficient_window | n_valid_assets=129
2025-12-29 00:11:01,542 | WARNING | Using fallback equal-weight on 2016-07-04 00:00:00 | opt_status=ema_insufficient_window | n_valid_assets=129
2025-12-29 00:11:01,550 | WARNING | Using fallback equal-weight on 2016-07-06 00:00:00 | opt_status=ema_insufficient_window | n_valid_assets=129
2025-12-29 00:11:01,559 | WARNING | Using fallback equal-weight on 2016-07-07 00:00:00 | opt_status=ema_insufficient_window | n_valid_assets=129
2025-12-29 00:11:01,567 | WARNING | Using fallback equal-weight on 2016-07-10 00:00:00 | opt_status=ema_insufficient_window | n_valid_assets=129
2025-12-29 00:11:01,576 | WARNING | Using fallback equal-weight on 2016-07-11 00:00:00 | opt_status=ema_insufficient_window | n_valid_assets=129
2025-12-29 00:11:01,584 | WARNING | Using fallback equal-weight on 2016-07-12 00:00:00 | opt_status=ema_insufficient_window | n_valid_assets=129
2025-12-29 00:11:01,592 | WARNING | Using fallback equal-weight on 2016-07-13 00:00:00 | opt_status=ema_insufficient_window | n_valid_assets=130
2025-12-29 00:11:01,601 | WARNING | Using fallback equal-weight on 2016-07-14 00:00:00 | opt_status=ema_insufficient_window | n_valid_assets=130
2025-12-29 00:11:01,609 | WARNING | Using fallback equal-weight on 2016-07-17 00:00:00 | opt_status=ema_insufficient_window | n_valid_assets=130
2025-12-29 00:11:01,617 | WARNING | Using fallback equal-weight on 2016-07-18 00:00:00 | opt_status=ema_insufficient_window | n_valid_assets=130
2025-12-29 00:11:01,626 | WARNING | Using fallback equal-weight on 2016-07-19 00:00:00 | opt_status=ema_insufficient_window | n_valid_assets=130
2025-12-29 00:11:01,627 | INFO | Progress: 8% (171/2135) | date=2016-07-19 00:00:00 nav=1.16016697 opt_status=ema_insufficient_window
2025-12-29 00:11:01,634 | WARNING | Using fallback equal-weight on 2016-07-20 00:00:00 | opt_status=ema_insufficient_window | n_valid_assets=130
2025-12-29 00:11:01,643 | WARNING | Using fallback equal-weight on 2016-07-21 00:00:00 | opt_status=ema_insufficient_window | n_valid_assets=130
2025-12-29 00:11:01,651 | WARNING | Using fallback equal-weight on 2016-07-24 00:00:00 | opt_status=ema_insufficient_window | n_valid_assets=130
2025-12-29 00:11:01,660 | WARNING | Using fallback equal-weight on 2016-07-25 00:00:00 | opt_status=ema_insufficient_window | n_valid_assets=130
2025-12-29 00:11:01,668 | WARNING | Using fallback equal-weight on 2016-07-26 00:00:00 | opt_status=ema_insufficient_window | n_valid_assets=130
2025-12-29 00:11:02,023 | INFO | Progress: 9% (193/2135) | date=2016-08-21 00:00:00 nav=1.21372663 opt_status=ok_ema_risk_parity
2025-12-29 00:11:02,422 | INFO | Progress: 10% (214/2135) | date=2016-09-21 00:00:00 nav=1.25010564 opt_status=ok_ema_risk_parity
2025-12-29 00:11:02,843 | INFO | Progress: 11% (235/2135) | date=2016-10-24 00:00:00 nav=1.28557447 opt_status=ok_ema_risk_parity
2025-12-29 00:11:03,251 | INFO | Progress: 12% (257/2135) | date=2016-11-27 00:00:00 nav=1.26545105 opt_status=ok_ema_risk_parity
2025-12-29 00:11:03,635 | INFO | Progress: 13% (278/2135) | date=2016-12-26 00:00:00 nav=1.21809374 opt_status=ok_ema_risk_parity
2025-12-29 00:11:04,026 | INFO | Progress: 14% (299/2135) | date=2017-01-24 00:00:00 nav=1.40290092 opt_status=ok_ema_risk_parity
2025-12-29 00:11:04,431 | INFO | Progress: 15% (321/2135) | date=2017-02-27 00:00:00 nav=1.51596933 opt_status=ok_ema_risk_parity
2025-12-29 00:11:04,823 | INFO | Progress: 16% (342/2135) | date=2017-03-29 00:00:00 nav=1.58550988 opt_status=ok_ema_risk_parity
2025-12-29 00:11:05,219 | INFO | Progress: 17% (363/2135) | date=2017-05-02 00:00:00 nav=1.75758692 opt_status=ok_ema_risk_parity
2025-12-29 00:11:05,615 | INFO | Progress: 18% (385/2135) | date=2017-06-01 00:00:00 nav=1.76752294 opt_status=ok_ema_risk_parity
2025-12-29 00:11:06,014 | INFO | Progress: 19% (406/2135) | date=2017-07-03 00:00:00 nav=1.82674295 opt_status=ok_ema_risk_parity
2025-12-29 00:11:06,420 | INFO | Progress: 20% (427/2135) | date=2017-08-01 00:00:00 nav=1.77898778 opt_status=ok_ema_risk_parity
2025-12-29 00:11:06,879 | INFO | Progress: 21% (449/2135) | date=2017-09-04 00:00:00 nav=1.76863425 opt_status=ok_ema_risk_parity
2025-12-29 00:11:07,356 | INFO | Progress: 22% (470/2135) | date=2017-10-04 00:00:00 nav=1.82039429 opt_status=ok_ema_risk_parity
2025-12-29 00:11:07,839 | INFO | Progress: 23% (492/2135) | date=2017-11-06 00:00:00 nav=1.92196357 opt_status=ok_ema_risk_parity
2025-12-29 00:11:08,294 | INFO | Progress: 24% (513/2135) | date=2017-12-05 00:00:00 nav=1.92426659 opt_status=ok_ema_risk_parity
2025-12-29 00:11:08,725 | INFO | Progress: 25% (534/2135) | date=2018-01-04 00:00:00 nav=2.13370709 opt_status=ok_ema_risk_parity
2025-12-29 00:11:09,159 | INFO | Progress: 26% (556/2135) | date=2018-02-06 00:00:00 nav=2.0378586 opt_status=ok_ema_risk_parity
2025-12-29 00:11:09,561 | INFO | Progress: 27% (577/2135) | date=2018-03-11 00:00:00 nav=2.02832912 opt_status=ok_ema_risk_parity
2025-12-29 00:11:09,944 | INFO | Progress: 28% (598/2135) | date=2018-04-11 00:00:00 nav=2.28539392 opt_status=ok_ema_risk_parity
2025-12-29 00:11:10,347 | INFO | Progress: 29% (620/2135) | date=2018-05-14 00:00:00 nav=2.3346517 opt_status=ok_ema_risk_parity
2025-12-29 00:11:10,732 | INFO | Progress: 30% (641/2135) | date=2018-06-12 00:00:00 nav=2.29449786 opt_status=ok_ema_risk_parity
2025-12-29 00:11:11,149 | INFO | Progress: 31% (662/2135) | date=2018-07-11 00:00:00 nav=2.22109157 opt_status=ok_ema_risk_parity
2025-12-29 00:11:11,562 | INFO | Progress: 32% (684/2135) | date=2018-08-12 00:00:00 nav=2.58525102 opt_status=ok_ema_risk_parity
2025-12-29 00:11:12,015 | INFO | Progress: 33% (705/2135) | date=2018-09-13 00:00:00 nav=2.42887079 opt_status=ok_ema_risk_parity
2025-12-29 00:11:12,494 | INFO | Progress: 34% (726/2135) | date=2018-10-16 00:00:00 nav=1.87188149 opt_status=ok_ema_risk_parity
2025-12-29 00:11:12,941 | INFO | Progress: 35% (748/2135) | date=2018-11-19 00:00:00 nav=1.85697717 opt_status=ok_ema_risk_parity
2025-12-29 00:11:13,393 | INFO | Progress: 36% (769/2135) | date=2018-12-19 00:00:00 nav=1.92739177 opt_status=ok_ema_risk_parity
2025-12-29 00:11:13,850 | INFO | Progress: 37% (790/2135) | date=2019-01-20 00:00:00 nav=1.89768158 opt_status=ok_ema_risk_parity
2025-12-29 00:11:14,300 | INFO | Progress: 38% (812/2135) | date=2019-02-20 00:00:00 nav=1.8466798 opt_status=ok_ema_risk_parity
2025-12-29 00:11:14,749 | INFO | Progress: 39% (833/2135) | date=2019-03-25 00:00:00 nav=1.94829021 opt_status=ok_ema_risk_parity
2025-12-29 00:11:15,192 | INFO | Progress: 40% (854/2135) | date=2019-04-29 00:00:00 nav=1.97257904 opt_status=ok_ema_risk_parity
2025-12-29 00:11:15,653 | INFO | Progress: 41% (876/2135) | date=2019-05-30 00:00:00 nav=2.02269727 opt_status=ok_ema_risk_parity
2025-12-29 00:11:16,084 | INFO | Progress: 42% (897/2135) | date=2019-07-01 00:00:00 nav=2.04713097 opt_status=ok_ema_risk_parity
2025-12-29 00:11:16,536 | INFO | Progress: 43% (919/2135) | date=2019-07-31 00:00:00 nav=1.86993597 opt_status=ok_ema_risk_parity
2025-12-29 00:11:16,981 | INFO | Progress: 44% (940/2135) | date=2019-09-03 00:00:00 nav=1.8766277 opt_status=ok_ema_risk_parity
2025-12-29 00:11:17,409 | INFO | Progress: 45% (961/2135) | date=2019-10-06 00:00:00 nav=1.93666941 opt_status=ok_ema_risk_parity
2025-12-29 00:11:17,845 | INFO | Progress: 46% (983/2135) | date=2019-11-07 00:00:00 nav=2.02446889 opt_status=ok_ema_risk_parity
2025-12-29 00:11:18,308 | INFO | Progress: 47% (1004/2135) | date=2019-12-09 00:00:00 nav=1.96600113 opt_status=ok_ema_risk_parity
2025-12-29 00:11:18,842 | INFO | Progress: 48% (1025/2135) | date=2020-01-08 00:00:00 nav=2.0562496 opt_status=ok_ema_risk_parity
2025-12-29 00:11:19,332 | INFO | Progress: 49% (1047/2135) | date=2020-02-09 00:00:00 nav=2.23859553 opt_status=ok_ema_risk_parity
2025-12-29 00:11:19,823 | INFO | Progress: 50% (1068/2135) | date=2020-03-11 00:00:00 nav=1.86323702 opt_status=ok_ema_risk_parity
2025-12-29 00:11:20,363 | INFO | Progress: 51% (1089/2135) | date=2020-04-15 00:00:00 nav=1.97835524 opt_status=ok_ema_risk_parity
2025-12-29 00:11:20,895 | INFO | Progress: 52% (1111/2135) | date=2020-05-18 00:00:00 nav=1.89629767 opt_status=ok_ema_risk_parity
2025-12-29 00:11:21,330 | INFO | Progress: 53% (1132/2135) | date=2020-06-17 00:00:00 nav=2.06169303 opt_status=ok_ema_risk_parity
2025-12-29 00:11:21,752 | INFO | Progress: 54% (1153/2135) | date=2020-07-16 00:00:00 nav=2.20279895 opt_status=ok_ema_risk_parity
2025-12-29 00:11:22,248 | INFO | Progress: 55% (1175/2135) | date=2020-08-17 00:00:00 nav=2.36890422 opt_status=ok_ema_risk_parity
2025-12-29 00:11:22,665 | INFO | Progress: 56% (1196/2135) | date=2020-09-15 00:00:00 nav=2.43798981 opt_status=ok_ema_risk_parity
2025-12-29 00:11:23,073 | INFO | Progress: 57% (1217/2135) | date=2020-10-15 00:00:00 nav=2.4581577 opt_status=ok_ema_risk_parity
2025-12-29 00:11:23,508 | INFO | Progress: 58% (1239/2135) | date=2020-11-16 00:00:00 nav=2.53657965 opt_status=ok_ema_risk_parity
2025-12-29 00:11:23,950 | INFO | Progress: 59% (1260/2135) | date=2020-12-16 00:00:00 nav=2.75277014 opt_status=ok_ema_risk_parity
2025-12-29 00:11:24,400 | INFO | Progress: 60% (1281/2135) | date=2021-01-17 00:00:00 nav=2.84778003 opt_status=ok_ema_risk_parity
2025-12-29 00:11:24,898 | INFO | Progress: 61% (1303/2135) | date=2021-02-17 00:00:00 nav=3.26497077 opt_status=ok_ema_risk_parity
2025-12-29 00:11:25,371 | INFO | Progress: 62% (1324/2135) | date=2021-03-21 00:00:00 nav=3.42299906 opt_status=ok_ema_risk_parity
2025-12-29 00:11:25,858 | INFO | Progress: 63% (1346/2135) | date=2021-04-26 00:00:00 nav=3.54115569 opt_status=ok_ema_risk_parity
2025-12-29 00:11:26,301 | INFO | Progress: 64% (1367/2135) | date=2021-05-26 00:00:00 nav=3.80994512 opt_status=ok_ema_risk_parity
2025-12-29 00:11:26,746 | INFO | Progress: 65% (1388/2135) | date=2021-06-24 00:00:00 nav=3.91174813 opt_status=ok_ema_risk_parity
2025-12-29 00:11:27,213 | INFO | Progress: 66% (1410/2135) | date=2021-07-27 00:00:00 nav=4.12532764 opt_status=ok_ema_risk_parity
2025-12-29 00:11:27,639 | INFO | Progress: 67% (1431/2135) | date=2021-08-26 00:00:00 nav=4.16651668 opt_status=ok_ema_risk_parity
2025-12-29 00:11:28,090 | INFO | Progress: 68% (1452/2135) | date=2021-09-27 00:00:00 nav=4.42431298 opt_status=ok_ema_risk_parity
2025-12-29 00:11:28,538 | INFO | Progress: 69% (1474/2135) | date=2021-10-28 00:00:00 nav=4.44925755 opt_status=ok_ema_risk_parity
2025-12-29 00:11:28,980 | INFO | Progress: 70% (1495/2135) | date=2021-11-30 00:00:00 nav=4.44152703 opt_status=ok_ema_risk_parity
2025-12-29 00:11:29,435 | INFO | Progress: 71% (1516/2135) | date=2021-12-29 00:00:00 nav=4.60915766 opt_status=ok_ema_risk_parity
2025-12-29 00:11:29,940 | INFO | Progress: 72% (1538/2135) | date=2022-01-31 00:00:00 nav=4.53512802 opt_status=ok_ema_risk_parity
2025-12-29 00:11:30,388 | INFO | Progress: 73% (1559/2135) | date=2022-03-02 00:00:00 nav=4.25036588 opt_status=ok_ema_risk_parity
2025-12-29 00:11:30,916 | INFO | Progress: 74% (1580/2135) | date=2022-04-03 00:00:00 nav=4.48514354 opt_status=ok_ema_risk_parity
2025-12-29 00:11:31,380 | INFO | Progress: 75% (1602/2135) | date=2022-05-08 00:00:00 nav=4.11472554 opt_status=ok_ema_risk_parity
2025-12-29 00:11:31,986 | INFO | Progress: 76% (1623/2135) | date=2022-06-06 00:00:00 nav=4.09035677 opt_status=ok_ema_risk_parity
2025-12-29 00:11:32,456 | INFO | Progress: 77% (1644/2135) | date=2022-07-05 00:00:00 nav=4.00438924 opt_status=ok_ema_risk_parity
2025-12-29 00:11:32,942 | INFO | Progress: 78% (1666/2135) | date=2022-08-04 00:00:00 nav=4.33603883 opt_status=ok_ema_risk_parity
2025-12-29 00:11:33,389 | INFO | Progress: 79% (1687/2135) | date=2022-09-07 00:00:00 nav=4.7061928 opt_status=ok_ema_risk_parity
2025-12-29 00:11:33,836 | INFO | Progress: 80% (1708/2135) | date=2022-10-09 00:00:00 nav=4.64228192 opt_status=ok_ema_risk_parity
2025-12-29 00:11:34,280 | INFO | Progress: 81% (1730/2135) | date=2022-11-10 00:00:00 nav=4.79348316 opt_status=ok_ema_risk_parity
2025-12-29 00:11:34,715 | INFO | Progress: 82% (1751/2135) | date=2022-12-11 00:00:00 nav=4.92258827 opt_status=ok_ema_risk_parity
2025-12-29 00:11:35,163 | INFO | Progress: 83% (1773/2135) | date=2023-01-10 00:00:00 nav=4.82182667 opt_status=ok_ema_risk_parity
2025-12-29 00:11:35,640 | INFO | Progress: 84% (1794/2135) | date=2023-02-09 00:00:00 nav=4.63731469 opt_status=ok_ema_risk_parity
2025-12-29 00:11:36,075 | INFO | Progress: 85% (1815/2135) | date=2023-03-13 00:00:00 nav=4.46366866 opt_status=ok_ema_risk_parity
2025-12-29 00:11:36,522 | INFO | Progress: 86% (1837/2135) | date=2023-04-18 00:00:00 nav=4.57933918 opt_status=ok_ema_risk_parity
2025-12-29 00:11:36,998 | INFO | Progress: 87% (1858/2135) | date=2023-05-18 00:00:00 nav=4.81842274 opt_status=ok_ema_risk_parity
2025-12-29 00:11:37,453 | INFO | Progress: 88% (1879/2135) | date=2023-06-18 00:00:00 nav=5.1719865 opt_status=ok_ema_risk_parity
2025-12-29 00:11:37,924 | INFO | Progress: 89% (1901/2135) | date=2023-07-19 00:00:00 nav=5.42272654 opt_status=ok_ema_risk_parity
2025-12-29 00:11:38,368 | INFO | Progress: 90% (1922/2135) | date=2023-08-20 00:00:00 nav=5.51817483 opt_status=ok_ema_risk_parity
2025-12-29 00:11:38,805 | INFO | Progress: 91% (1943/2135) | date=2023-09-19 00:00:00 nav=5.62423206 opt_status=ok_ema_risk_parity
2025-12-29 00:11:39,240 | INFO | Progress: 92% (1965/2135) | date=2023-10-22 00:00:00 nav=5.50676974 opt_status=ok_ema_risk_parity
2025-12-29 00:11:39,676 | INFO | Progress: 93% (1986/2135) | date=2023-11-22 00:00:00 nav=6.08023917 opt_status=ok_ema_risk_parity
2025-12-29 00:11:40,186 | INFO | Progress: 94% (2007/2135) | date=2023-12-25 00:00:00 nav=6.85032705 opt_status=ok_ema_risk_parity
2025-12-29 00:11:40,686 | INFO | Progress: 95% (2029/2135) | date=2024-01-28 00:00:00 nav=7.49651961 opt_status=ok_ema_risk_parity
2025-12-29 00:11:41,148 | INFO | Progress: 96% (2050/2135) | date=2024-02-26 00:00:00 nav=7.92381478 opt_status=ok_ema_risk_parity
2025-12-29 00:11:41,650 | INFO | Progress: 97% (2071/2135) | date=2024-03-31 00:00:00 nav=8.16894006 opt_status=ok_ema_risk_parity
2025-12-29 00:11:42,107 | INFO | Progress: 98% (2093/2135) | date=2024-05-05 00:00:00 nav=8.53724572 opt_status=ok_ema_risk_parity
2025-12-29 00:11:42,548 | INFO | Progress: 99% (2114/2135) | date=2024-06-04 00:00:00 nav=8.7756166 opt_status=ok_ema_risk_parity
2025-12-29 00:11:42,997 | INFO | Progress: 100% (2135/2135) | date=2024-07-04 00:00:00 nav=9.49954725 opt_status=ok_ema_risk_parity
2025-12-29 00:11:43,132 | INFO | Experiment saved to: experiments\ema_risk_parity_daily_25_175_india_20251228_184059
2025-12-29 00:11:43,183 | INFO | Saved performance artifacts to experiments\ema_risk_parity_daily_25_175_india_20251228_184059\outputs\performance
2025-12-29 00:11:44,511 | INFO | Saved figures to: experiments\ema_risk_parity_daily_25_175_india_20251228_184059\artifacts\figures
2025-12-29 00:11:44,512 | INFO | Run complete
