2025-12-26 22:28:05,806 | INFO | Run initialized
2025-12-26 22:28:05,806 | INFO | Run folder: experiments\20251226_165803__entropy_newton_weekly_lam_0.10
2025-12-26 22:28:05,806 | INFO | Config used: experiments\20251226_165803__entropy_newton_weekly_lam_0.10\params.yaml
2025-12-26 22:28:05,806 | INFO | Experiments dir: experiments
2025-12-26 22:28:05,806 | INFO | Running experiment from config
2025-12-26 22:28:05,810 | INFO | Runner starting | data.mode=processed | use_gpu=False
2025-12-26 22:28:05,895 | INFO | Loaded prices | rows=2203 cols=72 | start=2015-11-06 00:00:00 end=2024-10-11 00:00:00
2025-12-26 22:28:05,895 | INFO | Optimizer configured | raw_type=entropy_newton resolved=entropy_newton | k=None | long_only=True | box=None
2025-12-26 22:28:05,896 | INFO | Planned total steps: 2203
2025-12-26 22:28:05,896 | INFO | Progress logging every 1%
2025-12-26 22:28:05,899 | INFO | Backtest starting | steps=2203 | rebalance=weekly | tc(proportional)=0.0005 | record_non_rebalance=False
2025-12-26 22:28:05,899 | INFO | Date range: 2015-11-06 00:00:00 -> 2024-10-11 00:00:00 | assets=72
2025-12-26 22:28:05,899 | INFO | Rebalance dates computed: 467 (first=2015-11-06 00:00:00 last=2024-10-07 00:00:00)
2025-12-26 22:28:05,909 | WARNING | No common tickers between expected_returns (0) and covariance (72) on 2015-11-06 00:00:00
2025-12-26 22:28:05,909 | WARNING | Using fallback equal-weight on 2015-11-06 00:00:00 | opt_status=skipped_no_common_tickers | n_valid_assets=72
2025-12-26 22:28:06,242 | INFO | Progress: 1% (23/2203) | date=2015-12-11 00:00:00 nav=0.96596351 opt_status=no_rebalance
2025-12-26 22:28:06,764 | INFO | Progress: 2% (45/2203) | date=2016-01-13 00:00:00 nav=0.96709771 opt_status=no_rebalance
2025-12-26 22:28:07,288 | INFO | Progress: 3% (67/2203) | date=2016-02-15 00:00:00 nav=0.90347461 opt_status=success
2025-12-26 22:28:07,705 | INFO | Progress: 4% (89/2203) | date=2016-03-17 00:00:00 nav=0.94197906 opt_status=no_rebalance
2025-12-26 22:28:08,312 | INFO | Progress: 5% (111/2203) | date=2016-04-25 00:00:00 nav=1.01458492 opt_status=success
2025-12-26 22:28:08,726 | INFO | Progress: 6% (133/2203) | date=2016-05-25 00:00:00 nav=1.00078744 opt_status=no_rebalance
2025-12-26 22:28:09,142 | INFO | Progress: 7% (155/2203) | date=2016-06-24 00:00:00 nav=1.05224293 opt_status=no_rebalance
2025-12-26 22:28:09,646 | INFO | Progress: 8% (177/2203) | date=2016-07-27 00:00:00 nav=1.15964643 opt_status=no_rebalance
2025-12-26 22:28:10,186 | INFO | Progress: 9% (199/2203) | date=2016-08-29 00:00:00 nav=1.17771888 opt_status=success
2025-12-26 22:28:10,609 | INFO | Progress: 10% (221/2203) | date=2016-09-30 00:00:00 nav=1.18398271 opt_status=no_rebalance
2025-12-26 22:28:11,132 | INFO | Progress: 11% (243/2203) | date=2016-11-04 00:00:00 nav=1.16705338 opt_status=no_rebalance
2025-12-26 22:28:11,654 | INFO | Progress: 12% (265/2203) | date=2016-12-07 00:00:00 nav=1.14981751 opt_status=no_rebalance
2025-12-26 22:28:12,076 | INFO | Progress: 13% (287/2203) | date=2017-01-06 00:00:00 nav=1.15921367 opt_status=no_rebalance
2025-12-26 22:28:12,638 | INFO | Progress: 14% (309/2203) | date=2017-02-08 00:00:00 nav=1.25630625 opt_status=no_rebalance
2025-12-26 22:28:13,170 | INFO | Progress: 15% (331/2203) | date=2017-03-14 00:00:00 nav=1.27485699 opt_status=success
2025-12-26 22:28:13,690 | INFO | Progress: 16% (353/2203) | date=2017-04-17 00:00:00 nav=1.32995097 opt_status=success
2025-12-26 22:28:14,112 | INFO | Progress: 17% (375/2203) | date=2017-05-18 00:00:00 nav=1.37562063 opt_status=no_rebalance
2025-12-26 22:28:14,636 | INFO | Progress: 18% (397/2203) | date=2017-06-19 00:00:00 nav=1.38102657 opt_status=success
2025-12-26 22:28:15,050 | INFO | Progress: 19% (419/2203) | date=2017-07-20 00:00:00 nav=1.42244321 opt_status=no_rebalance
2025-12-26 22:28:15,575 | INFO | Progress: 20% (441/2203) | date=2017-08-22 00:00:00 nav=1.38636976 opt_status=no_rebalance
2025-12-26 22:28:15,994 | INFO | Progress: 21% (463/2203) | date=2017-09-22 00:00:00 nav=1.44747061 opt_status=no_rebalance
2025-12-26 22:28:16,504 | INFO | Progress: 22% (485/2203) | date=2017-10-27 00:00:00 nav=1.55040836 opt_status=no_rebalance
2025-12-26 22:28:17,043 | INFO | Progress: 23% (507/2203) | date=2017-11-28 00:00:00 nav=1.57498057 opt_status=no_rebalance
2025-12-26 22:28:17,460 | INFO | Progress: 24% (529/2203) | date=2017-12-29 00:00:00 nav=1.62765044 opt_status=no_rebalance
2025-12-26 22:28:17,978 | INFO | Progress: 25% (551/2203) | date=2018-01-31 00:00:00 nav=1.63593143 opt_status=no_rebalance
2025-12-26 22:28:18,497 | INFO | Progress: 26% (573/2203) | date=2018-03-06 00:00:00 nav=1.51790327 opt_status=no_rebalance
2025-12-26 22:28:19,022 | INFO | Progress: 27% (595/2203) | date=2018-04-09 00:00:00 nav=1.538074 opt_status=success
2025-12-26 22:28:19,454 | INFO | Progress: 28% (617/2203) | date=2018-05-10 00:00:00 nav=1.52849792 opt_status=no_rebalance
2025-12-26 22:28:19,975 | INFO | Progress: 29% (639/2203) | date=2018-06-11 00:00:00 nav=1.52889519 opt_status=success
2025-12-26 22:28:20,389 | INFO | Progress: 30% (661/2203) | date=2018-07-11 00:00:00 nav=1.50765538 opt_status=no_rebalance
2025-12-26 22:28:20,808 | INFO | Progress: 31% (683/2203) | date=2018-08-10 00:00:00 nav=1.59190052 opt_status=no_rebalance
2025-12-26 22:28:21,319 | INFO | Progress: 32% (705/2203) | date=2018-09-14 00:00:00 nav=1.62301629 opt_status=no_rebalance
2025-12-26 22:28:21,841 | INFO | Progress: 33% (727/2203) | date=2018-10-19 00:00:00 nav=1.46126172 opt_status=no_rebalance
2025-12-26 22:28:22,453 | INFO | Progress: 34% (750/2203) | date=2018-11-26 00:00:00 nav=1.54661889 opt_status=success
2025-12-26 22:28:22,870 | INFO | Progress: 35% (772/2203) | date=2018-12-27 00:00:00 nav=1.56119856 opt_status=no_rebalance
2025-12-26 22:28:23,387 | INFO | Progress: 36% (794/2203) | date=2019-01-28 00:00:00 nav=1.49736993 opt_status=success
2025-12-26 22:28:23,805 | INFO | Progress: 37% (816/2203) | date=2019-02-27 00:00:00 nav=1.52895685 opt_status=no_rebalance
2025-12-26 22:28:24,318 | INFO | Progress: 38% (838/2203) | date=2019-04-02 00:00:00 nav=1.67805128 opt_status=no_rebalance
2025-12-26 22:28:24,834 | INFO | Progress: 39% (860/2203) | date=2019-05-08 00:00:00 nav=1.59838715 opt_status=no_rebalance
2025-12-26 22:28:25,371 | INFO | Progress: 40% (882/2203) | date=2019-06-10 00:00:00 nav=1.68677115 opt_status=success
2025-12-26 22:28:25,797 | INFO | Progress: 41% (904/2203) | date=2019-07-10 00:00:00 nav=1.62255303 opt_status=no_rebalance
2025-12-26 22:28:26,229 | INFO | Progress: 42% (926/2203) | date=2019-08-09 00:00:00 nav=1.55697381 opt_status=no_rebalance
2025-12-26 22:28:26,857 | INFO | Progress: 43% (948/2203) | date=2019-09-16 00:00:00 nav=1.56404568 opt_status=success
2025-12-26 22:28:27,292 | INFO | Progress: 44% (970/2203) | date=2019-10-18 00:00:00 nav=1.65357957 opt_status=no_rebalance
2025-12-26 22:28:27,880 | INFO | Progress: 45% (992/2203) | date=2019-11-22 00:00:00 nav=1.70842115 opt_status=no_rebalance
2025-12-26 22:28:28,418 | INFO | Progress: 46% (1014/2203) | date=2019-12-24 00:00:00 nav=1.72273565 opt_status=no_rebalance
2025-12-26 22:28:28,924 | INFO | Progress: 47% (1036/2203) | date=2020-01-24 00:00:00 nav=1.78368692 opt_status=no_rebalance
2025-12-26 22:28:29,457 | INFO | Progress: 48% (1058/2203) | date=2020-02-25 00:00:00 nav=1.68158709 opt_status=no_rebalance
2025-12-26 22:28:29,897 | INFO | Progress: 49% (1080/2203) | date=2020-03-27 00:00:00 nav=1.21518712 opt_status=no_rebalance
2025-12-26 22:28:30,543 | INFO | Progress: 50% (1102/2203) | date=2020-05-05 00:00:00 nav=1.29396334 opt_status=no_rebalance
2025-12-26 22:28:30,992 | INFO | Progress: 51% (1124/2203) | date=2020-06-05 00:00:00 nav=1.46387239 opt_status=no_rebalance
2025-12-26 22:28:31,533 | INFO | Progress: 52% (1146/2203) | date=2020-07-07 00:00:00 nav=1.55977279 opt_status=no_rebalance
2025-12-26 22:28:31,985 | INFO | Progress: 53% (1168/2203) | date=2020-08-06 00:00:00 nav=1.59539586 opt_status=no_rebalance
2025-12-26 22:28:32,541 | INFO | Progress: 54% (1190/2203) | date=2020-09-07 00:00:00 nav=1.67336688 opt_status=success
2025-12-26 22:28:33,012 | INFO | Progress: 55% (1212/2203) | date=2020-10-08 00:00:00 nav=1.66284773 opt_status=no_rebalance
2025-12-26 22:28:33,555 | INFO | Progress: 56% (1234/2203) | date=2020-11-09 00:00:00 nav=1.76206666 opt_status=success
2025-12-26 22:28:34,045 | INFO | Progress: 57% (1256/2203) | date=2020-12-11 00:00:00 nav=2.0488056 opt_status=no_rebalance
2025-12-26 22:28:34,599 | INFO | Progress: 58% (1278/2203) | date=2021-01-13 00:00:00 nav=2.24892389 opt_status=no_rebalance
2025-12-26 22:28:35,209 | INFO | Progress: 59% (1300/2203) | date=2021-02-15 00:00:00 nav=2.41259763 opt_status=success
2025-12-26 22:28:35,656 | INFO | Progress: 60% (1322/2203) | date=2021-03-18 00:00:00 nav=2.38061705 opt_status=no_rebalance
2025-12-26 22:28:36,233 | INFO | Progress: 61% (1344/2203) | date=2021-04-23 00:00:00 nav=2.39942101 opt_status=no_rebalance
2025-12-26 22:28:36,784 | INFO | Progress: 62% (1366/2203) | date=2021-05-26 00:00:00 nav=2.63864413 opt_status=no_rebalance
2025-12-26 22:28:37,219 | INFO | Progress: 63% (1388/2203) | date=2021-06-25 00:00:00 nav=2.72851681 opt_status=no_rebalance
2025-12-26 22:28:37,751 | INFO | Progress: 64% (1410/2203) | date=2021-07-28 00:00:00 nav=2.72561618 opt_status=no_rebalance
2025-12-26 22:28:38,283 | INFO | Progress: 65% (1432/2203) | date=2021-08-30 00:00:00 nav=2.86528364 opt_status=success
2025-12-26 22:28:38,717 | INFO | Progress: 66% (1454/2203) | date=2021-09-30 00:00:00 nav=3.08071654 opt_status=no_rebalance
2025-12-26 22:28:39,288 | INFO | Progress: 67% (1477/2203) | date=2021-11-03 00:00:00 nav=3.17132587 opt_status=no_rebalance
2025-12-26 22:28:39,837 | INFO | Progress: 68% (1499/2203) | date=2021-12-08 00:00:00 nav=3.08874525 opt_status=no_rebalance
2025-12-26 22:28:40,266 | INFO | Progress: 69% (1521/2203) | date=2022-01-07 00:00:00 nav=3.13803347 opt_status=no_rebalance
2025-12-26 22:28:40,796 | INFO | Progress: 70% (1543/2203) | date=2022-02-09 00:00:00 nav=3.16075671 opt_status=no_rebalance
2025-12-26 22:28:41,322 | INFO | Progress: 71% (1565/2203) | date=2022-03-14 00:00:00 nav=3.03793367 opt_status=success
2025-12-26 22:28:41,845 | INFO | Progress: 72% (1587/2203) | date=2022-04-18 00:00:00 nav=3.2662335 opt_status=success
2025-12-26 22:28:42,272 | INFO | Progress: 73% (1609/2203) | date=2022-05-19 00:00:00 nav=2.99504887 opt_status=no_rebalance
2025-12-26 22:28:42,799 | INFO | Progress: 74% (1631/2203) | date=2022-06-20 00:00:00 nav=2.82574501 opt_status=success
2025-12-26 22:28:43,229 | INFO | Progress: 75% (1653/2203) | date=2022-07-20 00:00:00 nav=3.15414473 opt_status=no_rebalance
2025-12-26 22:28:43,763 | INFO | Progress: 76% (1675/2203) | date=2022-08-23 00:00:00 nav=3.4053473 opt_status=no_rebalance
2025-12-26 22:28:44,234 | INFO | Progress: 77% (1697/2203) | date=2022-09-23 00:00:00 nav=3.45852396 opt_status=no_rebalance
2025-12-26 22:28:44,775 | INFO | Progress: 78% (1719/2203) | date=2022-10-28 00:00:00 nav=3.50448857 opt_status=no_rebalance
2025-12-26 22:28:45,310 | INFO | Progress: 79% (1741/2203) | date=2022-11-30 00:00:00 nav=3.66922913 opt_status=no_rebalance
2025-12-26 22:28:45,743 | INFO | Progress: 80% (1763/2203) | date=2022-12-30 00:00:00 nav=3.57796927 opt_status=no_rebalance
2025-12-26 22:28:46,274 | INFO | Progress: 81% (1785/2203) | date=2023-02-01 00:00:00 nav=3.45093783 opt_status=no_rebalance
2025-12-26 22:28:46,698 | INFO | Progress: 82% (1807/2203) | date=2023-03-03 00:00:00 nav=3.41531395 opt_status=no_rebalance
2025-12-26 22:28:47,330 | INFO | Progress: 83% (1829/2203) | date=2023-04-10 00:00:00 nav=3.46373528 opt_status=success
2025-12-26 22:28:47,764 | INFO | Progress: 84% (1851/2203) | date=2023-05-12 00:00:00 nav=3.69557296 opt_status=no_rebalance
2025-12-26 22:28:48,297 | INFO | Progress: 85% (1873/2203) | date=2023-06-13 00:00:00 nav=3.87674567 opt_status=no_rebalance
2025-12-26 22:28:48,726 | INFO | Progress: 86% (1895/2203) | date=2023-07-14 00:00:00 nav=4.02257608 opt_status=no_rebalance
2025-12-26 22:28:49,282 | INFO | Progress: 87% (1917/2203) | date=2023-08-16 00:00:00 nav=4.0731961 opt_status=no_rebalance
2025-12-26 22:28:49,746 | INFO | Progress: 88% (1939/2203) | date=2023-09-15 00:00:00 nav=4.33046767 opt_status=no_rebalance
2025-12-26 22:28:50,310 | INFO | Progress: 89% (1961/2203) | date=2023-10-19 00:00:00 nav=4.30479044 opt_status=no_rebalance
2025-12-26 22:28:50,851 | INFO | Progress: 90% (1983/2203) | date=2023-11-22 00:00:00 nav=4.44584784 opt_status=no_rebalance
2025-12-26 22:28:51,379 | INFO | Progress: 91% (2005/2203) | date=2023-12-26 00:00:00 nav=4.97618622 opt_status=success
2025-12-26 22:28:51,809 | INFO | Progress: 92% (2027/2203) | date=2024-01-25 00:00:00 nav=5.17500409 opt_status=no_rebalance
2025-12-26 22:28:52,349 | INFO | Progress: 93% (2049/2203) | date=2024-02-27 00:00:00 nav=5.53126133 opt_status=no_rebalance
2025-12-26 22:28:52,885 | INFO | Progress: 94% (2071/2203) | date=2024-04-01 00:00:00 nav=5.65642808 opt_status=success
2025-12-26 22:28:53,421 | INFO | Progress: 95% (2093/2203) | date=2024-05-06 00:00:00 nav=5.80343404 opt_status=success
2025-12-26 22:28:53,836 | INFO | Progress: 96% (2115/2203) | date=2024-06-05 00:00:00 nav=5.91835274 opt_status=no_rebalance
2025-12-26 22:28:54,378 | INFO | Progress: 97% (2137/2203) | date=2024-07-08 00:00:00 nav=6.37417805 opt_status=success
2025-12-26 22:28:54,853 | INFO | Progress: 98% (2159/2203) | date=2024-08-08 00:00:00 nav=6.30871829 opt_status=no_rebalance
2025-12-26 22:28:55,391 | INFO | Progress: 99% (2181/2203) | date=2024-09-10 00:00:00 nav=6.47771621 opt_status=no_rebalance
2025-12-26 22:28:55,824 | INFO | Progress: 100% (2203/2203) | date=2024-10-11 00:00:00 nav=6.50699256 opt_status=no_rebalance
2025-12-26 22:28:55,919 | INFO | Experiment saved to: experiments\20251226_165803__entropy_newton_weekly_lam_0.10
2025-12-26 22:28:55,986 | INFO | Saved performance artifacts to experiments\20251226_165803__entropy_newton_weekly_lam_0.10\outputs\performance
2025-12-26 22:28:57,199 | INFO | Saved figures to: experiments\20251226_165803__entropy_newton_weekly_lam_0.10\artifacts\figures
2025-12-26 22:28:57,199 | INFO | Run complete
