2025-12-28 01:05:30.202 | INFO | simulation | Launched detached simulation. PID=2572
2025-12-28 01:05:32.965 | INFO | simulation | Run initialized
2025-12-28 01:05:32.966 | INFO | simulation | Run folder: experiments\ftrl_weekly_k25_v_target_1.05_both_20251227_193530
2025-12-28 01:05:32.966 | INFO | simulation | Config used: experiments\ftrl_weekly_k25_v_target_1.05_both_20251227_193530\params.yaml
2025-12-28 01:05:32.966 | INFO | simulation | Experiments dir: experiments
2025-12-28 01:05:32.966 | INFO | simulation | Running experiment from config
2025-12-28 01:05:32.970 | INFO | simulation | Runner starting | data.mode=processed | use_gpu=False
2025-12-28 01:05:32.970 | DEBUG | simulation | Full config:
{
  "experiment": {
    "name": "ftrl_weekly_k25_v_target_1.05_both",
    "start_date": "2020-04-06",
    "end_date": "2025-03-05",
    "rebalance": "weekly",
    "seed": 42,
    "use_gpu": false
  },
  "data": {
    "mode": "processed",
    "processed": {
      "dataset": "both",
      "base_dir": "data/processed",
      "freq": "1D"
    }
  },
  "risk_model": {
    "type": "sample_cov",
    "lookback": 252
  },
  "csv_path": "",
  "optimizer": {
    "type": "ftrl",
    "k_cardinality": 25,
    "long_only": true,
    "box": {
      "min": 0.0,
      "max": 0.2
    },
    "v_target": 1.05,
    "ftrl": {
      "lambda_2": 12.0,
      "gamma": 0.8,
      "max_iter": 250,
      "tol": "1e-9"
    }
  },
  "transaction_costs": {
    "proportional": 0.0005
  }
}
2025-12-28 01:05:33.077 | INFO | simulation | Loaded prices | rows=1517 cols=303 | start=2020-04-06 00:00:00 end=2025-03-05 00:00:00
2025-12-28 01:05:33.077 | INFO | simulation | Optimizer configured | raw_type=ftrl resolved=ftrl | k=25 | long_only=True | box={'min': 0.0, 'max': 0.2}
2025-12-28 01:05:33.078 | INFO | simulation | Planned total steps: 1517
2025-12-28 01:05:33.078 | INFO | simulation | Progress logging every 1%
2025-12-28 01:05:33.080 | INFO | simulation | Backtest starting | steps=1517 | rebalance=weekly | tc(proportional)=0.0005 | record_non_rebalance=False
2025-12-28 01:05:33.081 | INFO | simulation | Date range: 2020-04-06 00:00:00 -> 2025-03-05 00:00:00 | assets=303
2025-12-28 01:05:33.081 | INFO | simulation | Rebalance dates computed: 257 (first=2020-04-06 00:00:00 last=2025-03-03 00:00:00)
2025-12-28 01:05:33.095 | DEBUG | simulation | Rebalance day 2020-04-06 00:00:00 (i=1/1517)
2025-12-28 01:05:33.102 | WARNING | simulation | No common tickers between expected_returns (0) and covariance (303) on 2020-04-06 00:00:00
2025-12-28 01:05:33.103 | WARNING | simulation | Using fallback equal-weight on 2020-04-06 00:00:00 | opt_status=skipped_no_common_tickers | n_valid_assets=303
2025-12-28 01:05:33.104 | DEBUG | simulation | Rebalance applied | date=2020-04-06 00:00:00 | opt_status=skipped_no_common_tickers | turnover=1.000000 | cost=0.000000 | selected=303
2025-12-28 01:05:33.109 | DEBUG | simulation | Rebalance day 2020-04-13 00:00:00 (i=6/1517)
2025-12-28 01:05:33.293 | DEBUG | simulation | Rebalance applied | date=2020-04-13 00:00:00 | opt_status=ok | turnover=1.833559 | cost=0.000917 | selected=25
2025-12-28 01:05:33.298 | DEBUG | simulation | Rebalance day 2020-04-20 00:00:00 (i=12/1517)
2025-12-28 01:05:52.093 | DEBUG | simulation | Rebalance applied | date=2020-04-20 00:00:00 | opt_status=solver_failed | turnover=0.037142 | cost=0.000019 | selected=25
2025-12-28 01:05:52.099 | INFO | simulation | Progress: 1% (16/1517) | date=2020-04-24 00:00:00 nav=1.10301897 opt_status=no_rebalance
2025-12-28 01:05:52.101 | DEBUG | simulation | Rebalance day 2020-04-27 00:00:00 (i=18/1517)
2025-12-28 01:06:09.840 | DEBUG | simulation | Rebalance applied | date=2020-04-27 00:00:00 | opt_status=solver_failed | turnover=0.026108 | cost=0.000013 | selected=25
2025-12-28 01:06:09.847 | DEBUG | simulation | Rebalance day 2020-05-04 00:00:00 (i=24/1517)
2025-12-28 01:06:28.005 | DEBUG | simulation | Rebalance applied | date=2020-05-04 00:00:00 | opt_status=solver_failed | turnover=0.028784 | cost=0.000014 | selected=25
2025-12-28 01:06:28.011 | DEBUG | simulation | Rebalance day 2020-05-11 00:00:00 (i=30/1517)
2025-12-28 01:06:44.403 | DEBUG | simulation | Rebalance applied | date=2020-05-11 00:00:00 | opt_status=solver_failed | turnover=0.022671 | cost=0.000011 | selected=25
2025-12-28 01:06:44.404 | INFO | simulation | Progress: 2% (31/1517) | date=2020-05-12 00:00:00 nav=1.13224918 opt_status=no_rebalance
2025-12-28 01:06:44.409 | DEBUG | simulation | Rebalance day 2020-05-18 00:00:00 (i=36/1517)
2025-12-28 01:07:00.113 | DEBUG | simulation | Rebalance applied | date=2020-05-18 00:00:00 | opt_status=solver_failed | turnover=0.026097 | cost=0.000013 | selected=25
2025-12-28 01:07:00.118 | DEBUG | simulation | Rebalance day 2020-05-25 00:00:00 (i=41/1517)
2025-12-28 01:07:16.357 | DEBUG | simulation | Rebalance applied | date=2020-05-25 00:00:00 | opt_status=solver_failed | turnover=0.021222 | cost=0.000011 | selected=25
2025-12-28 01:07:16.363 | INFO | simulation | Progress: 3% (46/1517) | date=2020-05-31 00:00:00 nav=1.18239879 opt_status=no_rebalance
2025-12-28 01:07:16.363 | DEBUG | simulation | Rebalance day 2020-06-01 00:00:00 (i=47/1517)
2025-12-28 01:07:32.148 | DEBUG | simulation | Rebalance applied | date=2020-06-01 00:00:00 | opt_status=solver_failed | turnover=0.027455 | cost=0.000014 | selected=25
2025-12-28 01:07:32.153 | DEBUG | simulation | Rebalance day 2020-06-08 00:00:00 (i=53/1517)
2025-12-28 01:07:47.992 | DEBUG | simulation | Rebalance applied | date=2020-06-08 00:00:00 | opt_status=solver_failed | turnover=0.052747 | cost=0.000026 | selected=25
2025-12-28 01:07:47.998 | DEBUG | simulation | Rebalance day 2020-06-15 00:00:00 (i=59/1517)
2025-12-28 01:08:03.558 | DEBUG | simulation | Rebalance applied | date=2020-06-15 00:00:00 | opt_status=solver_failed | turnover=0.042566 | cost=0.000021 | selected=25
2025-12-28 01:08:03.560 | INFO | simulation | Progress: 4% (61/1517) | date=2020-06-17 00:00:00 nav=1.21669574 opt_status=no_rebalance
2025-12-28 01:08:03.563 | DEBUG | simulation | Rebalance day 2020-06-22 00:00:00 (i=65/1517)
2025-12-28 01:08:19.557 | DEBUG | simulation | Rebalance applied | date=2020-06-22 00:00:00 | opt_status=solver_failed | turnover=0.016608 | cost=0.000008 | selected=25
2025-12-28 01:08:19.563 | DEBUG | simulation | Rebalance day 2020-06-29 00:00:00 (i=71/1517)
2025-12-28 01:08:37.451 | DEBUG | simulation | Rebalance applied | date=2020-06-29 00:00:00 | opt_status=solver_failed | turnover=0.023590 | cost=0.000012 | selected=25
2025-12-28 01:08:37.456 | DEBUG | simulation | Rebalance day 2020-07-06 00:00:00 (i=76/1517)
2025-12-28 01:08:57.239 | DEBUG | simulation | Rebalance applied | date=2020-07-06 00:00:00 | opt_status=solver_failed | turnover=0.048518 | cost=0.000024 | selected=25
2025-12-28 01:08:57.239 | INFO | simulation | Progress: 5% (76/1517) | date=2020-07-06 00:00:00 nav=1.27224408 opt_status=solver_failed
2025-12-28 01:08:57.246 | DEBUG | simulation | Rebalance day 2020-07-13 00:00:00 (i=82/1517)
2025-12-28 01:09:16.768 | DEBUG | simulation | Rebalance applied | date=2020-07-13 00:00:00 | opt_status=solver_failed | turnover=0.028979 | cost=0.000014 | selected=25
2025-12-28 01:09:16.782 | DEBUG | simulation | Rebalance day 2020-07-20 00:00:00 (i=88/1517)
2025-12-28 01:09:37.574 | DEBUG | simulation | Rebalance applied | date=2020-07-20 00:00:00 | opt_status=solver_failed | turnover=0.025657 | cost=0.000013 | selected=25
2025-12-28 01:09:37.580 | INFO | simulation | Progress: 6% (92/1517) | date=2020-07-24 00:00:00 nav=1.29138406 opt_status=no_rebalance
2025-12-28 01:09:37.583 | DEBUG | simulation | Rebalance day 2020-07-27 00:00:00 (i=94/1517)
2025-12-28 01:09:57.685 | DEBUG | simulation | Rebalance applied | date=2020-07-27 00:00:00 | opt_status=solver_failed | turnover=0.040096 | cost=0.000020 | selected=25
2025-12-28 01:09:57.691 | DEBUG | simulation | Rebalance day 2020-08-03 00:00:00 (i=100/1517)
2025-12-28 01:10:17.875 | DEBUG | simulation | Rebalance applied | date=2020-08-03 00:00:00 | opt_status=solver_failed | turnover=0.038179 | cost=0.000019 | selected=25
2025-12-28 01:10:17.882 | DEBUG | simulation | Rebalance day 2020-08-10 00:00:00 (i=106/1517)
2025-12-28 01:10:36.933 | DEBUG | simulation | Rebalance applied | date=2020-08-10 00:00:00 | opt_status=solver_failed | turnover=0.035036 | cost=0.000018 | selected=25
2025-12-28 01:10:36.935 | INFO | simulation | Progress: 7% (107/1517) | date=2020-08-11 00:00:00 nav=1.33397696 opt_status=no_rebalance
2025-12-28 01:10:36.943 | DEBUG | simulation | Rebalance day 2020-08-17 00:00:00 (i=112/1517)
2025-12-28 01:10:55.617 | DEBUG | simulation | Rebalance applied | date=2020-08-17 00:00:00 | opt_status=solver_failed | turnover=0.031789 | cost=0.000016 | selected=25
2025-12-28 01:10:55.623 | DEBUG | simulation | Rebalance day 2020-08-24 00:00:00 (i=118/1517)
2025-12-28 01:11:12.556 | DEBUG | simulation | Rebalance applied | date=2020-08-24 00:00:00 | opt_status=solver_failed | turnover=0.030511 | cost=0.000015 | selected=25
2025-12-28 01:11:12.560 | INFO | simulation | Progress: 8% (122/1517) | date=2020-08-28 00:00:00 nav=1.43252487 opt_status=no_rebalance
2025-12-28 01:11:12.561 | DEBUG | simulation | Rebalance day 2020-08-31 00:00:00 (i=124/1517)
2025-12-28 01:11:29.960 | DEBUG | simulation | Rebalance applied | date=2020-08-31 00:00:00 | opt_status=solver_failed | turnover=0.034111 | cost=0.000017 | selected=25
2025-12-28 01:11:29.967 | DEBUG | simulation | Rebalance day 2020-09-07 00:00:00 (i=130/1517)
2025-12-28 01:11:48.387 | DEBUG | simulation | Rebalance applied | date=2020-09-07 00:00:00 | opt_status=solver_failed | turnover=0.030777 | cost=0.000015 | selected=25
2025-12-28 01:11:48.394 | DEBUG | simulation | Rebalance day 2020-09-14 00:00:00 (i=136/1517)
2025-12-28 01:12:05.553 | DEBUG | simulation | Rebalance applied | date=2020-09-14 00:00:00 | opt_status=solver_failed | turnover=0.028808 | cost=0.000014 | selected=25
2025-12-28 01:12:05.555 | INFO | simulation | Progress: 9% (137/1517) | date=2020-09-15 00:00:00 nav=1.40087666 opt_status=no_rebalance
2025-12-28 01:12:05.559 | DEBUG | simulation | Rebalance day 2020-09-21 00:00:00 (i=142/1517)
2025-12-28 01:12:22.011 | DEBUG | simulation | Rebalance applied | date=2020-09-21 00:00:00 | opt_status=solver_failed | turnover=0.021271 | cost=0.000011 | selected=25
2025-12-28 01:12:22.019 | DEBUG | simulation | Rebalance day 2020-09-28 00:00:00 (i=148/1517)
2025-12-28 01:12:40.624 | DEBUG | simulation | Rebalance applied | date=2020-09-28 00:00:00 | opt_status=solver_failed | turnover=0.026479 | cost=0.000013 | selected=25
2025-12-28 01:12:40.628 | INFO | simulation | Progress: 10% (152/1517) | date=2020-10-02 00:00:00 nav=1.39523495 opt_status=no_rebalance
2025-12-28 01:12:40.630 | DEBUG | simulation | Rebalance day 2020-10-05 00:00:00 (i=154/1517)
2025-12-28 01:12:57.717 | DEBUG | simulation | Rebalance applied | date=2020-10-05 00:00:00 | opt_status=solver_failed | turnover=0.020534 | cost=0.000010 | selected=25
2025-12-28 01:12:57.723 | DEBUG | simulation | Rebalance day 2020-10-12 00:00:00 (i=160/1517)
2025-12-28 01:13:14.517 | DEBUG | simulation | Rebalance applied | date=2020-10-12 00:00:00 | opt_status=solver_failed | turnover=0.020981 | cost=0.000010 | selected=25
2025-12-28 01:13:14.523 | DEBUG | simulation | Rebalance day 2020-10-19 00:00:00 (i=166/1517)
2025-12-28 01:13:32.970 | DEBUG | simulation | Rebalance applied | date=2020-10-19 00:00:00 | opt_status=solver_failed | turnover=0.019835 | cost=0.000010 | selected=25
2025-12-28 01:13:32.971 | INFO | simulation | Progress: 11% (167/1517) | date=2020-10-20 00:00:00 nav=1.44775205 opt_status=no_rebalance
2025-12-28 01:13:32.976 | DEBUG | simulation | Rebalance day 2020-10-26 00:00:00 (i=172/1517)
2025-12-28 01:13:50.772 | DEBUG | simulation | Rebalance applied | date=2020-10-26 00:00:00 | opt_status=solver_failed | turnover=0.023843 | cost=0.000012 | selected=25
2025-12-28 01:13:50.779 | DEBUG | simulation | Rebalance day 2020-11-02 00:00:00 (i=178/1517)
2025-12-28 01:14:08.262 | DEBUG | simulation | Rebalance applied | date=2020-11-02 00:00:00 | opt_status=solver_failed | turnover=0.025638 | cost=0.000013 | selected=25
2025-12-28 01:14:08.266 | INFO | simulation | Progress: 12% (183/1517) | date=2020-11-08 00:00:00 nav=1.45339844 opt_status=no_rebalance
2025-12-28 01:14:08.267 | DEBUG | simulation | Rebalance day 2020-11-09 00:00:00 (i=184/1517)
2025-12-28 01:14:26.804 | DEBUG | simulation | Rebalance applied | date=2020-11-09 00:00:00 | opt_status=solver_failed | turnover=0.037673 | cost=0.000019 | selected=25
2025-12-28 01:14:26.808 | DEBUG | simulation | Rebalance day 2020-11-16 00:00:00 (i=189/1517)
2025-12-28 01:14:44.057 | DEBUG | simulation | Rebalance applied | date=2020-11-16 00:00:00 | opt_status=solver_failed | turnover=0.023477 | cost=0.000012 | selected=25
2025-12-28 01:14:44.063 | DEBUG | simulation | Rebalance day 2020-11-23 00:00:00 (i=195/1517)
2025-12-28 01:15:01.910 | DEBUG | simulation | Rebalance applied | date=2020-11-23 00:00:00 | opt_status=solver_failed | turnover=0.041388 | cost=0.000021 | selected=25
2025-12-28 01:15:01.913 | INFO | simulation | Progress: 13% (198/1517) | date=2020-11-26 00:00:00 nav=1.47861616 opt_status=no_rebalance
2025-12-28 01:15:01.915 | DEBUG | simulation | Rebalance day 2020-11-30 00:00:00 (i=200/1517)
2025-12-28 01:15:19.059 | DEBUG | simulation | Rebalance applied | date=2020-11-30 00:00:00 | opt_status=solver_failed | turnover=0.020532 | cost=0.000010 | selected=25
2025-12-28 01:15:19.064 | DEBUG | simulation | Rebalance day 2020-12-07 00:00:00 (i=206/1517)
2025-12-28 01:15:36.613 | DEBUG | simulation | Rebalance applied | date=2020-12-07 00:00:00 | opt_status=solver_failed | turnover=0.033842 | cost=0.000017 | selected=25
2025-12-28 01:15:36.620 | DEBUG | simulation | Rebalance day 2020-12-14 00:00:00 (i=212/1517)
2025-12-28 01:15:53.563 | DEBUG | simulation | Rebalance applied | date=2020-12-14 00:00:00 | opt_status=solver_failed | turnover=0.016087 | cost=0.000008 | selected=25
2025-12-28 01:15:53.564 | INFO | simulation | Progress: 14% (213/1517) | date=2020-12-15 00:00:00 nav=1.51164046 opt_status=no_rebalance
2025-12-28 01:15:53.569 | DEBUG | simulation | Rebalance day 2020-12-21 00:00:00 (i=218/1517)
2025-12-28 01:16:10.496 | DEBUG | simulation | Rebalance applied | date=2020-12-21 00:00:00 | opt_status=solver_failed | turnover=0.022890 | cost=0.000011 | selected=25
2025-12-28 01:16:10.501 | DEBUG | simulation | Rebalance day 2020-12-28 00:00:00 (i=223/1517)
2025-12-28 01:16:27.137 | DEBUG | simulation | Rebalance applied | date=2020-12-28 00:00:00 | opt_status=solver_failed | turnover=0.020205 | cost=0.000010 | selected=25
2025-12-28 01:16:27.142 | DEBUG | simulation | Rebalance day 2021-01-04 00:00:00 (i=228/1517)
2025-12-28 01:16:44.701 | DEBUG | simulation | Rebalance applied | date=2021-01-04 00:00:00 | opt_status=solver_failed | turnover=0.023364 | cost=0.000012 | selected=25
2025-12-28 01:16:44.701 | INFO | simulation | Progress: 15% (228/1517) | date=2021-01-04 00:00:00 nav=1.51225356 opt_status=solver_failed
2025-12-28 01:16:44.707 | DEBUG | simulation | Rebalance day 2021-01-11 00:00:00 (i=234/1517)
2025-12-28 01:17:01.431 | DEBUG | simulation | Rebalance applied | date=2021-01-11 00:00:00 | opt_status=solver_failed | turnover=0.034508 | cost=0.000017 | selected=25
2025-12-28 01:17:01.436 | DEBUG | simulation | Rebalance day 2021-01-18 00:00:00 (i=240/1517)
2025-12-28 01:17:28.462 | DEBUG | simulation | Rebalance applied | date=2021-01-18 00:00:00 | opt_status=solver_failed | turnover=0.029310 | cost=0.000015 | selected=25
2025-12-28 01:17:28.468 | INFO | simulation | Progress: 16% (243/1517) | date=2021-01-21 00:00:00 nav=1.60534567 opt_status=no_rebalance
2025-12-28 01:17:28.473 | DEBUG | simulation | Rebalance day 2021-01-25 00:00:00 (i=246/1517)
2025-12-28 01:17:58.361 | DEBUG | simulation | Rebalance applied | date=2021-01-25 00:00:00 | opt_status=solver_failed | turnover=0.038261 | cost=0.000019 | selected=25
2025-12-28 01:17:58.371 | DEBUG | simulation | Rebalance day 2021-02-01 00:00:00 (i=252/1517)
2025-12-28 01:18:27.232 | DEBUG | simulation | Rebalance applied | date=2021-02-01 00:00:00 | opt_status=solver_failed | turnover=0.024702 | cost=0.000012 | selected=25
2025-12-28 01:18:27.242 | DEBUG | simulation | Rebalance day 2021-02-08 00:00:00 (i=258/1517)
2025-12-28 01:18:54.865 | DEBUG | simulation | Rebalance applied | date=2021-02-08 00:00:00 | opt_status=solver_failed | turnover=0.030052 | cost=0.000015 | selected=25
2025-12-28 01:18:54.865 | INFO | simulation | Progress: 17% (258/1517) | date=2021-02-08 00:00:00 nav=1.59249041 opt_status=solver_failed
2025-12-28 01:18:54.874 | DEBUG | simulation | Rebalance day 2021-02-15 00:00:00 (i=264/1517)
2025-12-28 01:19:22.386 | DEBUG | simulation | Rebalance applied | date=2021-02-15 00:00:00 | opt_status=solver_failed | turnover=0.020486 | cost=0.000010 | selected=25
2025-12-28 01:19:22.396 | DEBUG | simulation | Rebalance day 2021-02-22 00:00:00 (i=270/1517)
2025-12-28 01:19:50.577 | DEBUG | simulation | Rebalance applied | date=2021-02-22 00:00:00 | opt_status=solver_failed | turnover=0.030268 | cost=0.000015 | selected=25
2025-12-28 01:19:50.584 | INFO | simulation | Progress: 18% (274/1517) | date=2021-02-26 00:00:00 nav=1.51242245 opt_status=no_rebalance
2025-12-28 01:19:50.587 | DEBUG | simulation | Rebalance day 2021-03-01 00:00:00 (i=276/1517)
2025-12-28 01:20:18.671 | DEBUG | simulation | Rebalance applied | date=2021-03-01 00:00:00 | opt_status=solver_failed | turnover=0.023195 | cost=0.000012 | selected=25
2025-12-28 01:20:18.682 | DEBUG | simulation | Rebalance day 2021-03-08 00:00:00 (i=282/1517)
2025-12-28 01:20:46.424 | DEBUG | simulation | Rebalance applied | date=2021-03-08 00:00:00 | opt_status=solver_failed | turnover=0.073972 | cost=0.000037 | selected=25
2025-12-28 01:20:46.433 | DEBUG | simulation | Rebalance day 2021-03-15 00:00:00 (i=288/1517)
2025-12-28 01:21:14.107 | DEBUG | simulation | Rebalance applied | date=2021-03-15 00:00:00 | opt_status=solver_failed | turnover=0.034673 | cost=0.000017 | selected=25
2025-12-28 01:21:14.109 | INFO | simulation | Progress: 19% (289/1517) | date=2021-03-16 00:00:00 nav=1.56863097 opt_status=no_rebalance
2025-12-28 01:21:14.117 | DEBUG | simulation | Rebalance day 2021-03-22 00:00:00 (i=294/1517)
2025-12-28 01:21:41.154 | DEBUG | simulation | Rebalance applied | date=2021-03-22 00:00:00 | opt_status=solver_failed | turnover=0.021115 | cost=0.000011 | selected=25
2025-12-28 01:21:41.163 | DEBUG | simulation | Rebalance day 2021-03-29 00:00:00 (i=299/1517)
2025-12-28 01:22:08.076 | DEBUG | simulation | Rebalance applied | date=2021-03-29 00:00:00 | opt_status=solver_failed | turnover=0.028204 | cost=0.000014 | selected=25
2025-12-28 01:22:08.085 | DEBUG | simulation | Rebalance day 2021-04-05 00:00:00 (i=304/1517)
2025-12-28 01:22:35.564 | DEBUG | simulation | Rebalance applied | date=2021-04-05 00:00:00 | opt_status=solver_failed | turnover=0.030046 | cost=0.000015 | selected=25
2025-12-28 01:22:35.564 | INFO | simulation | Progress: 20% (304/1517) | date=2021-04-05 00:00:00 nav=1.62581419 opt_status=solver_failed
2025-12-28 01:22:35.574 | DEBUG | simulation | Rebalance day 2021-04-12 00:00:00 (i=310/1517)
2025-12-28 01:23:02.953 | DEBUG | simulation | Rebalance applied | date=2021-04-12 00:00:00 | opt_status=solver_failed | turnover=0.024271 | cost=0.000012 | selected=25
2025-12-28 01:23:02.963 | DEBUG | simulation | Rebalance day 2021-04-19 00:00:00 (i=316/1517)
2025-12-28 01:23:30.613 | DEBUG | simulation | Rebalance applied | date=2021-04-19 00:00:00 | opt_status=solver_failed | turnover=0.021354 | cost=0.000011 | selected=25
2025-12-28 01:23:30.618 | INFO | simulation | Progress: 21% (319/1517) | date=2021-04-22 00:00:00 nav=1.62939159 opt_status=no_rebalance
2025-12-28 01:23:30.622 | DEBUG | simulation | Rebalance day 2021-04-26 00:00:00 (i=322/1517)
2025-12-28 01:23:58.266 | DEBUG | simulation | Rebalance applied | date=2021-04-26 00:00:00 | opt_status=solver_failed | turnover=0.026508 | cost=0.000013 | selected=25
2025-12-28 01:23:58.276 | DEBUG | simulation | Rebalance day 2021-05-03 00:00:00 (i=328/1517)
2025-12-28 01:24:25.694 | DEBUG | simulation | Rebalance applied | date=2021-05-03 00:00:00 | opt_status=solver_failed | turnover=0.038558 | cost=0.000019 | selected=25
2025-12-28 01:24:25.704 | DEBUG | simulation | Rebalance day 2021-05-10 00:00:00 (i=334/1517)
2025-12-28 01:24:53.169 | DEBUG | simulation | Rebalance applied | date=2021-05-10 00:00:00 | opt_status=solver_failed | turnover=0.034810 | cost=0.000017 | selected=25
2025-12-28 01:24:53.169 | INFO | simulation | Progress: 22% (334/1517) | date=2021-05-10 00:00:00 nav=1.62120525 opt_status=solver_failed
2025-12-28 01:24:53.179 | DEBUG | simulation | Rebalance day 2021-05-17 00:00:00 (i=340/1517)
2025-12-28 01:25:20.847 | DEBUG | simulation | Rebalance applied | date=2021-05-17 00:00:00 | opt_status=solver_failed | turnover=0.023902 | cost=0.000012 | selected=25
2025-12-28 01:25:20.857 | DEBUG | simulation | Rebalance day 2021-05-24 00:00:00 (i=346/1517)
2025-12-28 01:25:48.456 | DEBUG | simulation | Rebalance applied | date=2021-05-24 00:00:00 | opt_status=solver_failed | turnover=0.030763 | cost=0.000015 | selected=25
2025-12-28 01:25:48.461 | INFO | simulation | Progress: 23% (349/1517) | date=2021-05-27 00:00:00 nav=1.62464431 opt_status=no_rebalance
2025-12-28 01:25:48.465 | DEBUG | simulation | Rebalance day 2021-05-31 00:00:00 (i=352/1517)
2025-12-28 01:26:15.903 | DEBUG | simulation | Rebalance applied | date=2021-05-31 00:00:00 | opt_status=solver_failed | turnover=0.014913 | cost=0.000007 | selected=25
2025-12-28 01:26:15.913 | DEBUG | simulation | Rebalance day 2021-06-07 00:00:00 (i=358/1517)
2025-12-28 01:26:44.660 | DEBUG | simulation | Rebalance applied | date=2021-06-07 00:00:00 | opt_status=solver_failed | turnover=0.026373 | cost=0.000013 | selected=25
2025-12-28 01:26:44.669 | DEBUG | simulation | Rebalance day 2021-06-14 00:00:00 (i=364/1517)
2025-12-28 01:27:13.096 | DEBUG | simulation | Rebalance applied | date=2021-06-14 00:00:00 | opt_status=solver_failed | turnover=0.018923 | cost=0.000009 | selected=25
2025-12-28 01:27:13.098 | INFO | simulation | Progress: 24% (365/1517) | date=2021-06-15 00:00:00 nav=1.65942765 opt_status=no_rebalance
2025-12-28 01:27:13.106 | DEBUG | simulation | Rebalance day 2021-06-21 00:00:00 (i=370/1517)
2025-12-28 01:27:40.885 | DEBUG | simulation | Rebalance applied | date=2021-06-21 00:00:00 | opt_status=solver_failed | turnover=0.023139 | cost=0.000012 | selected=25
2025-12-28 01:27:40.895 | DEBUG | simulation | Rebalance day 2021-06-28 00:00:00 (i=376/1517)
2025-12-28 01:28:08.421 | DEBUG | simulation | Rebalance applied | date=2021-06-28 00:00:00 | opt_status=solver_failed | turnover=0.023298 | cost=0.000012 | selected=25
2025-12-28 01:28:08.428 | INFO | simulation | Progress: 25% (380/1517) | date=2021-07-02 00:00:00 nav=1.73390433 opt_status=no_rebalance
2025-12-28 01:28:08.431 | DEBUG | simulation | Rebalance day 2021-07-05 00:00:00 (i=382/1517)
2025-12-28 01:28:35.688 | DEBUG | simulation | Rebalance applied | date=2021-07-05 00:00:00 | opt_status=solver_failed | turnover=0.016377 | cost=0.000008 | selected=25
2025-12-28 01:28:35.698 | DEBUG | simulation | Rebalance day 2021-07-12 00:00:00 (i=388/1517)
2025-12-28 01:29:00.675 | DEBUG | simulation | Rebalance applied | date=2021-07-12 00:00:00 | opt_status=ok | turnover=1.760301 | cost=0.000880 | selected=25
2025-12-28 01:29:00.685 | DEBUG | simulation | Rebalance day 2021-07-19 00:00:00 (i=394/1517)
2025-12-28 01:29:27.332 | DEBUG | simulation | Rebalance applied | date=2021-07-19 00:00:00 | opt_status=solver_failed | turnover=0.038098 | cost=0.000019 | selected=25
2025-12-28 01:29:27.334 | INFO | simulation | Progress: 26% (395/1517) | date=2021-07-20 00:00:00 nav=1.71922045 opt_status=no_rebalance
2025-12-28 01:29:27.342 | DEBUG | simulation | Rebalance day 2021-07-26 00:00:00 (i=400/1517)
2025-12-28 01:29:54.418 | DEBUG | simulation | Rebalance applied | date=2021-07-26 00:00:00 | opt_status=solver_failed | turnover=0.030732 | cost=0.000015 | selected=25
2025-12-28 01:29:54.428 | DEBUG | simulation | Rebalance day 2021-08-02 00:00:00 (i=406/1517)
2025-12-28 01:30:21.570 | DEBUG | simulation | Rebalance applied | date=2021-08-02 00:00:00 | opt_status=solver_failed | turnover=0.028949 | cost=0.000014 | selected=25
2025-12-28 01:30:21.577 | INFO | simulation | Progress: 27% (410/1517) | date=2021-08-06 00:00:00 nav=1.7604368 opt_status=no_rebalance
2025-12-28 01:30:21.580 | DEBUG | simulation | Rebalance day 2021-08-09 00:00:00 (i=412/1517)
2025-12-28 01:30:48.488 | DEBUG | simulation | Rebalance applied | date=2021-08-09 00:00:00 | opt_status=solver_failed | turnover=0.031172 | cost=0.000016 | selected=25
2025-12-28 01:30:48.497 | DEBUG | simulation | Rebalance day 2021-08-16 00:00:00 (i=418/1517)
2025-12-28 01:31:16.449 | DEBUG | simulation | Rebalance applied | date=2021-08-16 00:00:00 | opt_status=solver_failed | turnover=0.029108 | cost=0.000015 | selected=25
2025-12-28 01:31:16.458 | DEBUG | simulation | Rebalance day 2021-08-23 00:00:00 (i=424/1517)
2025-12-28 01:31:43.970 | DEBUG | simulation | Rebalance applied | date=2021-08-23 00:00:00 | opt_status=solver_failed | turnover=0.027493 | cost=0.000014 | selected=25
2025-12-28 01:31:43.972 | INFO | simulation | Progress: 28% (425/1517) | date=2021-08-24 00:00:00 nav=1.76628393 opt_status=no_rebalance
2025-12-28 01:31:43.980 | DEBUG | simulation | Rebalance day 2021-08-30 00:00:00 (i=430/1517)
2025-12-28 01:32:11.738 | DEBUG | simulation | Rebalance applied | date=2021-08-30 00:00:00 | opt_status=solver_failed | turnover=0.045895 | cost=0.000023 | selected=25
2025-12-28 01:32:11.748 | DEBUG | simulation | Rebalance day 2021-09-06 00:00:00 (i=436/1517)
2025-12-28 01:32:39.212 | DEBUG | simulation | Rebalance applied | date=2021-09-06 00:00:00 | opt_status=solver_failed | turnover=0.025199 | cost=0.000013 | selected=25
2025-12-28 01:32:39.218 | INFO | simulation | Progress: 29% (440/1517) | date=2021-09-10 00:00:00 nav=1.88157562 opt_status=no_rebalance
2025-12-28 01:32:39.222 | DEBUG | simulation | Rebalance day 2021-09-13 00:00:00 (i=442/1517)
2025-12-28 01:33:06.349 | DEBUG | simulation | Rebalance applied | date=2021-09-13 00:00:00 | opt_status=solver_failed | turnover=0.019057 | cost=0.000010 | selected=25
2025-12-28 01:33:06.360 | DEBUG | simulation | Rebalance day 2021-09-20 00:00:00 (i=448/1517)
2025-12-28 01:33:33.939 | DEBUG | simulation | Rebalance applied | date=2021-09-20 00:00:00 | opt_status=solver_failed | turnover=0.029771 | cost=0.000015 | selected=25
2025-12-28 01:33:33.949 | DEBUG | simulation | Rebalance day 2021-09-27 00:00:00 (i=454/1517)
2025-12-28 01:34:00.948 | DEBUG | simulation | Rebalance applied | date=2021-09-27 00:00:00 | opt_status=solver_failed | turnover=0.039002 | cost=0.000020 | selected=25
2025-12-28 01:34:00.952 | INFO | simulation | Progress: 30% (456/1517) | date=2021-09-29 00:00:00 nav=1.87621415 opt_status=no_rebalance
2025-12-28 01:34:00.958 | DEBUG | simulation | Rebalance day 2021-10-04 00:00:00 (i=460/1517)
2025-12-28 01:34:28.582 | DEBUG | simulation | Rebalance applied | date=2021-10-04 00:00:00 | opt_status=solver_failed | turnover=0.045543 | cost=0.000023 | selected=25
2025-12-28 01:34:28.593 | DEBUG | simulation | Rebalance day 2021-10-11 00:00:00 (i=466/1517)
2025-12-28 01:34:56.085 | DEBUG | simulation | Rebalance applied | date=2021-10-11 00:00:00 | opt_status=solver_failed | turnover=0.038944 | cost=0.000019 | selected=25
2025-12-28 01:34:56.093 | INFO | simulation | Progress: 31% (471/1517) | date=2021-10-17 00:00:00 nav=1.97551082 opt_status=no_rebalance
2025-12-28 01:34:56.095 | DEBUG | simulation | Rebalance day 2021-10-18 00:00:00 (i=472/1517)
2025-12-28 01:35:23.621 | DEBUG | simulation | Rebalance applied | date=2021-10-18 00:00:00 | opt_status=solver_failed | turnover=0.043137 | cost=0.000022 | selected=25
2025-12-28 01:35:23.631 | DEBUG | simulation | Rebalance day 2021-10-25 00:00:00 (i=478/1517)
2025-12-28 01:35:50.881 | DEBUG | simulation | Rebalance applied | date=2021-10-25 00:00:00 | opt_status=solver_failed | turnover=0.043929 | cost=0.000022 | selected=25
2025-12-28 01:35:50.891 | DEBUG | simulation | Rebalance day 2021-11-01 00:00:00 (i=484/1517)
2025-12-28 01:36:17.998 | DEBUG | simulation | Rebalance applied | date=2021-11-01 00:00:00 | opt_status=solver_failed | turnover=0.036357 | cost=0.000018 | selected=25
2025-12-28 01:36:18.003 | INFO | simulation | Progress: 32% (486/1517) | date=2021-11-03 00:00:00 nav=1.99280676 opt_status=no_rebalance
2025-12-28 01:36:18.010 | DEBUG | simulation | Rebalance day 2021-11-08 00:00:00 (i=490/1517)
2025-12-28 01:36:46.396 | DEBUG | simulation | Rebalance applied | date=2021-11-08 00:00:00 | opt_status=solver_failed | turnover=0.029787 | cost=0.000015 | selected=25
2025-12-28 01:36:46.405 | DEBUG | simulation | Rebalance day 2021-11-15 00:00:00 (i=496/1517)
2025-12-28 01:37:13.590 | DEBUG | simulation | Rebalance applied | date=2021-11-15 00:00:00 | opt_status=solver_failed | turnover=0.028218 | cost=0.000014 | selected=25
2025-12-28 01:37:13.599 | INFO | simulation | Progress: 33% (501/1517) | date=2021-11-21 00:00:00 nav=1.97903692 opt_status=no_rebalance
2025-12-28 01:37:13.601 | DEBUG | simulation | Rebalance day 2021-11-22 00:00:00 (i=502/1517)
2025-12-28 01:37:40.971 | DEBUG | simulation | Rebalance applied | date=2021-11-22 00:00:00 | opt_status=solver_failed | turnover=0.027961 | cost=0.000014 | selected=25
2025-12-28 01:37:40.981 | DEBUG | simulation | Rebalance day 2021-11-29 00:00:00 (i=508/1517)
2025-12-28 01:38:08.467 | DEBUG | simulation | Rebalance applied | date=2021-11-29 00:00:00 | opt_status=solver_failed | turnover=0.037347 | cost=0.000019 | selected=25
2025-12-28 01:38:08.477 | DEBUG | simulation | Rebalance day 2021-12-06 00:00:00 (i=514/1517)
2025-12-28 01:38:35.715 | DEBUG | simulation | Rebalance applied | date=2021-12-06 00:00:00 | opt_status=solver_failed | turnover=0.035386 | cost=0.000018 | selected=25
2025-12-28 01:38:35.719 | INFO | simulation | Progress: 34% (516/1517) | date=2021-12-08 00:00:00 nav=2.00544241 opt_status=no_rebalance
2025-12-28 01:38:35.725 | DEBUG | simulation | Rebalance day 2021-12-13 00:00:00 (i=520/1517)
2025-12-28 01:39:03.174 | DEBUG | simulation | Rebalance applied | date=2021-12-13 00:00:00 | opt_status=solver_failed | turnover=0.028968 | cost=0.000014 | selected=25
2025-12-28 01:39:03.183 | DEBUG | simulation | Rebalance day 2021-12-20 00:00:00 (i=526/1517)
2025-12-28 01:39:30.607 | DEBUG | simulation | Rebalance applied | date=2021-12-20 00:00:00 | opt_status=solver_failed | turnover=0.028399 | cost=0.000014 | selected=25
2025-12-28 01:39:30.617 | DEBUG | simulation | Rebalance day 2021-12-27 00:00:00 (i=531/1517)
2025-12-28 01:39:57.447 | DEBUG | simulation | Rebalance applied | date=2021-12-27 00:00:00 | opt_status=solver_failed | turnover=0.035151 | cost=0.000018 | selected=25
2025-12-28 01:39:57.448 | INFO | simulation | Progress: 35% (531/1517) | date=2021-12-27 00:00:00 nav=1.98586154 opt_status=solver_failed
2025-12-28 01:39:57.457 | DEBUG | simulation | Rebalance day 2022-01-03 00:00:00 (i=537/1517)
2025-12-28 01:40:24.527 | DEBUG | simulation | Rebalance applied | date=2022-01-03 00:00:00 | opt_status=solver_failed | turnover=0.028301 | cost=0.000014 | selected=25
2025-12-28 01:40:24.538 | DEBUG | simulation | Rebalance day 2022-01-10 00:00:00 (i=543/1517)
2025-12-28 01:40:51.054 | DEBUG | simulation | Rebalance applied | date=2022-01-10 00:00:00 | opt_status=solver_failed | turnover=0.045707 | cost=0.000023 | selected=25
2025-12-28 01:40:51.062 | INFO | simulation | Progress: 36% (547/1517) | date=2022-01-14 00:00:00 nav=2.05523527 opt_status=no_rebalance
2025-12-28 01:40:51.065 | DEBUG | simulation | Rebalance day 2022-01-17 00:00:00 (i=549/1517)
2025-12-28 01:41:18.312 | DEBUG | simulation | Rebalance applied | date=2022-01-17 00:00:00 | opt_status=solver_failed | turnover=0.030289 | cost=0.000015 | selected=25
2025-12-28 01:41:18.321 | DEBUG | simulation | Rebalance day 2022-01-24 00:00:00 (i=555/1517)
2025-12-28 01:41:45.249 | DEBUG | simulation | Rebalance applied | date=2022-01-24 00:00:00 | opt_status=solver_failed | turnover=0.037260 | cost=0.000019 | selected=25
2025-12-28 01:41:45.259 | DEBUG | simulation | Rebalance day 2022-01-31 00:00:00 (i=561/1517)
2025-12-28 01:42:12.096 | DEBUG | simulation | Rebalance applied | date=2022-01-31 00:00:00 | opt_status=solver_failed | turnover=0.034805 | cost=0.000017 | selected=25
2025-12-28 01:42:12.099 | INFO | simulation | Progress: 37% (562/1517) | date=2022-02-01 00:00:00 nav=1.97202469 opt_status=no_rebalance
2025-12-28 01:42:12.106 | DEBUG | simulation | Rebalance day 2022-02-07 00:00:00 (i=567/1517)
2025-12-28 01:42:39.157 | DEBUG | simulation | Rebalance applied | date=2022-02-07 00:00:00 | opt_status=solver_failed | turnover=0.034365 | cost=0.000017 | selected=25
2025-12-28 01:42:39.167 | DEBUG | simulation | Rebalance day 2022-02-14 00:00:00 (i=573/1517)
2025-12-28 01:43:06.333 | DEBUG | simulation | Rebalance applied | date=2022-02-14 00:00:00 | opt_status=solver_failed | turnover=0.023173 | cost=0.000012 | selected=25
2025-12-28 01:43:06.340 | INFO | simulation | Progress: 38% (577/1517) | date=2022-02-18 00:00:00 nav=1.83827799 opt_status=no_rebalance
2025-12-28 01:43:06.343 | DEBUG | simulation | Rebalance day 2022-02-21 00:00:00 (i=579/1517)
2025-12-28 01:43:33.286 | DEBUG | simulation | Rebalance applied | date=2022-02-21 00:00:00 | opt_status=solver_failed | turnover=0.023532 | cost=0.000012 | selected=25
2025-12-28 01:43:33.295 | DEBUG | simulation | Rebalance day 2022-02-28 00:00:00 (i=585/1517)
2025-12-28 01:44:00.070 | DEBUG | simulation | Rebalance applied | date=2022-02-28 00:00:00 | opt_status=solver_failed | turnover=0.022549 | cost=0.000011 | selected=25
2025-12-28 01:44:00.080 | DEBUG | simulation | Rebalance day 2022-03-07 00:00:00 (i=591/1517)
2025-12-28 01:44:26.539 | DEBUG | simulation | Rebalance applied | date=2022-03-07 00:00:00 | opt_status=solver_failed | turnover=0.055325 | cost=0.000028 | selected=25
2025-12-28 01:44:26.541 | INFO | simulation | Progress: 39% (592/1517) | date=2022-03-08 00:00:00 nav=1.75590611 opt_status=no_rebalance
2025-12-28 01:44:26.549 | DEBUG | simulation | Rebalance day 2022-03-14 00:00:00 (i=597/1517)
2025-12-28 01:44:53.751 | DEBUG | simulation | Rebalance applied | date=2022-03-14 00:00:00 | opt_status=solver_failed | turnover=0.030664 | cost=0.000015 | selected=25
2025-12-28 01:44:53.761 | DEBUG | simulation | Rebalance day 2022-03-21 00:00:00 (i=603/1517)
2025-12-28 01:45:21.443 | DEBUG | simulation | Rebalance applied | date=2022-03-21 00:00:00 | opt_status=solver_failed | turnover=0.044956 | cost=0.000022 | selected=25
2025-12-28 01:45:21.449 | INFO | simulation | Progress: 40% (607/1517) | date=2022-03-25 00:00:00 nav=1.90458035 opt_status=no_rebalance
2025-12-28 01:45:21.452 | DEBUG | simulation | Rebalance day 2022-03-28 00:00:00 (i=609/1517)
2025-12-28 01:45:48.008 | DEBUG | simulation | Rebalance applied | date=2022-03-28 00:00:00 | opt_status=solver_failed | turnover=0.054615 | cost=0.000027 | selected=25
2025-12-28 01:45:48.018 | DEBUG | simulation | Rebalance day 2022-04-04 00:00:00 (i=615/1517)
2025-12-28 01:46:14.581 | DEBUG | simulation | Rebalance applied | date=2022-04-04 00:00:00 | opt_status=solver_failed | turnover=0.047758 | cost=0.000024 | selected=25
2025-12-28 01:46:14.590 | DEBUG | simulation | Rebalance day 2022-04-11 00:00:00 (i=621/1517)
2025-12-28 01:46:41.885 | DEBUG | simulation | Rebalance applied | date=2022-04-11 00:00:00 | opt_status=solver_failed | turnover=0.049245 | cost=0.000025 | selected=25
2025-12-28 01:46:41.887 | INFO | simulation | Progress: 41% (622/1517) | date=2022-04-12 00:00:00 nav=1.94521111 opt_status=no_rebalance
2025-12-28 01:46:41.895 | DEBUG | simulation | Rebalance day 2022-04-18 00:00:00 (i=626/1517)
2025-12-28 01:47:08.899 | DEBUG | simulation | Rebalance applied | date=2022-04-18 00:00:00 | opt_status=solver_failed | turnover=0.019655 | cost=0.000010 | selected=25
2025-12-28 01:47:08.908 | DEBUG | simulation | Rebalance day 2022-04-25 00:00:00 (i=632/1517)
2025-12-28 01:47:36.245 | DEBUG | simulation | Rebalance applied | date=2022-04-25 00:00:00 | opt_status=solver_failed | turnover=0.040459 | cost=0.000020 | selected=25
2025-12-28 01:47:36.255 | DEBUG | simulation | Rebalance day 2022-05-02 00:00:00 (i=638/1517)
2025-12-28 01:48:03.275 | DEBUG | simulation | Rebalance applied | date=2022-05-02 00:00:00 | opt_status=solver_failed | turnover=0.039434 | cost=0.000020 | selected=25
2025-12-28 01:48:03.275 | INFO | simulation | Progress: 42% (638/1517) | date=2022-05-02 00:00:00 nav=1.90113449 opt_status=solver_failed
2025-12-28 01:48:03.285 | DEBUG | simulation | Rebalance day 2022-05-09 00:00:00 (i=644/1517)
2025-12-28 01:48:30.968 | DEBUG | simulation | Rebalance applied | date=2022-05-09 00:00:00 | opt_status=solver_failed | turnover=0.038586 | cost=0.000019 | selected=25
2025-12-28 01:48:30.978 | DEBUG | simulation | Rebalance day 2022-05-16 00:00:00 (i=650/1517)
2025-12-28 01:48:58.125 | DEBUG | simulation | Rebalance applied | date=2022-05-16 00:00:00 | opt_status=solver_failed | turnover=0.037651 | cost=0.000019 | selected=25
2025-12-28 01:48:58.131 | INFO | simulation | Progress: 43% (653/1517) | date=2022-05-19 00:00:00 nav=1.79720496 opt_status=no_rebalance
2025-12-28 01:48:58.135 | DEBUG | simulation | Rebalance day 2022-05-23 00:00:00 (i=656/1517)
2025-12-28 01:49:25.164 | DEBUG | simulation | Rebalance applied | date=2022-05-23 00:00:00 | opt_status=solver_failed | turnover=0.022262 | cost=0.000011 | selected=25
2025-12-28 01:49:25.175 | DEBUG | simulation | Rebalance day 2022-05-30 00:00:00 (i=662/1517)
2025-12-28 01:49:51.647 | DEBUG | simulation | Rebalance applied | date=2022-05-30 00:00:00 | opt_status=solver_failed | turnover=0.040873 | cost=0.000020 | selected=25
2025-12-28 01:49:51.657 | DEBUG | simulation | Rebalance day 2022-06-06 00:00:00 (i=668/1517)
2025-12-28 01:50:18.670 | DEBUG | simulation | Rebalance applied | date=2022-06-06 00:00:00 | opt_status=solver_failed | turnover=0.033898 | cost=0.000017 | selected=25
2025-12-28 01:50:18.671 | INFO | simulation | Progress: 44% (668/1517) | date=2022-06-06 00:00:00 nav=1.83590256 opt_status=solver_failed
2025-12-28 01:50:18.681 | DEBUG | simulation | Rebalance day 2022-06-13 00:00:00 (i=674/1517)
2025-12-28 01:50:46.126 | DEBUG | simulation | Rebalance applied | date=2022-06-13 00:00:00 | opt_status=solver_failed | turnover=0.045975 | cost=0.000023 | selected=25
2025-12-28 01:50:46.136 | DEBUG | simulation | Rebalance day 2022-06-20 00:00:00 (i=680/1517)
2025-12-28 01:51:13.777 | DEBUG | simulation | Rebalance applied | date=2022-06-20 00:00:00 | opt_status=solver_failed | turnover=0.030262 | cost=0.000015 | selected=25
2025-12-28 01:51:13.782 | INFO | simulation | Progress: 45% (683/1517) | date=2022-06-23 00:00:00 nav=1.73101321 opt_status=no_rebalance
2025-12-28 01:51:13.786 | DEBUG | simulation | Rebalance day 2022-06-27 00:00:00 (i=686/1517)
2025-12-28 01:51:41.078 | DEBUG | simulation | Rebalance applied | date=2022-06-27 00:00:00 | opt_status=solver_failed | turnover=0.031752 | cost=0.000016 | selected=25
2025-12-28 01:51:41.088 | DEBUG | simulation | Rebalance day 2022-07-04 00:00:00 (i=692/1517)
2025-12-28 01:52:08.007 | DEBUG | simulation | Rebalance applied | date=2022-07-04 00:00:00 | opt_status=solver_failed | turnover=0.049387 | cost=0.000025 | selected=25
2025-12-28 01:52:08.016 | DEBUG | simulation | Rebalance day 2022-07-11 00:00:00 (i=698/1517)
2025-12-28 01:52:35.744 | DEBUG | simulation | Rebalance applied | date=2022-07-11 00:00:00 | opt_status=solver_failed | turnover=0.022687 | cost=0.000011 | selected=25
2025-12-28 01:52:35.744 | INFO | simulation | Progress: 46% (698/1517) | date=2022-07-11 00:00:00 nav=1.75551691 opt_status=solver_failed
2025-12-28 01:52:35.754 | DEBUG | simulation | Rebalance day 2022-07-18 00:00:00 (i=704/1517)
2025-12-28 01:53:03.063 | DEBUG | simulation | Rebalance applied | date=2022-07-18 00:00:00 | opt_status=solver_failed | turnover=0.022432 | cost=0.000011 | selected=25
2025-12-28 01:53:03.072 | DEBUG | simulation | Rebalance day 2022-07-25 00:00:00 (i=710/1517)
2025-12-28 01:53:29.986 | DEBUG | simulation | Rebalance applied | date=2022-07-25 00:00:00 | opt_status=solver_failed | turnover=0.034123 | cost=0.000017 | selected=25
2025-12-28 01:53:29.991 | INFO | simulation | Progress: 47% (713/1517) | date=2022-07-28 00:00:00 nav=1.88422274 opt_status=no_rebalance
2025-12-28 01:53:29.996 | DEBUG | simulation | Rebalance day 2022-08-01 00:00:00 (i=716/1517)
2025-12-28 01:53:57.102 | DEBUG | simulation | Rebalance applied | date=2022-08-01 00:00:00 | opt_status=solver_failed | turnover=0.034041 | cost=0.000017 | selected=25
2025-12-28 01:53:57.112 | DEBUG | simulation | Rebalance day 2022-08-08 00:00:00 (i=722/1517)
2025-12-28 01:54:24.083 | DEBUG | simulation | Rebalance applied | date=2022-08-08 00:00:00 | opt_status=solver_failed | turnover=0.024079 | cost=0.000012 | selected=25
2025-12-28 01:54:24.091 | DEBUG | simulation | Rebalance day 2022-08-15 00:00:00 (i=727/1517)
2025-12-28 01:54:51.265 | DEBUG | simulation | Rebalance applied | date=2022-08-15 00:00:00 | opt_status=solver_failed | turnover=0.030480 | cost=0.000015 | selected=25
2025-12-28 01:54:51.269 | INFO | simulation | Progress: 48% (729/1517) | date=2022-08-17 00:00:00 nav=1.97997408 opt_status=no_rebalance
2025-12-28 01:54:51.275 | DEBUG | simulation | Rebalance day 2022-08-22 00:00:00 (i=733/1517)
2025-12-28 01:55:18.214 | DEBUG | simulation | Rebalance applied | date=2022-08-22 00:00:00 | opt_status=solver_failed | turnover=0.035045 | cost=0.000018 | selected=25
2025-12-28 01:55:18.223 | DEBUG | simulation | Rebalance day 2022-08-29 00:00:00 (i=739/1517)
2025-12-28 01:55:44.921 | DEBUG | simulation | Rebalance applied | date=2022-08-29 00:00:00 | opt_status=solver_failed | turnover=0.033779 | cost=0.000017 | selected=25
2025-12-28 01:55:44.930 | INFO | simulation | Progress: 49% (744/1517) | date=2022-09-04 00:00:00 nav=1.92146039 opt_status=no_rebalance
2025-12-28 01:55:44.931 | DEBUG | simulation | Rebalance day 2022-09-05 00:00:00 (i=745/1517)
2025-12-28 01:56:11.953 | DEBUG | simulation | Rebalance applied | date=2022-09-05 00:00:00 | opt_status=solver_failed | turnover=0.027765 | cost=0.000014 | selected=25
2025-12-28 01:56:11.963 | DEBUG | simulation | Rebalance day 2022-09-12 00:00:00 (i=751/1517)
2025-12-28 01:56:38.291 | DEBUG | simulation | Rebalance applied | date=2022-09-12 00:00:00 | opt_status=solver_failed | turnover=0.024899 | cost=0.000012 | selected=25
2025-12-28 01:56:38.300 | DEBUG | simulation | Rebalance day 2022-09-19 00:00:00 (i=757/1517)
2025-12-28 01:57:04.554 | DEBUG | simulation | Rebalance applied | date=2022-09-19 00:00:00 | opt_status=solver_failed | turnover=0.052275 | cost=0.000026 | selected=25
2025-12-28 01:57:04.557 | INFO | simulation | Progress: 50% (759/1517) | date=2022-09-21 00:00:00 nav=1.89897751 opt_status=no_rebalance
2025-12-28 01:57:04.563 | DEBUG | simulation | Rebalance day 2022-09-26 00:00:00 (i=763/1517)
2025-12-28 01:57:31.241 | DEBUG | simulation | Rebalance applied | date=2022-09-26 00:00:00 | opt_status=solver_failed | turnover=0.033818 | cost=0.000017 | selected=25
2025-12-28 01:57:31.252 | DEBUG | simulation | Rebalance day 2022-10-03 00:00:00 (i=769/1517)
2025-12-28 01:57:57.581 | DEBUG | simulation | Rebalance applied | date=2022-10-03 00:00:00 | opt_status=solver_failed | turnover=0.025501 | cost=0.000013 | selected=25
2025-12-28 01:57:57.590 | INFO | simulation | Progress: 51% (774/1517) | date=2022-10-09 00:00:00 nav=1.81705468 opt_status=no_rebalance
2025-12-28 01:57:57.591 | DEBUG | simulation | Rebalance day 2022-10-10 00:00:00 (i=775/1517)
2025-12-28 01:58:23.248 | DEBUG | simulation | Rebalance applied | date=2022-10-10 00:00:00 | opt_status=solver_failed | turnover=0.028607 | cost=0.000014 | selected=25
2025-12-28 01:58:23.257 | DEBUG | simulation | Rebalance day 2022-10-17 00:00:00 (i=781/1517)
2025-12-28 01:58:49.558 | DEBUG | simulation | Rebalance applied | date=2022-10-17 00:00:00 | opt_status=solver_failed | turnover=0.026678 | cost=0.000013 | selected=25
2025-12-28 01:58:49.568 | DEBUG | simulation | Rebalance day 2022-10-24 00:00:00 (i=787/1517)
2025-12-28 01:59:15.470 | DEBUG | simulation | Rebalance applied | date=2022-10-24 00:00:00 | opt_status=solver_failed | turnover=0.037479 | cost=0.000019 | selected=25
2025-12-28 01:59:15.473 | INFO | simulation | Progress: 52% (789/1517) | date=2022-10-26 00:00:00 nav=1.82395086 opt_status=no_rebalance
2025-12-28 01:59:15.479 | DEBUG | simulation | Rebalance day 2022-10-31 00:00:00 (i=793/1517)
2025-12-28 01:59:41.323 | DEBUG | simulation | Rebalance applied | date=2022-10-31 00:00:00 | opt_status=solver_failed | turnover=0.037144 | cost=0.000019 | selected=25
2025-12-28 01:59:41.333 | DEBUG | simulation | Rebalance day 2022-11-07 00:00:00 (i=799/1517)
2025-12-28 02:00:07.889 | DEBUG | simulation | Rebalance applied | date=2022-11-07 00:00:00 | opt_status=solver_failed | turnover=0.030030 | cost=0.000015 | selected=25
2025-12-28 02:00:07.898 | DEBUG | simulation | Rebalance day 2022-11-14 00:00:00 (i=805/1517)
2025-12-28 02:00:33.559 | DEBUG | simulation | Rebalance applied | date=2022-11-14 00:00:00 | opt_status=solver_failed | turnover=0.056364 | cost=0.000028 | selected=25
2025-12-28 02:00:33.559 | INFO | simulation | Progress: 53% (805/1517) | date=2022-11-14 00:00:00 nav=1.87537804 opt_status=solver_failed
2025-12-28 02:00:33.569 | DEBUG | simulation | Rebalance day 2022-11-21 00:00:00 (i=811/1517)
2025-12-28 02:00:59.264 | DEBUG | simulation | Rebalance applied | date=2022-11-21 00:00:00 | opt_status=solver_failed | turnover=0.032607 | cost=0.000016 | selected=25
2025-12-28 02:00:59.273 | DEBUG | simulation | Rebalance day 2022-11-28 00:00:00 (i=817/1517)
2025-12-28 02:01:24.971 | DEBUG | simulation | Rebalance applied | date=2022-11-28 00:00:00 | opt_status=solver_failed | turnover=0.029115 | cost=0.000015 | selected=25
2025-12-28 02:01:24.976 | INFO | simulation | Progress: 54% (820/1517) | date=2022-12-01 00:00:00 nav=1.92124574 opt_status=no_rebalance
2025-12-28 02:01:24.981 | DEBUG | simulation | Rebalance day 2022-12-05 00:00:00 (i=823/1517)
2025-12-28 02:01:51.131 | DEBUG | simulation | Rebalance applied | date=2022-12-05 00:00:00 | opt_status=solver_failed | turnover=0.019822 | cost=0.000010 | selected=25
2025-12-28 02:01:51.140 | DEBUG | simulation | Rebalance day 2022-12-12 00:00:00 (i=829/1517)
2025-12-28 02:02:17.103 | DEBUG | simulation | Rebalance applied | date=2022-12-12 00:00:00 | opt_status=solver_failed | turnover=0.023325 | cost=0.000012 | selected=25
2025-12-28 02:02:17.112 | DEBUG | simulation | Rebalance day 2022-12-19 00:00:00 (i=835/1517)
2025-12-28 02:02:43.384 | DEBUG | simulation | Rebalance applied | date=2022-12-19 00:00:00 | opt_status=solver_failed | turnover=0.028453 | cost=0.000014 | selected=25
2025-12-28 02:02:43.384 | INFO | simulation | Progress: 55% (835/1517) | date=2022-12-19 00:00:00 nav=1.83784555 opt_status=solver_failed
2025-12-28 02:02:43.394 | DEBUG | simulation | Rebalance day 2022-12-26 00:00:00 (i=841/1517)
2025-12-28 02:03:09.172 | DEBUG | simulation | Rebalance applied | date=2022-12-26 00:00:00 | opt_status=solver_failed | turnover=0.032357 | cost=0.000016 | selected=25
2025-12-28 02:03:09.182 | DEBUG | simulation | Rebalance day 2023-01-02 00:00:00 (i=847/1517)
2025-12-28 02:03:35.006 | DEBUG | simulation | Rebalance applied | date=2023-01-02 00:00:00 | opt_status=solver_failed | turnover=0.022831 | cost=0.000011 | selected=25
2025-12-28 02:03:35.011 | INFO | simulation | Progress: 56% (850/1517) | date=2023-01-05 00:00:00 nav=1.79499522 opt_status=no_rebalance
2025-12-28 02:03:35.016 | DEBUG | simulation | Rebalance day 2023-01-09 00:00:00 (i=853/1517)
2025-12-28 02:04:01.158 | DEBUG | simulation | Rebalance applied | date=2023-01-09 00:00:00 | opt_status=solver_failed | turnover=0.046020 | cost=0.000023 | selected=25
2025-12-28 02:04:01.167 | DEBUG | simulation | Rebalance day 2023-01-16 00:00:00 (i=859/1517)
2025-12-28 02:04:27.788 | DEBUG | simulation | Rebalance applied | date=2023-01-16 00:00:00 | opt_status=solver_failed | turnover=0.024295 | cost=0.000012 | selected=25
2025-12-28 02:04:27.798 | DEBUG | simulation | Rebalance day 2023-01-23 00:00:00 (i=865/1517)
2025-12-28 02:04:54.255 | DEBUG | simulation | Rebalance applied | date=2023-01-23 00:00:00 | opt_status=solver_failed | turnover=0.043770 | cost=0.000022 | selected=25
2025-12-28 02:04:54.256 | INFO | simulation | Progress: 57% (865/1517) | date=2023-01-23 00:00:00 nav=1.89102035 opt_status=solver_failed
2025-12-28 02:04:54.265 | DEBUG | simulation | Rebalance day 2023-01-30 00:00:00 (i=871/1517)
2025-12-28 02:05:21.023 | DEBUG | simulation | Rebalance applied | date=2023-01-30 00:00:00 | opt_status=solver_failed | turnover=0.036874 | cost=0.000018 | selected=25
2025-12-28 02:05:21.034 | DEBUG | simulation | Rebalance day 2023-02-06 00:00:00 (i=877/1517)
2025-12-28 02:05:47.434 | DEBUG | simulation | Rebalance applied | date=2023-02-06 00:00:00 | opt_status=solver_failed | turnover=0.057489 | cost=0.000029 | selected=25
2025-12-28 02:05:47.439 | INFO | simulation | Progress: 58% (880/1517) | date=2023-02-09 00:00:00 nav=1.98723454 opt_status=no_rebalance
2025-12-28 02:05:47.443 | DEBUG | simulation | Rebalance day 2023-02-13 00:00:00 (i=883/1517)
2025-12-28 02:06:13.744 | DEBUG | simulation | Rebalance applied | date=2023-02-13 00:00:00 | opt_status=solver_failed | turnover=0.030510 | cost=0.000015 | selected=25
2025-12-28 02:06:13.753 | DEBUG | simulation | Rebalance day 2023-02-20 00:00:00 (i=889/1517)
2025-12-28 02:06:41.067 | DEBUG | simulation | Rebalance applied | date=2023-02-20 00:00:00 | opt_status=solver_failed | turnover=0.037049 | cost=0.000019 | selected=25
2025-12-28 02:06:41.076 | DEBUG | simulation | Rebalance day 2023-02-27 00:00:00 (i=895/1517)
2025-12-28 02:07:08.375 | DEBUG | simulation | Rebalance applied | date=2023-02-27 00:00:00 | opt_status=solver_failed | turnover=0.025623 | cost=0.000013 | selected=25
2025-12-28 02:07:08.378 | INFO | simulation | Progress: 59% (896/1517) | date=2023-02-28 00:00:00 nav=1.96785892 opt_status=no_rebalance
2025-12-28 02:07:08.386 | DEBUG | simulation | Rebalance day 2023-03-06 00:00:00 (i=901/1517)
2025-12-28 02:07:35.585 | DEBUG | simulation | Rebalance applied | date=2023-03-06 00:00:00 | opt_status=solver_failed | turnover=0.029461 | cost=0.000015 | selected=25
2025-12-28 02:07:35.595 | DEBUG | simulation | Rebalance day 2023-03-13 00:00:00 (i=907/1517)
2025-12-28 02:08:01.379 | DEBUG | simulation | Rebalance applied | date=2023-03-13 00:00:00 | opt_status=solver_failed | turnover=0.034098 | cost=0.000017 | selected=25
2025-12-28 02:08:01.386 | INFO | simulation | Progress: 60% (911/1517) | date=2023-03-17 00:00:00 nav=1.9815267 opt_status=no_rebalance
2025-12-28 02:08:01.389 | DEBUG | simulation | Rebalance day 2023-03-20 00:00:00 (i=913/1517)
2025-12-28 02:08:28.073 | DEBUG | simulation | Rebalance applied | date=2023-03-20 00:00:00 | opt_status=solver_failed | turnover=0.030386 | cost=0.000015 | selected=25
2025-12-28 02:08:28.083 | DEBUG | simulation | Rebalance day 2023-03-27 00:00:00 (i=919/1517)
2025-12-28 02:08:54.266 | DEBUG | simulation | Rebalance applied | date=2023-03-27 00:00:00 | opt_status=solver_failed | turnover=0.033849 | cost=0.000017 | selected=25
2025-12-28 02:08:54.277 | DEBUG | simulation | Rebalance day 2023-04-03 00:00:00 (i=925/1517)
2025-12-28 02:09:20.398 | DEBUG | simulation | Rebalance applied | date=2023-04-03 00:00:00 | opt_status=solver_failed | turnover=0.019834 | cost=0.000010 | selected=25
2025-12-28 02:09:20.400 | INFO | simulation | Progress: 61% (926/1517) | date=2023-04-04 00:00:00 nav=2.02764082 opt_status=no_rebalance
2025-12-28 02:09:20.406 | DEBUG | simulation | Rebalance day 2023-04-10 00:00:00 (i=930/1517)
2025-12-28 02:09:46.228 | DEBUG | simulation | Rebalance applied | date=2023-04-10 00:00:00 | opt_status=solver_failed | turnover=0.030027 | cost=0.000015 | selected=25
2025-12-28 02:09:46.238 | DEBUG | simulation | Rebalance day 2023-04-17 00:00:00 (i=936/1517)
2025-12-28 02:10:12.003 | DEBUG | simulation | Rebalance applied | date=2023-04-17 00:00:00 | opt_status=solver_failed | turnover=0.028678 | cost=0.000014 | selected=25
2025-12-28 02:10:12.012 | INFO | simulation | Progress: 62% (941/1517) | date=2023-04-23 00:00:00 nav=2.05647392 opt_status=no_rebalance
2025-12-28 02:10:12.013 | DEBUG | simulation | Rebalance day 2023-04-24 00:00:00 (i=942/1517)
2025-12-28 02:10:38.388 | DEBUG | simulation | Rebalance applied | date=2023-04-24 00:00:00 | opt_status=solver_failed | turnover=0.029322 | cost=0.000015 | selected=25
2025-12-28 02:10:38.396 | DEBUG | simulation | Rebalance day 2023-05-01 00:00:00 (i=947/1517)
2025-12-28 02:11:04.084 | DEBUG | simulation | Rebalance applied | date=2023-05-01 00:00:00 | opt_status=solver_failed | turnover=0.027010 | cost=0.000014 | selected=25
2025-12-28 02:11:04.093 | DEBUG | simulation | Rebalance day 2023-05-08 00:00:00 (i=953/1517)
2025-12-28 02:11:30.487 | DEBUG | simulation | Rebalance applied | date=2023-05-08 00:00:00 | opt_status=solver_failed | turnover=0.031559 | cost=0.000016 | selected=25
2025-12-28 02:11:30.492 | INFO | simulation | Progress: 63% (956/1517) | date=2023-05-11 00:00:00 nav=2.16550502 opt_status=no_rebalance
2025-12-28 02:11:30.496 | DEBUG | simulation | Rebalance day 2023-05-15 00:00:00 (i=959/1517)
2025-12-28 02:11:56.576 | DEBUG | simulation | Rebalance applied | date=2023-05-15 00:00:00 | opt_status=solver_failed | turnover=0.026950 | cost=0.000013 | selected=25
2025-12-28 02:11:56.585 | DEBUG | simulation | Rebalance day 2023-05-22 00:00:00 (i=965/1517)
2025-12-28 02:12:23.582 | DEBUG | simulation | Rebalance applied | date=2023-05-22 00:00:00 | opt_status=solver_failed | turnover=0.034316 | cost=0.000017 | selected=25
2025-12-28 02:12:23.592 | DEBUG | simulation | Rebalance day 2023-05-29 00:00:00 (i=971/1517)
2025-12-28 02:12:46.112 | DEBUG | simulation | Rebalance applied | date=2023-05-29 00:00:00 | opt_status=ok | turnover=0.967947 | cost=0.000484 | selected=25
2025-12-28 02:12:46.113 | INFO | simulation | Progress: 64% (971/1517) | date=2023-05-29 00:00:00 nav=2.28407609 opt_status=ok
2025-12-28 02:12:46.122 | DEBUG | simulation | Rebalance day 2023-06-05 00:00:00 (i=977/1517)
2025-12-28 02:13:12.091 | DEBUG | simulation | Rebalance applied | date=2023-06-05 00:00:00 | opt_status=solver_failed | turnover=0.028985 | cost=0.000014 | selected=25
2025-12-28 02:13:12.100 | DEBUG | simulation | Rebalance day 2023-06-12 00:00:00 (i=983/1517)
2025-12-28 02:13:38.646 | DEBUG | simulation | Rebalance applied | date=2023-06-12 00:00:00 | opt_status=solver_failed | turnover=0.021956 | cost=0.000011 | selected=25
2025-12-28 02:13:38.653 | INFO | simulation | Progress: 65% (987/1517) | date=2023-06-16 00:00:00 nav=2.40754287 opt_status=no_rebalance
2025-12-28 02:13:38.656 | DEBUG | simulation | Rebalance day 2023-06-19 00:00:00 (i=989/1517)
2025-12-28 02:14:03.671 | DEBUG | simulation | Rebalance applied | date=2023-06-19 00:00:00 | opt_status=solver_failed | turnover=0.021510 | cost=0.000011 | selected=25
2025-12-28 02:14:03.680 | DEBUG | simulation | Rebalance day 2023-06-26 00:00:00 (i=995/1517)
2025-12-28 02:14:30.296 | DEBUG | simulation | Rebalance applied | date=2023-06-26 00:00:00 | opt_status=solver_failed | turnover=0.031746 | cost=0.000016 | selected=25
2025-12-28 02:14:30.305 | DEBUG | simulation | Rebalance day 2023-07-03 00:00:00 (i=1001/1517)
2025-12-28 02:14:57.191 | DEBUG | simulation | Rebalance applied | date=2023-07-03 00:00:00 | opt_status=solver_failed | turnover=0.030452 | cost=0.000015 | selected=25
2025-12-28 02:14:57.193 | INFO | simulation | Progress: 66% (1002/1517) | date=2023-07-04 00:00:00 nav=2.42923296 opt_status=no_rebalance
2025-12-28 02:14:57.201 | DEBUG | simulation | Rebalance day 2023-07-10 00:00:00 (i=1007/1517)
2025-12-28 02:15:23.237 | DEBUG | simulation | Rebalance applied | date=2023-07-10 00:00:00 | opt_status=solver_failed | turnover=0.032549 | cost=0.000016 | selected=25
2025-12-28 02:15:23.247 | DEBUG | simulation | Rebalance day 2023-07-17 00:00:00 (i=1013/1517)
2025-12-28 02:15:49.866 | DEBUG | simulation | Rebalance applied | date=2023-07-17 00:00:00 | opt_status=solver_failed | turnover=0.029542 | cost=0.000015 | selected=25
2025-12-28 02:15:49.873 | INFO | simulation | Progress: 67% (1017/1517) | date=2023-07-21 00:00:00 nav=2.50771106 opt_status=no_rebalance
2025-12-28 02:15:49.876 | DEBUG | simulation | Rebalance day 2023-07-24 00:00:00 (i=1019/1517)
2025-12-28 02:16:16.644 | DEBUG | simulation | Rebalance applied | date=2023-07-24 00:00:00 | opt_status=solver_failed | turnover=0.031692 | cost=0.000016 | selected=25
2025-12-28 02:16:16.654 | DEBUG | simulation | Rebalance day 2023-07-31 00:00:00 (i=1025/1517)
2025-12-28 02:16:42.732 | DEBUG | simulation | Rebalance applied | date=2023-07-31 00:00:00 | opt_status=solver_failed | turnover=0.035607 | cost=0.000018 | selected=25
2025-12-28 02:16:42.742 | DEBUG | simulation | Rebalance day 2023-08-07 00:00:00 (i=1031/1517)
2025-12-28 02:17:08.462 | DEBUG | simulation | Rebalance applied | date=2023-08-07 00:00:00 | opt_status=solver_failed | turnover=0.023018 | cost=0.000012 | selected=25
2025-12-28 02:17:08.464 | INFO | simulation | Progress: 68% (1032/1517) | date=2023-08-08 00:00:00 nav=2.56478111 opt_status=no_rebalance
2025-12-28 02:17:08.472 | DEBUG | simulation | Rebalance day 2023-08-14 00:00:00 (i=1037/1517)
2025-12-28 02:17:35.001 | DEBUG | simulation | Rebalance applied | date=2023-08-14 00:00:00 | opt_status=solver_failed | turnover=0.030552 | cost=0.000015 | selected=25
2025-12-28 02:17:35.011 | DEBUG | simulation | Rebalance day 2023-08-21 00:00:00 (i=1043/1517)
2025-12-28 02:18:01.744 | DEBUG | simulation | Rebalance applied | date=2023-08-21 00:00:00 | opt_status=solver_failed | turnover=0.039086 | cost=0.000020 | selected=25
2025-12-28 02:18:01.751 | INFO | simulation | Progress: 69% (1047/1517) | date=2023-08-25 00:00:00 nav=2.55951515 opt_status=no_rebalance
2025-12-28 02:18:01.754 | DEBUG | simulation | Rebalance day 2023-08-28 00:00:00 (i=1049/1517)
2025-12-28 02:18:29.032 | DEBUG | simulation | Rebalance applied | date=2023-08-28 00:00:00 | opt_status=solver_failed | turnover=0.019657 | cost=0.000010 | selected=25
2025-12-28 02:18:29.041 | DEBUG | simulation | Rebalance day 2023-09-04 00:00:00 (i=1055/1517)
2025-12-28 02:18:49.665 | DEBUG | simulation | Rebalance applied | date=2023-09-04 00:00:00 | opt_status=ok | turnover=0.970083 | cost=0.000485 | selected=25
2025-12-28 02:18:49.675 | DEBUG | simulation | Rebalance day 2023-09-11 00:00:00 (i=1061/1517)
2025-12-28 02:19:15.439 | DEBUG | simulation | Rebalance applied | date=2023-09-11 00:00:00 | opt_status=solver_failed | turnover=0.029822 | cost=0.000015 | selected=25
2025-12-28 02:19:15.441 | INFO | simulation | Progress: 70% (1062/1517) | date=2023-09-12 00:00:00 nav=2.6161419 opt_status=no_rebalance
2025-12-28 02:19:15.450 | DEBUG | simulation | Rebalance day 2023-09-18 00:00:00 (i=1067/1517)
2025-12-28 02:19:35.853 | DEBUG | simulation | Rebalance applied | date=2023-09-18 00:00:00 | opt_status=ok | turnover=1.140610 | cost=0.000570 | selected=25
2025-12-28 02:19:35.862 | DEBUG | simulation | Rebalance day 2023-09-25 00:00:00 (i=1073/1517)
2025-12-28 02:20:01.774 | DEBUG | simulation | Rebalance applied | date=2023-09-25 00:00:00 | opt_status=solver_failed | turnover=0.021438 | cost=0.000011 | selected=25
2025-12-28 02:20:01.782 | DEBUG | simulation | Rebalance day 2023-10-02 00:00:00 (i=1078/1517)
2025-12-28 02:20:22.568 | DEBUG | simulation | Rebalance applied | date=2023-10-02 00:00:00 | opt_status=ok | turnover=1.600748 | cost=0.000800 | selected=25
2025-12-28 02:20:22.569 | INFO | simulation | Progress: 71% (1078/1517) | date=2023-10-02 00:00:00 nav=2.55018258 opt_status=ok
2025-12-28 02:20:22.578 | DEBUG | simulation | Rebalance day 2023-10-09 00:00:00 (i=1084/1517)
2025-12-28 02:20:46.981 | DEBUG | simulation | Rebalance applied | date=2023-10-09 00:00:00 | opt_status=ok | turnover=1.442260 | cost=0.000721 | selected=25
2025-12-28 02:20:46.990 | DEBUG | simulation | Rebalance day 2023-10-16 00:00:00 (i=1090/1517)
2025-12-28 02:21:12.189 | DEBUG | simulation | Rebalance applied | date=2023-10-16 00:00:00 | opt_status=solver_failed | turnover=0.016053 | cost=0.000008 | selected=25
2025-12-28 02:21:12.194 | INFO | simulation | Progress: 72% (1093/1517) | date=2023-10-19 00:00:00 nav=2.54404023 opt_status=no_rebalance
2025-12-28 02:21:12.199 | DEBUG | simulation | Rebalance day 2023-10-23 00:00:00 (i=1096/1517)
2025-12-28 02:21:30.408 | DEBUG | simulation | Rebalance applied | date=2023-10-23 00:00:00 | opt_status=ok | turnover=0.750204 | cost=0.000375 | selected=25
2025-12-28 02:21:30.418 | DEBUG | simulation | Rebalance day 2023-10-30 00:00:00 (i=1102/1517)
2025-12-28 02:21:50.249 | DEBUG | simulation | Rebalance applied | date=2023-10-30 00:00:00 | opt_status=ok | turnover=0.893231 | cost=0.000447 | selected=25
2025-12-28 02:21:50.260 | DEBUG | simulation | Rebalance day 2023-11-06 00:00:00 (i=1108/1517)
2025-12-28 02:22:16.302 | DEBUG | simulation | Rebalance applied | date=2023-11-06 00:00:00 | opt_status=solver_failed | turnover=0.028071 | cost=0.000014 | selected=25
2025-12-28 02:22:16.302 | INFO | simulation | Progress: 73% (1108/1517) | date=2023-11-06 00:00:00 nav=2.57110943 opt_status=solver_failed
2025-12-28 02:22:16.312 | DEBUG | simulation | Rebalance day 2023-11-13 00:00:00 (i=1114/1517)
2025-12-28 02:22:37.886 | DEBUG | simulation | Rebalance applied | date=2023-11-13 00:00:00 | opt_status=ok | turnover=0.886130 | cost=0.000443 | selected=25
2025-12-28 02:22:37.895 | DEBUG | simulation | Rebalance day 2023-11-20 00:00:00 (i=1120/1517)
2025-12-28 02:23:03.402 | DEBUG | simulation | Rebalance applied | date=2023-11-20 00:00:00 | opt_status=solver_failed | turnover=0.016278 | cost=0.000008 | selected=25
2025-12-28 02:23:03.407 | INFO | simulation | Progress: 74% (1123/1517) | date=2023-11-23 00:00:00 nav=2.68090461 opt_status=no_rebalance
2025-12-28 02:23:03.410 | DEBUG | simulation | Rebalance day 2023-11-27 00:00:00 (i=1125/1517)
2025-12-28 02:23:29.701 | DEBUG | simulation | Rebalance applied | date=2023-11-27 00:00:00 | opt_status=solver_failed | turnover=0.019702 | cost=0.000010 | selected=25
2025-12-28 02:23:29.713 | DEBUG | simulation | Rebalance day 2023-12-04 00:00:00 (i=1131/1517)
2025-12-28 02:23:58.766 | DEBUG | simulation | Rebalance applied | date=2023-12-04 00:00:00 | opt_status=solver_failed | turnover=0.043117 | cost=0.000022 | selected=25
2025-12-28 02:23:58.776 | DEBUG | simulation | Rebalance day 2023-12-11 00:00:00 (i=1137/1517)
2025-12-28 02:24:26.303 | DEBUG | simulation | Rebalance applied | date=2023-12-11 00:00:00 | opt_status=solver_failed | turnover=0.022074 | cost=0.000011 | selected=25
2025-12-28 02:24:26.305 | INFO | simulation | Progress: 75% (1138/1517) | date=2023-12-12 00:00:00 nav=2.8181021 opt_status=no_rebalance
2025-12-28 02:24:26.314 | DEBUG | simulation | Rebalance day 2023-12-18 00:00:00 (i=1143/1517)
2025-12-28 02:24:52.979 | DEBUG | simulation | Rebalance applied | date=2023-12-18 00:00:00 | opt_status=solver_failed | turnover=0.024493 | cost=0.000012 | selected=25
2025-12-28 02:24:52.988 | DEBUG | simulation | Rebalance day 2023-12-25 00:00:00 (i=1148/1517)
2025-12-28 02:25:19.624 | DEBUG | simulation | Rebalance applied | date=2023-12-25 00:00:00 | opt_status=solver_failed | turnover=0.017630 | cost=0.000009 | selected=25
2025-12-28 02:25:19.632 | INFO | simulation | Progress: 76% (1153/1517) | date=2023-12-31 00:00:00 nav=2.89365625 opt_status=no_rebalance
2025-12-28 02:25:19.634 | DEBUG | simulation | Rebalance day 2024-01-01 00:00:00 (i=1154/1517)
2025-12-28 02:25:45.833 | DEBUG | simulation | Rebalance applied | date=2024-01-01 00:00:00 | opt_status=solver_failed | turnover=0.013162 | cost=0.000007 | selected=25
2025-12-28 02:25:45.844 | DEBUG | simulation | Rebalance day 2024-01-08 00:00:00 (i=1160/1517)
2025-12-28 02:26:12.145 | DEBUG | simulation | Rebalance applied | date=2024-01-08 00:00:00 | opt_status=solver_failed | turnover=0.025623 | cost=0.000013 | selected=25
2025-12-28 02:26:12.155 | DEBUG | simulation | Rebalance day 2024-01-15 00:00:00 (i=1166/1517)
2025-12-28 02:26:38.056 | DEBUG | simulation | Rebalance applied | date=2024-01-15 00:00:00 | opt_status=solver_failed | turnover=0.024960 | cost=0.000012 | selected=25
2025-12-28 02:26:38.062 | INFO | simulation | Progress: 77% (1169/1517) | date=2024-01-18 00:00:00 nav=2.92230163 opt_status=no_rebalance
2025-12-28 02:26:38.065 | DEBUG | simulation | Rebalance day 2024-01-22 00:00:00 (i=1171/1517)
2025-12-28 02:27:04.722 | DEBUG | simulation | Rebalance applied | date=2024-01-22 00:00:00 | opt_status=solver_failed | turnover=0.031957 | cost=0.000016 | selected=25
2025-12-28 02:27:04.732 | DEBUG | simulation | Rebalance day 2024-01-29 00:00:00 (i=1177/1517)
2025-12-28 02:27:30.149 | DEBUG | simulation | Rebalance applied | date=2024-01-29 00:00:00 | opt_status=solver_failed | turnover=0.032576 | cost=0.000016 | selected=25
2025-12-28 02:27:30.158 | DEBUG | simulation | Rebalance day 2024-02-05 00:00:00 (i=1183/1517)
2025-12-28 02:27:56.314 | DEBUG | simulation | Rebalance applied | date=2024-02-05 00:00:00 | opt_status=solver_failed | turnover=0.059263 | cost=0.000030 | selected=25
2025-12-28 02:27:56.316 | INFO | simulation | Progress: 78% (1184/1517) | date=2024-02-06 00:00:00 nav=3.07679427 opt_status=no_rebalance
2025-12-28 02:27:56.324 | DEBUG | simulation | Rebalance day 2024-02-12 00:00:00 (i=1189/1517)
2025-12-28 02:28:21.927 | DEBUG | simulation | Rebalance applied | date=2024-02-12 00:00:00 | opt_status=solver_failed | turnover=0.036126 | cost=0.000018 | selected=25
2025-12-28 02:28:21.936 | DEBUG | simulation | Rebalance day 2024-02-19 00:00:00 (i=1195/1517)
2025-12-28 02:28:47.807 | DEBUG | simulation | Rebalance applied | date=2024-02-19 00:00:00 | opt_status=solver_failed | turnover=0.024701 | cost=0.000012 | selected=25
2025-12-28 02:28:47.814 | INFO | simulation | Progress: 79% (1199/1517) | date=2024-02-23 00:00:00 nav=3.1779533 opt_status=no_rebalance
2025-12-28 02:28:47.817 | DEBUG | simulation | Rebalance day 2024-02-26 00:00:00 (i=1201/1517)
2025-12-28 02:29:13.866 | DEBUG | simulation | Rebalance applied | date=2024-02-26 00:00:00 | opt_status=solver_failed | turnover=0.024700 | cost=0.000012 | selected=25
2025-12-28 02:29:13.875 | DEBUG | simulation | Rebalance day 2024-03-04 00:00:00 (i=1207/1517)
2025-12-28 02:29:39.938 | DEBUG | simulation | Rebalance applied | date=2024-03-04 00:00:00 | opt_status=solver_failed | turnover=0.023309 | cost=0.000012 | selected=25
2025-12-28 02:29:39.948 | DEBUG | simulation | Rebalance day 2024-03-11 00:00:00 (i=1213/1517)
2025-12-28 02:30:05.464 | DEBUG | simulation | Rebalance applied | date=2024-03-11 00:00:00 | opt_status=solver_failed | turnover=0.027474 | cost=0.000014 | selected=25
2025-12-28 02:30:05.466 | INFO | simulation | Progress: 80% (1214/1517) | date=2024-03-12 00:00:00 nav=3.17997104 opt_status=no_rebalance
2025-12-28 02:30:05.474 | DEBUG | simulation | Rebalance day 2024-03-18 00:00:00 (i=1219/1517)
2025-12-28 02:30:31.289 | DEBUG | simulation | Rebalance applied | date=2024-03-18 00:00:00 | opt_status=solver_failed | turnover=0.032885 | cost=0.000016 | selected=25
2025-12-28 02:30:31.297 | DEBUG | simulation | Rebalance day 2024-03-25 00:00:00 (i=1224/1517)
2025-12-28 02:30:57.471 | DEBUG | simulation | Rebalance applied | date=2024-03-25 00:00:00 | opt_status=solver_failed | turnover=0.027086 | cost=0.000014 | selected=25
2025-12-28 02:30:57.480 | DEBUG | simulation | Rebalance day 2024-04-01 00:00:00 (i=1229/1517)
2025-12-28 02:31:24.521 | DEBUG | simulation | Rebalance applied | date=2024-04-01 00:00:00 | opt_status=solver_failed | turnover=0.019363 | cost=0.000010 | selected=25
2025-12-28 02:31:24.521 | INFO | simulation | Progress: 81% (1229/1517) | date=2024-04-01 00:00:00 nav=3.30247715 opt_status=solver_failed
2025-12-28 02:31:24.531 | DEBUG | simulation | Rebalance day 2024-04-08 00:00:00 (i=1235/1517)
2025-12-28 02:31:50.544 | DEBUG | simulation | Rebalance applied | date=2024-04-08 00:00:00 | opt_status=solver_failed | turnover=0.026625 | cost=0.000013 | selected=25
2025-12-28 02:31:50.553 | DEBUG | simulation | Rebalance day 2024-04-15 00:00:00 (i=1241/1517)
2025-12-28 02:32:17.520 | DEBUG | simulation | Rebalance applied | date=2024-04-15 00:00:00 | opt_status=solver_failed | turnover=0.022970 | cost=0.000011 | selected=25
2025-12-28 02:32:17.526 | INFO | simulation | Progress: 82% (1244/1517) | date=2024-04-18 00:00:00 nav=3.19898022 opt_status=no_rebalance
2025-12-28 02:32:17.531 | DEBUG | simulation | Rebalance day 2024-04-22 00:00:00 (i=1247/1517)
2025-12-28 02:32:44.132 | DEBUG | simulation | Rebalance applied | date=2024-04-22 00:00:00 | opt_status=solver_failed | turnover=0.028148 | cost=0.000014 | selected=25
2025-12-28 02:32:44.142 | DEBUG | simulation | Rebalance day 2024-04-29 00:00:00 (i=1253/1517)
2025-12-28 02:33:10.270 | DEBUG | simulation | Rebalance applied | date=2024-04-29 00:00:00 | opt_status=solver_failed | turnover=0.042406 | cost=0.000021 | selected=25
2025-12-28 02:33:10.280 | DEBUG | simulation | Rebalance day 2024-05-06 00:00:00 (i=1259/1517)
2025-12-28 02:33:36.054 | DEBUG | simulation | Rebalance applied | date=2024-05-06 00:00:00 | opt_status=solver_failed | turnover=0.034901 | cost=0.000017 | selected=25
2025-12-28 02:33:36.056 | INFO | simulation | Progress: 83% (1260/1517) | date=2024-05-07 00:00:00 nav=3.32951875 opt_status=no_rebalance
2025-12-28 02:33:36.064 | DEBUG | simulation | Rebalance day 2024-05-13 00:00:00 (i=1265/1517)
2025-12-28 02:34:01.716 | DEBUG | simulation | Rebalance applied | date=2024-05-13 00:00:00 | opt_status=solver_failed | turnover=0.021754 | cost=0.000011 | selected=25
2025-12-28 02:34:01.725 | DEBUG | simulation | Rebalance day 2024-05-20 00:00:00 (i=1270/1517)
2025-12-28 02:34:28.410 | DEBUG | simulation | Rebalance applied | date=2024-05-20 00:00:00 | opt_status=solver_failed | turnover=0.030117 | cost=0.000015 | selected=25
2025-12-28 02:34:28.419 | INFO | simulation | Progress: 84% (1275/1517) | date=2024-05-26 00:00:00 nav=3.45934833 opt_status=no_rebalance
2025-12-28 02:34:28.420 | DEBUG | simulation | Rebalance day 2024-05-27 00:00:00 (i=1276/1517)
2025-12-28 02:34:55.069 | DEBUG | simulation | Rebalance applied | date=2024-05-27 00:00:00 | opt_status=solver_failed | turnover=0.022534 | cost=0.000011 | selected=25
2025-12-28 02:34:55.078 | DEBUG | simulation | Rebalance day 2024-06-03 00:00:00 (i=1282/1517)
2025-12-28 02:35:21.504 | DEBUG | simulation | Rebalance applied | date=2024-06-03 00:00:00 | opt_status=solver_failed | turnover=0.035905 | cost=0.000018 | selected=25
2025-12-28 02:35:21.514 | DEBUG | simulation | Rebalance day 2024-06-10 00:00:00 (i=1288/1517)
2025-12-28 02:35:47.751 | DEBUG | simulation | Rebalance applied | date=2024-06-10 00:00:00 | opt_status=solver_failed | turnover=0.029341 | cost=0.000015 | selected=25
2025-12-28 02:35:47.755 | INFO | simulation | Progress: 85% (1290/1517) | date=2024-06-12 00:00:00 nav=3.556167 opt_status=no_rebalance
2025-12-28 02:35:47.759 | DEBUG | simulation | Rebalance day 2024-06-17 00:00:00 (i=1293/1517)
2025-12-28 02:36:14.485 | DEBUG | simulation | Rebalance applied | date=2024-06-17 00:00:00 | opt_status=solver_failed | turnover=0.036043 | cost=0.000018 | selected=25
2025-12-28 02:36:14.495 | DEBUG | simulation | Rebalance day 2024-06-24 00:00:00 (i=1299/1517)
2025-12-28 02:36:40.124 | DEBUG | simulation | Rebalance applied | date=2024-06-24 00:00:00 | opt_status=solver_failed | turnover=0.030832 | cost=0.000015 | selected=25
2025-12-28 02:36:40.134 | DEBUG | simulation | Rebalance day 2024-07-01 00:00:00 (i=1305/1517)
2025-12-28 02:37:05.928 | DEBUG | simulation | Rebalance applied | date=2024-07-01 00:00:00 | opt_status=solver_failed | turnover=0.028044 | cost=0.000014 | selected=25
2025-12-28 02:37:05.929 | INFO | simulation | Progress: 86% (1305/1517) | date=2024-07-01 00:00:00 nav=3.62198105 opt_status=solver_failed
2025-12-28 02:37:05.938 | DEBUG | simulation | Rebalance day 2024-07-08 00:00:00 (i=1311/1517)
2025-12-28 02:37:31.894 | DEBUG | simulation | Rebalance applied | date=2024-07-08 00:00:00 | opt_status=solver_failed | turnover=0.026256 | cost=0.000013 | selected=25
2025-12-28 02:37:31.903 | DEBUG | simulation | Rebalance day 2024-07-15 00:00:00 (i=1317/1517)
2025-12-28 02:37:58.292 | DEBUG | simulation | Rebalance applied | date=2024-07-15 00:00:00 | opt_status=solver_failed | turnover=0.025689 | cost=0.000013 | selected=25
2025-12-28 02:37:58.297 | INFO | simulation | Progress: 87% (1320/1517) | date=2024-07-18 00:00:00 nav=3.58593075 opt_status=no_rebalance
2025-12-28 02:37:58.302 | DEBUG | simulation | Rebalance day 2024-07-22 00:00:00 (i=1323/1517)
2025-12-28 02:38:23.924 | DEBUG | simulation | Rebalance applied | date=2024-07-22 00:00:00 | opt_status=solver_failed | turnover=0.025295 | cost=0.000013 | selected=25
2025-12-28 02:38:23.934 | DEBUG | simulation | Rebalance day 2024-07-29 00:00:00 (i=1329/1517)
2025-12-28 02:38:50.274 | DEBUG | simulation | Rebalance applied | date=2024-07-29 00:00:00 | opt_status=solver_failed | turnover=0.049542 | cost=0.000025 | selected=25
2025-12-28 02:38:50.283 | DEBUG | simulation | Rebalance day 2024-08-05 00:00:00 (i=1335/1517)
2025-12-28 02:39:18.623 | DEBUG | simulation | Rebalance applied | date=2024-08-05 00:00:00 | opt_status=solver_failed | turnover=0.044257 | cost=0.000022 | selected=25
2025-12-28 02:39:18.623 | INFO | simulation | Progress: 88% (1335/1517) | date=2024-08-05 00:00:00 nav=3.39369839 opt_status=solver_failed
2025-12-28 02:39:18.632 | DEBUG | simulation | Rebalance day 2024-08-12 00:00:00 (i=1341/1517)
2025-12-28 02:39:45.743 | DEBUG | simulation | Rebalance applied | date=2024-08-12 00:00:00 | opt_status=solver_failed | turnover=0.034839 | cost=0.000017 | selected=25
2025-12-28 02:39:45.753 | DEBUG | simulation | Rebalance day 2024-08-19 00:00:00 (i=1347/1517)
2025-12-28 02:40:12.959 | DEBUG | simulation | Rebalance applied | date=2024-08-19 00:00:00 | opt_status=solver_failed | turnover=0.031993 | cost=0.000016 | selected=25
2025-12-28 02:40:12.966 | INFO | simulation | Progress: 89% (1351/1517) | date=2024-08-23 00:00:00 nav=3.66682111 opt_status=no_rebalance
2025-12-28 02:40:12.969 | DEBUG | simulation | Rebalance day 2024-08-26 00:00:00 (i=1353/1517)
2025-12-28 02:40:39.662 | DEBUG | simulation | Rebalance applied | date=2024-08-26 00:00:00 | opt_status=solver_failed | turnover=0.015338 | cost=0.000008 | selected=25
2025-12-28 02:40:39.672 | DEBUG | simulation | Rebalance day 2024-09-02 00:00:00 (i=1359/1517)
2025-12-28 02:41:06.262 | DEBUG | simulation | Rebalance applied | date=2024-09-02 00:00:00 | opt_status=solver_failed | turnover=0.017161 | cost=0.000009 | selected=25
2025-12-28 02:41:06.272 | DEBUG | simulation | Rebalance day 2024-09-09 00:00:00 (i=1365/1517)
2025-12-28 02:41:32.809 | DEBUG | simulation | Rebalance applied | date=2024-09-09 00:00:00 | opt_status=solver_failed | turnover=0.028232 | cost=0.000014 | selected=25
2025-12-28 02:41:32.811 | INFO | simulation | Progress: 90% (1366/1517) | date=2024-09-10 00:00:00 nav=3.57865745 opt_status=no_rebalance
2025-12-28 02:41:32.818 | DEBUG | simulation | Rebalance day 2024-09-16 00:00:00 (i=1371/1517)
2025-12-28 02:41:58.664 | DEBUG | simulation | Rebalance applied | date=2024-09-16 00:00:00 | opt_status=solver_failed | turnover=0.031175 | cost=0.000016 | selected=25
2025-12-28 02:41:58.673 | DEBUG | simulation | Rebalance day 2024-09-23 00:00:00 (i=1377/1517)
2025-12-28 02:42:24.843 | DEBUG | simulation | Rebalance applied | date=2024-09-23 00:00:00 | opt_status=solver_failed | turnover=0.021792 | cost=0.000011 | selected=25
2025-12-28 02:42:24.851 | INFO | simulation | Progress: 91% (1381/1517) | date=2024-09-27 00:00:00 nav=3.75880858 opt_status=no_rebalance
2025-12-28 02:42:24.854 | DEBUG | simulation | Rebalance day 2024-09-30 00:00:00 (i=1383/1517)
2025-12-28 02:42:51.034 | DEBUG | simulation | Rebalance applied | date=2024-09-30 00:00:00 | opt_status=solver_failed | turnover=0.023383 | cost=0.000012 | selected=25
2025-12-28 02:42:51.043 | DEBUG | simulation | Rebalance day 2024-10-07 00:00:00 (i=1389/1517)
2025-12-28 02:43:17.311 | DEBUG | simulation | Rebalance applied | date=2024-10-07 00:00:00 | opt_status=solver_failed | turnover=0.042243 | cost=0.000021 | selected=25
2025-12-28 02:43:17.321 | DEBUG | simulation | Rebalance day 2024-10-14 00:00:00 (i=1395/1517)
2025-12-28 02:43:43.231 | DEBUG | simulation | Rebalance applied | date=2024-10-14 00:00:00 | opt_status=solver_failed | turnover=0.031601 | cost=0.000016 | selected=25
2025-12-28 02:43:43.233 | INFO | simulation | Progress: 92% (1396/1517) | date=2024-10-15 00:00:00 nav=3.7102657 opt_status=no_rebalance
2025-12-28 02:43:43.241 | DEBUG | simulation | Rebalance day 2024-10-21 00:00:00 (i=1401/1517)
2025-12-28 02:44:08.858 | DEBUG | simulation | Rebalance applied | date=2024-10-21 00:00:00 | opt_status=solver_failed | turnover=0.036234 | cost=0.000018 | selected=25
2025-12-28 02:44:08.868 | DEBUG | simulation | Rebalance day 2024-10-28 00:00:00 (i=1407/1517)
2025-12-28 02:44:34.699 | DEBUG | simulation | Rebalance applied | date=2024-10-28 00:00:00 | opt_status=solver_failed | turnover=0.031926 | cost=0.000016 | selected=25
2025-12-28 02:44:34.707 | INFO | simulation | Progress: 93% (1411/1517) | date=2024-11-01 00:00:00 nav=3.68447451 opt_status=no_rebalance
2025-12-28 02:44:34.710 | DEBUG | simulation | Rebalance day 2024-11-04 00:00:00 (i=1413/1517)
2025-12-28 02:45:01.285 | DEBUG | simulation | Rebalance applied | date=2024-11-04 00:00:00 | opt_status=solver_failed | turnover=0.026422 | cost=0.000013 | selected=25
2025-12-28 02:45:01.294 | DEBUG | simulation | Rebalance day 2024-11-11 00:00:00 (i=1419/1517)
2025-12-28 02:45:28.046 | DEBUG | simulation | Rebalance applied | date=2024-11-11 00:00:00 | opt_status=solver_failed | turnover=0.051486 | cost=0.000026 | selected=25
2025-12-28 02:45:28.056 | DEBUG | simulation | Rebalance day 2024-11-18 00:00:00 (i=1425/1517)
2025-12-28 02:45:53.721 | DEBUG | simulation | Rebalance applied | date=2024-11-18 00:00:00 | opt_status=solver_failed | turnover=0.023260 | cost=0.000012 | selected=25
2025-12-28 02:45:53.723 | INFO | simulation | Progress: 94% (1426/1517) | date=2024-11-19 00:00:00 nav=3.75761942 opt_status=no_rebalance
2025-12-28 02:45:53.731 | DEBUG | simulation | Rebalance day 2024-11-25 00:00:00 (i=1431/1517)
2025-12-28 02:46:19.921 | DEBUG | simulation | Rebalance applied | date=2024-11-25 00:00:00 | opt_status=solver_failed | turnover=0.029561 | cost=0.000015 | selected=25
2025-12-28 02:46:19.931 | DEBUG | simulation | Rebalance day 2024-12-02 00:00:00 (i=1437/1517)
2025-12-28 02:46:41.967 | DEBUG | simulation | Rebalance applied | date=2024-12-02 00:00:00 | opt_status=ok | turnover=1.840609 | cost=0.000920 | selected=25
2025-12-28 02:46:41.976 | INFO | simulation | Progress: 95% (1442/1517) | date=2024-12-08 00:00:00 nav=3.85744136 opt_status=no_rebalance
2025-12-28 02:46:41.977 | DEBUG | simulation | Rebalance day 2024-12-09 00:00:00 (i=1443/1517)
2025-12-28 02:47:07.966 | DEBUG | simulation | Rebalance applied | date=2024-12-09 00:00:00 | opt_status=solver_failed | turnover=0.030223 | cost=0.000015 | selected=25
2025-12-28 02:47:07.976 | DEBUG | simulation | Rebalance day 2024-12-16 00:00:00 (i=1449/1517)
2025-12-28 02:47:34.861 | DEBUG | simulation | Rebalance applied | date=2024-12-16 00:00:00 | opt_status=solver_failed | turnover=0.029093 | cost=0.000015 | selected=25
2025-12-28 02:47:34.872 | DEBUG | simulation | Rebalance day 2024-12-23 00:00:00 (i=1455/1517)
2025-12-28 02:48:01.726 | DEBUG | simulation | Rebalance applied | date=2024-12-23 00:00:00 | opt_status=solver_failed | turnover=0.023833 | cost=0.000012 | selected=25
2025-12-28 02:48:01.729 | INFO | simulation | Progress: 96% (1457/1517) | date=2024-12-25 00:00:00 nav=3.69461399 opt_status=no_rebalance
2025-12-28 02:48:01.736 | DEBUG | simulation | Rebalance day 2024-12-30 00:00:00 (i=1461/1517)
2025-12-28 02:48:28.563 | DEBUG | simulation | Rebalance applied | date=2024-12-30 00:00:00 | opt_status=solver_failed | turnover=0.015040 | cost=0.000008 | selected=25
2025-12-28 02:48:28.572 | DEBUG | simulation | Rebalance day 2025-01-06 00:00:00 (i=1467/1517)
2025-12-28 02:48:55.031 | DEBUG | simulation | Rebalance applied | date=2025-01-06 00:00:00 | opt_status=solver_failed | turnover=0.027187 | cost=0.000014 | selected=25
2025-12-28 02:48:55.040 | INFO | simulation | Progress: 97% (1472/1517) | date=2025-01-12 00:00:00 nav=3.58866958 opt_status=no_rebalance
2025-12-28 02:48:55.041 | DEBUG | simulation | Rebalance day 2025-01-13 00:00:00 (i=1473/1517)
2025-12-28 02:49:21.522 | DEBUG | simulation | Rebalance applied | date=2025-01-13 00:00:00 | opt_status=solver_failed | turnover=0.026017 | cost=0.000013 | selected=25
2025-12-28 02:49:21.531 | DEBUG | simulation | Rebalance day 2025-01-20 00:00:00 (i=1479/1517)
2025-12-28 02:49:48.113 | DEBUG | simulation | Rebalance applied | date=2025-01-20 00:00:00 | opt_status=solver_failed | turnover=0.023597 | cost=0.000012 | selected=25
2025-12-28 02:49:48.123 | DEBUG | simulation | Rebalance day 2025-01-27 00:00:00 (i=1485/1517)
2025-12-28 02:50:14.094 | DEBUG | simulation | Rebalance applied | date=2025-01-27 00:00:00 | opt_status=solver_failed | turnover=0.039949 | cost=0.000020 | selected=25
2025-12-28 02:50:14.098 | INFO | simulation | Progress: 98% (1487/1517) | date=2025-01-29 00:00:00 nav=3.71154472 opt_status=no_rebalance
2025-12-28 02:50:14.104 | DEBUG | simulation | Rebalance day 2025-02-03 00:00:00 (i=1491/1517)
2025-12-28 02:50:40.171 | DEBUG | simulation | Rebalance applied | date=2025-02-03 00:00:00 | opt_status=solver_failed | turnover=0.044249 | cost=0.000022 | selected=25
2025-12-28 02:50:40.180 | DEBUG | simulation | Rebalance day 2025-02-10 00:00:00 (i=1497/1517)
2025-12-28 02:51:06.556 | DEBUG | simulation | Rebalance applied | date=2025-02-10 00:00:00 | opt_status=solver_failed | turnover=0.028010 | cost=0.000014 | selected=25
2025-12-28 02:51:06.565 | INFO | simulation | Progress: 99% (1502/1517) | date=2025-02-16 00:00:00 nav=3.68080195 opt_status=no_rebalance
2025-12-28 02:51:06.566 | DEBUG | simulation | Rebalance day 2025-02-17 00:00:00 (i=1503/1517)
2025-12-28 02:51:32.524 | DEBUG | simulation | Rebalance applied | date=2025-02-17 00:00:00 | opt_status=solver_failed | turnover=0.043924 | cost=0.000022 | selected=25
2025-12-28 02:51:32.534 | DEBUG | simulation | Rebalance day 2025-02-24 00:00:00 (i=1509/1517)
2025-12-28 02:51:58.648 | DEBUG | simulation | Rebalance applied | date=2025-02-24 00:00:00 | opt_status=solver_failed | turnover=0.037716 | cost=0.000019 | selected=25
2025-12-28 02:51:58.657 | DEBUG | simulation | Rebalance day 2025-03-03 00:00:00 (i=1515/1517)
2025-12-28 02:52:25.704 | DEBUG | simulation | Rebalance applied | date=2025-03-03 00:00:00 | opt_status=solver_failed | turnover=0.039259 | cost=0.000020 | selected=25
2025-12-28 02:52:25.708 | INFO | simulation | Progress: 100% (1517/1517) | date=2025-03-05 00:00:00 nav=3.62789019 opt_status=no_rebalance
2025-12-28 02:52:26.035 | INFO | simulation | Experiment saved to: experiments\ftrl_weekly_k25_v_target_1.05_both_20251227_193530
2025-12-28 02:52:26.162 | INFO | simulation | Saved performance artifacts to experiments\ftrl_weekly_k25_v_target_1.05_both_20251227_193530\outputs\performance
2025-12-28 02:52:28.924 | INFO | simulation | Saved figures to: experiments\ftrl_weekly_k25_v_target_1.05_both_20251227_193530\artifacts\figures
2025-12-28 02:52:28.925 | INFO | simulation | Run complete
