2025-12-28 01:05:32,965 | INFO | Run initialized
2025-12-28 01:05:32,966 | INFO | Run folder: experiments\ftrl_weekly_k25_v_target_1.05_both_20251227_193530
2025-12-28 01:05:32,966 | INFO | Config used: experiments\ftrl_weekly_k25_v_target_1.05_both_20251227_193530\params.yaml
2025-12-28 01:05:32,966 | INFO | Experiments dir: experiments
2025-12-28 01:05:32,966 | INFO | Running experiment from config
2025-12-28 01:05:32,970 | INFO | Runner starting | data.mode=processed | use_gpu=False
2025-12-28 01:05:33,077 | INFO | Loaded prices | rows=1517 cols=303 | start=2020-04-06 00:00:00 end=2025-03-05 00:00:00
2025-12-28 01:05:33,077 | INFO | Optimizer configured | raw_type=ftrl resolved=ftrl | k=25 | long_only=True | box={'min': 0.0, 'max': 0.2}
2025-12-28 01:05:33,078 | INFO | Planned total steps: 1517
2025-12-28 01:05:33,078 | INFO | Progress logging every 1%
2025-12-28 01:05:33,080 | INFO | Backtest starting | steps=1517 | rebalance=weekly | tc(proportional)=0.0005 | record_non_rebalance=False
2025-12-28 01:05:33,081 | INFO | Date range: 2020-04-06 00:00:00 -> 2025-03-05 00:00:00 | assets=303
2025-12-28 01:05:33,081 | INFO | Rebalance dates computed: 257 (first=2020-04-06 00:00:00 last=2025-03-03 00:00:00)
2025-12-28 01:05:33,102 | WARNING | No common tickers between expected_returns (0) and covariance (303) on 2020-04-06 00:00:00
2025-12-28 01:05:33,103 | WARNING | Using fallback equal-weight on 2020-04-06 00:00:00 | opt_status=skipped_no_common_tickers | n_valid_assets=303
2025-12-28 01:05:52,099 | INFO | Progress: 1% (16/1517) | date=2020-04-24 00:00:00 nav=1.10301897 opt_status=no_rebalance
2025-12-28 01:06:44,404 | INFO | Progress: 2% (31/1517) | date=2020-05-12 00:00:00 nav=1.13224918 opt_status=no_rebalance
2025-12-28 01:07:16,363 | INFO | Progress: 3% (46/1517) | date=2020-05-31 00:00:00 nav=1.18239879 opt_status=no_rebalance
2025-12-28 01:08:03,560 | INFO | Progress: 4% (61/1517) | date=2020-06-17 00:00:00 nav=1.21669574 opt_status=no_rebalance
2025-12-28 01:08:57,239 | INFO | Progress: 5% (76/1517) | date=2020-07-06 00:00:00 nav=1.27224408 opt_status=solver_failed
2025-12-28 01:09:37,580 | INFO | Progress: 6% (92/1517) | date=2020-07-24 00:00:00 nav=1.29138406 opt_status=no_rebalance
2025-12-28 01:10:36,935 | INFO | Progress: 7% (107/1517) | date=2020-08-11 00:00:00 nav=1.33397696 opt_status=no_rebalance
2025-12-28 01:11:12,560 | INFO | Progress: 8% (122/1517) | date=2020-08-28 00:00:00 nav=1.43252487 opt_status=no_rebalance
2025-12-28 01:12:05,555 | INFO | Progress: 9% (137/1517) | date=2020-09-15 00:00:00 nav=1.40087666 opt_status=no_rebalance
2025-12-28 01:12:40,628 | INFO | Progress: 10% (152/1517) | date=2020-10-02 00:00:00 nav=1.39523495 opt_status=no_rebalance
2025-12-28 01:13:32,971 | INFO | Progress: 11% (167/1517) | date=2020-10-20 00:00:00 nav=1.44775205 opt_status=no_rebalance
2025-12-28 01:14:08,266 | INFO | Progress: 12% (183/1517) | date=2020-11-08 00:00:00 nav=1.45339844 opt_status=no_rebalance
2025-12-28 01:15:01,913 | INFO | Progress: 13% (198/1517) | date=2020-11-26 00:00:00 nav=1.47861616 opt_status=no_rebalance
2025-12-28 01:15:53,564 | INFO | Progress: 14% (213/1517) | date=2020-12-15 00:00:00 nav=1.51164046 opt_status=no_rebalance
2025-12-28 01:16:44,701 | INFO | Progress: 15% (228/1517) | date=2021-01-04 00:00:00 nav=1.51225356 opt_status=solver_failed
2025-12-28 01:17:28,468 | INFO | Progress: 16% (243/1517) | date=2021-01-21 00:00:00 nav=1.60534567 opt_status=no_rebalance
2025-12-28 01:18:54,865 | INFO | Progress: 17% (258/1517) | date=2021-02-08 00:00:00 nav=1.59249041 opt_status=solver_failed
2025-12-28 01:19:50,584 | INFO | Progress: 18% (274/1517) | date=2021-02-26 00:00:00 nav=1.51242245 opt_status=no_rebalance
2025-12-28 01:21:14,109 | INFO | Progress: 19% (289/1517) | date=2021-03-16 00:00:00 nav=1.56863097 opt_status=no_rebalance
2025-12-28 01:22:35,564 | INFO | Progress: 20% (304/1517) | date=2021-04-05 00:00:00 nav=1.62581419 opt_status=solver_failed
2025-12-28 01:23:30,618 | INFO | Progress: 21% (319/1517) | date=2021-04-22 00:00:00 nav=1.62939159 opt_status=no_rebalance
2025-12-28 01:24:53,169 | INFO | Progress: 22% (334/1517) | date=2021-05-10 00:00:00 nav=1.62120525 opt_status=solver_failed
2025-12-28 01:25:48,461 | INFO | Progress: 23% (349/1517) | date=2021-05-27 00:00:00 nav=1.62464431 opt_status=no_rebalance
2025-12-28 01:27:13,098 | INFO | Progress: 24% (365/1517) | date=2021-06-15 00:00:00 nav=1.65942765 opt_status=no_rebalance
2025-12-28 01:28:08,428 | INFO | Progress: 25% (380/1517) | date=2021-07-02 00:00:00 nav=1.73390433 opt_status=no_rebalance
2025-12-28 01:29:27,334 | INFO | Progress: 26% (395/1517) | date=2021-07-20 00:00:00 nav=1.71922045 opt_status=no_rebalance
2025-12-28 01:30:21,577 | INFO | Progress: 27% (410/1517) | date=2021-08-06 00:00:00 nav=1.7604368 opt_status=no_rebalance
2025-12-28 01:31:43,972 | INFO | Progress: 28% (425/1517) | date=2021-08-24 00:00:00 nav=1.76628393 opt_status=no_rebalance
2025-12-28 01:32:39,218 | INFO | Progress: 29% (440/1517) | date=2021-09-10 00:00:00 nav=1.88157562 opt_status=no_rebalance
2025-12-28 01:34:00,952 | INFO | Progress: 30% (456/1517) | date=2021-09-29 00:00:00 nav=1.87621415 opt_status=no_rebalance
2025-12-28 01:34:56,093 | INFO | Progress: 31% (471/1517) | date=2021-10-17 00:00:00 nav=1.97551082 opt_status=no_rebalance
2025-12-28 01:36:18,003 | INFO | Progress: 32% (486/1517) | date=2021-11-03 00:00:00 nav=1.99280676 opt_status=no_rebalance
2025-12-28 01:37:13,599 | INFO | Progress: 33% (501/1517) | date=2021-11-21 00:00:00 nav=1.97903692 opt_status=no_rebalance
2025-12-28 01:38:35,719 | INFO | Progress: 34% (516/1517) | date=2021-12-08 00:00:00 nav=2.00544241 opt_status=no_rebalance
2025-12-28 01:39:57,448 | INFO | Progress: 35% (531/1517) | date=2021-12-27 00:00:00 nav=1.98586154 opt_status=solver_failed
2025-12-28 01:40:51,062 | INFO | Progress: 36% (547/1517) | date=2022-01-14 00:00:00 nav=2.05523527 opt_status=no_rebalance
2025-12-28 01:42:12,099 | INFO | Progress: 37% (562/1517) | date=2022-02-01 00:00:00 nav=1.97202469 opt_status=no_rebalance
2025-12-28 01:43:06,340 | INFO | Progress: 38% (577/1517) | date=2022-02-18 00:00:00 nav=1.83827799 opt_status=no_rebalance
2025-12-28 01:44:26,541 | INFO | Progress: 39% (592/1517) | date=2022-03-08 00:00:00 nav=1.75590611 opt_status=no_rebalance
2025-12-28 01:45:21,449 | INFO | Progress: 40% (607/1517) | date=2022-03-25 00:00:00 nav=1.90458035 opt_status=no_rebalance
2025-12-28 01:46:41,887 | INFO | Progress: 41% (622/1517) | date=2022-04-12 00:00:00 nav=1.94521111 opt_status=no_rebalance
2025-12-28 01:48:03,275 | INFO | Progress: 42% (638/1517) | date=2022-05-02 00:00:00 nav=1.90113449 opt_status=solver_failed
2025-12-28 01:48:58,131 | INFO | Progress: 43% (653/1517) | date=2022-05-19 00:00:00 nav=1.79720496 opt_status=no_rebalance
2025-12-28 01:50:18,671 | INFO | Progress: 44% (668/1517) | date=2022-06-06 00:00:00 nav=1.83590256 opt_status=solver_failed
2025-12-28 01:51:13,782 | INFO | Progress: 45% (683/1517) | date=2022-06-23 00:00:00 nav=1.73101321 opt_status=no_rebalance
2025-12-28 01:52:35,744 | INFO | Progress: 46% (698/1517) | date=2022-07-11 00:00:00 nav=1.75551691 opt_status=solver_failed
2025-12-28 01:53:29,991 | INFO | Progress: 47% (713/1517) | date=2022-07-28 00:00:00 nav=1.88422274 opt_status=no_rebalance
2025-12-28 01:54:51,269 | INFO | Progress: 48% (729/1517) | date=2022-08-17 00:00:00 nav=1.97997408 opt_status=no_rebalance
2025-12-28 01:55:44,930 | INFO | Progress: 49% (744/1517) | date=2022-09-04 00:00:00 nav=1.92146039 opt_status=no_rebalance
2025-12-28 01:57:04,557 | INFO | Progress: 50% (759/1517) | date=2022-09-21 00:00:00 nav=1.89897751 opt_status=no_rebalance
2025-12-28 01:57:57,590 | INFO | Progress: 51% (774/1517) | date=2022-10-09 00:00:00 nav=1.81705468 opt_status=no_rebalance
2025-12-28 01:59:15,473 | INFO | Progress: 52% (789/1517) | date=2022-10-26 00:00:00 nav=1.82395086 opt_status=no_rebalance
2025-12-28 02:00:33,559 | INFO | Progress: 53% (805/1517) | date=2022-11-14 00:00:00 nav=1.87537804 opt_status=solver_failed
2025-12-28 02:01:24,976 | INFO | Progress: 54% (820/1517) | date=2022-12-01 00:00:00 nav=1.92124574 opt_status=no_rebalance
2025-12-28 02:02:43,384 | INFO | Progress: 55% (835/1517) | date=2022-12-19 00:00:00 nav=1.83784555 opt_status=solver_failed
2025-12-28 02:03:35,011 | INFO | Progress: 56% (850/1517) | date=2023-01-05 00:00:00 nav=1.79499522 opt_status=no_rebalance
2025-12-28 02:04:54,256 | INFO | Progress: 57% (865/1517) | date=2023-01-23 00:00:00 nav=1.89102035 opt_status=solver_failed
2025-12-28 02:05:47,439 | INFO | Progress: 58% (880/1517) | date=2023-02-09 00:00:00 nav=1.98723454 opt_status=no_rebalance
2025-12-28 02:07:08,378 | INFO | Progress: 59% (896/1517) | date=2023-02-28 00:00:00 nav=1.96785892 opt_status=no_rebalance
2025-12-28 02:08:01,386 | INFO | Progress: 60% (911/1517) | date=2023-03-17 00:00:00 nav=1.9815267 opt_status=no_rebalance
2025-12-28 02:09:20,400 | INFO | Progress: 61% (926/1517) | date=2023-04-04 00:00:00 nav=2.02764082 opt_status=no_rebalance
2025-12-28 02:10:12,012 | INFO | Progress: 62% (941/1517) | date=2023-04-23 00:00:00 nav=2.05647392 opt_status=no_rebalance
2025-12-28 02:11:30,492 | INFO | Progress: 63% (956/1517) | date=2023-05-11 00:00:00 nav=2.16550502 opt_status=no_rebalance
2025-12-28 02:12:46,113 | INFO | Progress: 64% (971/1517) | date=2023-05-29 00:00:00 nav=2.28407609 opt_status=ok
2025-12-28 02:13:38,653 | INFO | Progress: 65% (987/1517) | date=2023-06-16 00:00:00 nav=2.40754287 opt_status=no_rebalance
2025-12-28 02:14:57,193 | INFO | Progress: 66% (1002/1517) | date=2023-07-04 00:00:00 nav=2.42923296 opt_status=no_rebalance
2025-12-28 02:15:49,873 | INFO | Progress: 67% (1017/1517) | date=2023-07-21 00:00:00 nav=2.50771106 opt_status=no_rebalance
2025-12-28 02:17:08,464 | INFO | Progress: 68% (1032/1517) | date=2023-08-08 00:00:00 nav=2.56478111 opt_status=no_rebalance
2025-12-28 02:18:01,751 | INFO | Progress: 69% (1047/1517) | date=2023-08-25 00:00:00 nav=2.55951515 opt_status=no_rebalance
2025-12-28 02:19:15,441 | INFO | Progress: 70% (1062/1517) | date=2023-09-12 00:00:00 nav=2.6161419 opt_status=no_rebalance
2025-12-28 02:20:22,569 | INFO | Progress: 71% (1078/1517) | date=2023-10-02 00:00:00 nav=2.55018258 opt_status=ok
2025-12-28 02:21:12,194 | INFO | Progress: 72% (1093/1517) | date=2023-10-19 00:00:00 nav=2.54404023 opt_status=no_rebalance
2025-12-28 02:22:16,302 | INFO | Progress: 73% (1108/1517) | date=2023-11-06 00:00:00 nav=2.57110943 opt_status=solver_failed
2025-12-28 02:23:03,407 | INFO | Progress: 74% (1123/1517) | date=2023-11-23 00:00:00 nav=2.68090461 opt_status=no_rebalance
2025-12-28 02:24:26,305 | INFO | Progress: 75% (1138/1517) | date=2023-12-12 00:00:00 nav=2.8181021 opt_status=no_rebalance
2025-12-28 02:25:19,632 | INFO | Progress: 76% (1153/1517) | date=2023-12-31 00:00:00 nav=2.89365625 opt_status=no_rebalance
2025-12-28 02:26:38,062 | INFO | Progress: 77% (1169/1517) | date=2024-01-18 00:00:00 nav=2.92230163 opt_status=no_rebalance
2025-12-28 02:27:56,316 | INFO | Progress: 78% (1184/1517) | date=2024-02-06 00:00:00 nav=3.07679427 opt_status=no_rebalance
2025-12-28 02:28:47,814 | INFO | Progress: 79% (1199/1517) | date=2024-02-23 00:00:00 nav=3.1779533 opt_status=no_rebalance
2025-12-28 02:30:05,466 | INFO | Progress: 80% (1214/1517) | date=2024-03-12 00:00:00 nav=3.17997104 opt_status=no_rebalance
2025-12-28 02:31:24,521 | INFO | Progress: 81% (1229/1517) | date=2024-04-01 00:00:00 nav=3.30247715 opt_status=solver_failed
2025-12-28 02:32:17,526 | INFO | Progress: 82% (1244/1517) | date=2024-04-18 00:00:00 nav=3.19898022 opt_status=no_rebalance
2025-12-28 02:33:36,056 | INFO | Progress: 83% (1260/1517) | date=2024-05-07 00:00:00 nav=3.32951875 opt_status=no_rebalance
2025-12-28 02:34:28,419 | INFO | Progress: 84% (1275/1517) | date=2024-05-26 00:00:00 nav=3.45934833 opt_status=no_rebalance
2025-12-28 02:35:47,755 | INFO | Progress: 85% (1290/1517) | date=2024-06-12 00:00:00 nav=3.556167 opt_status=no_rebalance
2025-12-28 02:37:05,929 | INFO | Progress: 86% (1305/1517) | date=2024-07-01 00:00:00 nav=3.62198105 opt_status=solver_failed
2025-12-28 02:37:58,297 | INFO | Progress: 87% (1320/1517) | date=2024-07-18 00:00:00 nav=3.58593075 opt_status=no_rebalance
2025-12-28 02:39:18,623 | INFO | Progress: 88% (1335/1517) | date=2024-08-05 00:00:00 nav=3.39369839 opt_status=solver_failed
2025-12-28 02:40:12,966 | INFO | Progress: 89% (1351/1517) | date=2024-08-23 00:00:00 nav=3.66682111 opt_status=no_rebalance
2025-12-28 02:41:32,811 | INFO | Progress: 90% (1366/1517) | date=2024-09-10 00:00:00 nav=3.57865745 opt_status=no_rebalance
2025-12-28 02:42:24,851 | INFO | Progress: 91% (1381/1517) | date=2024-09-27 00:00:00 nav=3.75880858 opt_status=no_rebalance
2025-12-28 02:43:43,233 | INFO | Progress: 92% (1396/1517) | date=2024-10-15 00:00:00 nav=3.7102657 opt_status=no_rebalance
2025-12-28 02:44:34,707 | INFO | Progress: 93% (1411/1517) | date=2024-11-01 00:00:00 nav=3.68447451 opt_status=no_rebalance
2025-12-28 02:45:53,723 | INFO | Progress: 94% (1426/1517) | date=2024-11-19 00:00:00 nav=3.75761942 opt_status=no_rebalance
2025-12-28 02:46:41,976 | INFO | Progress: 95% (1442/1517) | date=2024-12-08 00:00:00 nav=3.85744136 opt_status=no_rebalance
2025-12-28 02:48:01,729 | INFO | Progress: 96% (1457/1517) | date=2024-12-25 00:00:00 nav=3.69461399 opt_status=no_rebalance
2025-12-28 02:48:55,040 | INFO | Progress: 97% (1472/1517) | date=2025-01-12 00:00:00 nav=3.58866958 opt_status=no_rebalance
2025-12-28 02:50:14,098 | INFO | Progress: 98% (1487/1517) | date=2025-01-29 00:00:00 nav=3.71154472 opt_status=no_rebalance
2025-12-28 02:51:06,565 | INFO | Progress: 99% (1502/1517) | date=2025-02-16 00:00:00 nav=3.68080195 opt_status=no_rebalance
2025-12-28 02:52:25,708 | INFO | Progress: 100% (1517/1517) | date=2025-03-05 00:00:00 nav=3.62789019 opt_status=no_rebalance
2025-12-28 02:52:26,035 | INFO | Experiment saved to: experiments\ftrl_weekly_k25_v_target_1.05_both_20251227_193530
2025-12-28 02:52:26,162 | INFO | Saved performance artifacts to experiments\ftrl_weekly_k25_v_target_1.05_both_20251227_193530\outputs\performance
2025-12-28 02:52:28,924 | INFO | Saved figures to: experiments\ftrl_weekly_k25_v_target_1.05_both_20251227_193530\artifacts\figures
2025-12-28 02:52:28,925 | INFO | Run complete
