2026-01-01 23:39:50 | INFO | hermis | Run initialized
2026-01-01 23:39:50 | INFO | hermis | Run folder: experiments\nifty500_LIVE_sharpe_ema_online_replay_1m_weekly_20260101_180950
2026-01-01 23:39:50 | INFO | hermis | Config used: experiments\nifty500_LIVE_sharpe_ema_online_replay_1m_weekly_20260101_180950\params.yaml
2026-01-01 23:39:50 | INFO | hermis | Experiments dir: experiments
2026-01-01 23:39:50 | INFO | hermis | Running experiment from config
2026-01-01 23:39:50 | INFO | hermis | Runner starting | data.mode=replay_minute | use_gpu=True
2026-01-01 23:39:50 | INFO | hermis | Replay: minute stream | store_dir=data\processed\nifty500\1min_store | symbols=486 | prefetch=1 | use_gpu=True | live_plot=True
2026-01-01 23:39:50 | INFO | hermis | Replay: processing month 2015-02
2026-01-01 23:39:57 | INFO | hermis | Replay: 2015-02 ready | days=20 | symbols=339
2026-01-01 23:39:57 | INFO | hermis | Replay: processing month 2015-03
2026-01-01 23:40:01 | INFO | hermis | Replay month done | 2015-02 | days=20 | NAV=1.0000 | MTD=+0.00% | DD=+0.00% | trades=0 | 3.0s
2026-01-01 23:40:04 | INFO | hermis | Replay: 2015-03 ready | days=21 | symbols=339
2026-01-01 23:40:04 | INFO | hermis | Replay: processing month 2015-04
2026-01-01 23:40:07 | INFO | hermis | Replay month done | 2015-03 | days=21 | NAV=1.0000 | MTD=+0.00% | DD=+0.00% | trades=0 | 3.0s
2026-01-01 23:40:11 | INFO | hermis | Replay: 2015-04 ready | days=19 | symbols=339
2026-01-01 23:40:11 | INFO | hermis | Replay: processing month 2015-05
2026-01-01 23:40:13 | INFO | hermis | Replay month done | 2015-04 | days=19 | NAV=1.0000 | MTD=+0.00% | DD=+0.00% | trades=0 | 2.8s
2026-01-01 23:40:17 | INFO | hermis | Replay: 2015-05 ready | days=20 | symbols=339
2026-01-01 23:40:17 | INFO | hermis | Replay: processing month 2015-06
2026-01-01 23:40:21 | INFO | hermis | Replay month done | 2015-05 | days=20 | NAV=1.0049 | MTD=-0.70% | DD=-5.36% | trades=4 | 4.1s
2026-01-01 23:40:24 | INFO | hermis | Replay: 2015-06 ready | days=22 | symbols=340
2026-01-01 23:40:24 | INFO | hermis | Replay: processing month 2015-07
2026-01-01 23:40:28 | INFO | hermis | Replay month done | 2015-06 | days=22 | NAV=1.0218 | MTD=+1.67% | DD=-5.93% | trades=5 | 4.6s
2026-01-01 23:40:30 | INFO | hermis | Replay: 2015-07 ready | days=23 | symbols=342
2026-01-01 23:40:30 | INFO | hermis | Replay: processing month 2015-08
2026-01-01 23:40:34 | INFO | hermis | Replay month done | 2015-07 | days=23 | NAV=1.2077 | MTD=+16.94% | DD=-1.85% | trades=4 | 4.0s
2026-01-01 23:40:37 | INFO | hermis | Replay: 2015-08 ready | days=21 | symbols=343
2026-01-01 23:40:37 | INFO | hermis | Replay: processing month 2015-09
2026-01-01 23:40:41 | INFO | hermis | Replay month done | 2015-08 | days=21 | NAV=1.1540 | MTD=-6.21% | DD=-13.07% | trades=5 | 3.9s
2026-01-01 23:40:43 | INFO | hermis | Replay: 2015-09 ready | days=20 | symbols=342
2026-01-01 23:40:43 | INFO | hermis | Replay: processing month 2015-10
2026-01-01 23:40:47 | INFO | hermis | Replay month done | 2015-09 | days=20 | NAV=1.1628 | MTD=+3.57% | DD=-15.96% | trades=4 | 3.6s
2026-01-01 23:40:50 | INFO | hermis | Replay: 2015-10 ready | days=20 | symbols=342
2026-01-01 23:40:50 | INFO | hermis | Replay: processing month 2015-11
2026-01-01 23:40:54 | INFO | hermis | Replay month done | 2015-10 | days=20 | NAV=1.1474 | MTD=-1.25% | DD=-4.15% | trades=4 | 4.3s
2026-01-01 23:40:57 | INFO | hermis | Replay: 2015-11 ready | days=18 | symbols=346
2026-01-01 23:40:57 | INFO | hermis | Replay: processing month 2015-12
2026-01-01 23:41:00 | INFO | hermis | Replay month done | 2015-11 | days=18 | NAV=1.2050 | MTD=+4.62% | DD=-3.62% | trades=5 | 3.5s
2026-01-01 23:41:04 | INFO | hermis | Replay: 2015-12 ready | days=22 | symbols=349
2026-01-01 23:41:04 | INFO | hermis | Replay: processing month 2016-01
2026-01-01 23:41:08 | INFO | hermis | Replay month done | 2015-12 | days=22 | NAV=1.2460 | MTD=+2.66% | DD=-6.24% | trades=4 | 4.1s
2026-01-01 23:41:10 | INFO | hermis | Replay: 2016-01 ready | days=19 | symbols=349
2026-01-01 23:41:10 | INFO | hermis | Replay: processing month 2016-02
2026-01-01 23:41:13 | INFO | hermis | Replay month done | 2016-01 | days=19 | NAV=1.1408 | MTD=-8.68% | DD=-14.21% | trades=4 | 3.2s
2026-01-01 23:41:17 | INFO | hermis | Replay: 2016-02 ready | days=21 | symbols=346
2026-01-01 23:41:17 | INFO | hermis | Replay: processing month 2016-03
2026-01-01 23:41:21 | INFO | hermis | Replay month done | 2016-02 | days=21 | NAV=1.0171 | MTD=-11.35% | DD=-11.35% | trades=5 | 4.1s
2026-01-01 23:41:23 | INFO | hermis | Replay: 2016-03 ready | days=20 | symbols=347
2026-01-01 23:41:23 | INFO | hermis | Replay: processing month 2016-04
2026-01-01 23:41:27 | INFO | hermis | Replay month done | 2016-03 | days=20 | NAV=1.1244 | MTD=+7.62% | DD=-1.46% | trades=4 | 3.5s
2026-01-01 23:41:30 | INFO | hermis | Replay: 2016-04 ready | days=18 | symbols=347
2026-01-01 23:41:30 | INFO | hermis | Replay: processing month 2016-05
2026-01-01 23:41:33 | INFO | hermis | Replay month done | 2016-04 | days=18 | NAV=1.1518 | MTD=+2.89% | DD=-1.52% | trades=4 | 3.4s
2026-01-01 23:41:36 | INFO | hermis | Replay: 2016-05 ready | days=22 | symbols=347
2026-01-01 23:41:36 | INFO | hermis | Replay: processing month 2016-06
2026-01-01 23:41:41 | INFO | hermis | Replay month done | 2016-05 | days=22 | NAV=1.2507 | MTD=+7.26% | DD=-1.82% | trades=5 | 4.4s
2026-01-01 23:41:43 | INFO | hermis | Replay: 2016-06 ready | days=22 | symbols=348
2026-01-01 23:41:43 | INFO | hermis | Replay: processing month 2016-07
2026-01-01 23:41:47 | INFO | hermis | Replay month done | 2016-06 | days=22 | NAV=1.3120 | MTD=+4.29% | DD=-2.80% | trades=4 | 4.4s
2026-01-01 23:41:50 | INFO | hermis | Replay: 2016-07 ready | days=20 | symbols=349
2026-01-01 23:41:50 | INFO | hermis | Replay: processing month 2016-08
2026-01-01 23:41:54 | INFO | hermis | Replay month done | 2016-07 | days=20 | NAV=1.3988 | MTD=+6.14% | DD=-1.61% | trades=4 | 4.5s
2026-01-01 23:41:57 | INFO | hermis | Replay: 2016-08 ready | days=22 | symbols=351
2026-01-01 23:41:57 | INFO | hermis | Replay: processing month 2016-09
2026-01-01 23:42:01 | INFO | hermis | Replay month done | 2016-08 | days=22 | NAV=1.5004 | MTD=+5.04% | DD=-3.01% | trades=5 | 4.7s
2026-01-01 23:42:03 | INFO | hermis | Replay: 2016-09 ready | days=20 | symbols=353
2026-01-01 23:42:03 | INFO | hermis | Replay: processing month 2016-10
2026-01-01 23:42:08 | INFO | hermis | Replay month done | 2016-09 | days=20 | NAV=1.4662 | MTD=-1.56% | DD=-4.77% | trades=4 | 4.1s
2026-01-01 23:42:10 | INFO | hermis | Replay: 2016-10 ready | days=18 | symbols=354
2026-01-01 23:42:10 | INFO | hermis | Replay: processing month 2016-11
2026-01-01 23:42:13 | INFO | hermis | Replay month done | 2016-10 | days=18 | NAV=1.5864 | MTD=+5.05% | DD=-2.78% | trades=4 | 3.4s
2026-01-01 23:42:17 | INFO | hermis | Replay: 2016-11 ready | days=21 | symbols=356
2026-01-01 23:42:17 | INFO | hermis | Replay: processing month 2016-12
2026-01-01 23:42:20 | INFO | hermis | Replay month done | 2016-11 | days=21 | NAV=1.3822 | MTD=-14.47% | DD=-16.25% | trades=5 | 3.9s
2026-01-01 23:42:23 | INFO | hermis | Replay: 2016-12 ready | days=22 | symbols=357
2026-01-01 23:42:23 | INFO | hermis | Replay: processing month 2017-01
2026-01-01 23:42:27 | INFO | hermis | Replay month done | 2016-12 | days=22 | NAV=1.4286 | MTD=+0.52% | DD=-8.51% | trades=4 | 4.0s
2026-01-01 23:42:30 | INFO | hermis | Replay: 2017-01 ready | days=21 | symbols=356
2026-01-01 23:42:30 | INFO | hermis | Replay: processing month 2017-02
2026-01-01 23:42:34 | INFO | hermis | Replay month done | 2017-01 | days=21 | NAV=1.5484 | MTD=+6.49% | DD=-2.40% | trades=5 | 4.3s
2026-01-01 23:42:36 | INFO | hermis | Replay: 2017-02 ready | days=19 | symbols=358
2026-01-01 23:42:36 | INFO | hermis | Replay: processing month 2017-03
2026-01-01 23:42:40 | INFO | hermis | Replay month done | 2017-02 | days=19 | NAV=1.6369 | MTD=+3.70% | DD=-4.66% | trades=4 | 3.9s
2026-01-01 23:42:43 | INFO | hermis | Replay: 2017-03 ready | days=22 | symbols=359
2026-01-01 23:42:43 | INFO | hermis | Replay: processing month 2017-04
2026-01-01 23:42:48 | INFO | hermis | Replay month done | 2017-03 | days=22 | NAV=1.7257 | MTD=+4.76% | DD=-2.01% | trades=4 | 5.5s
2026-01-01 23:42:49 | INFO | hermis | Replay: 2017-04 ready | days=18 | symbols=359
2026-01-01 23:42:49 | INFO | hermis | Replay: processing month 2017-05
2026-01-01 23:42:53 | INFO | hermis | Replay month done | 2017-04 | days=18 | NAV=1.7788 | MTD=+1.58% | DD=-6.70% | trades=4 | 3.6s
2026-01-01 23:42:56 | INFO | hermis | Replay: 2017-05 ready | days=22 | symbols=360
2026-01-01 23:42:56 | INFO | hermis | Replay: processing month 2017-06
2026-01-01 23:43:01 | INFO | hermis | Replay month done | 2017-05 | days=22 | NAV=1.7702 | MTD=-1.66% | DD=-9.60% | trades=5 | 5.1s
2026-01-01 23:43:03 | INFO | hermis | Replay: 2017-06 ready | days=21 | symbols=362
2026-01-01 23:43:03 | INFO | hermis | Replay: processing month 2017-07
2026-01-01 23:43:07 | INFO | hermis | Replay month done | 2017-06 | days=21 | NAV=1.8190 | MTD=+1.78% | DD=-4.80% | trades=4 | 4.0s
2026-01-01 23:43:10 | INFO | hermis | Replay: 2017-07 ready | days=21 | symbols=363
2026-01-01 23:43:10 | INFO | hermis | Replay: processing month 2017-08
2026-01-01 23:43:14 | INFO | hermis | Replay month done | 2017-07 | days=21 | NAV=1.9129 | MTD=+3.96% | DD=-1.80% | trades=5 | 4.0s
2026-01-01 23:43:16 | INFO | hermis | Replay: 2017-08 ready | days=21 | symbols=363
2026-01-01 23:43:16 | INFO | hermis | Replay: processing month 2017-09
2026-01-01 23:43:20 | INFO | hermis | Replay month done | 2017-08 | days=21 | NAV=1.9776 | MTD=+3.48% | DD=-7.48% | trades=4 | 4.1s
2026-01-01 23:43:23 | INFO | hermis | Replay: 2017-09 ready | days=21 | symbols=367
2026-01-01 23:43:23 | INFO | hermis | Replay: processing month 2017-10
2026-01-01 23:43:28 | INFO | hermis | Replay month done | 2017-09 | days=21 | NAV=2.0630 | MTD=+3.65% | DD=-7.65% | trades=4 | 4.6s
2026-01-01 23:43:30 | INFO | hermis | Replay: 2017-10 ready | days=19 | symbols=371
2026-01-01 23:43:30 | INFO | hermis | Replay: processing month 2017-11
2026-01-01 23:43:34 | INFO | hermis | Replay month done | 2017-10 | days=19 | NAV=2.3400 | MTD=+11.63% | DD=-1.83% | trades=5 | 4.0s
2026-01-01 23:43:36 | INFO | hermis | Replay: 2017-11 ready | days=22 | symbols=374
2026-01-01 23:43:36 | INFO | hermis | Replay: processing month 2017-12
2026-01-01 23:43:41 | INFO | hermis | Replay month done | 2017-11 | days=22 | NAV=2.2733 | MTD=-3.65% | DD=-7.11% | trades=4 | 4.7s
2026-01-01 23:43:43 | INFO | hermis | Replay: 2017-12 ready | days=20 | symbols=375
2026-01-01 23:43:43 | INFO | hermis | Replay: processing month 2018-01
2026-01-01 23:43:48 | INFO | hermis | Replay month done | 2017-12 | days=20 | NAV=2.3984 | MTD=+7.41% | DD=-2.54% | trades=4 | 4.6s
2026-01-01 23:43:50 | INFO | hermis | Replay: 2018-01 ready | days=22 | symbols=377
2026-01-01 23:43:50 | INFO | hermis | Replay: processing month 2018-02
2026-01-01 23:43:56 | INFO | hermis | Replay month done | 2018-01 | days=22 | NAV=2.3743 | MTD=-0.98% | DD=-6.03% | trades=5 | 6.2s
2026-01-01 23:43:57 | INFO | hermis | Replay: 2018-02 ready | days=19 | symbols=378
2026-01-01 23:43:57 | INFO | hermis | Replay: processing month 2018-03
2026-01-01 23:44:01 | INFO | hermis | Replay month done | 2018-02 | days=19 | NAV=2.3116 | MTD=-2.69% | DD=-9.01% | trades=4 | 4.8s
2026-01-01 23:44:04 | INFO | hermis | Replay: 2018-03 ready | days=19 | symbols=382
2026-01-01 23:44:04 | INFO | hermis | Replay: processing month 2018-04
2026-01-01 23:44:08 | INFO | hermis | Replay month done | 2018-03 | days=19 | NAV=2.1710 | MTD=-5.89% | DD=-6.79% | trades=4 | 4.1s
2026-01-01 23:44:10 | INFO | hermis | Replay: 2018-04 ready | days=21 | symbols=383
2026-01-01 23:44:10 | INFO | hermis | Replay: processing month 2018-05
2026-01-01 23:44:15 | INFO | hermis | Replay month done | 2018-04 | days=21 | NAV=2.4657 | MTD=+11.31% | DD=-1.22% | trades=5 | 4.5s
2026-01-01 23:44:17 | INFO | hermis | Replay: 2018-05 ready | days=22 | symbols=384
2026-01-01 23:44:17 | INFO | hermis | Replay: processing month 2018-06
2026-01-01 23:44:23 | INFO | hermis | Replay month done | 2018-05 | days=22 | NAV=2.4186 | MTD=-0.86% | DD=-5.57% | trades=4 | 5.5s
2026-01-01 23:44:24 | INFO | hermis | Replay: 2018-06 ready | days=21 | symbols=384
2026-01-01 23:44:24 | INFO | hermis | Replay: processing month 2018-07
2026-01-01 23:44:30 | INFO | hermis | Replay month done | 2018-06 | days=21 | NAV=2.3647 | MTD=-0.59% | DD=-4.12% | trades=4 | 5.6s
2026-01-01 23:44:31 | INFO | hermis | Replay: 2018-07 ready | days=22 | symbols=386
2026-01-01 23:44:31 | INFO | hermis | Replay: processing month 2018-08
2026-01-01 23:44:36 | INFO | hermis | Replay month done | 2018-07 | days=22 | NAV=2.5078 | MTD=+6.42% | DD=-1.45% | trades=5 | 5.2s
2026-01-01 23:44:38 | INFO | hermis | Replay: 2018-08 ready | days=21 | symbols=388
2026-01-01 23:44:38 | INFO | hermis | Replay: processing month 2018-09
2026-01-01 23:44:42 | INFO | hermis | Replay month done | 2018-08 | days=21 | NAV=2.6589 | MTD=+5.56% | DD=-0.79% | trades=4 | 4.1s
2026-01-01 23:44:44 | INFO | hermis | Replay: 2018-09 ready | days=18 | symbols=389
2026-01-01 23:44:44 | INFO | hermis | Replay: processing month 2018-10
2026-01-01 23:44:48 | INFO | hermis | Replay month done | 2018-09 | days=18 | NAV=2.2714 | MTD=-13.55% | DD=-13.55% | trades=4 | 3.4s
2026-01-01 23:44:51 | INFO | hermis | Replay: 2018-10 ready | days=21 | symbols=390
2026-01-01 23:44:51 | INFO | hermis | Replay: processing month 2018-11
2026-01-01 23:44:57 | INFO | hermis | Replay month done | 2018-10 | days=21 | NAV=2.1819 | MTD=-3.81% | DD=-8.95% | trades=5 | 5.7s
2026-01-01 23:44:58 | INFO | hermis | Replay: 2018-11 ready | days=19 | symbols=392
2026-01-01 23:44:58 | INFO | hermis | Replay: processing month 2018-12
2026-01-01 23:45:02 | INFO | hermis | Replay month done | 2018-11 | days=19 | NAV=2.1893 | MTD=-0.92% | DD=-3.11% | trades=4 | 3.8s
2026-01-01 23:45:05 | INFO | hermis | Replay: 2018-12 ready | days=20 | symbols=393
2026-01-01 23:45:05 | INFO | hermis | Replay: processing month 2019-01
2026-01-01 23:45:09 | INFO | hermis | Replay month done | 2018-12 | days=20 | NAV=2.1638 | MTD=-2.24% | DD=-4.71% | trades=5 | 4.3s
2026-01-01 23:45:12 | INFO | hermis | Replay: 2019-01 ready | days=23 | symbols=394
2026-01-01 23:45:12 | INFO | hermis | Replay: processing month 2019-02
2026-01-01 23:45:16 | INFO | hermis | Replay month done | 2019-01 | days=23 | NAV=2.0609 | MTD=-4.69% | DD=-6.71% | trades=4 | 4.5s
2026-01-01 23:45:18 | INFO | hermis | Replay: 2019-02 ready | days=20 | symbols=395
2026-01-01 23:45:18 | INFO | hermis | Replay: processing month 2019-03
2026-01-01 23:45:23 | INFO | hermis | Replay month done | 2019-02 | days=20 | NAV=2.0533 | MTD=-0.09% | DD=-3.86% | trades=4 | 4.6s
2026-01-01 23:45:25 | INFO | hermis | Replay: 2019-03 ready | days=19 | symbols=394
2026-01-01 23:45:25 | INFO | hermis | Replay: processing month 2019-04
2026-01-01 23:45:29 | INFO | hermis | Replay month done | 2019-03 | days=19 | NAV=2.1731 | MTD=+4.75% | DD=-1.58% | trades=4 | 4.0s
2026-01-01 23:45:32 | INFO | hermis | Replay: 2019-04 ready | days=19 | symbols=399
2026-01-01 23:45:32 | INFO | hermis | Replay: processing month 2019-05
2026-01-01 23:45:36 | INFO | hermis | Replay month done | 2019-04 | days=19 | NAV=2.1188 | MTD=-2.67% | DD=-3.55% | trades=5 | 3.8s
2026-01-01 23:45:38 | INFO | hermis | Replay: 2019-05 ready | days=22 | symbols=399
2026-01-01 23:45:38 | INFO | hermis | Replay: processing month 2019-06
2026-01-01 23:45:43 | INFO | hermis | Replay month done | 2019-05 | days=22 | NAV=2.1835 | MTD=+2.44% | DD=-5.65% | trades=4 | 4.5s
2026-01-01 23:45:45 | INFO | hermis | Replay: 2019-06 ready | days=19 | symbols=398
2026-01-01 23:45:45 | INFO | hermis | Replay: processing month 2019-07
2026-01-01 23:45:49 | INFO | hermis | Replay month done | 2019-06 | days=19 | NAV=2.1594 | MTD=-2.30% | DD=-5.00% | trades=4 | 4.1s
2026-01-01 23:45:52 | INFO | hermis | Replay: 2019-07 ready | days=23 | symbols=399
2026-01-01 23:45:52 | INFO | hermis | Replay: processing month 2019-08
2026-01-01 23:45:57 | INFO | hermis | Replay month done | 2019-07 | days=23 | NAV=1.9894 | MTD=-8.24% | DD=-9.02% | trades=5 | 4.9s
2026-01-01 23:45:59 | INFO | hermis | Replay: 2019-08 ready | days=20 | symbols=402
2026-01-01 23:45:59 | INFO | hermis | Replay: processing month 2019-09
2026-01-01 23:46:04 | INFO | hermis | Replay month done | 2019-08 | days=20 | NAV=1.9998 | MTD=+1.54% | DD=-2.54% | trades=4 | 4.8s
2026-01-01 23:46:06 | INFO | hermis | Replay: 2019-09 ready | days=19 | symbols=402
2026-01-01 23:46:06 | INFO | hermis | Replay: processing month 2019-10
2026-01-01 23:46:10 | INFO | hermis | Replay month done | 2019-09 | days=19 | NAV=2.0939 | MTD=+6.43% | DD=-2.23% | trades=5 | 3.8s
2026-01-01 23:46:13 | INFO | hermis | Replay: 2019-10 ready | days=19 | symbols=404
2026-01-01 23:46:13 | INFO | hermis | Replay: processing month 2019-11
2026-01-01 23:46:17 | INFO | hermis | Replay month done | 2019-10 | days=19 | NAV=2.2791 | MTD=+9.40% | DD=-1.29% | trades=4 | 3.8s
2026-01-01 23:46:20 | INFO | hermis | Replay: 2019-11 ready | days=20 | symbols=404
2026-01-01 23:46:20 | INFO | hermis | Replay: processing month 2019-12
2026-01-01 23:46:24 | INFO | hermis | Replay month done | 2019-11 | days=20 | NAV=2.3112 | MTD=+1.72% | DD=-1.45% | trades=4 | 3.9s
2026-01-01 23:46:27 | INFO | hermis | Replay: 2019-12 ready | days=21 | symbols=405
2026-01-01 23:46:27 | INFO | hermis | Replay: processing month 2020-01
2026-01-01 23:46:31 | INFO | hermis | Replay month done | 2019-12 | days=21 | NAV=2.3525 | MTD=+2.16% | DD=-2.56% | trades=5 | 4.2s
2026-01-01 23:46:34 | INFO | hermis | Replay: 2020-01 ready | days=23 | symbols=407
2026-01-01 23:46:34 | INFO | hermis | Replay: processing month 2020-02
2026-01-01 23:46:38 | INFO | hermis | Replay month done | 2020-01 | days=23 | NAV=2.4385 | MTD=+3.05% | DD=-2.69% | trades=4 | 4.2s
2026-01-01 23:46:40 | INFO | hermis | Replay: 2020-02 ready | days=20 | symbols=408
2026-01-01 23:46:40 | INFO | hermis | Replay: processing month 2020-03
2026-01-01 23:46:44 | INFO | hermis | Replay month done | 2020-02 | days=20 | NAV=2.4127 | MTD=+2.06% | DD=-6.53% | trades=4 | 3.9s
2026-01-01 23:46:47 | INFO | hermis | Replay: 2020-03 ready | days=21 | symbols=409
2026-01-01 23:46:47 | INFO | hermis | Replay: processing month 2020-04
2026-01-01 23:46:51 | INFO | hermis | Replay month done | 2020-03 | days=21 | NAV=1.8892 | MTD=-21.55% | DD=-30.35% | trades=5 | 4.2s
2026-01-01 23:46:54 | INFO | hermis | Replay: 2020-04 ready | days=18 | symbols=409
2026-01-01 23:46:54 | INFO | hermis | Replay: processing month 2020-05
2026-01-01 23:46:57 | INFO | hermis | Replay month done | 2020-04 | days=18 | NAV=2.4079 | MTD=+23.65% | DD=-0.33% | trades=4 | 3.5s
2026-01-01 23:47:00 | INFO | hermis | Replay: 2020-05 ready | days=19 | symbols=409
2026-01-01 23:47:00 | INFO | hermis | Replay: processing month 2020-06
2026-01-01 23:47:04 | INFO | hermis | Replay month done | 2020-05 | days=19 | NAV=2.4998 | MTD=+4.82% | DD=-1.51% | trades=4 | 3.9s
2026-01-01 23:47:07 | INFO | hermis | Replay: 2020-06 ready | days=22 | symbols=409
2026-01-01 23:47:07 | INFO | hermis | Replay: processing month 2020-07
2026-01-01 23:47:12 | INFO | hermis | Replay month done | 2020-06 | days=22 | NAV=2.9581 | MTD=+16.76% | DD=-0.91% | trades=5 | 4.4s
2026-01-01 23:47:15 | INFO | hermis | Replay: 2020-07 ready | days=23 | symbols=409
2026-01-01 23:47:15 | INFO | hermis | Replay: processing month 2020-08
2026-01-01 23:47:19 | INFO | hermis | Replay month done | 2020-07 | days=23 | NAV=3.1890 | MTD=+7.39% | DD=-3.42% | trades=4 | 4.1s
2026-01-01 23:47:21 | INFO | hermis | Replay: 2020-08 ready | days=21 | symbols=410
2026-01-01 23:47:21 | INFO | hermis | Replay: processing month 2020-09
2026-01-01 23:47:25 | INFO | hermis | Replay month done | 2020-08 | days=21 | NAV=3.5726 | MTD=+9.69% | DD=-5.71% | trades=5 | 4.0s
2026-01-01 23:47:28 | INFO | hermis | Replay: 2020-09 ready | days=22 | symbols=412
2026-01-01 23:47:28 | INFO | hermis | Replay: processing month 2020-10
2026-01-01 23:47:33 | INFO | hermis | Replay month done | 2020-09 | days=22 | NAV=3.9477 | MTD=+9.78% | DD=-9.19% | trades=4 | 4.5s
2026-01-01 23:47:35 | INFO | hermis | Replay: 2020-10 ready | days=21 | symbols=416
2026-01-01 23:47:35 | INFO | hermis | Replay: processing month 2020-11
2026-01-01 23:47:39 | INFO | hermis | Replay month done | 2020-10 | days=21 | NAV=4.1537 | MTD=+5.72% | DD=-2.62% | trades=4 | 4.3s
2026-01-01 23:47:42 | INFO | hermis | Replay: 2020-11 ready | days=19 | symbols=418
2026-01-01 23:47:42 | INFO | hermis | Replay: processing month 2020-12
2026-01-01 23:47:46 | INFO | hermis | Replay month done | 2020-11 | days=19 | NAV=4.7002 | MTD=+13.46% | DD=-1.64% | trades=4 | 4.2s
2026-01-01 23:47:49 | INFO | hermis | Replay: 2020-12 ready | days=22 | symbols=418
2026-01-01 23:47:49 | INFO | hermis | Replay: processing month 2021-01
2026-01-01 23:47:54 | INFO | hermis | Replay month done | 2020-12 | days=22 | NAV=4.9444 | MTD=+3.88% | DD=-7.82% | trades=5 | 5.4s
2026-01-01 23:47:56 | INFO | hermis | Replay: 2021-01 ready | days=20 | symbols=419
2026-01-01 23:47:56 | INFO | hermis | Replay: processing month 2021-02
2026-01-01 23:48:00 | INFO | hermis | Replay month done | 2021-01 | days=20 | NAV=4.9232 | MTD=-2.15% | DD=-9.88% | trades=4 | 4.2s
2026-01-01 23:48:04 | INFO | hermis | Replay: 2021-02 ready | days=20 | symbols=421
2026-01-01 23:48:04 | INFO | hermis | Replay: processing month 2021-03
2026-01-01 23:48:08 | INFO | hermis | Replay month done | 2021-02 | days=20 | NAV=5.4467 | MTD=+8.25% | DD=-2.21% | trades=4 | 4.2s
2026-01-01 23:48:11 | INFO | hermis | Replay: 2021-03 ready | days=21 | symbols=425
2026-01-01 23:48:11 | INFO | hermis | Replay: processing month 2021-04
2026-01-01 23:48:16 | INFO | hermis | Replay month done | 2021-03 | days=21 | NAV=5.5685 | MTD=+0.75% | DD=-5.88% | trades=5 | 4.7s
2026-01-01 23:48:18 | INFO | hermis | Replay: 2021-04 ready | days=19 | symbols=426
2026-01-01 23:48:18 | INFO | hermis | Replay: processing month 2021-05
2026-01-01 23:48:22 | INFO | hermis | Replay month done | 2021-04 | days=19 | NAV=6.1403 | MTD=+6.98% | DD=-6.69% | trades=4 | 4.3s
2026-01-01 23:48:26 | INFO | hermis | Replay: 2021-05 ready | days=20 | symbols=426
2026-01-01 23:48:26 | INFO | hermis | Replay: processing month 2021-06
2026-01-01 23:48:30 | INFO | hermis | Replay month done | 2021-05 | days=20 | NAV=6.9765 | MTD=+10.45% | DD=-3.26% | trades=5 | 4.3s
2026-01-01 23:48:33 | INFO | hermis | Replay: 2021-06 ready | days=22 | symbols=429
2026-01-01 23:48:33 | INFO | hermis | Replay: processing month 2021-07
2026-01-01 23:48:38 | INFO | hermis | Replay month done | 2021-06 | days=22 | NAV=7.7164 | MTD=+12.28% | DD=-3.10% | trades=4 | 4.5s
2026-01-01 23:48:41 | INFO | hermis | Replay: 2021-07 ready | days=21 | symbols=431
2026-01-01 23:48:41 | INFO | hermis | Replay: processing month 2021-08
2026-01-01 23:48:45 | INFO | hermis | Replay month done | 2021-07 | days=21 | NAV=8.3831 | MTD=+8.12% | DD=-1.69% | trades=4 | 4.2s
2026-01-01 23:48:48 | INFO | hermis | Replay: 2021-08 ready | days=21 | symbols=435
2026-01-01 23:48:48 | INFO | hermis | Replay: processing month 2021-09
2026-01-01 23:48:52 | INFO | hermis | Replay month done | 2021-08 | days=21 | NAV=8.2471 | MTD=-3.05% | DD=-8.74% | trades=5 | 4.3s
2026-01-01 23:48:55 | INFO | hermis | Replay: 2021-09 ready | days=21 | symbols=436
2026-01-01 23:48:55 | INFO | hermis | Replay: processing month 2021-10
2026-01-01 23:49:00 | INFO | hermis | Replay month done | 2021-09 | days=21 | NAV=9.0285 | MTD=+9.82% | DD=-3.39% | trades=4 | 4.5s
2026-01-01 23:49:03 | INFO | hermis | Replay: 2021-10 ready | days=20 | symbols=437
2026-01-01 23:49:03 | INFO | hermis | Replay: processing month 2021-11
2026-01-01 23:49:07 | INFO | hermis | Replay month done | 2021-10 | days=20 | NAV=9.1768 | MTD=+1.45% | DD=-7.79% | trades=4 | 3.8s
2026-01-01 23:49:10 | INFO | hermis | Replay: 2021-11 ready | days=19 | symbols=442
2026-01-01 23:49:10 | INFO | hermis | Replay: processing month 2021-12
2026-01-01 23:49:14 | INFO | hermis | Replay month done | 2021-11 | days=19 | NAV=9.3587 | MTD=-0.11% | DD=-6.64% | trades=5 | 3.9s
2026-01-01 23:49:18 | INFO | hermis | Replay: 2021-12 ready | days=23 | symbols=447
2026-01-01 23:49:18 | INFO | hermis | Replay: processing month 2022-01
2026-01-01 23:49:22 | INFO | hermis | Replay month done | 2021-12 | days=23 | NAV=9.7937 | MTD=+3.39% | DD=-8.70% | trades=4 | 4.4s
2026-01-01 23:49:25 | INFO | hermis | Replay: 2022-01 ready | days=20 | symbols=447
2026-01-01 23:49:25 | INFO | hermis | Replay: processing month 2022-02
2026-01-01 23:49:29 | INFO | hermis | Replay month done | 2022-01 | days=20 | NAV=9.7121 | MTD=-2.33% | DD=-8.94% | trades=5 | 4.4s
2026-01-01 23:49:32 | INFO | hermis | Replay: 2022-02 ready | days=20 | symbols=449
2026-01-01 23:49:32 | INFO | hermis | Replay: processing month 2022-03
2026-01-01 23:49:37 | INFO | hermis | Replay month done | 2022-02 | days=20 | NAV=8.2520 | MTD=-13.68% | DD=-18.38% | trades=4 | 4.5s
2026-01-01 23:49:40 | INFO | hermis | Replay: 2022-03 ready | days=21 | symbols=450
2026-01-01 23:49:40 | INFO | hermis | Replay: processing month 2022-04
2026-01-01 23:49:45 | INFO | hermis | Replay month done | 2022-03 | days=21 | NAV=9.1629 | MTD=+10.32% | DD=-4.09% | trades=4 | 4.8s
2026-01-01 23:49:47 | INFO | hermis | Replay: 2022-04 ready | days=19 | symbols=450
2026-01-01 23:49:47 | INFO | hermis | Replay: processing month 2022-05
2026-01-01 23:49:51 | INFO | hermis | Replay month done | 2022-04 | days=19 | NAV=9.8719 | MTD=+6.65% | DD=-2.44% | trades=4 | 4.4s
2026-01-01 23:49:54 | INFO | hermis | Replay: 2022-05 ready | days=21 | symbols=454
2026-01-01 23:49:54 | INFO | hermis | Replay: processing month 2022-06
2026-01-01 23:50:00 | INFO | hermis | Replay month done | 2022-05 | days=21 | NAV=8.9544 | MTD=-8.84% | DD=-14.92% | trades=5 | 5.2s
2026-01-01 23:50:02 | INFO | hermis | Replay: 2022-06 ready | days=22 | symbols=454
2026-01-01 23:50:02 | INFO | hermis | Replay: processing month 2022-07
2026-01-01 23:50:07 | INFO | hermis | Replay month done | 2022-06 | days=22 | NAV=8.7003 | MTD=-4.26% | DD=-11.91% | trades=4 | 4.8s
2026-01-01 23:50:09 | INFO | hermis | Replay: 2022-07 ready | days=21 | symbols=454
2026-01-01 23:50:09 | INFO | hermis | Replay: processing month 2022-08
2026-01-01 23:50:14 | INFO | hermis | Replay month done | 2022-07 | days=21 | NAV=9.3712 | MTD=+7.80% | DD=-1.44% | trades=4 | 4.3s
2026-01-01 23:50:16 | INFO | hermis | Replay: 2022-08 ready | days=20 | symbols=455
2026-01-01 23:50:16 | INFO | hermis | Replay: processing month 2022-09
2026-01-01 23:50:21 | INFO | hermis | Replay month done | 2022-08 | days=20 | NAV=10.0874 | MTD=+5.75% | DD=-1.83% | trades=5 | 4.1s
2026-01-01 23:50:24 | INFO | hermis | Replay: 2022-09 ready | days=22 | symbols=455
2026-01-01 23:50:24 | INFO | hermis | Replay: processing month 2022-10
2026-01-01 23:50:28 | INFO | hermis | Replay month done | 2022-09 | days=22 | NAV=10.0446 | MTD=-0.37% | DD=-6.52% | trades=4 | 4.5s
2026-01-01 23:50:31 | INFO | hermis | Replay: 2022-10 ready | days=18 | symbols=456
2026-01-01 23:50:31 | INFO | hermis | Replay: processing month 2022-11
2026-01-01 23:50:35 | INFO | hermis | Replay month done | 2022-10 | days=18 | NAV=10.3142 | MTD=+4.13% | DD=-2.62% | trades=5 | 4.1s
2026-01-01 23:50:39 | INFO | hermis | Replay: 2022-11 ready | days=21 | symbols=461
2026-01-01 23:50:39 | INFO | hermis | Replay: processing month 2022-12
2026-01-01 23:50:44 | INFO | hermis | Replay month done | 2022-11 | days=21 | NAV=11.0931 | MTD=+7.53% | DD=-1.65% | trades=4 | 5.0s
2026-01-01 23:50:47 | INFO | hermis | Replay: 2022-12 ready | days=22 | symbols=462
2026-01-01 23:50:47 | INFO | hermis | Replay: processing month 2023-01
2026-01-01 23:50:52 | INFO | hermis | Replay month done | 2022-12 | days=22 | NAV=11.7140 | MTD=+3.88% | DD=-14.14% | trades=4 | 5.1s
2026-01-01 23:50:54 | INFO | hermis | Replay: 2023-01 ready | days=21 | symbols=462
2026-01-01 23:50:54 | INFO | hermis | Replay: processing month 2023-02
2026-01-01 23:50:59 | INFO | hermis | Replay month done | 2023-01 | days=21 | NAV=12.5165 | MTD=+7.11% | DD=-3.72% | trades=5 | 5.3s
2026-01-01 23:51:02 | INFO | hermis | Replay: 2023-02 ready | days=20 | symbols=463
2026-01-01 23:51:02 | INFO | hermis | Replay: processing month 2023-03
2026-01-01 23:51:06 | INFO | hermis | Replay month done | 2023-02 | days=20 | NAV=11.6426 | MTD=-3.53% | DD=-4.83% | trades=4 | 4.6s
2026-01-01 23:51:09 | INFO | hermis | Replay: 2023-03 ready | days=21 | symbols=463
2026-01-01 23:51:09 | INFO | hermis | Replay: processing month 2023-04
2026-01-01 23:51:14 | INFO | hermis | Replay month done | 2023-03 | days=21 | NAV=11.9428 | MTD=+0.87% | DD=-4.91% | trades=4 | 4.5s
2026-01-01 23:51:16 | INFO | hermis | Replay: 2023-04 ready | days=17 | symbols=463
2026-01-01 23:51:16 | INFO | hermis | Replay: processing month 2023-05
2026-01-01 23:51:21 | INFO | hermis | Replay month done | 2023-04 | days=17 | NAV=12.8273 | MTD=+6.26% | DD=-0.30% | trades=4 | 4.6s
2026-01-01 23:51:23 | INFO | hermis | Replay: 2023-05 ready | days=22 | symbols=464
2026-01-01 23:51:23 | INFO | hermis | Replay: processing month 2023-06
2026-01-01 23:51:29 | INFO | hermis | Replay month done | 2023-05 | days=22 | NAV=13.8083 | MTD=+6.02% | DD=-3.48% | trades=5 | 6.0s
2026-01-01 23:51:31 | INFO | hermis | Replay: 2023-06 ready | days=21 | symbols=464
2026-01-01 23:51:31 | INFO | hermis | Replay: processing month 2023-07
2026-01-01 23:51:36 | INFO | hermis | Replay month done | 2023-06 | days=21 | NAV=15.2641 | MTD=+10.23% | DD=-3.32% | trades=4 | 4.6s
2026-01-01 23:51:39 | INFO | hermis | Replay: 2023-07 ready | days=21 | symbols=466
2026-01-01 23:51:39 | INFO | hermis | Replay: processing month 2023-08
2026-01-01 23:51:43 | INFO | hermis | Replay month done | 2023-07 | days=21 | NAV=17.4065 | MTD=+12.28% | DD=-0.86% | trades=5 | 4.9s
2026-01-01 23:51:46 | INFO | hermis | Replay: 2023-08 ready | days=22 | symbols=470
2026-01-01 23:51:46 | INFO | hermis | Replay: processing month 2023-09
2026-01-01 23:51:52 | INFO | hermis | Replay month done | 2023-08 | days=22 | NAV=19.0021 | MTD=+8.88% | DD=-1.88% | trades=4 | 5.5s
2026-01-01 23:51:54 | INFO | hermis | Replay: 2023-09 ready | days=20 | symbols=473
2026-01-01 23:51:54 | INFO | hermis | Replay: processing month 2023-10
2026-01-01 23:51:59 | INFO | hermis | Replay month done | 2023-09 | days=20 | NAV=19.7354 | MTD=+2.82% | DD=-6.50% | trades=4 | 4.9s
2026-01-01 23:52:01 | INFO | hermis | Replay: 2023-10 ready | days=20 | symbols=474
2026-01-01 23:52:01 | INFO | hermis | Replay: processing month 2023-11
2026-01-01 23:52:07 | INFO | hermis | Replay month done | 2023-10 | days=20 | NAV=19.7719 | MTD=-0.46% | DD=-8.46% | trades=5 | 5.8s
2026-01-01 23:52:09 | INFO | hermis | Replay: 2023-11 ready | days=20 | symbols=478
2026-01-01 23:52:09 | INFO | hermis | Replay: processing month 2023-12
2026-01-01 23:52:14 | INFO | hermis | Replay month done | 2023-11 | days=20 | NAV=22.7529 | MTD=+15.11% | DD=-0.79% | trades=4 | 5.0s
2026-01-01 23:52:16 | INFO | hermis | Replay: 2023-12 ready | days=20 | symbols=480
2026-01-01 23:52:16 | INFO | hermis | Replay: processing month 2024-01
2026-01-01 23:52:21 | INFO | hermis | Replay month done | 2023-12 | days=20 | NAV=24.3991 | MTD=+6.68% | DD=-4.99% | trades=4 | 4.7s
2026-01-01 23:52:24 | INFO | hermis | Replay: 2024-01 ready | days=22 | symbols=481
2026-01-01 23:52:24 | INFO | hermis | Replay: processing month 2024-02
2026-01-01 23:52:29 | INFO | hermis | Replay month done | 2024-01 | days=22 | NAV=27.8964 | MTD=+12.90% | DD=-4.87% | trades=5 | 5.1s
2026-01-01 23:52:32 | INFO | hermis | Replay: 2024-02 ready | days=21 | symbols=481
2026-01-01 23:52:32 | INFO | hermis | Replay: processing month 2024-03
2026-01-01 23:52:37 | INFO | hermis | Replay month done | 2024-02 | days=21 | NAV=27.5572 | MTD=-1.41% | DD=-10.65% | trades=4 | 5.0s
2026-01-01 23:52:39 | INFO | hermis | Replay: 2024-03 ready | days=19 | symbols=481
2026-01-01 23:52:39 | INFO | hermis | Replay: processing month 2024-04
2026-01-01 23:52:43 | INFO | hermis | Replay month done | 2024-03 | days=19 | NAV=26.6501 | MTD=-4.23% | DD=-13.34% | trades=4 | 4.5s
2026-01-01 23:52:46 | INFO | hermis | Replay: 2024-04 ready | days=20 | symbols=482
2026-01-01 23:52:46 | INFO | hermis | Replay: processing month 2024-05
2026-01-01 23:52:51 | INFO | hermis | Replay month done | 2024-04 | days=20 | NAV=28.5957 | MTD=+5.08% | DD=-2.21% | trades=5 | 4.8s
2026-01-01 23:52:54 | INFO | hermis | Replay: 2024-05 ready | days=22 | symbols=486
2026-01-01 23:52:54 | INFO | hermis | Replay: processing month 2024-06
2026-01-01 23:52:59 | INFO | hermis | Replay month done | 2024-05 | days=22 | NAV=29.5205 | MTD=+2.87% | DD=-6.73% | trades=4 | 5.1s
2026-01-01 23:53:02 | INFO | hermis | Replay: 2024-06 ready | days=19 | symbols=486
2026-01-01 23:53:02 | INFO | hermis | Replay: processing month 2024-07
2026-01-01 23:53:06 | INFO | hermis | Replay month done | 2024-06 | days=19 | NAV=32.5396 | MTD=+5.81% | DD=-10.72% | trades=4 | 4.7s
2026-01-01 23:53:08 | INFO | hermis | Replay: 2024-07 ready | days=4 | symbols=486
2026-01-01 23:53:09 | INFO | hermis | Replay month done | 2024-07 | days=4 | NAV=33.7625 | MTD=+2.30% | DD=-0.15% | trades=1 | 0.9s
2026-01-01 23:53:09 | INFO | hermis | Replay finished. Close the live NAV window to exit.
2026-01-01 23:53:28 | INFO | hermis | Experiment saved to: experiments\nifty500_LIVE_sharpe_ema_online_replay_1m_weekly_20260101_180950
2026-01-01 23:53:28 | INFO | hermis | Saved performance artifacts to experiments\nifty500_LIVE_sharpe_ema_online_replay_1m_weekly_20260101_180950\outputs\performance
2026-01-01 23:53:30 | INFO | hermis | Saved figures to: experiments\nifty500_LIVE_sharpe_ema_online_replay_1m_weekly_20260101_180950\artifacts\figures
2026-01-01 23:53:30 | INFO | hermis | Run complete
