2025-12-28 14:05:58,230 | INFO | Run initialized
2025-12-28 14:05:58,230 | INFO | Run folder: experiments\ema_risk_parity_10y_v2_daily_both_20251228_083555
2025-12-28 14:05:58,230 | INFO | Config used: experiments\ema_risk_parity_10y_v2_daily_both_20251228_083555\params.yaml
2025-12-28 14:05:58,230 | INFO | Experiments dir: experiments
2025-12-28 14:05:58,230 | INFO | Running experiment from config
2025-12-28 14:05:58,234 | INFO | Runner starting | data.mode=processed | use_gpu=False
2025-12-28 14:05:58,323 | INFO | Loaded prices | rows=2752 cols=303 | start=2015-11-06 00:00:00 end=2024-10-11 00:00:00
2025-12-28 14:05:58,323 | INFO | Optimizer configured | raw_type=ema_hybrid resolved=ema_hybrid | k=None | long_only=True | box={'min': 0.005, 'max': 0.45}
2025-12-28 14:05:58,324 | INFO | Planned total steps: 2752
2025-12-28 14:05:58,324 | INFO | Progress logging every 1%
2025-12-28 14:05:58,326 | INFO | Backtest starting | steps=2752 | rebalance=daily | tc(proportional)=0.0005 | record_non_rebalance=False
2025-12-28 14:05:58,326 | INFO | Date range: 2015-11-06 00:00:00 -> 2024-10-11 00:00:00 | assets=303
2025-12-28 14:05:58,326 | INFO | Rebalance dates computed: 2752 (first=2015-11-06 00:00:00 last=2024-10-11 00:00:00)
2025-12-28 14:05:58,346 | WARNING | No common tickers between expected_returns (0) and covariance (303) on 2015-11-06 00:00:00
2025-12-28 14:05:58,347 | WARNING | Using fallback equal-weight on 2015-11-06 00:00:00 | opt_status=skipped_no_common_tickers | n_valid_assets=291
2025-12-28 14:05:58,355 | WARNING | Using fallback equal-weight on 2015-11-08 00:00:00 | opt_status=ema_insufficient_window | n_valid_assets=291
2025-12-28 14:05:58,364 | WARNING | Using fallback equal-weight on 2015-11-09 00:00:00 | opt_status=ema_insufficient_window | n_valid_assets=291
2025-12-28 14:05:58,373 | WARNING | Using fallback equal-weight on 2015-11-10 00:00:00 | opt_status=ema_insufficient_window | n_valid_assets=291
2025-12-28 14:05:58,381 | WARNING | Using fallback equal-weight on 2015-11-11 00:00:00 | opt_status=ema_insufficient_window | n_valid_assets=291
2025-12-28 14:05:58,390 | WARNING | Using fallback equal-weight on 2015-11-12 00:00:00 | opt_status=ema_insufficient_window | n_valid_assets=291
2025-12-28 14:05:58,399 | WARNING | Using fallback equal-weight on 2015-11-13 00:00:00 | opt_status=ema_insufficient_window | n_valid_assets=291
2025-12-28 14:05:58,408 | WARNING | Using fallback equal-weight on 2015-11-15 00:00:00 | opt_status=ema_insufficient_window | n_valid_assets=291
2025-12-28 14:05:58,417 | WARNING | Using fallback equal-weight on 2015-11-16 00:00:00 | opt_status=ema_insufficient_window | n_valid_assets=291
2025-12-28 14:05:58,427 | WARNING | Using fallback equal-weight on 2015-11-17 00:00:00 | opt_status=ema_insufficient_window | n_valid_assets=291
2025-12-28 14:05:58,435 | WARNING | Using fallback equal-weight on 2015-11-18 00:00:00 | opt_status=ema_insufficient_window | n_valid_assets=291
2025-12-28 14:05:58,444 | WARNING | Using fallback equal-weight on 2015-11-19 00:00:00 | opt_status=ema_insufficient_window | n_valid_assets=291
2025-12-28 14:05:58,453 | WARNING | Using fallback equal-weight on 2015-11-20 00:00:00 | opt_status=ema_insufficient_window | n_valid_assets=291
2025-12-28 14:05:58,462 | WARNING | Using fallback equal-weight on 2015-11-22 00:00:00 | opt_status=ema_insufficient_window | n_valid_assets=291
2025-12-28 14:05:58,471 | WARNING | Using fallback equal-weight on 2015-11-23 00:00:00 | opt_status=ema_insufficient_window | n_valid_assets=291
2025-12-28 14:05:58,480 | WARNING | Using fallback equal-weight on 2015-11-24 00:00:00 | opt_status=ema_insufficient_window | n_valid_assets=291
2025-12-28 14:05:58,490 | WARNING | Using fallback equal-weight on 2015-11-25 00:00:00 | opt_status=ema_insufficient_window | n_valid_assets=291
2025-12-28 14:05:58,502 | WARNING | Using fallback equal-weight on 2015-11-26 00:00:00 | opt_status=ema_insufficient_window | n_valid_assets=291
2025-12-28 14:05:58,512 | WARNING | Using fallback equal-weight on 2015-11-27 00:00:00 | opt_status=ema_insufficient_window | n_valid_assets=291
2025-12-28 14:05:58,521 | WARNING | Using fallback equal-weight on 2015-11-29 00:00:00 | opt_status=ema_insufficient_window | n_valid_assets=291
2025-12-28 14:05:58,532 | WARNING | Using fallback equal-weight on 2015-11-30 00:00:00 | opt_status=ema_insufficient_window | n_valid_assets=291
2025-12-28 14:05:58,541 | WARNING | Using fallback equal-weight on 2015-12-01 00:00:00 | opt_status=ema_insufficient_window | n_valid_assets=291
2025-12-28 14:05:58,550 | WARNING | Using fallback equal-weight on 2015-12-02 00:00:00 | opt_status=ema_insufficient_window | n_valid_assets=291
2025-12-28 14:05:58,558 | WARNING | Using fallback equal-weight on 2015-12-03 00:00:00 | opt_status=ema_insufficient_window | n_valid_assets=291
2025-12-28 14:05:58,567 | WARNING | Using fallback equal-weight on 2015-12-04 00:00:00 | opt_status=ema_insufficient_window | n_valid_assets=291
2025-12-28 14:05:58,576 | WARNING | Using fallback equal-weight on 2015-12-06 00:00:00 | opt_status=ema_insufficient_window | n_valid_assets=291
2025-12-28 14:05:58,586 | WARNING | Using fallback equal-weight on 2015-12-07 00:00:00 | opt_status=ema_insufficient_window | n_valid_assets=291
2025-12-28 14:05:58,598 | WARNING | Using fallback equal-weight on 2015-12-08 00:00:00 | opt_status=ema_insufficient_window | n_valid_assets=291
2025-12-28 14:05:58,599 | INFO | Progress: 1% (28/2752) | date=2015-12-08 00:00:00 nav=0.98562153 opt_status=ema_insufficient_window
2025-12-28 14:05:58,606 | WARNING | Using fallback equal-weight on 2015-12-09 00:00:00 | opt_status=ema_insufficient_window | n_valid_assets=291
2025-12-28 14:05:58,616 | WARNING | Using fallback equal-weight on 2015-12-10 00:00:00 | opt_status=ema_insufficient_window | n_valid_assets=291
2025-12-28 14:05:58,626 | WARNING | Using fallback equal-weight on 2015-12-11 00:00:00 | opt_status=ema_insufficient_window | n_valid_assets=291
2025-12-28 14:05:58,636 | WARNING | Using fallback equal-weight on 2015-12-13 00:00:00 | opt_status=ema_insufficient_window | n_valid_assets=291
2025-12-28 14:05:58,645 | WARNING | Using fallback equal-weight on 2015-12-14 00:00:00 | opt_status=ema_insufficient_window | n_valid_assets=291
2025-12-28 14:05:58,655 | WARNING | Using fallback equal-weight on 2015-12-15 00:00:00 | opt_status=ema_insufficient_window | n_valid_assets=291
2025-12-28 14:05:58,664 | WARNING | Using fallback equal-weight on 2015-12-16 00:00:00 | opt_status=ema_insufficient_window | n_valid_assets=292
2025-12-28 14:05:58,675 | WARNING | Using fallback equal-weight on 2015-12-17 00:00:00 | opt_status=ema_insufficient_window | n_valid_assets=292
2025-12-28 14:05:58,687 | WARNING | Using fallback equal-weight on 2015-12-18 00:00:00 | opt_status=ema_insufficient_window | n_valid_assets=292
2025-12-28 14:05:58,697 | WARNING | Using fallback equal-weight on 2015-12-20 00:00:00 | opt_status=ema_insufficient_window | n_valid_assets=292
2025-12-28 14:05:58,706 | WARNING | Using fallback equal-weight on 2015-12-21 00:00:00 | opt_status=ema_insufficient_window | n_valid_assets=292
2025-12-28 14:05:58,716 | WARNING | Using fallback equal-weight on 2015-12-22 00:00:00 | opt_status=ema_insufficient_window | n_valid_assets=292
2025-12-28 14:05:58,726 | WARNING | Using fallback equal-weight on 2015-12-23 00:00:00 | opt_status=ema_insufficient_window | n_valid_assets=292
2025-12-28 14:05:58,736 | WARNING | Using fallback equal-weight on 2015-12-24 00:00:00 | opt_status=ema_insufficient_window | n_valid_assets=292
2025-12-28 14:05:58,746 | WARNING | Using fallback equal-weight on 2015-12-27 00:00:00 | opt_status=ema_insufficient_window | n_valid_assets=292
2025-12-28 14:05:58,756 | WARNING | Using fallback equal-weight on 2015-12-28 00:00:00 | opt_status=ema_insufficient_window | n_valid_assets=292
2025-12-28 14:05:58,765 | WARNING | Using fallback equal-weight on 2015-12-29 00:00:00 | opt_status=ema_insufficient_window | n_valid_assets=292
2025-12-28 14:05:58,775 | WARNING | Using fallback equal-weight on 2015-12-30 00:00:00 | opt_status=ema_insufficient_window | n_valid_assets=292
2025-12-28 14:05:58,785 | WARNING | Using fallback equal-weight on 2015-12-31 00:00:00 | opt_status=ema_insufficient_window | n_valid_assets=292
2025-12-28 14:05:58,795 | WARNING | Using fallback equal-weight on 2016-01-03 00:00:00 | opt_status=ema_insufficient_window | n_valid_assets=292
2025-12-28 14:05:58,806 | WARNING | Using fallback equal-weight on 2016-01-04 00:00:00 | opt_status=ema_insufficient_window | n_valid_assets=292
2025-12-28 14:05:59,363 | INFO | Progress: 2% (56/2752) | date=2016-01-12 00:00:00 nav=0.91723912 opt_status=ok_ema_risk_parity
2025-12-28 14:06:00,288 | INFO | Progress: 3% (83/2752) | date=2016-02-12 00:00:00 nav=0.87295468 opt_status=ok_ema_risk_parity
2025-12-28 14:06:01,229 | INFO | Progress: 4% (111/2752) | date=2016-03-17 00:00:00 nav=0.90291745 opt_status=ok_ema_risk_parity
2025-12-28 14:06:02,150 | INFO | Progress: 5% (138/2752) | date=2016-04-19 00:00:00 nav=0.92759143 opt_status=ok_ema_risk_parity
2025-12-28 14:06:03,141 | INFO | Progress: 6% (166/2752) | date=2016-05-22 00:00:00 nav=0.92369399 opt_status=ok_ema_risk_parity
2025-12-28 14:06:04,192 | INFO | Progress: 7% (193/2752) | date=2016-06-22 00:00:00 nav=0.97587763 opt_status=ok_ema_risk_parity
2025-12-28 14:06:05,180 | INFO | Progress: 8% (221/2752) | date=2016-07-25 00:00:00 nav=1.05886323 opt_status=ok_ema_risk_parity
2025-12-28 14:06:06,064 | INFO | Progress: 9% (248/2752) | date=2016-08-26 00:00:00 nav=1.08707553 opt_status=ok_ema_risk_parity
2025-12-28 14:06:06,971 | INFO | Progress: 10% (276/2752) | date=2016-09-29 00:00:00 nav=1.10301849 opt_status=ok_ema_risk_parity
2025-12-28 14:06:07,990 | INFO | Progress: 11% (303/2752) | date=2016-11-01 00:00:00 nav=1.20578916 opt_status=ok_ema_risk_parity
2025-12-28 14:06:08,948 | INFO | Progress: 12% (331/2752) | date=2016-12-05 00:00:00 nav=1.15973231 opt_status=ok_ema_risk_parity
2025-12-28 14:06:09,922 | INFO | Progress: 13% (358/2752) | date=2017-01-05 00:00:00 nav=1.12857023 opt_status=ok_ema_risk_parity
2025-12-28 14:06:10,813 | INFO | Progress: 14% (386/2752) | date=2017-02-07 00:00:00 nav=1.23010561 opt_status=ok_ema_risk_parity
2025-12-28 14:06:11,681 | INFO | Progress: 15% (413/2752) | date=2017-03-10 00:00:00 nav=1.21922349 opt_status=ok_ema_risk_parity
2025-12-28 14:06:12,570 | INFO | Progress: 16% (441/2752) | date=2017-04-13 00:00:00 nav=1.39737462 opt_status=ok_ema_risk_parity
2025-12-28 14:06:13,513 | INFO | Progress: 17% (468/2752) | date=2017-05-17 00:00:00 nav=1.38311168 opt_status=ok_ema_risk_parity
2025-12-28 14:06:14,544 | INFO | Progress: 18% (496/2752) | date=2017-06-19 00:00:00 nav=1.39729007 opt_status=ok_ema_risk_parity
2025-12-28 14:06:15,412 | INFO | Progress: 19% (523/2752) | date=2017-07-21 00:00:00 nav=1.43406567 opt_status=ok_ema_risk_parity
2025-12-28 14:06:16,747 | INFO | Progress: 20% (551/2752) | date=2017-08-23 00:00:00 nav=1.45888086 opt_status=ok_ema_risk_parity
2025-12-28 14:06:17,695 | INFO | Progress: 21% (578/2752) | date=2017-09-24 00:00:00 nav=1.45098546 opt_status=ok_ema_risk_parity
2025-12-28 14:06:18,678 | INFO | Progress: 22% (606/2752) | date=2017-10-27 00:00:00 nav=1.52481013 opt_status=ok_ema_risk_parity
2025-12-28 14:06:19,623 | INFO | Progress: 23% (633/2752) | date=2017-11-28 00:00:00 nav=1.6515671 opt_status=ok_ema_risk_parity
2025-12-28 14:06:20,658 | INFO | Progress: 24% (661/2752) | date=2018-01-01 00:00:00 nav=1.62466811 opt_status=ok_ema_risk_parity
2025-12-28 14:06:21,660 | INFO | Progress: 25% (688/2752) | date=2018-02-01 00:00:00 nav=1.65821175 opt_status=ok_ema_risk_parity
2025-12-28 14:06:22,684 | INFO | Progress: 26% (716/2752) | date=2018-03-06 00:00:00 nav=1.56626727 opt_status=ok_ema_risk_parity
2025-12-28 14:06:23,693 | INFO | Progress: 27% (744/2752) | date=2018-04-09 00:00:00 nav=1.52917806 opt_status=ok_ema_risk_parity
2025-12-28 14:06:24,547 | INFO | Progress: 28% (771/2752) | date=2018-05-10 00:00:00 nav=1.52255324 opt_status=ok_ema_risk_parity
2025-12-28 14:06:25,485 | INFO | Progress: 29% (799/2752) | date=2018-06-12 00:00:00 nav=1.46401895 opt_status=ok_ema_risk_parity
2025-12-28 14:06:26,344 | INFO | Progress: 30% (826/2752) | date=2018-07-13 00:00:00 nav=1.48228511 opt_status=ok_ema_risk_parity
2025-12-28 14:06:27,217 | INFO | Progress: 31% (854/2752) | date=2018-08-15 00:00:00 nav=1.73455698 opt_status=ok_ema_risk_parity
2025-12-28 14:06:28,113 | INFO | Progress: 32% (881/2752) | date=2018-09-16 00:00:00 nav=1.71144994 opt_status=ok_ema_risk_parity
2025-12-28 14:06:29,058 | INFO | Progress: 33% (909/2752) | date=2018-10-18 00:00:00 nav=1.56272698 opt_status=ok_ema_risk_parity
2025-12-28 14:06:30,108 | INFO | Progress: 34% (936/2752) | date=2018-11-19 00:00:00 nav=1.57440892 opt_status=ok_ema_risk_parity
2025-12-28 14:06:31,154 | INFO | Progress: 35% (964/2752) | date=2018-12-23 00:00:00 nav=1.41169816 opt_status=ok_ema_risk_parity
2025-12-28 14:06:32,032 | INFO | Progress: 36% (991/2752) | date=2019-01-23 00:00:00 nav=1.27190684 opt_status=ok_ema_risk_parity
2025-12-28 14:06:33,023 | INFO | Progress: 37% (1019/2752) | date=2019-02-25 00:00:00 nav=1.30648988 opt_status=ok_ema_risk_parity
2025-12-28 14:06:33,928 | INFO | Progress: 38% (1046/2752) | date=2019-03-29 00:00:00 nav=1.33109287 opt_status=ok_ema_risk_parity
2025-12-28 14:06:34,890 | INFO | Progress: 39% (1074/2752) | date=2019-05-03 00:00:00 nav=1.30103008 opt_status=ok_ema_risk_parity
2025-12-28 14:06:35,836 | INFO | Progress: 40% (1101/2752) | date=2019-06-04 00:00:00 nav=1.246098 opt_status=ok_ema_risk_parity
2025-12-28 14:06:36,888 | INFO | Progress: 41% (1129/2752) | date=2019-07-07 00:00:00 nav=1.20062654 opt_status=ok_ema_risk_parity
2025-12-28 14:06:37,804 | INFO | Progress: 42% (1156/2752) | date=2019-08-07 00:00:00 nav=1.18423938 opt_status=ok_ema_risk_parity
2025-12-28 14:06:38,788 | INFO | Progress: 43% (1184/2752) | date=2019-09-11 00:00:00 nav=1.17101315 opt_status=ok_ema_risk_parity
2025-12-28 14:06:39,706 | INFO | Progress: 44% (1211/2752) | date=2019-10-13 00:00:00 nav=1.1471217 opt_status=ok_ema_risk_parity
2025-12-28 14:06:40,692 | INFO | Progress: 45% (1239/2752) | date=2019-11-15 00:00:00 nav=1.20211897 opt_status=ok_ema_risk_parity
2025-12-28 14:06:41,616 | INFO | Progress: 46% (1266/2752) | date=2019-12-17 00:00:00 nav=1.20842925 opt_status=ok_ema_risk_parity
2025-12-28 14:06:43,252 | INFO | Progress: 47% (1294/2752) | date=2020-01-19 00:00:00 nav=1.26947258 opt_status=ok_ema_risk_parity
2025-12-28 14:06:44,153 | INFO | Progress: 48% (1321/2752) | date=2020-02-19 00:00:00 nav=1.33015339 opt_status=ok_ema_risk_parity
2025-12-28 14:06:45,154 | INFO | Progress: 49% (1349/2752) | date=2020-03-23 00:00:00 nav=0.94901475 opt_status=ok_ema_risk_parity
2025-12-28 14:06:46,141 | INFO | Progress: 50% (1376/2752) | date=2020-04-26 00:00:00 nav=1.10917651 opt_status=ok_ema_risk_parity
2025-12-28 14:06:47,141 | INFO | Progress: 51% (1404/2752) | date=2020-05-29 00:00:00 nav=1.13771381 opt_status=ok_ema_risk_parity
2025-12-28 14:06:48,115 | INFO | Progress: 52% (1432/2752) | date=2020-07-01 00:00:00 nav=1.18858373 opt_status=ok_ema_risk_parity
2025-12-28 14:06:49,057 | INFO | Progress: 53% (1459/2752) | date=2020-08-03 00:00:00 nav=1.32184182 opt_status=ok_ema_risk_parity
2025-12-28 14:06:50,052 | INFO | Progress: 54% (1487/2752) | date=2020-09-04 00:00:00 nav=1.40236213 opt_status=ok_ema_risk_parity
2025-12-28 14:06:51,035 | INFO | Progress: 55% (1514/2752) | date=2020-10-06 00:00:00 nav=1.4231545 opt_status=ok_ema_risk_parity
2025-12-28 14:06:52,110 | INFO | Progress: 56% (1542/2752) | date=2020-11-08 00:00:00 nav=1.44438294 opt_status=ok_ema_risk_parity
2025-12-28 14:06:53,143 | INFO | Progress: 57% (1569/2752) | date=2020-12-11 00:00:00 nav=1.60174976 opt_status=ok_ema_risk_parity
2025-12-28 14:06:54,161 | INFO | Progress: 58% (1597/2752) | date=2021-01-15 00:00:00 nav=1.67190495 opt_status=ok_ema_risk_parity
2025-12-28 14:06:55,116 | INFO | Progress: 59% (1624/2752) | date=2021-02-16 00:00:00 nav=1.721217 opt_status=ok_ema_risk_parity
2025-12-28 14:06:56,091 | INFO | Progress: 60% (1652/2752) | date=2021-03-21 00:00:00 nav=1.75872701 opt_status=ok_ema_risk_parity
2025-12-28 14:06:57,126 | INFO | Progress: 61% (1679/2752) | date=2021-04-23 00:00:00 nav=1.74552333 opt_status=ok_ema_risk_parity
2025-12-28 14:06:58,151 | INFO | Progress: 62% (1707/2752) | date=2021-05-26 00:00:00 nav=1.8166215 opt_status=ok_ema_risk_parity
2025-12-28 14:06:59,076 | INFO | Progress: 63% (1734/2752) | date=2021-06-27 00:00:00 nav=1.81312222 opt_status=ok_ema_risk_parity
2025-12-28 14:07:00,132 | INFO | Progress: 64% (1762/2752) | date=2021-07-29 00:00:00 nav=1.89916338 opt_status=ok_ema_risk_parity
2025-12-28 14:07:01,039 | INFO | Progress: 65% (1789/2752) | date=2021-08-30 00:00:00 nav=1.94267887 opt_status=ok_ema_risk_parity
2025-12-28 14:07:02,019 | INFO | Progress: 66% (1817/2752) | date=2021-10-01 00:00:00 nav=1.94353153 opt_status=ok_ema_risk_parity
2025-12-28 14:07:02,977 | INFO | Progress: 67% (1844/2752) | date=2021-11-02 00:00:00 nav=1.97029959 opt_status=ok_ema_risk_parity
2025-12-28 14:07:03,965 | INFO | Progress: 68% (1872/2752) | date=2021-12-05 00:00:00 nav=1.90111329 opt_status=ok_ema_risk_parity
2025-12-28 14:07:04,963 | INFO | Progress: 69% (1899/2752) | date=2022-01-06 00:00:00 nav=1.95902018 opt_status=ok_ema_risk_parity
2025-12-28 14:07:05,916 | INFO | Progress: 70% (1927/2752) | date=2022-02-08 00:00:00 nav=1.81775113 opt_status=ok_ema_risk_parity
2025-12-28 14:07:06,834 | INFO | Progress: 71% (1954/2752) | date=2022-03-11 00:00:00 nav=1.75409462 opt_status=ok_ema_risk_parity
2025-12-28 14:07:07,829 | INFO | Progress: 72% (1982/2752) | date=2022-04-13 00:00:00 nav=1.83367344 opt_status=ok_ema_risk_parity
2025-12-28 14:07:08,769 | INFO | Progress: 73% (2009/2752) | date=2022-05-16 00:00:00 nav=1.66177171 opt_status=ok_ema_risk_parity
2025-12-28 14:07:09,739 | INFO | Progress: 74% (2037/2752) | date=2022-06-17 00:00:00 nav=1.49029787 opt_status=ok_ema_risk_parity
2025-12-28 14:07:10,687 | INFO | Progress: 75% (2064/2752) | date=2022-07-19 00:00:00 nav=1.56650564 opt_status=ok_ema_risk_parity
2025-12-28 14:07:11,740 | INFO | Progress: 76% (2092/2752) | date=2022-08-22 00:00:00 nav=1.59061365 opt_status=ok_ema_risk_parity
2025-12-28 14:07:12,730 | INFO | Progress: 77% (2120/2752) | date=2022-09-23 00:00:00 nav=1.57283604 opt_status=ok_ema_risk_parity
2025-12-28 14:07:13,697 | INFO | Progress: 78% (2147/2752) | date=2022-10-25 00:00:00 nav=1.56137526 opt_status=ok_ema_risk_parity
2025-12-28 14:07:14,662 | INFO | Progress: 79% (2175/2752) | date=2022-11-27 00:00:00 nav=1.59561786 opt_status=ok_ema_risk_parity
2025-12-28 14:07:15,562 | INFO | Progress: 80% (2202/2752) | date=2022-12-28 00:00:00 nav=1.56024117 opt_status=ok_ema_risk_parity
2025-12-28 14:07:16,524 | INFO | Progress: 81% (2230/2752) | date=2023-01-30 00:00:00 nav=1.60078159 opt_status=ok_ema_risk_parity
2025-12-28 14:07:17,445 | INFO | Progress: 82% (2257/2752) | date=2023-03-02 00:00:00 nav=1.53183173 opt_status=ok_ema_risk_parity
2025-12-28 14:07:18,421 | INFO | Progress: 83% (2285/2752) | date=2023-04-04 00:00:00 nav=1.54010605 opt_status=ok_ema_risk_parity
2025-12-28 14:07:19,323 | INFO | Progress: 84% (2312/2752) | date=2023-05-08 00:00:00 nav=1.57660431 opt_status=ok_ema_risk_parity
2025-12-28 14:07:20,333 | INFO | Progress: 85% (2340/2752) | date=2023-06-09 00:00:00 nav=1.68658344 opt_status=ok_ema_risk_parity
2025-12-28 14:07:21,371 | INFO | Progress: 86% (2367/2752) | date=2023-07-11 00:00:00 nav=1.75351966 opt_status=ok_ema_risk_parity
2025-12-28 14:07:22,372 | INFO | Progress: 87% (2395/2752) | date=2023-08-13 00:00:00 nav=1.80592109 opt_status=ok_ema_risk_parity
2025-12-28 14:07:23,330 | INFO | Progress: 88% (2422/2752) | date=2023-09-13 00:00:00 nav=1.82815872 opt_status=ok_ema_risk_parity
2025-12-28 14:07:24,307 | INFO | Progress: 89% (2450/2752) | date=2023-10-17 00:00:00 nav=1.80556852 opt_status=ok_ema_risk_parity
2025-12-28 14:07:25,206 | INFO | Progress: 90% (2477/2752) | date=2023-11-17 00:00:00 nav=1.79609851 opt_status=ok_ema_risk_parity
2025-12-28 14:07:26,142 | INFO | Progress: 91% (2505/2752) | date=2023-12-21 00:00:00 nav=1.98477221 opt_status=ok_ema_risk_parity
2025-12-28 14:07:27,094 | INFO | Progress: 92% (2532/2752) | date=2024-01-24 00:00:00 nav=2.08099331 opt_status=ok_ema_risk_parity
2025-12-28 14:07:28,049 | INFO | Progress: 93% (2560/2752) | date=2024-02-26 00:00:00 nav=2.19994535 opt_status=ok_ema_risk_parity
2025-12-28 14:07:28,980 | INFO | Progress: 94% (2587/2752) | date=2024-03-31 00:00:00 nav=2.23313657 opt_status=ok_ema_risk_parity
2025-12-28 14:07:29,923 | INFO | Progress: 95% (2615/2752) | date=2024-05-02 00:00:00 nav=2.2910443 opt_status=ok_ema_risk_parity
2025-12-28 14:07:30,871 | INFO | Progress: 96% (2642/2752) | date=2024-06-04 00:00:00 nav=2.42393581 opt_status=ok_ema_risk_parity
2025-12-28 14:07:31,828 | INFO | Progress: 97% (2670/2752) | date=2024-07-08 00:00:00 nav=2.55819271 opt_status=ok_ema_risk_parity
2025-12-28 14:07:32,718 | INFO | Progress: 98% (2697/2752) | date=2024-08-08 00:00:00 nav=2.50479128 opt_status=ok_ema_risk_parity
2025-12-28 14:07:33,668 | INFO | Progress: 99% (2725/2752) | date=2024-09-10 00:00:00 nav=2.58031965 opt_status=ok_ema_risk_parity
2025-12-28 14:07:34,699 | INFO | Progress: 100% (2752/2752) | date=2024-10-11 00:00:00 nav=2.54361432 opt_status=ok_ema_risk_parity
2025-12-28 14:07:34,965 | INFO | Experiment saved to: experiments\ema_risk_parity_10y_v2_daily_both_20251228_083555
2025-12-28 14:07:35,069 | INFO | Saved performance artifacts to experiments\ema_risk_parity_10y_v2_daily_both_20251228_083555\outputs\performance
2025-12-28 14:07:36,764 | INFO | Saved figures to: experiments\ema_risk_parity_10y_v2_daily_both_20251228_083555\artifacts\figures
2025-12-28 14:07:36,764 | INFO | Run complete
