2025-12-28 01:06:12,332 | INFO | Run initialized
2025-12-28 01:06:12,332 | INFO | Run folder: experiments\omd_daily_k25_v_target_1.05_both_20251227_193609
2025-12-28 01:06:12,333 | INFO | Config used: experiments\omd_daily_k25_v_target_1.05_both_20251227_193609\params.yaml
2025-12-28 01:06:12,333 | INFO | Experiments dir: experiments
2025-12-28 01:06:12,333 | INFO | Running experiment from config
2025-12-28 01:06:12,336 | INFO | Runner starting | data.mode=processed | use_gpu=False
2025-12-28 01:06:12,453 | INFO | Loaded prices | rows=2876 cols=303 | start=2015-11-06 00:00:00 end=2025-03-05 00:00:00
2025-12-28 01:06:12,453 | INFO | Optimizer configured | raw_type=omd resolved=omd | k=25 | long_only=True | box={'min': 0.0, 'max': 0.2}
2025-12-28 01:06:12,454 | INFO | Planned total steps: 2876
2025-12-28 01:06:12,454 | INFO | Progress logging every 1%
2025-12-28 01:06:12,457 | INFO | Backtest starting | steps=2876 | rebalance=weekly | tc(proportional)=0.0005 | record_non_rebalance=False
2025-12-28 01:06:12,457 | INFO | Date range: 2015-11-06 00:00:00 -> 2025-03-05 00:00:00 | assets=303
2025-12-28 01:06:12,457 | INFO | Rebalance dates computed: 488 (first=2015-11-06 00:00:00 last=2025-03-03 00:00:00)
2025-12-28 01:06:12,486 | WARNING | No common tickers between expected_returns (0) and covariance (303) on 2015-11-06 00:00:00
2025-12-28 01:06:12,487 | WARNING | Using fallback equal-weight on 2015-11-06 00:00:00 | opt_status=skipped_no_common_tickers | n_valid_assets=291
2025-12-28 01:06:12,616 | INFO | Progress: 1% (29/2876) | date=2015-12-09 00:00:00 nav=1.00456534 opt_status=no_rebalance
2025-12-28 01:06:12,708 | INFO | Progress: 2% (58/2876) | date=2016-01-14 00:00:00 nav=0.94831372 opt_status=no_rebalance
2025-12-28 01:06:12,795 | INFO | Progress: 3% (87/2876) | date=2016-02-17 00:00:00 nav=0.91891269 opt_status=no_rebalance
2025-12-28 01:06:12,889 | INFO | Progress: 4% (116/2876) | date=2016-03-23 00:00:00 nav=1.0086299 opt_status=no_rebalance
2025-12-28 01:06:12,986 | INFO | Progress: 5% (144/2876) | date=2016-04-26 00:00:00 nav=1.08548422 opt_status=no_rebalance
2025-12-28 01:06:13,085 | INFO | Progress: 6% (173/2876) | date=2016-05-30 00:00:00 nav=1.14010429 opt_status=ok
2025-12-28 01:06:13,176 | INFO | Progress: 7% (202/2876) | date=2016-07-03 00:00:00 nav=1.16840282 opt_status=no_rebalance
2025-12-28 01:06:13,282 | INFO | Progress: 8% (231/2876) | date=2016-08-05 00:00:00 nav=1.22380022 opt_status=no_rebalance
2025-12-28 01:06:13,392 | INFO | Progress: 9% (259/2876) | date=2016-09-09 00:00:00 nav=1.26586924 opt_status=no_rebalance
2025-12-28 01:06:13,500 | INFO | Progress: 10% (288/2876) | date=2016-10-13 00:00:00 nav=1.27066264 opt_status=no_rebalance
2025-12-28 01:06:13,614 | INFO | Progress: 11% (317/2876) | date=2016-11-18 00:00:00 nav=1.14091464 opt_status=no_rebalance
2025-12-28 01:06:13,722 | INFO | Progress: 12% (346/2876) | date=2016-12-22 00:00:00 nav=1.13079374 opt_status=no_rebalance
2025-12-28 01:06:13,823 | INFO | Progress: 13% (374/2876) | date=2017-01-24 00:00:00 nav=1.21987878 opt_status=no_rebalance
2025-12-28 01:06:13,928 | INFO | Progress: 14% (403/2876) | date=2017-02-27 00:00:00 nav=1.29421034 opt_status=ok
2025-12-28 01:06:14,040 | INFO | Progress: 15% (432/2876) | date=2017-04-03 00:00:00 nav=1.34207091 opt_status=ok
2025-12-28 01:06:14,143 | INFO | Progress: 16% (461/2876) | date=2017-05-09 00:00:00 nav=1.39435804 opt_status=no_rebalance
2025-12-28 01:06:14,226 | INFO | Progress: 17% (489/2876) | date=2017-06-11 00:00:00 nav=1.35048104 opt_status=no_rebalance
2025-12-28 01:06:14,331 | INFO | Progress: 18% (518/2876) | date=2017-07-16 00:00:00 nav=1.37824213 opt_status=no_rebalance
2025-12-28 01:06:14,440 | INFO | Progress: 19% (547/2876) | date=2017-08-18 00:00:00 nav=1.3533538 opt_status=no_rebalance
2025-12-28 01:06:14,543 | INFO | Progress: 20% (576/2876) | date=2017-09-21 00:00:00 nav=1.3761658 opt_status=no_rebalance
2025-12-28 01:06:14,645 | INFO | Progress: 21% (604/2876) | date=2017-10-25 00:00:00 nav=1.53285825 opt_status=no_rebalance
2025-12-28 01:06:14,752 | INFO | Progress: 22% (633/2876) | date=2017-11-28 00:00:00 nav=1.58370167 opt_status=no_rebalance
2025-12-28 01:06:14,871 | INFO | Progress: 23% (662/2876) | date=2018-01-02 00:00:00 nav=1.62190307 opt_status=no_rebalance
2025-12-28 01:06:14,978 | INFO | Progress: 24% (691/2876) | date=2018-02-05 00:00:00 nav=1.56759557 opt_status=ok
2025-12-28 01:06:15,066 | INFO | Progress: 25% (719/2876) | date=2018-03-09 00:00:00 nav=1.59091509 opt_status=no_rebalance
2025-12-28 01:06:15,174 | INFO | Progress: 26% (748/2876) | date=2018-04-13 00:00:00 nav=1.57584019 opt_status=no_rebalance
2025-12-28 01:06:15,286 | INFO | Progress: 27% (777/2876) | date=2018-05-17 00:00:00 nav=1.60051081 opt_status=no_rebalance
2025-12-28 01:06:15,398 | INFO | Progress: 28% (806/2876) | date=2018-06-20 00:00:00 nav=1.61368216 opt_status=no_rebalance
2025-12-28 01:06:15,502 | INFO | Progress: 29% (835/2876) | date=2018-07-24 00:00:00 nav=1.61842617 opt_status=no_rebalance
2025-12-28 01:06:15,592 | INFO | Progress: 30% (863/2876) | date=2018-08-26 00:00:00 nav=1.71096458 opt_status=no_rebalance
2025-12-28 01:06:15,700 | INFO | Progress: 31% (892/2876) | date=2018-09-28 00:00:00 nav=1.66640058 opt_status=no_rebalance
2025-12-28 01:06:15,800 | INFO | Progress: 32% (921/2876) | date=2018-11-01 00:00:00 nav=1.63303913 opt_status=no_rebalance
2025-12-28 01:06:15,905 | INFO | Progress: 33% (950/2876) | date=2018-12-06 00:00:00 nav=1.55873883 opt_status=no_rebalance
2025-12-28 01:06:16,014 | INFO | Progress: 34% (978/2876) | date=2019-01-08 00:00:00 nav=1.53158489 opt_status=no_rebalance
2025-12-28 01:06:16,120 | INFO | Progress: 35% (1007/2876) | date=2019-02-11 00:00:00 nav=1.57159248 opt_status=ok
2025-12-28 01:06:16,232 | INFO | Progress: 36% (1036/2876) | date=2019-03-18 00:00:00 nav=1.71443425 opt_status=ok
2025-12-28 01:06:16,339 | INFO | Progress: 37% (1065/2876) | date=2019-04-22 00:00:00 nav=1.80983958 opt_status=ok
2025-12-28 01:06:16,426 | INFO | Progress: 38% (1093/2876) | date=2019-05-26 00:00:00 nav=1.7168586 opt_status=no_rebalance
2025-12-28 01:06:16,529 | INFO | Progress: 39% (1122/2876) | date=2019-06-28 00:00:00 nav=1.7841617 opt_status=no_rebalance
2025-12-28 01:06:16,622 | INFO | Progress: 40% (1151/2876) | date=2019-08-01 00:00:00 nav=1.75488533 opt_status=no_rebalance
2025-12-28 01:06:16,721 | INFO | Progress: 41% (1180/2876) | date=2019-09-06 00:00:00 nav=1.75800571 opt_status=no_rebalance
2025-12-28 01:06:16,818 | INFO | Progress: 42% (1208/2876) | date=2019-10-09 00:00:00 nav=1.76532645 opt_status=no_rebalance
2025-12-28 01:06:16,915 | INFO | Progress: 43% (1237/2876) | date=2019-11-13 00:00:00 nav=1.95852443 opt_status=no_rebalance
2025-12-28 01:06:17,025 | INFO | Progress: 44% (1266/2876) | date=2019-12-17 00:00:00 nav=2.02910036 opt_status=no_rebalance
2025-12-28 01:06:17,130 | INFO | Progress: 45% (1295/2876) | date=2020-01-20 00:00:00 nav=2.1454837 opt_status=ok
2025-12-28 01:06:17,211 | INFO | Progress: 46% (1323/2876) | date=2020-02-21 00:00:00 nav=2.23884471 opt_status=no_rebalance
2025-12-28 01:06:17,313 | INFO | Progress: 47% (1352/2876) | date=2020-03-26 00:00:00 nav=1.63771202 opt_status=no_rebalance
2025-12-28 01:06:17,414 | INFO | Progress: 48% (1381/2876) | date=2020-05-01 00:00:00 nav=1.81379539 opt_status=no_rebalance
2025-12-28 01:06:17,514 | INFO | Progress: 49% (1410/2876) | date=2020-06-05 00:00:00 nav=2.08568931 opt_status=no_rebalance
2025-12-28 01:06:17,617 | INFO | Progress: 50% (1438/2876) | date=2020-07-09 00:00:00 nav=2.2000225 opt_status=no_rebalance
2025-12-28 01:06:17,715 | INFO | Progress: 51% (1467/2876) | date=2020-08-12 00:00:00 nav=2.35766136 opt_status=no_rebalance
2025-12-28 01:06:17,821 | INFO | Progress: 52% (1496/2876) | date=2020-09-15 00:00:00 nav=2.40466958 opt_status=no_rebalance
2025-12-28 01:06:17,927 | INFO | Progress: 53% (1525/2876) | date=2020-10-19 00:00:00 nav=2.49068401 opt_status=ok
2025-12-28 01:06:18,024 | INFO | Progress: 54% (1554/2876) | date=2020-11-23 00:00:00 nav=2.62695725 opt_status=ok
2025-12-28 01:06:18,125 | INFO | Progress: 55% (1582/2876) | date=2020-12-28 00:00:00 nav=2.8122529 opt_status=ok
2025-12-28 01:06:18,223 | INFO | Progress: 56% (1611/2876) | date=2021-02-01 00:00:00 nav=2.93062909 opt_status=ok
2025-12-28 01:06:18,311 | INFO | Progress: 57% (1640/2876) | date=2021-03-07 00:00:00 nav=3.13771137 opt_status=no_rebalance
2025-12-28 01:06:18,433 | INFO | Progress: 58% (1669/2876) | date=2021-04-12 00:00:00 nav=3.35347644 opt_status=ok
2025-12-28 01:06:18,513 | INFO | Progress: 59% (1697/2876) | date=2021-05-14 00:00:00 nav=3.29837766 opt_status=no_rebalance
2025-12-28 01:06:18,617 | INFO | Progress: 60% (1726/2876) | date=2021-06-17 00:00:00 nav=3.47908734 opt_status=no_rebalance
2025-12-28 01:06:18,735 | INFO | Progress: 61% (1755/2876) | date=2021-07-21 00:00:00 nav=3.63162294 opt_status=no_rebalance
2025-12-28 01:06:18,843 | INFO | Progress: 62% (1784/2876) | date=2021-08-24 00:00:00 nav=3.61558794 opt_status=no_rebalance
2025-12-28 01:06:18,938 | INFO | Progress: 63% (1812/2876) | date=2021-09-26 00:00:00 nav=3.68655236 opt_status=no_rebalance
2025-12-28 01:06:19,056 | INFO | Progress: 64% (1841/2876) | date=2021-10-29 00:00:00 nav=3.83722685 opt_status=no_rebalance
2025-12-28 01:06:19,164 | INFO | Progress: 65% (1870/2876) | date=2021-12-02 00:00:00 nav=3.90614716 opt_status=no_rebalance
2025-12-28 01:06:19,275 | INFO | Progress: 66% (1899/2876) | date=2022-01-06 00:00:00 nav=3.98399309 opt_status=no_rebalance
2025-12-28 01:06:19,379 | INFO | Progress: 67% (1927/2876) | date=2022-02-08 00:00:00 nav=3.87187563 opt_status=no_rebalance
2025-12-28 01:06:19,485 | INFO | Progress: 68% (1956/2876) | date=2022-03-14 00:00:00 nav=3.48508906 opt_status=ok
2025-12-28 01:06:19,605 | INFO | Progress: 69% (1985/2876) | date=2022-04-18 00:00:00 nav=3.74913251 opt_status=ok
2025-12-28 01:06:19,718 | INFO | Progress: 70% (2014/2876) | date=2022-05-22 00:00:00 nav=3.42239228 opt_status=no_rebalance
2025-12-28 01:06:19,823 | INFO | Progress: 71% (2042/2876) | date=2022-06-23 00:00:00 nav=3.23146658 opt_status=no_rebalance
2025-12-28 01:06:19,931 | INFO | Progress: 72% (2071/2876) | date=2022-07-27 00:00:00 nav=3.5570976 opt_status=no_rebalance
2025-12-28 01:06:20,052 | INFO | Progress: 73% (2100/2876) | date=2022-08-31 00:00:00 nav=3.55441575 opt_status=no_rebalance
2025-12-28 01:06:20,186 | INFO | Progress: 74% (2129/2876) | date=2022-10-04 00:00:00 nav=3.37572463 opt_status=no_rebalance
2025-12-28 01:06:20,294 | INFO | Progress: 75% (2157/2876) | date=2022-11-06 00:00:00 nav=3.40040509 opt_status=no_rebalance
2025-12-28 01:06:20,404 | INFO | Progress: 76% (2186/2876) | date=2022-12-09 00:00:00 nav=3.61330917 opt_status=no_rebalance
2025-12-28 01:06:20,516 | INFO | Progress: 77% (2215/2876) | date=2023-01-12 00:00:00 nav=3.63162695 opt_status=no_rebalance
2025-12-28 01:06:20,635 | INFO | Progress: 78% (2244/2876) | date=2023-02-15 00:00:00 nav=3.70466635 opt_status=no_rebalance
2025-12-28 01:06:20,755 | INFO | Progress: 79% (2273/2876) | date=2023-03-21 00:00:00 nav=3.57819273 opt_status=no_rebalance
2025-12-28 01:06:20,863 | INFO | Progress: 80% (2301/2876) | date=2023-04-24 00:00:00 nav=3.69532764 opt_status=ok
2025-12-28 01:06:20,969 | INFO | Progress: 81% (2330/2876) | date=2023-05-29 00:00:00 nav=3.90285315 opt_status=ok
2025-12-28 01:06:21,060 | INFO | Progress: 82% (2359/2876) | date=2023-07-02 00:00:00 nav=4.17379669 opt_status=no_rebalance
2025-12-28 01:06:21,175 | INFO | Progress: 83% (2388/2876) | date=2023-08-04 00:00:00 nav=4.31287728 opt_status=no_rebalance
2025-12-28 01:06:21,356 | INFO | Progress: 84% (2416/2876) | date=2023-09-06 00:00:00 nav=4.380399 opt_status=no_rebalance
2025-12-28 01:06:21,514 | INFO | Progress: 85% (2445/2876) | date=2023-10-11 00:00:00 nav=4.23622941 opt_status=no_rebalance
2025-12-28 01:06:21,659 | INFO | Progress: 86% (2474/2876) | date=2023-11-14 00:00:00 nav=4.34804924 opt_status=no_rebalance
2025-12-28 01:06:21,774 | INFO | Progress: 87% (2503/2876) | date=2023-12-19 00:00:00 nav=4.74863754 opt_status=no_rebalance
2025-12-28 01:06:21,888 | INFO | Progress: 88% (2531/2876) | date=2024-01-23 00:00:00 nav=4.9132486 opt_status=no_rebalance
2025-12-28 01:06:21,999 | INFO | Progress: 89% (2560/2876) | date=2024-02-26 00:00:00 nav=5.05082676 opt_status=ok
2025-12-28 01:06:22,118 | INFO | Progress: 90% (2589/2876) | date=2024-04-02 00:00:00 nav=5.29093188 opt_status=no_rebalance
2025-12-28 01:06:22,240 | INFO | Progress: 91% (2618/2876) | date=2024-05-06 00:00:00 nav=5.26101602 opt_status=ok
2025-12-28 01:06:22,339 | INFO | Progress: 92% (2646/2876) | date=2024-06-09 00:00:00 nav=5.7022228 opt_status=no_rebalance
2025-12-28 01:06:22,444 | INFO | Progress: 93% (2675/2876) | date=2024-07-14 00:00:00 nav=6.00505069 opt_status=no_rebalance
2025-12-28 01:06:22,552 | INFO | Progress: 94% (2704/2876) | date=2024-08-16 00:00:00 nav=5.69454364 opt_status=no_rebalance
2025-12-28 01:06:22,658 | INFO | Progress: 95% (2733/2876) | date=2024-09-19 00:00:00 nav=5.85997447 opt_status=no_rebalance
2025-12-28 01:06:22,770 | INFO | Progress: 96% (2761/2876) | date=2024-10-22 00:00:00 nav=5.76345929 opt_status=no_rebalance
2025-12-28 01:06:22,883 | INFO | Progress: 97% (2790/2876) | date=2024-11-25 00:00:00 nav=5.76597175 opt_status=ok
2025-12-28 01:06:22,976 | INFO | Progress: 98% (2819/2876) | date=2024-12-29 00:00:00 nav=5.73086948 opt_status=no_rebalance
2025-12-28 01:06:23,090 | INFO | Progress: 99% (2848/2876) | date=2025-01-31 00:00:00 nav=5.69659056 opt_status=no_rebalance
2025-12-28 01:06:23,198 | INFO | Progress: 100% (2876/2876) | date=2025-03-05 00:00:00 nav=5.57433194 opt_status=no_rebalance
2025-12-28 01:06:23,483 | INFO | Experiment saved to: experiments\omd_daily_k25_v_target_1.05_both_20251227_193609
2025-12-28 01:06:23,590 | INFO | Saved performance artifacts to experiments\omd_daily_k25_v_target_1.05_both_20251227_193609\outputs\performance
2025-12-28 01:06:25,760 | INFO | Saved figures to: experiments\omd_daily_k25_v_target_1.05_both_20251227_193609\artifacts\figures
2025-12-28 01:06:25,760 | INFO | Run complete
