2026-01-02 00:15:50 | INFO | hermis | Launched detached simulation. PID=18216
2026-01-02 00:15:51 | INFO | hermis | Run initialized
2026-01-02 00:15:51 | INFO | hermis | Run folder: experiments\nifty500_LIVE_sharpe_stoploss_ema_online_replay_1m_weekly_20260101_184550
2026-01-02 00:15:51 | INFO | hermis | Config used: experiments\nifty500_LIVE_sharpe_stoploss_ema_online_replay_1m_weekly_20260101_184550\params.yaml
2026-01-02 00:15:51 | INFO | hermis | Experiments dir: experiments
2026-01-02 00:15:51 | INFO | hermis | Running experiment from config
2026-01-02 00:15:51 | INFO | hermis | Runner starting | data.mode=replay_minute | use_gpu=True
2026-01-02 00:15:51 | INFO | hermis | Replay: minute stream | store_dir=..\processed_data\nifty500\1min_store | symbols=486 | prefetch=1 | use_gpu=True | live_plot=True
2026-01-02 00:15:51 | INFO | hermis | Replay: processing month 2014-01
2026-01-02 00:15:56 | INFO | hermis | Replay: processing month 2014-02
2026-01-02 00:16:01 | INFO | hermis | Replay: processing month 2014-03
2026-01-02 00:16:06 | INFO | hermis | Replay: processing month 2014-04
2026-01-02 00:16:10 | INFO | hermis | Replay: processing month 2014-05
2026-01-02 00:16:15 | INFO | hermis | Replay: processing month 2014-06
2026-01-02 00:16:20 | INFO | hermis | Replay: processing month 2014-07
2026-01-02 00:16:25 | INFO | hermis | Replay: processing month 2014-08
2026-01-02 00:16:30 | INFO | hermis | Replay: processing month 2014-09
2026-01-02 00:16:35 | INFO | hermis | Replay: processing month 2014-10
2026-01-02 00:16:40 | INFO | hermis | Replay: processing month 2014-11
2026-01-02 00:16:45 | INFO | hermis | Replay: processing month 2014-12
2026-01-02 00:16:50 | INFO | hermis | Replay: processing month 2015-01
2026-01-02 00:16:55 | INFO | hermis | Replay: processing month 2015-02
2026-01-02 00:17:02 | INFO | hermis | Replay: 2015-02 ready | days=20 | symbols=339
2026-01-02 00:17:02 | INFO | hermis | Replay: processing month 2015-03
2026-01-02 00:17:05 | INFO | hermis | Replay month done | 2015-02 | days=20 | NAV=1.0000 | MTD=+0.00% | DD=+0.00% | trades=0 | 2.9s
2026-01-02 00:17:09 | INFO | hermis | Replay: 2015-03 ready | days=21 | symbols=339
2026-01-02 00:17:09 | INFO | hermis | Replay: processing month 2015-04
2026-01-02 00:17:12 | INFO | hermis | Replay month done | 2015-03 | days=21 | NAV=1.0000 | MTD=+0.00% | DD=+0.00% | trades=0 | 2.9s
2026-01-02 00:17:15 | INFO | hermis | Replay: 2015-04 ready | days=19 | symbols=339
2026-01-02 00:17:15 | INFO | hermis | Replay: processing month 2015-05
2026-01-02 00:17:18 | INFO | hermis | Replay month done | 2015-04 | days=19 | NAV=1.0000 | MTD=+0.00% | DD=+0.00% | trades=0 | 2.6s
2026-01-02 00:17:22 | INFO | hermis | Replay: 2015-05 ready | days=20 | symbols=339
2026-01-02 00:17:22 | INFO | hermis | Replay: processing month 2015-06
2026-01-02 00:17:28 | INFO | hermis | Replay month done | 2015-05 | days=20 | NAV=0.9807 | MTD=-3.09% | DD=-6.44% | trades=42 | 6.1s
2026-01-02 00:17:29 | INFO | hermis | Replay: 2015-06 ready | days=22 | symbols=340
2026-01-02 00:17:29 | INFO | hermis | Replay: processing month 2015-07
2026-01-02 00:17:36 | INFO | hermis | Replay month done | 2015-06 | days=22 | NAV=1.0057 | MTD=+2.39% | DD=-5.26% | trades=61 | 7.2s
2026-01-02 00:17:37 | INFO | hermis | Replay: 2015-07 ready | days=23 | symbols=342
2026-01-02 00:17:37 | INFO | hermis | Replay: processing month 2015-08
2026-01-02 00:17:43 | INFO | hermis | Replay month done | 2015-07 | days=23 | NAV=1.1884 | MTD=+16.92% | DD=-1.82% | trades=41 | 6.5s
2026-01-02 00:17:44 | INFO | hermis | Replay: 2015-08 ready | days=21 | symbols=343
2026-01-02 00:17:44 | INFO | hermis | Replay: processing month 2015-09
2026-01-02 00:17:50 | INFO | hermis | Replay month done | 2015-08 | days=21 | NAV=1.0811 | MTD=-10.61% | DD=-12.69% | trades=128 | 5.9s
2026-01-02 00:17:51 | INFO | hermis | Replay: 2015-09 ready | days=20 | symbols=342
2026-01-02 00:17:51 | INFO | hermis | Replay: processing month 2015-10
2026-01-02 00:17:56 | INFO | hermis | Replay month done | 2015-09 | days=20 | NAV=1.0527 | MTD=+0.17% | DD=-15.76% | trades=71 | 5.4s
2026-01-02 00:17:58 | INFO | hermis | Replay: 2015-10 ready | days=20 | symbols=342
2026-01-02 00:17:58 | INFO | hermis | Replay: processing month 2015-11
2026-01-02 00:18:03 | INFO | hermis | Replay month done | 2015-10 | days=20 | NAV=1.0484 | MTD=-0.35% | DD=-3.27% | trades=50 | 5.8s
2026-01-02 00:18:05 | INFO | hermis | Replay: 2015-11 ready | days=18 | symbols=346
2026-01-02 00:18:05 | INFO | hermis | Replay: processing month 2015-12
2026-01-02 00:18:10 | INFO | hermis | Replay month done | 2015-11 | days=18 | NAV=1.1071 | MTD=+5.20% | DD=-3.65% | trades=54 | 4.9s
2026-01-02 00:18:12 | INFO | hermis | Replay: 2015-12 ready | days=22 | symbols=349
2026-01-02 00:18:12 | INFO | hermis | Replay: processing month 2016-01
2026-01-02 00:18:18 | INFO | hermis | Replay month done | 2015-12 | days=22 | NAV=1.1434 | MTD=+2.53% | DD=-5.71% | trades=60 | 6.7s
2026-01-02 00:18:19 | INFO | hermis | Replay: 2016-01 ready | days=19 | symbols=349
2026-01-02 00:18:19 | INFO | hermis | Replay: processing month 2016-02
2026-01-02 00:18:24 | INFO | hermis | Replay month done | 2016-01 | days=19 | NAV=1.0203 | MTD=-10.82% | DD=-12.95% | trades=115 | 4.9s
2026-01-02 00:18:26 | INFO | hermis | Replay: 2016-02 ready | days=21 | symbols=346
2026-01-02 00:18:26 | INFO | hermis | Replay: processing month 2016-03
2026-01-02 00:18:32 | INFO | hermis | Replay month done | 2016-02 | days=21 | NAV=0.9009 | MTD=-12.12% | DD=-12.24% | trades=109 | 6.3s
2026-01-02 00:18:33 | INFO | hermis | Replay: 2016-03 ready | days=20 | symbols=347
2026-01-02 00:18:33 | INFO | hermis | Replay: processing month 2016-04
2026-01-02 00:18:38 | INFO | hermis | Replay month done | 2016-03 | days=20 | NAV=0.9845 | MTD=+6.39% | DD=-1.65% | trades=31 | 5.1s
2026-01-02 00:18:40 | INFO | hermis | Replay: 2016-04 ready | days=18 | symbols=347
2026-01-02 00:18:40 | INFO | hermis | Replay: processing month 2016-05
2026-01-02 00:18:45 | INFO | hermis | Replay month done | 2016-04 | days=18 | NAV=0.9976 | MTD=+1.68% | DD=-1.59% | trades=35 | 4.7s
2026-01-02 00:18:47 | INFO | hermis | Replay: 2016-05 ready | days=22 | symbols=347
2026-01-02 00:18:47 | INFO | hermis | Replay: processing month 2016-06
2026-01-02 00:18:53 | INFO | hermis | Replay month done | 2016-05 | days=22 | NAV=1.0753 | MTD=+6.38% | DD=-1.78% | trades=28 | 6.1s
2026-01-02 00:18:54 | INFO | hermis | Replay: 2016-06 ready | days=22 | symbols=348
2026-01-02 00:18:54 | INFO | hermis | Replay: processing month 2016-07
2026-01-02 00:19:01 | INFO | hermis | Replay month done | 2016-06 | days=22 | NAV=1.1145 | MTD=+3.13% | DD=-2.23% | trades=20 | 6.6s
2026-01-02 00:19:01 | INFO | hermis | Replay: 2016-07 ready | days=20 | symbols=349
2026-01-02 00:19:01 | INFO | hermis | Replay: processing month 2016-08
2026-01-02 00:19:07 | INFO | hermis | Replay month done | 2016-07 | days=20 | NAV=1.1851 | MTD=+5.82% | DD=-2.03% | trades=17 | 5.8s
2026-01-02 00:19:09 | INFO | hermis | Replay: 2016-08 ready | days=22 | symbols=351
2026-01-02 00:19:09 | INFO | hermis | Replay: processing month 2016-09
2026-01-02 00:19:15 | INFO | hermis | Replay month done | 2016-08 | days=22 | NAV=1.2577 | MTD=+3.92% | DD=-3.35% | trades=28 | 6.7s
2026-01-02 00:19:16 | INFO | hermis | Replay: 2016-09 ready | days=20 | symbols=353
2026-01-02 00:19:16 | INFO | hermis | Replay: processing month 2016-10
2026-01-02 00:19:22 | INFO | hermis | Replay month done | 2016-09 | days=20 | NAV=1.1972 | MTD=-4.12% | DD=-5.71% | trades=45 | 6.1s
2026-01-02 00:19:23 | INFO | hermis | Replay: 2016-10 ready | days=18 | symbols=354
2026-01-02 00:19:23 | INFO | hermis | Replay: processing month 2016-11
2026-01-02 00:19:28 | INFO | hermis | Replay month done | 2016-10 | days=18 | NAV=1.2653 | MTD=+3.73% | DD=-2.95% | trades=41 | 5.4s
2026-01-02 00:19:30 | INFO | hermis | Replay: 2016-11 ready | days=21 | symbols=356
2026-01-02 00:19:30 | INFO | hermis | Replay: processing month 2016-12
2026-01-02 00:19:37 | INFO | hermis | Replay month done | 2016-11 | days=21 | NAV=0.9897 | MTD=-22.79% | DD=-22.96% | trades=155 | 6.2s
2026-01-02 00:19:38 | INFO | hermis | Replay: 2016-12 ready | days=22 | symbols=357
2026-01-02 00:19:38 | INFO | hermis | Replay: processing month 2017-01
2026-01-02 00:19:44 | INFO | hermis | Replay month done | 2016-12 | days=22 | NAV=1.0150 | MTD=-0.26% | DD=-8.88% | trades=62 | 6.7s
2026-01-02 00:19:45 | INFO | hermis | Replay: 2017-01 ready | days=21 | symbols=356
2026-01-02 00:19:45 | INFO | hermis | Replay: processing month 2017-02
2026-01-02 00:19:52 | INFO | hermis | Replay month done | 2017-01 | days=21 | NAV=1.0957 | MTD=+6.26% | DD=-2.41% | trades=29 | 6.9s
2026-01-02 00:19:53 | INFO | hermis | Replay: 2017-02 ready | days=19 | symbols=358
2026-01-02 00:19:53 | INFO | hermis | Replay: processing month 2017-03
2026-01-02 00:19:58 | INFO | hermis | Replay month done | 2017-02 | days=19 | NAV=1.1247 | MTD=+1.21% | DD=-4.06% | trades=51 | 5.8s
2026-01-02 00:20:00 | INFO | hermis | Replay: 2017-03 ready | days=22 | symbols=359
2026-01-02 00:20:00 | INFO | hermis | Replay: processing month 2017-04
2026-01-02 00:20:08 | INFO | hermis | Replay: 2017-04 ready | days=18 | symbols=359
2026-01-02 00:20:08 | INFO | hermis | Replay: processing month 2017-05
2026-01-02 00:20:09 | INFO | hermis | Replay month done | 2017-03 | days=22 | NAV=1.1643 | MTD=+2.99% | DD=-2.10% | trades=43 | 8.4s
2026-01-02 00:20:15 | INFO | hermis | Replay month done | 2017-04 | days=18 | NAV=1.1890 | MTD=+0.66% | DD=-6.71% | trades=29 | 6.2s
2026-01-02 00:20:15 | INFO | hermis | Replay: 2017-05 ready | days=22 | symbols=360
2026-01-02 00:20:15 | INFO | hermis | Replay: processing month 2017-06
2026-01-02 00:20:23 | INFO | hermis | Replay: 2017-06 ready | days=21 | symbols=362
2026-01-02 00:20:23 | INFO | hermis | Replay: processing month 2017-07
2026-01-02 00:20:23 | INFO | hermis | Replay month done | 2017-05 | days=22 | NAV=1.1481 | MTD=-4.43% | DD=-8.98% | trades=94 | 7.9s
2026-01-02 00:20:30 | INFO | hermis | Replay month done | 2017-06 | days=21 | NAV=1.1818 | MTD=+1.97% | DD=-4.72% | trades=38 | 7.1s
2026-01-02 00:20:30 | INFO | hermis | Replay: 2017-07 ready | days=21 | symbols=363
2026-01-02 00:20:30 | INFO | hermis | Replay: processing month 2017-08
2026-01-02 00:20:38 | INFO | hermis | Replay month done | 2017-07 | days=21 | NAV=1.2319 | MTD=+3.09% | DD=-1.83% | trades=29 | 7.1s
2026-01-02 00:20:38 | INFO | hermis | Replay: 2017-08 ready | days=21 | symbols=363
2026-01-02 00:20:38 | INFO | hermis | Replay: processing month 2017-09
2026-01-02 00:20:45 | INFO | hermis | Replay month done | 2017-08 | days=21 | NAV=1.2627 | MTD=+2.59% | DD=-6.40% | trades=68 | 7.2s
2026-01-02 00:20:45 | INFO | hermis | Replay: 2017-09 ready | days=21 | symbols=367
2026-01-02 00:20:45 | INFO | hermis | Replay: processing month 2017-10
2026-01-02 00:20:53 | INFO | hermis | Replay: 2017-10 ready | days=19 | symbols=371
2026-01-02 00:20:53 | INFO | hermis | Replay: processing month 2017-11
2026-01-02 00:20:53 | INFO | hermis | Replay month done | 2017-09 | days=21 | NAV=1.2993 | MTD=+2.24% | DD=-7.32% | trades=69 | 7.5s
2026-01-02 00:21:00 | INFO | hermis | Replay month done | 2017-10 | days=19 | NAV=1.4189 | MTD=+8.27% | DD=-1.95% | trades=39 | 7.0s
2026-01-02 00:21:01 | INFO | hermis | Replay: 2017-11 ready | days=22 | symbols=374
2026-01-02 00:21:01 | INFO | hermis | Replay: processing month 2017-12
2026-01-02 00:21:08 | INFO | hermis | Replay month done | 2017-11 | days=22 | NAV=1.3343 | MTD=-6.74% | DD=-8.98% | trades=46 | 7.3s
2026-01-02 00:21:09 | INFO | hermis | Replay: 2017-12 ready | days=20 | symbols=375
2026-01-02 00:21:09 | INFO | hermis | Replay: processing month 2018-01
2026-01-02 00:21:16 | INFO | hermis | Replay month done | 2017-12 | days=20 | NAV=1.3948 | MTD=+6.20% | DD=-3.00% | trades=49 | 7.2s
2026-01-02 00:21:17 | INFO | hermis | Replay: 2018-01 ready | days=22 | symbols=377
2026-01-02 00:21:17 | INFO | hermis | Replay: processing month 2018-02
2026-01-02 00:21:24 | INFO | hermis | Replay: 2018-02 ready | days=19 | symbols=378
2026-01-02 00:21:24 | INFO | hermis | Replay: processing month 2018-03
2026-01-02 00:21:25 | INFO | hermis | Replay month done | 2018-01 | days=22 | NAV=1.3660 | MTD=-1.99% | DD=-6.25% | trades=96 | 8.1s
2026-01-02 00:21:31 | INFO | hermis | Replay month done | 2018-02 | days=19 | NAV=1.3952 | MTD=+2.24% | DD=-5.05% | trades=75 | 6.7s
2026-01-02 00:21:32 | INFO | hermis | Replay: 2018-03 ready | days=19 | symbols=382
2026-01-02 00:21:32 | INFO | hermis | Replay: processing month 2018-04
2026-01-02 00:21:37 | INFO | hermis | Replay month done | 2018-03 | days=19 | NAV=1.3058 | MTD=-6.07% | DD=-6.86% | trades=68 | 5.4s
2026-01-02 00:21:39 | INFO | hermis | Replay: 2018-04 ready | days=21 | symbols=383
2026-01-02 00:21:39 | INFO | hermis | Replay: processing month 2018-05
2026-01-02 00:21:45 | INFO | hermis | Replay month done | 2018-04 | days=21 | NAV=1.4621 | MTD=+9.92% | DD=-1.19% | trades=23 | 6.5s
2026-01-02 00:21:46 | INFO | hermis | Replay: 2018-05 ready | days=22 | symbols=384
2026-01-02 00:21:46 | INFO | hermis | Replay: processing month 2018-06
2026-01-02 00:21:54 | INFO | hermis | Replay month done | 2018-05 | days=22 | NAV=1.4247 | MTD=-1.46% | DD=-5.12% | trades=59 | 7.7s
2026-01-02 00:21:54 | INFO | hermis | Replay: 2018-06 ready | days=21 | symbols=384
2026-01-02 00:21:54 | INFO | hermis | Replay: processing month 2018-07
2026-01-02 00:22:02 | INFO | hermis | Replay month done | 2018-06 | days=21 | NAV=1.3480 | MTD=-4.03% | DD=-5.14% | trades=64 | 8.1s
2026-01-02 00:22:02 | INFO | hermis | Replay: 2018-07 ready | days=22 | symbols=386
2026-01-02 00:22:02 | INFO | hermis | Replay: processing month 2018-08
2026-01-02 00:22:10 | INFO | hermis | Replay month done | 2018-07 | days=22 | NAV=1.4133 | MTD=+5.43% | DD=-1.53% | trades=32 | 7.4s
2026-01-02 00:22:10 | INFO | hermis | Replay: 2018-08 ready | days=21 | symbols=388
2026-01-02 00:22:10 | INFO | hermis | Replay: processing month 2018-09
2026-01-02 00:22:16 | INFO | hermis | Replay month done | 2018-08 | days=21 | NAV=1.4968 | MTD=+5.46% | DD=-0.50% | trades=38 | 6.1s
2026-01-02 00:22:17 | INFO | hermis | Replay: 2018-09 ready | days=18 | symbols=389
2026-01-02 00:22:17 | INFO | hermis | Replay: processing month 2018-10
2026-01-02 00:22:22 | INFO | hermis | Replay month done | 2018-09 | days=18 | NAV=1.2712 | MTD=-14.08% | DD=-14.08% | trades=120 | 4.9s
2026-01-02 00:22:24 | INFO | hermis | Replay: 2018-10 ready | days=21 | symbols=390
2026-01-02 00:22:24 | INFO | hermis | Replay: processing month 2018-11
2026-01-02 00:22:32 | INFO | hermis | Replay: 2018-11 ready | days=19 | symbols=392
2026-01-02 00:22:32 | INFO | hermis | Replay: processing month 2018-12
2026-01-02 00:22:32 | INFO | hermis | Replay month done | 2018-10 | days=21 | NAV=1.2149 | MTD=-5.26% | DD=-9.84% | trades=90 | 7.6s
2026-01-02 00:22:37 | INFO | hermis | Replay month done | 2018-11 | days=19 | NAV=1.2168 | MTD=-1.05% | DD=-3.15% | trades=48 | 5.6s
2026-01-02 00:22:39 | INFO | hermis | Replay: 2018-12 ready | days=20 | symbols=393
2026-01-02 00:22:39 | INFO | hermis | Replay: processing month 2019-01
2026-01-02 00:22:45 | INFO | hermis | Replay month done | 2018-12 | days=20 | NAV=1.1938 | MTD=-2.60% | DD=-4.85% | trades=32 | 6.1s
2026-01-02 00:22:46 | INFO | hermis | Replay: 2019-01 ready | days=23 | symbols=394
2026-01-02 00:22:46 | INFO | hermis | Replay: processing month 2019-02
2026-01-02 00:22:53 | INFO | hermis | Replay month done | 2019-01 | days=23 | NAV=1.1342 | MTD=-4.83% | DD=-5.98% | trades=57 | 7.3s
2026-01-02 00:22:54 | INFO | hermis | Replay: 2019-02 ready | days=20 | symbols=395
2026-01-02 00:22:54 | INFO | hermis | Replay: processing month 2019-03
2026-01-02 00:23:00 | INFO | hermis | Replay month done | 2019-02 | days=20 | NAV=1.1194 | MTD=-1.30% | DD=-4.20% | trades=47 | 6.6s
2026-01-02 00:23:01 | INFO | hermis | Replay: 2019-03 ready | days=19 | symbols=394
2026-01-02 00:23:01 | INFO | hermis | Replay: processing month 2019-04
2026-01-02 00:23:07 | INFO | hermis | Replay month done | 2019-03 | days=19 | NAV=1.1853 | MTD=+4.84% | DD=-1.24% | trades=33 | 6.3s
2026-01-02 00:23:09 | INFO | hermis | Replay: 2019-04 ready | days=19 | symbols=399
2026-01-02 00:23:09 | INFO | hermis | Replay: processing month 2019-05
2026-01-02 00:23:15 | INFO | hermis | Replay month done | 2019-04 | days=19 | NAV=1.1335 | MTD=-4.63% | DD=-4.75% | trades=32 | 6.1s
2026-01-02 00:23:16 | INFO | hermis | Replay: 2019-05 ready | days=22 | symbols=399
2026-01-02 00:23:16 | INFO | hermis | Replay: processing month 2019-06
2026-01-02 00:23:23 | INFO | hermis | Replay month done | 2019-05 | days=22 | NAV=1.1508 | MTD=+1.03% | DD=-5.96% | trades=64 | 7.0s
2026-01-02 00:23:24 | INFO | hermis | Replay: 2019-06 ready | days=19 | symbols=398
2026-01-02 00:23:24 | INFO | hermis | Replay: processing month 2019-07
2026-01-02 00:23:30 | INFO | hermis | Replay month done | 2019-06 | days=19 | NAV=1.1287 | MTD=-3.08% | DD=-5.06% | trades=49 | 6.4s
2026-01-02 00:23:31 | INFO | hermis | Replay: 2019-07 ready | days=23 | symbols=399
2026-01-02 00:23:31 | INFO | hermis | Replay: processing month 2019-08
2026-01-02 00:23:39 | INFO | hermis | Replay: 2019-08 ready | days=20 | symbols=402
2026-01-02 00:23:39 | INFO | hermis | Replay: processing month 2019-09
2026-01-02 00:23:39 | INFO | hermis | Replay month done | 2019-07 | days=23 | NAV=1.0385 | MTD=-8.36% | DD=-9.01% | trades=67 | 8.0s
2026-01-02 00:23:42 | INFO | hermis | Replay month done | 2019-08 | days=20 | NAV=1.0435 | MTD=+1.51% | DD=-2.64% | trades=45 | 2.9s
2026-01-02 00:23:46 | INFO | hermis | Replay: 2019-09 ready | days=19 | symbols=402
2026-01-02 00:23:46 | INFO | hermis | Replay: processing month 2019-10
2026-01-02 00:23:48 | INFO | hermis | Replay month done | 2019-09 | days=19 | NAV=1.0795 | MTD=+5.13% | DD=-2.31% | trades=34 | 2.7s
2026-01-02 00:23:52 | INFO | hermis | Replay: 2019-10 ready | days=19 | symbols=404
2026-01-02 00:23:52 | INFO | hermis | Replay: processing month 2019-11
2026-01-02 00:23:55 | INFO | hermis | Replay month done | 2019-10 | days=19 | NAV=1.1698 | MTD=+8.97% | DD=-1.20% | trades=38 | 2.5s
2026-01-02 00:23:59 | INFO | hermis | Replay: 2019-11 ready | days=20 | symbols=404
2026-01-02 00:23:59 | INFO | hermis | Replay: processing month 2019-12
2026-01-02 00:24:02 | INFO | hermis | Replay month done | 2019-11 | days=20 | NAV=1.1719 | MTD=+0.56% | DD=-1.44% | trades=54 | 2.7s
2026-01-02 00:24:06 | INFO | hermis | Replay: 2019-12 ready | days=21 | symbols=405
2026-01-02 00:24:06 | INFO | hermis | Replay: processing month 2020-01
2026-01-02 00:24:09 | INFO | hermis | Replay month done | 2019-12 | days=21 | NAV=1.1842 | MTD=+1.47% | DD=-2.54% | trades=36 | 2.9s
2026-01-02 00:24:14 | INFO | hermis | Replay: 2020-01 ready | days=23 | symbols=407
2026-01-02 00:24:14 | INFO | hermis | Replay: processing month 2020-02
2026-01-02 00:24:17 | INFO | hermis | Replay month done | 2020-01 | days=23 | NAV=1.2163 | MTD=+2.10% | DD=-2.68% | trades=54 | 2.9s
2026-01-02 00:24:21 | INFO | hermis | Replay: 2020-02 ready | days=20 | symbols=408
2026-01-02 00:24:21 | INFO | hermis | Replay: processing month 2020-03
2026-01-02 00:24:23 | INFO | hermis | Replay month done | 2020-02 | days=20 | NAV=1.2265 | MTD=+2.58% | DD=-4.82% | trades=91 | 2.6s
2026-01-02 00:24:28 | INFO | hermis | Replay: 2020-03 ready | days=21 | symbols=409
2026-01-02 00:24:28 | INFO | hermis | Replay: processing month 2020-04
2026-01-02 00:24:30 | INFO | hermis | Replay month done | 2020-03 | days=21 | NAV=1.0540 | MTD=-11.99% | DD=-19.45% | trades=161 | 2.7s
2026-01-02 00:24:34 | INFO | hermis | Replay: 2020-04 ready | days=18 | symbols=409
2026-01-02 00:24:34 | INFO | hermis | Replay: processing month 2020-05
2026-01-02 00:24:37 | INFO | hermis | Replay month done | 2020-04 | days=18 | NAV=1.3359 | MTD=+22.96% | DD=-0.45% | trades=44 | 2.4s
2026-01-02 00:24:41 | INFO | hermis | Replay: 2020-05 ready | days=19 | symbols=409
2026-01-02 00:24:41 | INFO | hermis | Replay: processing month 2020-06
2026-01-02 00:24:44 | INFO | hermis | Replay month done | 2020-05 | days=19 | NAV=1.3737 | MTD=+3.44% | DD=-1.63% | trades=45 | 2.5s
2026-01-02 00:24:49 | INFO | hermis | Replay: 2020-06 ready | days=22 | symbols=409
2026-01-02 00:24:49 | INFO | hermis | Replay: processing month 2020-07
2026-01-02 00:24:51 | INFO | hermis | Replay month done | 2020-06 | days=22 | NAV=1.5764 | MTD=+13.39% | DD=-0.98% | trades=57 | 2.9s
2026-01-02 00:24:56 | INFO | hermis | Replay: 2020-07 ready | days=23 | symbols=409
2026-01-02 00:24:56 | INFO | hermis | Replay: processing month 2020-08
2026-01-02 00:24:59 | INFO | hermis | Replay month done | 2020-07 | days=23 | NAV=1.6721 | MTD=+5.55% | DD=-3.36% | trades=92 | 3.2s
2026-01-02 00:25:03 | INFO | hermis | Replay: 2020-08 ready | days=21 | symbols=410
2026-01-02 00:25:03 | INFO | hermis | Replay: processing month 2020-09
2026-01-02 00:25:06 | INFO | hermis | Replay month done | 2020-08 | days=21 | NAV=1.8283 | MTD=+7.01% | DD=-5.41% | trades=51 | 3.0s
2026-01-02 00:25:10 | INFO | hermis | Replay: 2020-09 ready | days=22 | symbols=412
2026-01-02 00:25:10 | INFO | hermis | Replay: processing month 2020-10
2026-01-02 00:25:13 | INFO | hermis | Replay month done | 2020-09 | days=22 | NAV=1.8426 | MTD=+1.04% | DD=-8.18% | trades=125 | 3.1s
2026-01-02 00:25:17 | INFO | hermis | Replay: 2020-10 ready | days=21 | symbols=416
2026-01-02 00:25:17 | INFO | hermis | Replay: processing month 2020-11
2026-01-02 00:25:20 | INFO | hermis | Replay month done | 2020-10 | days=21 | NAV=1.9056 | MTD=+3.91% | DD=-3.22% | trades=35 | 2.8s
2026-01-02 00:25:24 | INFO | hermis | Replay: 2020-11 ready | days=19 | symbols=418
2026-01-02 00:25:24 | INFO | hermis | Replay: processing month 2020-12
2026-01-02 00:25:27 | INFO | hermis | Replay month done | 2020-11 | days=19 | NAV=2.1229 | MTD=+11.23% | DD=-1.66% | trades=41 | 3.2s
2026-01-02 00:25:32 | INFO | hermis | Replay: 2020-12 ready | days=22 | symbols=418
2026-01-02 00:25:32 | INFO | hermis | Replay: processing month 2021-01
2026-01-02 00:25:35 | INFO | hermis | Replay month done | 2020-12 | days=22 | NAV=2.0599 | MTD=-3.96% | DD=-8.75% | trades=91 | 3.4s
2026-01-02 00:25:39 | INFO | hermis | Replay: 2021-01 ready | days=20 | symbols=419
2026-01-02 00:25:39 | INFO | hermis | Replay: processing month 2021-02
2026-01-02 00:25:42 | INFO | hermis | Replay month done | 2021-01 | days=20 | NAV=1.9413 | MTD=-7.33% | DD=-12.97% | trades=35 | 2.8s
2026-01-02 00:25:46 | INFO | hermis | Replay: 2021-02 ready | days=20 | symbols=421
2026-01-02 00:25:46 | INFO | hermis | Replay: processing month 2021-03
2026-01-02 00:25:49 | INFO | hermis | Replay month done | 2021-02 | days=20 | NAV=2.0789 | MTD=+5.31% | DD=-2.45% | trades=45 | 3.0s
2026-01-02 00:25:54 | INFO | hermis | Replay: 2021-03 ready | days=21 | symbols=425
2026-01-02 00:25:54 | INFO | hermis | Replay: processing month 2021-04
2026-01-02 00:25:57 | INFO | hermis | Replay month done | 2021-03 | days=21 | NAV=2.0550 | MTD=-2.08% | DD=-7.19% | trades=117 | 3.5s
2026-01-02 00:26:01 | INFO | hermis | Replay: 2021-04 ready | days=19 | symbols=426
2026-01-02 00:26:01 | INFO | hermis | Replay: processing month 2021-05
2026-01-02 00:26:04 | INFO | hermis | Replay month done | 2021-04 | days=19 | NAV=2.2435 | MTD=+6.35% | DD=-6.25% | trades=51 | 3.3s
2026-01-02 00:26:09 | INFO | hermis | Replay: 2021-05 ready | days=20 | symbols=426
2026-01-02 00:26:09 | INFO | hermis | Replay: processing month 2021-06
2026-01-02 00:26:12 | INFO | hermis | Replay month done | 2021-05 | days=20 | NAV=2.5182 | MTD=+9.17% | DD=-2.67% | trades=72 | 3.1s
2026-01-02 00:26:16 | INFO | hermis | Replay: 2021-06 ready | days=22 | symbols=429
2026-01-02 00:26:16 | INFO | hermis | Replay: processing month 2021-07
2026-01-02 00:26:19 | INFO | hermis | Replay month done | 2021-06 | days=22 | NAV=2.8033 | MTD=+13.05% | DD=-3.52% | trades=81 | 3.2s
2026-01-02 00:26:24 | INFO | hermis | Replay: 2021-07 ready | days=21 | symbols=431
2026-01-02 00:26:24 | INFO | hermis | Replay: processing month 2021-08
2026-01-02 00:26:27 | INFO | hermis | Replay month done | 2021-07 | days=21 | NAV=3.0411 | MTD=+7.74% | DD=-1.97% | trades=73 | 3.2s
2026-01-02 00:26:31 | INFO | hermis | Replay: 2021-08 ready | days=21 | symbols=435
2026-01-02 00:26:31 | INFO | hermis | Replay: processing month 2021-09
2026-01-02 00:26:34 | INFO | hermis | Replay month done | 2021-08 | days=21 | NAV=2.8163 | MTD=-8.47% | DD=-12.21% | trades=112 | 2.9s
2026-01-02 00:26:39 | INFO | hermis | Replay: 2021-09 ready | days=21 | symbols=436
2026-01-02 00:26:39 | INFO | hermis | Replay: processing month 2021-10
2026-01-02 00:26:42 | INFO | hermis | Replay month done | 2021-09 | days=21 | NAV=3.0726 | MTD=+9.43% | DD=-3.26% | trades=38 | 3.1s
2026-01-02 00:26:46 | INFO | hermis | Replay: 2021-10 ready | days=20 | symbols=437
2026-01-02 00:26:46 | INFO | hermis | Replay: processing month 2021-11
2026-01-02 00:26:49 | INFO | hermis | Replay month done | 2021-10 | days=20 | NAV=3.1409 | MTD=+2.15% | DD=-5.80% | trades=89 | 2.9s
2026-01-02 00:26:54 | INFO | hermis | Replay: 2021-11 ready | days=19 | symbols=442
2026-01-02 00:26:54 | INFO | hermis | Replay: processing month 2021-12
2026-01-02 00:26:56 | INFO | hermis | Replay month done | 2021-11 | days=19 | NAV=3.1821 | MTD=-0.13% | DD=-6.01% | trades=63 | 2.8s
2026-01-02 00:27:01 | INFO | hermis | Replay: 2021-12 ready | days=23 | symbols=447
2026-01-02 00:27:01 | INFO | hermis | Replay: processing month 2022-01
2026-01-02 00:27:04 | INFO | hermis | Replay month done | 2021-12 | days=23 | NAV=3.4479 | MTD=+6.92% | DD=-5.39% | trades=52 | 3.2s
2026-01-02 00:27:08 | INFO | hermis | Replay: 2022-01 ready | days=20 | symbols=447
2026-01-02 00:27:08 | INFO | hermis | Replay: processing month 2022-02
2026-01-02 00:27:11 | INFO | hermis | Replay month done | 2022-01 | days=20 | NAV=3.1655 | MTD=-9.47% | DD=-13.88% | trades=98 | 3.0s
2026-01-02 00:27:16 | INFO | hermis | Replay: 2022-02 ready | days=20 | symbols=449
2026-01-02 00:27:16 | INFO | hermis | Replay: processing month 2022-03
2026-01-02 00:27:19 | INFO | hermis | Replay month done | 2022-02 | days=20 | NAV=2.7660 | MTD=-11.23% | DD=-14.74% | trades=82 | 3.0s
2026-01-02 00:27:23 | INFO | hermis | Replay: 2022-03 ready | days=21 | symbols=450
2026-01-02 00:27:23 | INFO | hermis | Replay: processing month 2022-04
2026-01-02 00:27:27 | INFO | hermis | Replay month done | 2022-03 | days=21 | NAV=3.0580 | MTD=+9.85% | DD=-3.62% | trades=47 | 4.0s
2026-01-02 00:27:30 | INFO | hermis | Replay: 2022-04 ready | days=19 | symbols=450
2026-01-02 00:27:30 | INFO | hermis | Replay: processing month 2022-05
2026-01-02 00:27:34 | INFO | hermis | Replay month done | 2022-04 | days=19 | NAV=3.2451 | MTD=+5.10% | DD=-2.41% | trades=61 | 3.7s
2026-01-02 00:27:38 | INFO | hermis | Replay: 2022-05 ready | days=21 | symbols=454
2026-01-02 00:27:38 | INFO | hermis | Replay: processing month 2022-06
2026-01-02 00:27:43 | INFO | hermis | Replay month done | 2022-05 | days=21 | NAV=3.0037 | MTD=-7.18% | DD=-10.93% | trades=134 | 4.2s
2026-01-02 00:27:46 | INFO | hermis | Replay: 2022-06 ready | days=22 | symbols=454
2026-01-02 00:27:46 | INFO | hermis | Replay: processing month 2022-07
2026-01-02 00:27:50 | INFO | hermis | Replay month done | 2022-06 | days=22 | NAV=2.8789 | MTD=-5.36% | DD=-10.26% | trades=84 | 4.0s
2026-01-02 00:27:54 | INFO | hermis | Replay: 2022-07 ready | days=21 | symbols=454
2026-01-02 00:27:54 | INFO | hermis | Replay: processing month 2022-08
2026-01-02 00:27:57 | INFO | hermis | Replay month done | 2022-07 | days=21 | NAV=3.0895 | MTD=+7.17% | DD=-1.43% | trades=38 | 3.4s
2026-01-02 00:28:02 | INFO | hermis | Replay: 2022-08 ready | days=20 | symbols=455
2026-01-02 00:28:02 | INFO | hermis | Replay: processing month 2022-09
2026-01-02 00:28:05 | INFO | hermis | Replay month done | 2022-08 | days=20 | NAV=3.3267 | MTD=+5.79% | DD=-1.67% | trades=33 | 3.1s
2026-01-02 00:28:10 | INFO | hermis | Replay: 2022-09 ready | days=22 | symbols=455
2026-01-02 00:28:10 | INFO | hermis | Replay: processing month 2022-10
2026-01-02 00:28:13 | INFO | hermis | Replay month done | 2022-09 | days=22 | NAV=3.2762 | MTD=-1.46% | DD=-5.72% | trades=70 | 3.5s
2026-01-02 00:28:17 | INFO | hermis | Replay: 2022-10 ready | days=18 | symbols=456
2026-01-02 00:28:17 | INFO | hermis | Replay: processing month 2022-11
2026-01-02 00:28:20 | INFO | hermis | Replay month done | 2022-10 | days=18 | NAV=3.3468 | MTD=+3.60% | DD=-2.49% | trades=40 | 2.9s
2026-01-02 00:28:25 | INFO | hermis | Replay: 2022-11 ready | days=21 | symbols=461
2026-01-02 00:28:25 | INFO | hermis | Replay: processing month 2022-12
2026-01-02 00:28:28 | INFO | hermis | Replay month done | 2022-11 | days=21 | NAV=3.5489 | MTD=+6.17% | DD=-1.39% | trades=50 | 3.4s
2026-01-02 00:28:33 | INFO | hermis | Replay: 2022-12 ready | days=22 | symbols=462
2026-01-02 00:28:33 | INFO | hermis | Replay: processing month 2023-01
2026-01-02 00:28:36 | INFO | hermis | Replay month done | 2022-12 | days=22 | NAV=4.1009 | MTD=+14.44% | DD=-6.59% | trades=50 | 3.5s
2026-01-02 00:28:40 | INFO | hermis | Replay: 2023-01 ready | days=21 | symbols=462
2026-01-02 00:28:40 | INFO | hermis | Replay: processing month 2023-02
2026-01-02 00:28:44 | INFO | hermis | Replay month done | 2023-01 | days=21 | NAV=4.3530 | MTD=+6.40% | DD=-4.17% | trades=35 | 3.7s
2026-01-02 00:28:48 | INFO | hermis | Replay: 2023-02 ready | days=20 | symbols=463
2026-01-02 00:28:48 | INFO | hermis | Replay: processing month 2023-03
2026-01-02 00:28:52 | INFO | hermis | Replay month done | 2023-02 | days=20 | NAV=4.0214 | MTD=-3.47% | DD=-4.80% | trades=70 | 3.5s
2026-01-02 00:28:56 | INFO | hermis | Replay: 2023-03 ready | days=21 | symbols=463
2026-01-02 00:28:56 | INFO | hermis | Replay: processing month 2023-04
2026-01-02 00:28:59 | INFO | hermis | Replay month done | 2023-03 | days=21 | NAV=4.0851 | MTD=-0.07% | DD=-5.21% | trades=50 | 3.4s
2026-01-02 00:29:03 | INFO | hermis | Replay: 2023-04 ready | days=17 | symbols=463
2026-01-02 00:29:03 | INFO | hermis | Replay: processing month 2023-05
2026-01-02 00:29:07 | INFO | hermis | Replay month done | 2023-04 | days=17 | NAV=4.3713 | MTD=+5.90% | DD=-0.32% | trades=18 | 3.7s
2026-01-02 00:29:11 | INFO | hermis | Replay: 2023-05 ready | days=22 | symbols=464
2026-01-02 00:29:11 | INFO | hermis | Replay: processing month 2023-06
2026-01-02 00:29:16 | INFO | hermis | Replay month done | 2023-05 | days=22 | NAV=4.6852 | MTD=+5.75% | DD=-3.73% | trades=27 | 4.1s
2026-01-02 00:29:19 | INFO | hermis | Replay: 2023-06 ready | days=21 | symbols=464
2026-01-02 00:29:19 | INFO | hermis | Replay: processing month 2023-07
2026-01-02 00:29:23 | INFO | hermis | Replay month done | 2023-06 | days=21 | NAV=5.1306 | MTD=+9.37% | DD=-3.28% | trades=31 | 3.3s
2026-01-02 00:29:27 | INFO | hermis | Replay: 2023-07 ready | days=21 | symbols=466
2026-01-02 00:29:27 | INFO | hermis | Replay: processing month 2023-08
2026-01-02 00:29:30 | INFO | hermis | Replay month done | 2023-07 | days=21 | NAV=5.8151 | MTD=+11.60% | DD=-0.87% | trades=34 | 3.4s
2026-01-02 00:29:35 | INFO | hermis | Replay: 2023-08 ready | days=22 | symbols=470
2026-01-02 00:29:35 | INFO | hermis | Replay: processing month 2023-09
2026-01-02 00:29:39 | INFO | hermis | Replay month done | 2023-08 | days=22 | NAV=6.2688 | MTD=+7.51% | DD=-2.34% | trades=51 | 3.7s
2026-01-02 00:29:43 | INFO | hermis | Replay: 2023-09 ready | days=20 | symbols=473
2026-01-02 00:29:43 | INFO | hermis | Replay: processing month 2023-10
2026-01-02 00:29:46 | INFO | hermis | Replay month done | 2023-09 | days=20 | NAV=6.3126 | MTD=-0.09% | DD=-7.09% | trades=89 | 3.3s
2026-01-02 00:29:51 | INFO | hermis | Replay: 2023-10 ready | days=20 | symbols=474
2026-01-02 00:29:51 | INFO | hermis | Replay: processing month 2023-11
2026-01-02 00:29:54 | INFO | hermis | Replay month done | 2023-10 | days=20 | NAV=6.2270 | MTD=-2.06% | DD=-7.73% | trades=75 | 3.6s
2026-01-02 00:29:58 | INFO | hermis | Replay: 2023-11 ready | days=20 | symbols=478
2026-01-02 00:29:58 | INFO | hermis | Replay: processing month 2023-12
2026-01-02 00:30:02 | INFO | hermis | Replay month done | 2023-11 | days=20 | NAV=7.0913 | MTD=+14.09% | DD=-0.37% | trades=42 | 3.3s
2026-01-02 00:30:06 | INFO | hermis | Replay: 2023-12 ready | days=20 | symbols=480
2026-01-02 00:30:06 | INFO | hermis | Replay: processing month 2024-01
2026-01-02 00:30:09 | INFO | hermis | Replay month done | 2023-12 | days=20 | NAV=7.3192 | MTD=+2.74% | DD=-5.10% | trades=58 | 3.1s
2026-01-02 00:30:13 | INFO | hermis | Replay: 2024-01 ready | days=22 | symbols=481
2026-01-02 00:30:13 | INFO | hermis | Replay: processing month 2024-02
2026-01-02 00:30:17 | INFO | hermis | Replay month done | 2024-01 | days=22 | NAV=7.8164 | MTD=+5.46% | DD=-5.45% | trades=74 | 3.3s
2026-01-02 00:30:21 | INFO | hermis | Replay: 2024-02 ready | days=21 | symbols=481
2026-01-02 00:30:21 | INFO | hermis | Replay: processing month 2024-03
2026-01-02 00:30:24 | INFO | hermis | Replay month done | 2024-02 | days=21 | NAV=7.2036 | MTD=-8.05% | DD=-11.82% | trades=123 | 3.1s
2026-01-02 00:30:28 | INFO | hermis | Replay: 2024-03 ready | days=19 | symbols=481
2026-01-02 00:30:28 | INFO | hermis | Replay: processing month 2024-04
2026-01-02 00:30:31 | INFO | hermis | Replay month done | 2024-03 | days=19 | NAV=7.0935 | MTD=-2.53% | DD=-9.08% | trades=79 | 2.7s
2026-01-02 00:30:36 | INFO | hermis | Replay: 2024-04 ready | days=20 | symbols=482
2026-01-02 00:30:36 | INFO | hermis | Replay: processing month 2024-05
2026-01-02 00:30:39 | INFO | hermis | Replay month done | 2024-04 | days=20 | NAV=7.5920 | MTD=+4.93% | DD=-2.01% | trades=30 | 3.0s
2026-01-02 00:30:43 | INFO | hermis | Replay: 2024-05 ready | days=22 | symbols=486
2026-01-02 00:30:43 | INFO | hermis | Replay: processing month 2024-06
2026-01-02 00:30:46 | INFO | hermis | Replay month done | 2024-05 | days=22 | NAV=7.7137 | MTD=+1.24% | DD=-5.98% | trades=79 | 3.3s
2026-01-02 00:30:50 | INFO | hermis | Replay: 2024-06 ready | days=19 | symbols=486
2026-01-02 00:30:50 | INFO | hermis | Replay: processing month 2024-07
2026-01-02 00:30:53 | INFO | hermis | Replay month done | 2024-06 | days=19 | NAV=7.8558 | MTD=-0.84% | DD=-7.96% | trades=75 | 3.0s
2026-01-02 00:30:57 | INFO | hermis | Replay: 2024-07 ready | days=4 | symbols=486
2026-01-02 00:30:57 | INFO | hermis | Replay month done | 2024-07 | days=4 | NAV=8.1475 | MTD=+2.29% | DD=-0.16% | trades=5 | 0.6s
2026-01-02 00:30:58 | INFO | hermis | Replay finished. Close the live NAV window to exit.
2026-01-02 00:30:58 | INFO | hermis | Experiment saved to: experiments\nifty500_LIVE_sharpe_stoploss_ema_online_replay_1m_weekly_20260101_184550
2026-01-02 00:30:58 | INFO | hermis | Saved performance artifacts to experiments\nifty500_LIVE_sharpe_stoploss_ema_online_replay_1m_weekly_20260101_184550\outputs\performance
2026-01-02 00:31:00 | INFO | hermis | Saved figures to: experiments\nifty500_LIVE_sharpe_stoploss_ema_online_replay_1m_weekly_20260101_184550\artifacts\figures
2026-01-02 00:31:00 | INFO | hermis | Run complete
