2025-12-26 22:30:23,187 | INFO | Run initialized
2025-12-26 22:30:23,187 | INFO | Run folder: experiments\20251226_170020__risk_parity_weekly_k25
2025-12-26 22:30:23,188 | INFO | Config used: experiments\20251226_170020__risk_parity_weekly_k25\params.yaml
2025-12-26 22:30:23,188 | INFO | Experiments dir: experiments
2025-12-26 22:30:23,188 | INFO | Running experiment from config
2025-12-26 22:30:23,192 | INFO | Runner starting | data.mode=processed | use_gpu=False
2025-12-26 22:30:23,248 | INFO | Loaded prices | rows=2203 cols=72 | start=2015-11-06 00:00:00 end=2024-10-11 00:00:00
2025-12-26 22:30:23,248 | INFO | Optimizer configured | raw_type=risk_parity resolved=risk_parity | k=None | long_only=True | box={'min': 0.0, 'max': 0.15}
2025-12-26 22:30:23,249 | INFO | Planned total steps: 2203
2025-12-26 22:30:23,249 | INFO | Progress logging every 1%
2025-12-26 22:30:23,252 | INFO | Backtest starting | steps=2203 | rebalance=weekly | tc(proportional)=0.0005 | record_non_rebalance=False
2025-12-26 22:30:23,252 | INFO | Date range: 2015-11-06 00:00:00 -> 2024-10-11 00:00:00 | assets=72
2025-12-26 22:30:23,252 | INFO | Rebalance dates computed: 467 (first=2015-11-06 00:00:00 last=2024-10-07 00:00:00)
2025-12-26 22:30:23,265 | WARNING | No common tickers between expected_returns (0) and covariance (72) on 2015-11-06 00:00:00
2025-12-26 22:30:23,266 | WARNING | Using fallback equal-weight on 2015-11-06 00:00:00 | opt_status=skipped_no_common_tickers | n_valid_assets=72
2025-12-26 22:30:23,914 | INFO | Progress: 1% (23/2203) | date=2015-12-11 00:00:00 nav=0.97155173 opt_status=no_rebalance
2025-12-26 22:30:24,941 | INFO | Progress: 2% (45/2203) | date=2016-01-13 00:00:00 nav=0.96120619 opt_status=no_rebalance
2025-12-26 22:30:25,998 | INFO | Progress: 3% (67/2203) | date=2016-02-15 00:00:00 nav=0.89316385 opt_status=ok
2025-12-26 22:30:26,812 | INFO | Progress: 4% (89/2203) | date=2016-03-17 00:00:00 nav=0.93384318 opt_status=no_rebalance
2025-12-26 22:30:28,044 | INFO | Progress: 5% (111/2203) | date=2016-04-25 00:00:00 nav=1.00694451 opt_status=ok
2025-12-26 22:30:28,875 | INFO | Progress: 6% (133/2203) | date=2016-05-25 00:00:00 nav=0.99377364 opt_status=no_rebalance
2025-12-26 22:30:29,717 | INFO | Progress: 7% (155/2203) | date=2016-06-24 00:00:00 nav=1.04320134 opt_status=no_rebalance
2025-12-26 22:30:30,763 | INFO | Progress: 8% (177/2203) | date=2016-07-27 00:00:00 nav=1.15268512 opt_status=no_rebalance
2025-12-26 22:30:31,869 | INFO | Progress: 9% (199/2203) | date=2016-08-29 00:00:00 nav=1.17278173 opt_status=ok
2025-12-26 22:30:32,793 | INFO | Progress: 10% (221/2203) | date=2016-09-30 00:00:00 nav=1.17544826 opt_status=no_rebalance
2025-12-26 22:30:33,973 | INFO | Progress: 11% (243/2203) | date=2016-11-04 00:00:00 nav=1.1583309 opt_status=no_rebalance
2025-12-26 22:30:35,242 | INFO | Progress: 12% (265/2203) | date=2016-12-07 00:00:00 nav=1.14087428 opt_status=no_rebalance
2025-12-26 22:30:36,370 | INFO | Progress: 13% (287/2203) | date=2017-01-06 00:00:00 nav=1.15339476 opt_status=no_rebalance
2025-12-26 22:30:37,974 | INFO | Progress: 14% (309/2203) | date=2017-02-08 00:00:00 nav=1.25423131 opt_status=no_rebalance
2025-12-26 22:30:39,230 | INFO | Progress: 15% (331/2203) | date=2017-03-14 00:00:00 nav=1.27362016 opt_status=ok
2025-12-26 22:30:40,535 | INFO | Progress: 16% (353/2203) | date=2017-04-17 00:00:00 nav=1.32988557 opt_status=ok
2025-12-26 22:30:41,618 | INFO | Progress: 17% (375/2203) | date=2017-05-18 00:00:00 nav=1.37569141 opt_status=no_rebalance
2025-12-26 22:30:42,848 | INFO | Progress: 18% (397/2203) | date=2017-06-19 00:00:00 nav=1.38008234 opt_status=ok
2025-12-26 22:30:43,755 | INFO | Progress: 19% (419/2203) | date=2017-07-20 00:00:00 nav=1.42110582 opt_status=no_rebalance
2025-12-26 22:30:44,802 | INFO | Progress: 20% (441/2203) | date=2017-08-22 00:00:00 nav=1.38246827 opt_status=no_rebalance
2025-12-26 22:30:45,835 | INFO | Progress: 21% (463/2203) | date=2017-09-22 00:00:00 nav=1.44252289 opt_status=no_rebalance
2025-12-26 22:30:47,008 | INFO | Progress: 22% (485/2203) | date=2017-10-27 00:00:00 nav=1.54785881 opt_status=no_rebalance
2025-12-26 22:30:48,162 | INFO | Progress: 23% (507/2203) | date=2017-11-28 00:00:00 nav=1.5705431 opt_status=no_rebalance
2025-12-26 22:30:49,082 | INFO | Progress: 24% (529/2203) | date=2017-12-29 00:00:00 nav=1.62217308 opt_status=no_rebalance
2025-12-26 22:30:50,209 | INFO | Progress: 25% (551/2203) | date=2018-01-31 00:00:00 nav=1.62682304 opt_status=no_rebalance
2025-12-26 22:30:51,419 | INFO | Progress: 26% (573/2203) | date=2018-03-06 00:00:00 nav=1.50700583 opt_status=no_rebalance
2025-12-26 22:30:52,519 | INFO | Progress: 27% (595/2203) | date=2018-04-09 00:00:00 nav=1.52819249 opt_status=ok
2025-12-26 22:30:53,484 | INFO | Progress: 28% (617/2203) | date=2018-05-10 00:00:00 nav=1.51896981 opt_status=no_rebalance
2025-12-26 22:30:54,666 | INFO | Progress: 29% (639/2203) | date=2018-06-11 00:00:00 nav=1.51989583 opt_status=ok
2025-12-26 22:30:55,604 | INFO | Progress: 30% (661/2203) | date=2018-07-11 00:00:00 nav=1.49882116 opt_status=no_rebalance
2025-12-26 22:30:56,580 | INFO | Progress: 31% (683/2203) | date=2018-08-10 00:00:00 nav=1.58334689 opt_status=no_rebalance
2025-12-26 22:30:57,795 | INFO | Progress: 32% (705/2203) | date=2018-09-14 00:00:00 nav=1.61295006 opt_status=no_rebalance
2025-12-26 22:30:59,036 | INFO | Progress: 33% (727/2203) | date=2018-10-19 00:00:00 nav=1.44266692 opt_status=no_rebalance
2025-12-26 22:31:00,326 | INFO | Progress: 34% (750/2203) | date=2018-11-26 00:00:00 nav=1.52768246 opt_status=ok
2025-12-26 22:31:01,211 | INFO | Progress: 35% (772/2203) | date=2018-12-27 00:00:00 nav=1.54386836 opt_status=no_rebalance
2025-12-26 22:31:02,265 | INFO | Progress: 36% (794/2203) | date=2019-01-28 00:00:00 nav=1.47752447 opt_status=ok
2025-12-26 22:31:03,291 | INFO | Progress: 37% (816/2203) | date=2019-02-27 00:00:00 nav=1.50751224 opt_status=no_rebalance
2025-12-26 22:31:04,447 | INFO | Progress: 38% (838/2203) | date=2019-04-02 00:00:00 nav=1.65758368 opt_status=no_rebalance
2025-12-26 22:31:05,544 | INFO | Progress: 39% (860/2203) | date=2019-05-08 00:00:00 nav=1.57124824 opt_status=no_rebalance
2025-12-26 22:31:06,612 | INFO | Progress: 40% (882/2203) | date=2019-06-10 00:00:00 nav=1.66700057 opt_status=ok
2025-12-26 22:31:07,539 | INFO | Progress: 41% (904/2203) | date=2019-07-10 00:00:00 nav=1.60429661 opt_status=no_rebalance
2025-12-26 22:31:08,541 | INFO | Progress: 42% (926/2203) | date=2019-08-09 00:00:00 nav=1.53557536 opt_status=no_rebalance
2025-12-26 22:31:09,993 | INFO | Progress: 43% (948/2203) | date=2019-09-16 00:00:00 nav=1.54307138 opt_status=ok
2025-12-26 22:31:10,926 | INFO | Progress: 44% (970/2203) | date=2019-10-18 00:00:00 nav=1.6307906 opt_status=no_rebalance
2025-12-26 22:31:12,126 | INFO | Progress: 45% (992/2203) | date=2019-11-22 00:00:00 nav=1.68884562 opt_status=no_rebalance
2025-12-26 22:31:13,254 | INFO | Progress: 46% (1014/2203) | date=2019-12-24 00:00:00 nav=1.70702025 opt_status=no_rebalance
2025-12-26 22:31:14,316 | INFO | Progress: 47% (1036/2203) | date=2020-01-24 00:00:00 nav=1.76096645 opt_status=no_rebalance
2025-12-26 22:31:15,473 | INFO | Progress: 48% (1058/2203) | date=2020-02-25 00:00:00 nav=1.65665879 opt_status=no_rebalance
2025-12-26 22:31:16,376 | INFO | Progress: 49% (1080/2203) | date=2020-03-27 00:00:00 nav=1.16955919 opt_status=no_rebalance
2025-12-26 22:31:17,671 | INFO | Progress: 50% (1102/2203) | date=2020-05-05 00:00:00 nav=1.25112578 opt_status=no_rebalance
2025-12-26 22:31:18,526 | INFO | Progress: 51% (1124/2203) | date=2020-06-05 00:00:00 nav=1.42211914 opt_status=no_rebalance
2025-12-26 22:31:19,646 | INFO | Progress: 52% (1146/2203) | date=2020-07-07 00:00:00 nav=1.51775206 opt_status=no_rebalance
2025-12-26 22:31:20,496 | INFO | Progress: 53% (1168/2203) | date=2020-08-06 00:00:00 nav=1.55394253 opt_status=no_rebalance
2025-12-26 22:31:21,648 | INFO | Progress: 54% (1190/2203) | date=2020-09-07 00:00:00 nav=1.63109312 opt_status=ok
2025-12-26 22:31:22,622 | INFO | Progress: 55% (1212/2203) | date=2020-10-08 00:00:00 nav=1.621332 opt_status=no_rebalance
2025-12-26 22:31:23,723 | INFO | Progress: 56% (1234/2203) | date=2020-11-09 00:00:00 nav=1.71855956 opt_status=ok
2025-12-26 22:31:24,665 | INFO | Progress: 57% (1256/2203) | date=2020-12-11 00:00:00 nav=2.00238758 opt_status=no_rebalance
2025-12-26 22:31:25,771 | INFO | Progress: 58% (1278/2203) | date=2021-01-13 00:00:00 nav=2.19408152 opt_status=no_rebalance
2025-12-26 22:31:26,868 | INFO | Progress: 59% (1300/2203) | date=2021-02-15 00:00:00 nav=2.35721491 opt_status=ok
2025-12-26 22:31:27,760 | INFO | Progress: 60% (1322/2203) | date=2021-03-18 00:00:00 nav=2.32660871 opt_status=no_rebalance
2025-12-26 22:31:28,863 | INFO | Progress: 61% (1344/2203) | date=2021-04-23 00:00:00 nav=2.34186439 opt_status=no_rebalance
2025-12-26 22:31:29,983 | INFO | Progress: 62% (1366/2203) | date=2021-05-26 00:00:00 nav=2.57945989 opt_status=no_rebalance
2025-12-26 22:31:30,970 | INFO | Progress: 63% (1388/2203) | date=2021-06-25 00:00:00 nav=2.67966154 opt_status=no_rebalance
2025-12-26 22:31:32,023 | INFO | Progress: 64% (1410/2203) | date=2021-07-28 00:00:00 nav=2.67559424 opt_status=no_rebalance
2025-12-26 22:31:33,152 | INFO | Progress: 65% (1432/2203) | date=2021-08-30 00:00:00 nav=2.81423775 opt_status=ok
2025-12-26 22:31:33,915 | INFO | Progress: 66% (1454/2203) | date=2021-09-30 00:00:00 nav=3.01790414 opt_status=no_rebalance
2025-12-26 22:31:34,881 | INFO | Progress: 67% (1477/2203) | date=2021-11-03 00:00:00 nav=3.11136107 opt_status=no_rebalance
2025-12-26 22:31:35,832 | INFO | Progress: 68% (1499/2203) | date=2021-12-08 00:00:00 nav=3.02580868 opt_status=no_rebalance
2025-12-26 22:31:36,588 | INFO | Progress: 69% (1521/2203) | date=2022-01-07 00:00:00 nav=3.07425674 opt_status=no_rebalance
2025-12-26 22:31:37,526 | INFO | Progress: 70% (1543/2203) | date=2022-02-09 00:00:00 nav=3.08998492 opt_status=no_rebalance
2025-12-26 22:31:38,542 | INFO | Progress: 71% (1565/2203) | date=2022-03-14 00:00:00 nav=2.95225642 opt_status=ok
2025-12-26 22:31:39,540 | INFO | Progress: 72% (1587/2203) | date=2022-04-18 00:00:00 nav=3.18812556 opt_status=ok
2025-12-26 22:31:40,359 | INFO | Progress: 73% (1609/2203) | date=2022-05-19 00:00:00 nav=2.91553336 opt_status=no_rebalance
2025-12-26 22:31:41,376 | INFO | Progress: 74% (1631/2203) | date=2022-06-20 00:00:00 nav=2.75088656 opt_status=ok
2025-12-26 22:31:42,159 | INFO | Progress: 75% (1653/2203) | date=2022-07-20 00:00:00 nav=3.0817865 opt_status=no_rebalance
2025-12-26 22:31:43,158 | INFO | Progress: 76% (1675/2203) | date=2022-08-23 00:00:00 nav=3.32552948 opt_status=no_rebalance
2025-12-26 22:31:43,963 | INFO | Progress: 77% (1697/2203) | date=2022-09-23 00:00:00 nav=3.37463232 opt_status=no_rebalance
2025-12-26 22:31:44,982 | INFO | Progress: 78% (1719/2203) | date=2022-10-28 00:00:00 nav=3.42783181 opt_status=no_rebalance
2025-12-26 22:31:45,969 | INFO | Progress: 79% (1741/2203) | date=2022-11-30 00:00:00 nav=3.59605801 opt_status=no_rebalance
2025-12-26 22:31:46,758 | INFO | Progress: 80% (1763/2203) | date=2022-12-30 00:00:00 nav=3.50306194 opt_status=no_rebalance
2025-12-26 22:31:47,701 | INFO | Progress: 81% (1785/2203) | date=2023-02-01 00:00:00 nav=3.37078774 opt_status=no_rebalance
2025-12-26 22:31:48,465 | INFO | Progress: 82% (1807/2203) | date=2023-03-03 00:00:00 nav=3.34566218 opt_status=no_rebalance
2025-12-26 22:31:49,611 | INFO | Progress: 83% (1829/2203) | date=2023-04-10 00:00:00 nav=3.39068146 opt_status=ok
2025-12-26 22:31:50,458 | INFO | Progress: 84% (1851/2203) | date=2023-05-12 00:00:00 nav=3.61840025 opt_status=no_rebalance
2025-12-26 22:31:51,446 | INFO | Progress: 85% (1873/2203) | date=2023-06-13 00:00:00 nav=3.80353876 opt_status=no_rebalance
2025-12-26 22:31:52,240 | INFO | Progress: 86% (1895/2203) | date=2023-07-14 00:00:00 nav=3.94604432 opt_status=no_rebalance
2025-12-26 22:31:53,247 | INFO | Progress: 87% (1917/2203) | date=2023-08-16 00:00:00 nav=3.99607038 opt_status=no_rebalance
2025-12-26 22:31:54,026 | INFO | Progress: 88% (1939/2203) | date=2023-09-15 00:00:00 nav=4.26253418 opt_status=no_rebalance
2025-12-26 22:31:55,018 | INFO | Progress: 89% (1961/2203) | date=2023-10-19 00:00:00 nav=4.237648 opt_status=no_rebalance
2025-12-26 22:31:56,012 | INFO | Progress: 90% (1983/2203) | date=2023-11-22 00:00:00 nav=4.37115155 opt_status=no_rebalance
2025-12-26 22:31:56,995 | INFO | Progress: 91% (2005/2203) | date=2023-12-26 00:00:00 nav=4.89031601 opt_status=ok
2025-12-26 22:31:57,783 | INFO | Progress: 92% (2027/2203) | date=2024-01-25 00:00:00 nav=5.09186287 opt_status=no_rebalance
2025-12-26 22:31:58,743 | INFO | Progress: 93% (2049/2203) | date=2024-02-27 00:00:00 nav=5.39409447 opt_status=no_rebalance
2025-12-26 22:31:59,784 | INFO | Progress: 94% (2071/2203) | date=2024-04-01 00:00:00 nav=5.58384228 opt_status=ok
2025-12-26 22:32:00,766 | INFO | Progress: 95% (2093/2203) | date=2024-05-06 00:00:00 nav=5.76689799 opt_status=ok
2025-12-26 22:32:01,579 | INFO | Progress: 96% (2115/2203) | date=2024-06-05 00:00:00 nav=5.87794893 opt_status=no_rebalance
2025-12-26 22:32:02,582 | INFO | Progress: 97% (2137/2203) | date=2024-07-08 00:00:00 nav=6.29367905 opt_status=ok
2025-12-26 22:32:03,377 | INFO | Progress: 98% (2159/2203) | date=2024-08-08 00:00:00 nav=6.23908829 opt_status=no_rebalance
2025-12-26 22:32:04,368 | INFO | Progress: 99% (2181/2203) | date=2024-09-10 00:00:00 nav=6.51310927 opt_status=no_rebalance
2025-12-26 22:32:05,169 | INFO | Progress: 100% (2203/2203) | date=2024-10-11 00:00:00 nav=6.52521133 opt_status=no_rebalance
2025-12-26 22:32:05,263 | INFO | Experiment saved to: experiments\20251226_170020__risk_parity_weekly_k25
2025-12-26 22:32:05,333 | INFO | Saved performance artifacts to experiments\20251226_170020__risk_parity_weekly_k25\outputs\performance
2025-12-26 22:32:06,634 | INFO | Saved figures to: experiments\20251226_170020__risk_parity_weekly_k25\artifacts\figures
2025-12-26 22:32:06,634 | INFO | Run complete
